[0.357s] Invoking command in '/home/justin/vbm_project/build/vbm_project_env': CMAKE_PREFIX_PATH=/opt/ros/humble /usr/bin/cmake /home/justin/vbm_project/src/vbm_project_env -DCMAKE_INSTALL_PREFIX=/home/justin/vbm_project/install/vbm_project_env
[0.367s] -- Found ament_cmake: 1.3.5 (/opt/ros/humble/share/ament_cmake/cmake)
[0.511s] -- Override CMake install command with custom implementation using symlinks instead of copying resources
[0.520s] -- Found ament_lint_auto: 0.12.8 (/opt/ros/humble/share/ament_lint_auto/cmake)
[0.583s] -- Added test 'flake8' to check Python code syntax and style conventions
[0.583s] -- Added test 'lint_cmake' to check CMake code style
[0.583s] -- Added test 'pep257' to check Python code against some of the docstring style conventions in PEP 257
[0.584s] -- Added test 'xmllint' to check XML markup files
[0.585s] -- Configuring done
[0.587s] -- Generating done
[0.588s] -- Build files have been written to: /home/justin/vbm_project/build/vbm_project_env
[0.590s] Invoked command in '/home/justin/vbm_project/build/vbm_project_env' returned '0': CMAKE_PREFIX_PATH=/opt/ros/humble /usr/bin/cmake /home/justin/vbm_project/src/vbm_project_env -DCMAKE_INSTALL_PREFIX=/home/justin/vbm_project/install/vbm_project_env
[0.591s] Invoking command in '/home/justin/vbm_project/build/vbm_project_env': CMAKE_PREFIX_PATH=/opt/ros/humble /usr/bin/cmake --build /home/justin/vbm_project/build/vbm_project_env -- -j12 -l12
[0.626s] Invoked command in '/home/justin/vbm_project/build/vbm_project_env' returned '0': CMAKE_PREFIX_PATH=/opt/ros/humble /usr/bin/cmake --build /home/justin/vbm_project/build/vbm_project_env -- -j12 -l12
[0.651s] Invoking command in '/home/justin/vbm_project/build/vbm_project_env': CMAKE_PREFIX_PATH=/opt/ros/humble /usr/bin/cmake --install /home/justin/vbm_project/build/vbm_project_env
[0.657s] -- Install configuration: ""
[0.658s] -- Execute custom install script
[0.658s] -- Up-to-date symlink: /home/justin/vbm_project/install/vbm_project_env/share/vbm_project_env/launch/simulation.launch.py
[0.658s] -- Up-to-date symlink: /home/justin/vbm_project/install/vbm_project_env/share/vbm_project_env/worlds/simulation.world
[0.658s] -- Up-to-date symlink: /home/justin/vbm_project/install/vbm_project_env/share/vbm_project_env/urdf/camera.urdf
[0.659s] -- Up-to-date symlink: /home/justin/vbm_project/install/vbm_project_env/share/ament_index/resource_index/package_run_dependencies/vbm_project_env
[0.659s] -- Up-to-date symlink: /home/justin/vbm_project/install/vbm_project_env/share/ament_index/resource_index/parent_prefix_path/vbm_project_env
[0.659s] -- Up-to-date symlink: /home/justin/vbm_project/install/vbm_project_env/share/vbm_project_env/environment/ament_prefix_path.sh
[0.659s] -- Up-to-date symlink: /home/justin/vbm_project/install/vbm_project_env/share/vbm_project_env/environment/ament_prefix_path.dsv
[0.659s] -- Up-to-date symlink: /home/justin/vbm_project/install/vbm_project_env/share/vbm_project_env/environment/path.sh
[0.659s] -- Up-to-date symlink: /home/justin/vbm_project/install/vbm_project_env/share/vbm_project_env/environment/path.dsv
[0.659s] -- Up-to-date symlink: /home/justin/vbm_project/install/vbm_project_env/share/vbm_project_env/local_setup.bash
[0.660s] -- Up-to-date symlink: /home/justin/vbm_project/install/vbm_project_env/share/vbm_project_env/local_setup.sh
[0.660s] -- Up-to-date symlink: /home/justin/vbm_project/install/vbm_project_env/share/vbm_project_env/local_setup.zsh
[0.660s] -- Up-to-date symlink: /home/justin/vbm_project/install/vbm_project_env/share/vbm_project_env/local_setup.dsv
[0.660s] -- Symlinking: /home/justin/vbm_project/install/vbm_project_env/share/vbm_project_env/package.dsv
[0.668s] -- Up-to-date symlink: /home/justin/vbm_project/install/vbm_project_env/share/ament_index/resource_index/packages/vbm_project_env
[0.668s] -- Up-to-date symlink: /home/justin/vbm_project/install/vbm_project_env/share/vbm_project_env/cmake/vbm_project_envConfig.cmake
[0.668s] -- Up-to-date symlink: /home/justin/vbm_project/install/vbm_project_env/share/vbm_project_env/cmake/vbm_project_envConfig-version.cmake
[0.668s] -- Up-to-date symlink: /home/justin/vbm_project/install/vbm_project_env/share/vbm_project_env/package.xml
[0.670s] Invoked command in '/home/justin/vbm_project/build/vbm_project_env' returned '0': CMAKE_PREFIX_PATH=/opt/ros/humble /usr/bin/cmake --install /home/justin/vbm_project/build/vbm_project_env
