[0.095s] Invoking command in '/home/neha/VBM/vbm_project/build/pcl_sampling': CMAKE_PREFIX_PATH=${CMAKE_PREFIX_PATH}:/home/neha/ros2_ws/install/point_cloud:/home/neha/ros2_ws/install/opencv_test_py:/home/neha/voidwalking/ros2_ws/install/waypoints:/opt/ros/humble /usr/bin/cmake /home/neha/VBM/vbm_project/src/pcl_sampling -DCMAKE_INSTALL_PREFIX=/home/neha/VBM/vbm_project/install/pcl_sampling
[0.152s] -- The C compiler identification is GNU 11.4.0
[0.183s] -- The CXX compiler identification is GNU 11.4.0
[0.187s] -- Detecting C compiler ABI info
[0.227s] -- Detecting C compiler ABI info - done
[0.232s] -- Check for working C compiler: /usr/bin/cc - skipped
[0.232s] -- Detecting C compile features
[0.232s] -- Detecting C compile features - done
[0.234s] -- Detecting CXX compiler ABI info
[0.278s] -- Detecting CXX compiler ABI info - done
[0.282s] -- Check for working CXX compiler: /usr/bin/c++ - skipped
[0.282s] -- Detecting CXX compile features
[0.282s] -- Detecting CXX compile features - done
[0.285s] -- Found ament_cmake: 1.3.5 (/opt/ros/humble/share/ament_cmake/cmake)
[0.392s] -- Found Python3: /usr/bin/python3.10 (found version "3.10.12") found components: Interpreter 
[0.468s] -- Checking for module 'eigen3'
[0.476s] --   Found eigen3, version 3.4.0
[0.495s] -- Found Eigen: /usr/include/eigen3 (Required is at least version "3.1") 
[0.495s] -- Eigen found (include: /usr/include/eigen3, version: 3.4.0)
[0.501s] -- Found Boost: /usr/lib/x86_64-linux-gnu/cmake/Boost-1.74.0/BoostConfig.cmake (found suitable version "1.74.0", minimum required is "1.65.0") found components: system filesystem date_time iostreams serialization 
[0.511s] -- Checking for module 'flann'
[0.519s] --   Found flann, version 1.9.1
[0.549s] -- Found FLANN: /usr/lib/x86_64-linux-gnu/libflann_cpp.so  
[0.549s] -- FLANN found (include: /usr/include, lib: /usr/lib/x86_64-linux-gnu/libflann_cpp.so)
[0.570s] -- Looking for pthread.h
[0.611s] -- Looking for pthread.h - found
[0.611s] -- Performing Test CMAKE_HAVE_LIBC_PTHREAD
[0.655s] -- Performing Test CMAKE_HAVE_LIBC_PTHREAD - Success
[0.656s] -- Found Threads: TRUE  
[0.657s] -- Found GLEW: /usr/lib/x86_64-linux-gnu/libGLEW.so  
[0.662s] -- Found OpenGL: /usr/lib/x86_64-linux-gnu/libOpenGL.so  found components: OpenGL GLX 
[0.746s] -- Found MPI_C: /usr/lib/x86_64-linux-gnu/libmpi.so (found version "3.1") 
[0.746s] -- Found MPI: TRUE (found version "3.1") found components: C 
[0.748s] -- Found JsonCpp: /usr/lib/x86_64-linux-gnu/libjsoncpp.so (found suitable version "1.9.5", minimum required is "0.7.0") 
[0.755s] -- Found ZLIB: /usr/lib/x86_64-linux-gnu/libz.so (found version "1.2.11") 
[0.765s] -- Found PNG: /usr/lib/x86_64-linux-gnu/libpng.so (found version "1.6.37") 
[0.771s] -- Found Eigen3: /usr/include/eigen3 (found version "3.4.0") 
[0.827s] -- Found X11: /usr/include   
[0.827s] -- Looking for XOpenDisplay in /usr/lib/x86_64-linux-gnu/libX11.so;/usr/lib/x86_64-linux-gnu/libXext.so
[0.879s] -- Looking for XOpenDisplay in /usr/lib/x86_64-linux-gnu/libX11.so;/usr/lib/x86_64-linux-gnu/libXext.so - found
[0.879s] -- Looking for gethostbyname
[0.925s] -- Looking for gethostbyname - found
[0.925s] -- Looking for connect
[0.967s] -- Looking for connect - found
[0.967s] -- Looking for remove
[1.012s] -- Looking for remove - found
[1.012s] -- Looking for shmat
[1.075s] -- Looking for shmat - found
[1.075s] -- Looking for IceConnectionNumber in ICE
[1.125s] -- Looking for IceConnectionNumber in ICE - found
[1.173s] -- Found EXPAT: /usr/lib/x86_64-linux-gnu/libexpat.so (found version "2.4.7") 
[1.174s] -- Found double-conversion: /usr/lib/x86_64-linux-gnu/libdouble-conversion.so  
[1.175s] -- Found LZ4: /usr/lib/x86_64-linux-gnu/liblz4.so (found version "1.9.3") 
[1.176s] -- Found LZMA: /usr/lib/x86_64-linux-gnu/liblzma.so (found version "5.2.5") 
[1.183s] -- Found JPEG: /usr/lib/x86_64-linux-gnu/libjpeg.so (found version "80") 
[1.187s] -- Found TIFF: /usr/lib/x86_64-linux-gnu/libtiff.so (found version "4.3.0")  
[1.189s] -- Found Freetype: /usr/lib/x86_64-linux-gnu/libfreetype.so (found version "2.11.1") 
[1.192s] -- Found utf8cpp: /usr/include/utf8cpp  
[1.234s] -- Checking for module 'libusb-1.0'
[1.243s] --   Found libusb-1.0, version 1.0.25
[1.262s] -- Found libusb: /usr/lib/x86_64-linux-gnu/libusb-1.0.so  
[1.263s] -- Found OpenNI: /usr/lib/libOpenNI.so;libusb::libusb (found version "1.5.4.0") 
[1.263s] -- OpenNI found (version: 1.5.4.0, include: /usr/include/ni, lib: /usr/lib/libOpenNI.so;libusb::libusb)
[1.293s] -- Found OpenNI2: /usr/lib/x86_64-linux-gnu/libOpenNI2.so;libusb::libusb (found version "2.2.0.33") 
[1.293s] -- OpenNI2 found (version: 2.2.0.33, include: /usr/include/openni2, lib: /usr/lib/x86_64-linux-gnu/libOpenNI2.so;libusb::libusb)
[1.294s] [0m** WARNING ** io features related to pcap will be disabled[0m
[1.380s] -- Eigen found (include: /usr/include/eigen3, version: 3.4.0)
[1.383s] -- OpenNI found (version: 1.5.4.0, include: /usr/include/ni, lib: /usr/lib/libOpenNI.so;libusb::libusb)
[1.386s] -- OpenNI2 found (version: 2.2.0.33, include: /usr/include/openni2, lib: /usr/lib/x86_64-linux-gnu/libOpenNI2.so;libusb::libusb)
[1.467s] -- Found Qhull version 8.0.2
[1.553s] -- OpenNI found (version: 1.5.4.0, include: /usr/include/ni, lib: /usr/lib/libOpenNI.so;libusb::libusb)
[1.634s] -- looking for PCL_COMMON
[1.634s] -- Found PCL_COMMON: /usr/lib/x86_64-linux-gnu/libpcl_common.so  
[1.634s] -- looking for PCL_KDTREE
[1.635s] -- Found PCL_KDTREE: /usr/lib/x86_64-linux-gnu/libpcl_kdtree.so  
[1.635s] -- looking for PCL_OCTREE
[1.635s] -- Found PCL_OCTREE: /usr/lib/x86_64-linux-gnu/libpcl_octree.so  
[1.635s] -- looking for PCL_SEARCH
[1.636s] -- Found PCL_SEARCH: /usr/lib/x86_64-linux-gnu/libpcl_search.so  
[1.636s] -- looking for PCL_SAMPLE_CONSENSUS
[1.636s] -- Found PCL_SAMPLE_CONSENSUS: /usr/lib/x86_64-linux-gnu/libpcl_sample_consensus.so  
[1.636s] -- looking for PCL_FILTERS
[1.636s] -- Found PCL_FILTERS: /usr/lib/x86_64-linux-gnu/libpcl_filters.so  
[1.636s] -- looking for PCL_2D
[1.637s] -- Found PCL_2D: /usr/include/pcl-1.12  
[1.637s] -- looking for PCL_GEOMETRY
[1.637s] -- Found PCL_GEOMETRY: /usr/include/pcl-1.12  
[1.637s] -- looking for PCL_IO
[1.637s] -- Found PCL_IO: /usr/lib/x86_64-linux-gnu/libpcl_io.so  
[1.637s] -- looking for PCL_FEATURES
[1.638s] -- Found PCL_FEATURES: /usr/lib/x86_64-linux-gnu/libpcl_features.so  
[1.638s] -- looking for PCL_ML
[1.638s] -- Found PCL_ML: /usr/lib/x86_64-linux-gnu/libpcl_ml.so  
[1.638s] -- looking for PCL_SEGMENTATION
[1.639s] -- Found PCL_SEGMENTATION: /usr/lib/x86_64-linux-gnu/libpcl_segmentation.so  
[1.639s] -- looking for PCL_VISUALIZATION
[1.639s] -- Found PCL_VISUALIZATION: /usr/lib/x86_64-linux-gnu/libpcl_visualization.so  
[1.639s] -- looking for PCL_SURFACE
[1.640s] -- Found PCL_SURFACE: /usr/lib/x86_64-linux-gnu/libpcl_surface.so  
[1.640s] -- looking for PCL_REGISTRATION
[1.640s] -- Found PCL_REGISTRATION: /usr/lib/x86_64-linux-gnu/libpcl_registration.so  
[1.641s] -- looking for PCL_KEYPOINTS
[1.641s] -- Found PCL_KEYPOINTS: /usr/lib/x86_64-linux-gnu/libpcl_keypoints.so  
[1.641s] -- looking for PCL_TRACKING
[1.642s] -- Found PCL_TRACKING: /usr/lib/x86_64-linux-gnu/libpcl_tracking.so  
[1.642s] -- looking for PCL_RECOGNITION
[1.642s] -- Found PCL_RECOGNITION: /usr/lib/x86_64-linux-gnu/libpcl_recognition.so  
[1.642s] -- looking for PCL_STEREO
[1.643s] -- Found PCL_STEREO: /usr/lib/x86_64-linux-gnu/libpcl_stereo.so  
[1.643s] -- looking for PCL_APPS
[1.643s] -- Found PCL_APPS: /usr/lib/x86_64-linux-gnu/libpcl_apps.so  
[1.643s] -- looking for PCL_IN_HAND_SCANNER
[1.644s] -- Found PCL_IN_HAND_SCANNER: /usr/include/pcl-1.12  
[1.644s] -- looking for PCL_MODELER
[1.644s] -- Found PCL_MODELER: /usr/include/pcl-1.12  
[1.644s] -- looking for PCL_POINT_CLOUD_EDITOR
[1.644s] -- Found PCL_POINT_CLOUD_EDITOR: /usr/include/pcl-1.12  
[1.644s] -- looking for PCL_OUTOFCORE
[1.645s] -- Found PCL_OUTOFCORE: /usr/lib/x86_64-linux-gnu/libpcl_outofcore.so  
[1.645s] -- looking for PCL_PEOPLE
[1.645s] -- Found PCL_PEOPLE: /usr/lib/x86_64-linux-gnu/libpcl_people.so  
[1.646s] -- Found PCL: pcl_common;pcl_kdtree;pcl_octree;pcl_search;pcl_sample_consensus;pcl_filters;pcl_io;pcl_features;pcl_ml;pcl_segmentation;pcl_visualization;pcl_surface;pcl_registration;pcl_keypoints;pcl_tracking;pcl_recognition;pcl_stereo;pcl_apps;pcl_outofcore;pcl_people;Boost::system;Boost::filesystem;Boost::date_time;Boost::iostreams;Boost::serialization;/usr/lib/libOpenNI.so;libusb::libusb;/usr/lib/x86_64-linux-gnu/libOpenNI2.so;libusb::libusb;VTK::ChartsCore;VTK::CommonColor;VTK::CommonComputationalGeometry;VTK::CommonCore;VTK::CommonDataModel;VTK::CommonExecutionModel;VTK::CommonMath;VTK::CommonMisc;VTK::CommonTransforms;VTK::FiltersCore;VTK::FiltersExtraction;VTK::FiltersGeneral;VTK::FiltersGeometry;VTK::FiltersModeling;VTK::FiltersSources;VTK::ImagingCore;VTK::ImagingSources;VTK::InteractionImage;VTK::InteractionStyle;VTK::InteractionWidgets;VTK::IOCore;VTK::IOGeometry;VTK::IOImage;VTK::IOLegacy;VTK::IOPLY;VTK::RenderingAnnotation;VTK::RenderingCore;VTK::RenderingContext2D;VTK::RenderingLOD;VTK::RenderingFreeType;VTK::ViewsCore;VTK::ViewsContext2D;VTK::RenderingOpenGL2;VTK::GUISupportQt;FLANN::FLANN;QHULL::QHULL  
[1.648s] -- Found ament_lint_auto: 0.12.8 (/opt/ros/humble/share/ament_lint_auto/cmake)
[1.702s] -- Added test 'cppcheck' to perform static code analysis on C / C++ code
[1.702s] -- Configured cppcheck include dirs: 
[1.703s] -- Configured cppcheck exclude dirs and/or files: 
[1.703s] -- Added test 'lint_cmake' to check CMake code style
[1.704s] -- Added test 'uncrustify' to check C / C++ code style
[1.704s] -- Configured uncrustify additional arguments: 
[1.704s] -- Added test 'xmllint' to check XML markup files
[1.706s] -- Configuring done
[1.715s] -- Generating done
[1.716s] -- Build files have been written to: /home/neha/VBM/vbm_project/build/pcl_sampling
[1.725s] Invoked command in '/home/neha/VBM/vbm_project/build/pcl_sampling' returned '0': CMAKE_PREFIX_PATH=${CMAKE_PREFIX_PATH}:/home/neha/ros2_ws/install/point_cloud:/home/neha/ros2_ws/install/opencv_test_py:/home/neha/voidwalking/ros2_ws/install/waypoints:/opt/ros/humble /usr/bin/cmake /home/neha/VBM/vbm_project/src/pcl_sampling -DCMAKE_INSTALL_PREFIX=/home/neha/VBM/vbm_project/install/pcl_sampling
[1.726s] Invoking command in '/home/neha/VBM/vbm_project/build/pcl_sampling': CMAKE_PREFIX_PATH=${CMAKE_PREFIX_PATH}:/home/neha/ros2_ws/install/point_cloud:/home/neha/ros2_ws/install/opencv_test_py:/home/neha/voidwalking/ros2_ws/install/waypoints:/opt/ros/humble /usr/bin/cmake --build /home/neha/VBM/vbm_project/build/pcl_sampling -- -j20 -l20
[1.757s] [ 50%] [32mBuilding CXX object CMakeFiles/pcl_sampling.dir/src/pcl_sampling.cpp.o[0m
[5.611s] [100%] [32m[1mLinking CXX executable pcl_sampling[0m
[6.706s] [100%] Built target pcl_sampling
[6.714s] Invoked command in '/home/neha/VBM/vbm_project/build/pcl_sampling' returned '0': CMAKE_PREFIX_PATH=${CMAKE_PREFIX_PATH}:/home/neha/ros2_ws/install/point_cloud:/home/neha/ros2_ws/install/opencv_test_py:/home/neha/voidwalking/ros2_ws/install/waypoints:/opt/ros/humble /usr/bin/cmake --build /home/neha/VBM/vbm_project/build/pcl_sampling -- -j20 -l20
[6.731s] Invoking command in '/home/neha/VBM/vbm_project/build/pcl_sampling': CMAKE_PREFIX_PATH=${CMAKE_PREFIX_PATH}:/home/neha/ros2_ws/install/point_cloud:/home/neha/ros2_ws/install/opencv_test_py:/home/neha/voidwalking/ros2_ws/install/waypoints:/opt/ros/humble /usr/bin/cmake --install /home/neha/VBM/vbm_project/build/pcl_sampling
[6.735s] -- Install configuration: ""
[6.735s] -- Installing: /home/neha/VBM/vbm_project/install/pcl_sampling/lib/pcl_sampling/pcl_sampling
[6.736s] -- Installing: /home/neha/VBM/vbm_project/install/pcl_sampling/share/ament_index/resource_index/package_run_dependencies/pcl_sampling
[6.736s] -- Installing: /home/neha/VBM/vbm_project/install/pcl_sampling/share/ament_index/resource_index/parent_prefix_path/pcl_sampling
[6.736s] -- Installing: /home/neha/VBM/vbm_project/install/pcl_sampling/share/pcl_sampling/environment/ament_prefix_path.sh
[6.736s] -- Installing: /home/neha/VBM/vbm_project/install/pcl_sampling/share/pcl_sampling/environment/ament_prefix_path.dsv
[6.736s] -- Installing: /home/neha/VBM/vbm_project/install/pcl_sampling/share/pcl_sampling/environment/path.sh
[6.736s] -- Installing: /home/neha/VBM/vbm_project/install/pcl_sampling/share/pcl_sampling/environment/path.dsv
[6.736s] -- Installing: /home/neha/VBM/vbm_project/install/pcl_sampling/share/pcl_sampling/local_setup.bash
[6.736s] -- Installing: /home/neha/VBM/vbm_project/install/pcl_sampling/share/pcl_sampling/local_setup.sh
[6.736s] -- Installing: /home/neha/VBM/vbm_project/install/pcl_sampling/share/pcl_sampling/local_setup.zsh
[6.736s] -- Installing: /home/neha/VBM/vbm_project/install/pcl_sampling/share/pcl_sampling/local_setup.dsv
[6.736s] -- Installing: /home/neha/VBM/vbm_project/install/pcl_sampling/share/pcl_sampling/package.dsv
[6.736s] -- Installing: /home/neha/VBM/vbm_project/install/pcl_sampling/share/ament_index/resource_index/packages/pcl_sampling
[6.736s] -- Installing: /home/neha/VBM/vbm_project/install/pcl_sampling/share/pcl_sampling/cmake/pcl_samplingConfig.cmake
[6.736s] -- Installing: /home/neha/VBM/vbm_project/install/pcl_sampling/share/pcl_sampling/cmake/pcl_samplingConfig-version.cmake
[6.736s] -- Installing: /home/neha/VBM/vbm_project/install/pcl_sampling/share/pcl_sampling/package.xml
[6.737s] Invoked command in '/home/neha/VBM/vbm_project/build/pcl_sampling' returned '0': CMAKE_PREFIX_PATH=${CMAKE_PREFIX_PATH}:/home/neha/ros2_ws/install/point_cloud:/home/neha/ros2_ws/install/opencv_test_py:/home/neha/voidwalking/ros2_ws/install/waypoints:/opt/ros/humble /usr/bin/cmake --install /home/neha/VBM/vbm_project/build/pcl_sampling
