[0.651s] DEBUG:colcon:Command line arguments: ['/usr/bin/colcon', 'build']
[0.651s] DEBUG:colcon:Parsed command line arguments: Namespace(log_base=None, log_level=None, verb_name='build', build_base='build', install_base='install', merge_install=False, symlink_install=False, test_result_base=None, continue_on_error=False, executor='parallel', parallel_workers=20, event_handlers=None, ignore_user_meta=False, metas=['./colcon.meta'], base_paths=['.'], packages_ignore=None, packages_ignore_regex=None, paths=None, packages_up_to=None, packages_up_to_regex=None, packages_above=None, packages_above_and_dependencies=None, packages_above_depth=None, packages_select_by_dep=None, packages_skip_by_dep=None, packages_skip_up_to=None, packages_select_build_failed=False, packages_skip_build_finished=False, packages_select_test_failures=False, packages_skip_test_passed=False, packages_select=None, packages_skip=None, packages_select_regex=None, packages_skip_regex=None, packages_start=None, packages_end=None, allow_overriding=[], cmake_args=None, cmake_target=None, cmake_target_skip_unavailable=False, cmake_clean_cache=False, cmake_clean_first=False, cmake_force_configure=False, ament_cmake_args=None, catkin_cmake_args=None, catkin_skip_building_tests=False, verb_parser=<colcon_defaults.argument_parser.defaults.DefaultArgumentsDecorator object at 0x7fc316a117e0>, verb_extension=<colcon_core.verb.build.BuildVerb object at 0x7fc316a13250>, main=<bound method BuildVerb.main of <colcon_core.verb.build.BuildVerb object at 0x7fc316a13250>>)
[0.678s] Level 1:colcon.colcon_core.package_discovery:discover_packages(colcon_meta) check parameters
[0.678s] Level 1:colcon.colcon_core.package_discovery:discover_packages(recursive) check parameters
[0.678s] Level 1:colcon.colcon_core.package_discovery:discover_packages(ignore) check parameters
[0.678s] Level 1:colcon.colcon_core.package_discovery:discover_packages(path) check parameters
[0.678s] Level 1:colcon.colcon_core.package_discovery:discover_packages(colcon_meta) discover
[0.678s] Level 1:colcon.colcon_core.package_discovery:discover_packages(recursive) discover
[0.678s] INFO:colcon.colcon_core.package_discovery:Crawling recursively for packages in '/home/neha/VBM/vbm_project'
[0.678s] Level 1:colcon.colcon_core.package_identification:_identify(.) by extensions ['ignore', 'ignore_ament_install']
[0.678s] Level 1:colcon.colcon_core.package_identification:_identify(.) by extension 'ignore'
[0.678s] Level 1:colcon.colcon_core.package_identification:_identify(.) by extension 'ignore_ament_install'
[0.678s] Level 1:colcon.colcon_core.package_identification:_identify(.) by extensions ['colcon_pkg']
[0.678s] Level 1:colcon.colcon_core.package_identification:_identify(.) by extension 'colcon_pkg'
[0.678s] Level 1:colcon.colcon_core.package_identification:_identify(.) by extensions ['colcon_meta']
[0.678s] Level 1:colcon.colcon_core.package_identification:_identify(.) by extension 'colcon_meta'
[0.678s] Level 1:colcon.colcon_core.package_identification:_identify(.) by extensions ['ros']
[0.679s] Level 1:colcon.colcon_core.package_identification:_identify(.) by extension 'ros'
[0.685s] Level 1:colcon.colcon_core.package_identification:_identify(.) by extensions ['cmake', 'python']
[0.685s] Level 1:colcon.colcon_core.package_identification:_identify(.) by extension 'cmake'
[0.685s] Level 1:colcon.colcon_core.package_identification:_identify(.) by extension 'python'
[0.685s] Level 1:colcon.colcon_core.package_identification:_identify(.) by extensions ['python_setup_py']
[0.685s] Level 1:colcon.colcon_core.package_identification:_identify(.) by extension 'python_setup_py'
[0.685s] Level 1:colcon.colcon_core.package_identification:_identify(build) by extensions ['ignore', 'ignore_ament_install']
[0.685s] Level 1:colcon.colcon_core.package_identification:_identify(build) by extension 'ignore'
[0.686s] Level 1:colcon.colcon_core.package_identification:_identify(build) ignored
[0.686s] Level 1:colcon.colcon_core.package_identification:_identify(install) by extensions ['ignore', 'ignore_ament_install']
[0.686s] Level 1:colcon.colcon_core.package_identification:_identify(install) by extension 'ignore'
[0.686s] Level 1:colcon.colcon_core.package_identification:_identify(install) ignored
[0.686s] Level 1:colcon.colcon_core.package_identification:_identify(log) by extensions ['ignore', 'ignore_ament_install']
[0.686s] Level 1:colcon.colcon_core.package_identification:_identify(log) by extension 'ignore'
[0.686s] Level 1:colcon.colcon_core.package_identification:_identify(log) ignored
[0.686s] Level 1:colcon.colcon_core.package_identification:_identify(src) by extensions ['ignore', 'ignore_ament_install']
[0.686s] Level 1:colcon.colcon_core.package_identification:_identify(src) by extension 'ignore'
[0.686s] Level 1:colcon.colcon_core.package_identification:_identify(src) by extension 'ignore_ament_install'
[0.686s] Level 1:colcon.colcon_core.package_identification:_identify(src) by extensions ['colcon_pkg']
[0.686s] Level 1:colcon.colcon_core.package_identification:_identify(src) by extension 'colcon_pkg'
[0.686s] Level 1:colcon.colcon_core.package_identification:_identify(src) by extensions ['colcon_meta']
[0.686s] Level 1:colcon.colcon_core.package_identification:_identify(src) by extension 'colcon_meta'
[0.686s] Level 1:colcon.colcon_core.package_identification:_identify(src) by extensions ['ros']
[0.686s] Level 1:colcon.colcon_core.package_identification:_identify(src) by extension 'ros'
[0.686s] Level 1:colcon.colcon_core.package_identification:_identify(src) by extensions ['cmake', 'python']
[0.686s] Level 1:colcon.colcon_core.package_identification:_identify(src) by extension 'cmake'
[0.686s] Level 1:colcon.colcon_core.package_identification:_identify(src) by extension 'python'
[0.686s] Level 1:colcon.colcon_core.package_identification:_identify(src) by extensions ['python_setup_py']
[0.686s] Level 1:colcon.colcon_core.package_identification:_identify(src) by extension 'python_setup_py'
[0.686s] Level 1:colcon.colcon_core.package_identification:_identify(src/pcl_sampling) by extensions ['ignore', 'ignore_ament_install']
[0.686s] Level 1:colcon.colcon_core.package_identification:_identify(src/pcl_sampling) by extension 'ignore'
[0.686s] Level 1:colcon.colcon_core.package_identification:_identify(src/pcl_sampling) by extension 'ignore_ament_install'
[0.686s] Level 1:colcon.colcon_core.package_identification:_identify(src/pcl_sampling) by extensions ['colcon_pkg']
[0.686s] Level 1:colcon.colcon_core.package_identification:_identify(src/pcl_sampling) by extension 'colcon_pkg'
[0.686s] Level 1:colcon.colcon_core.package_identification:_identify(src/pcl_sampling) by extensions ['colcon_meta']
[0.686s] Level 1:colcon.colcon_core.package_identification:_identify(src/pcl_sampling) by extension 'colcon_meta'
[0.686s] Level 1:colcon.colcon_core.package_identification:_identify(src/pcl_sampling) by extensions ['ros']
[0.686s] Level 1:colcon.colcon_core.package_identification:_identify(src/pcl_sampling) by extension 'ros'
[0.688s] DEBUG:colcon.colcon_core.package_identification:Package 'src/pcl_sampling' with type 'ros.ament_cmake' and name 'pcl_sampling'
[0.688s] Level 1:colcon.colcon_core.package_identification:_identify(src/vbm_project_env) by extensions ['ignore', 'ignore_ament_install']
[0.688s] Level 1:colcon.colcon_core.package_identification:_identify(src/vbm_project_env) by extension 'ignore'
[0.688s] Level 1:colcon.colcon_core.package_identification:_identify(src/vbm_project_env) by extension 'ignore_ament_install'
[0.688s] Level 1:colcon.colcon_core.package_identification:_identify(src/vbm_project_env) by extensions ['colcon_pkg']
[0.688s] Level 1:colcon.colcon_core.package_identification:_identify(src/vbm_project_env) by extension 'colcon_pkg'
[0.688s] Level 1:colcon.colcon_core.package_identification:_identify(src/vbm_project_env) by extensions ['colcon_meta']
[0.688s] Level 1:colcon.colcon_core.package_identification:_identify(src/vbm_project_env) by extension 'colcon_meta'
[0.688s] Level 1:colcon.colcon_core.package_identification:_identify(src/vbm_project_env) by extensions ['ros']
[0.688s] Level 1:colcon.colcon_core.package_identification:_identify(src/vbm_project_env) by extension 'ros'
[0.688s] DEBUG:colcon.colcon_core.package_identification:Package 'src/vbm_project_env' with type 'ros.ament_cmake' and name 'vbm_project_env'
[0.688s] Level 1:colcon.colcon_core.package_discovery:discover_packages(recursive) using defaults
[0.688s] Level 1:colcon.colcon_core.package_discovery:discover_packages(ignore) discover
[0.688s] Level 1:colcon.colcon_core.package_discovery:discover_packages(ignore) using defaults
[0.688s] Level 1:colcon.colcon_core.package_discovery:discover_packages(path) discover
[0.688s] Level 1:colcon.colcon_core.package_discovery:discover_packages(path) using defaults
[0.749s] Level 1:colcon.colcon_core.package_discovery:discover_packages(prefix_path) check parameters
[0.749s] Level 1:colcon.colcon_core.package_discovery:discover_packages(prefix_path) discover
[0.768s] DEBUG:colcon.colcon_installed_package_information.package_discovery:Found 2 installed packages in /home/neha/VBM/vbm_project/install
[0.777s] DEBUG:colcon.colcon_installed_package_information.package_discovery:Found 3 installed packages in /home/neha/voidwalking/arduino_ws/microros_ws/install
[0.786s] DEBUG:colcon.colcon_installed_package_information.package_discovery:Found 15 installed packages in /home/neha/voidwalking/ros2_ws/install
[0.798s] DEBUG:colcon.colcon_installed_package_information.package_discovery:Found 17 installed packages in /home/neha/ros2_ws/install
[0.807s] DEBUG:colcon.colcon_installed_package_information.package_discovery:Found 424 installed packages in /opt/ros/humble
[0.808s] Level 1:colcon.colcon_core.package_discovery:discover_packages(prefix_path) using defaults
[0.868s] Level 5:colcon.colcon_core.verb:set package 'pcl_sampling' build argument 'cmake_args' from command line to 'None'
[0.868s] Level 5:colcon.colcon_core.verb:set package 'pcl_sampling' build argument 'cmake_target' from command line to 'None'
[0.868s] Level 5:colcon.colcon_core.verb:set package 'pcl_sampling' build argument 'cmake_target_skip_unavailable' from command line to 'False'
[0.868s] Level 5:colcon.colcon_core.verb:set package 'pcl_sampling' build argument 'cmake_clean_cache' from command line to 'False'
[0.868s] Level 5:colcon.colcon_core.verb:set package 'pcl_sampling' build argument 'cmake_clean_first' from command line to 'False'
[0.868s] Level 5:colcon.colcon_core.verb:set package 'pcl_sampling' build argument 'cmake_force_configure' from command line to 'False'
[0.868s] Level 5:colcon.colcon_core.verb:set package 'pcl_sampling' build argument 'ament_cmake_args' from command line to 'None'
[0.868s] Level 5:colcon.colcon_core.verb:set package 'pcl_sampling' build argument 'catkin_cmake_args' from command line to 'None'
[0.868s] Level 5:colcon.colcon_core.verb:set package 'pcl_sampling' build argument 'catkin_skip_building_tests' from command line to 'False'
[0.868s] DEBUG:colcon.colcon_core.verb:Building package 'pcl_sampling' with the following arguments: {'ament_cmake_args': None, 'build_base': '/home/neha/VBM/vbm_project/build/pcl_sampling', 'catkin_cmake_args': None, 'catkin_skip_building_tests': False, 'cmake_args': None, 'cmake_clean_cache': False, 'cmake_clean_first': False, 'cmake_force_configure': False, 'cmake_target': None, 'cmake_target_skip_unavailable': False, 'install_base': '/home/neha/VBM/vbm_project/install/pcl_sampling', 'merge_install': False, 'path': '/home/neha/VBM/vbm_project/src/pcl_sampling', 'symlink_install': False, 'test_result_base': None}
[0.877s] Level 5:colcon.colcon_core.verb:set package 'vbm_project_env' build argument 'cmake_args' from command line to 'None'
[0.877s] Level 5:colcon.colcon_core.verb:set package 'vbm_project_env' build argument 'cmake_target' from command line to 'None'
[0.877s] Level 5:colcon.colcon_core.verb:set package 'vbm_project_env' build argument 'cmake_target_skip_unavailable' from command line to 'False'
[0.877s] Level 5:colcon.colcon_core.verb:set package 'vbm_project_env' build argument 'cmake_clean_cache' from command line to 'False'
[0.877s] Level 5:colcon.colcon_core.verb:set package 'vbm_project_env' build argument 'cmake_clean_first' from command line to 'False'
[0.877s] Level 5:colcon.colcon_core.verb:set package 'vbm_project_env' build argument 'cmake_force_configure' from command line to 'False'
[0.877s] Level 5:colcon.colcon_core.verb:set package 'vbm_project_env' build argument 'ament_cmake_args' from command line to 'None'
[0.877s] Level 5:colcon.colcon_core.verb:set package 'vbm_project_env' build argument 'catkin_cmake_args' from command line to 'None'
[0.877s] Level 5:colcon.colcon_core.verb:set package 'vbm_project_env' build argument 'catkin_skip_building_tests' from command line to 'False'
[0.877s] DEBUG:colcon.colcon_core.verb:Building package 'vbm_project_env' with the following arguments: {'ament_cmake_args': None, 'build_base': '/home/neha/VBM/vbm_project/build/vbm_project_env', 'catkin_cmake_args': None, 'catkin_skip_building_tests': False, 'cmake_args': None, 'cmake_clean_cache': False, 'cmake_clean_first': False, 'cmake_force_configure': False, 'cmake_target': None, 'cmake_target_skip_unavailable': False, 'install_base': '/home/neha/VBM/vbm_project/install/vbm_project_env', 'merge_install': False, 'path': '/home/neha/VBM/vbm_project/src/vbm_project_env', 'symlink_install': False, 'test_result_base': None}
[0.885s] INFO:colcon.colcon_core.executor:Executing jobs using 'parallel' executor
[0.895s] DEBUG:colcon.colcon_parallel_executor.executor.parallel:run_until_complete
[0.895s] INFO:colcon.colcon_ros.task.ament_cmake.build:Building ROS package in '/home/neha/VBM/vbm_project/src/pcl_sampling' with build type 'ament_cmake'
[0.895s] INFO:colcon.colcon_cmake.task.cmake.build:Building CMake package in '/home/neha/VBM/vbm_project/src/pcl_sampling'
[0.905s] INFO:colcon.colcon_core.plugin_system:Skipping extension 'colcon_core.shell.bat': Not used on non-Windows systems
[0.905s] INFO:colcon.colcon_core.shell:Skip shell extension 'powershell' for command environment: Not usable outside of PowerShell
[0.905s] DEBUG:colcon.colcon_core.shell:Skip shell extension 'dsv' for command environment
[0.960s] INFO:colcon.colcon_ros.task.ament_cmake.build:Building ROS package in '/home/neha/VBM/vbm_project/src/vbm_project_env' with build type 'ament_cmake'
[0.960s] INFO:colcon.colcon_cmake.task.cmake.build:Building CMake package in '/home/neha/VBM/vbm_project/src/vbm_project_env'
[0.969s] INFO:colcon.colcon_core.shell:Skip shell extension 'powershell' for command environment: Not usable outside of PowerShell
[0.969s] DEBUG:colcon.colcon_core.shell:Skip shell extension 'dsv' for command environment
[1.029s] DEBUG:colcon.colcon_core.event_handler.log_command:Invoking command in '/home/neha/VBM/vbm_project/build/pcl_sampling': CMAKE_PREFIX_PATH=${CMAKE_PREFIX_PATH}:/home/neha/ros2_ws/install/point_cloud:/home/neha/ros2_ws/install/opencv_test_py:/home/neha/voidwalking/ros2_ws/install/waypoints:/opt/ros/humble /usr/bin/cmake --build /home/neha/VBM/vbm_project/build/pcl_sampling -- -j20 -l20
[1.032s] DEBUG:colcon.colcon_core.event_handler.log_command:Invoking command in '/home/neha/VBM/vbm_project/build/vbm_project_env': CMAKE_PREFIX_PATH=${CMAKE_PREFIX_PATH}:/home/neha/ros2_ws/install/point_cloud:/home/neha/ros2_ws/install/opencv_test_py:/home/neha/voidwalking/ros2_ws/install/waypoints:/opt/ros/humble /usr/bin/cmake --build /home/neha/VBM/vbm_project/build/vbm_project_env -- -j20 -l20
[1.053s] DEBUG:colcon.colcon_core.event_handler.log_command:Invoked command in '/home/neha/VBM/vbm_project/build/vbm_project_env' returned '0': CMAKE_PREFIX_PATH=${CMAKE_PREFIX_PATH}:/home/neha/ros2_ws/install/point_cloud:/home/neha/ros2_ws/install/opencv_test_py:/home/neha/voidwalking/ros2_ws/install/waypoints:/opt/ros/humble /usr/bin/cmake --build /home/neha/VBM/vbm_project/build/vbm_project_env -- -j20 -l20
[1.073s] DEBUG:colcon.colcon_core.event_handler.log_command:Invoking command in '/home/neha/VBM/vbm_project/build/vbm_project_env': CMAKE_PREFIX_PATH=${CMAKE_PREFIX_PATH}:/home/neha/ros2_ws/install/point_cloud:/home/neha/ros2_ws/install/opencv_test_py:/home/neha/voidwalking/ros2_ws/install/waypoints:/opt/ros/humble /usr/bin/cmake --install /home/neha/VBM/vbm_project/build/vbm_project_env
[1.079s] Level 1:colcon.colcon_core.environment:create_environment_scripts_only(vbm_project_env)
[1.079s] DEBUG:colcon.colcon_core.event_handler.log_command:Invoked command in '/home/neha/VBM/vbm_project/build/vbm_project_env' returned '0': CMAKE_PREFIX_PATH=${CMAKE_PREFIX_PATH}:/home/neha/ros2_ws/install/point_cloud:/home/neha/ros2_ws/install/opencv_test_py:/home/neha/voidwalking/ros2_ws/install/waypoints:/opt/ros/humble /usr/bin/cmake --install /home/neha/VBM/vbm_project/build/vbm_project_env
[1.089s] Level 1:colcon.colcon_core.environment:checking '/home/neha/VBM/vbm_project/install/vbm_project_env' for CMake module files
[1.089s] Level 1:colcon.colcon_core.environment:checking '/home/neha/VBM/vbm_project/install/vbm_project_env' for CMake config files
[1.090s] Level 1:colcon.colcon_core.shell:create_environment_hook('vbm_project_env', 'cmake_prefix_path')
[1.099s] INFO:colcon.colcon_core.shell:Creating environment hook '/home/neha/VBM/vbm_project/install/vbm_project_env/share/vbm_project_env/hook/cmake_prefix_path.ps1'
[1.099s] INFO:colcon.colcon_core.shell:Creating environment descriptor '/home/neha/VBM/vbm_project/install/vbm_project_env/share/vbm_project_env/hook/cmake_prefix_path.dsv'
[1.099s] INFO:colcon.colcon_core.shell:Creating environment hook '/home/neha/VBM/vbm_project/install/vbm_project_env/share/vbm_project_env/hook/cmake_prefix_path.sh'
[1.100s] Level 1:colcon.colcon_core.environment:checking '/home/neha/VBM/vbm_project/install/vbm_project_env/bin'
[1.100s] Level 1:colcon.colcon_core.environment:checking '/home/neha/VBM/vbm_project/install/vbm_project_env/lib/pkgconfig/vbm_project_env.pc'
[1.100s] Level 1:colcon.colcon_core.environment:checking '/home/neha/VBM/vbm_project/install/vbm_project_env/lib/python3.10/site-packages'
[1.100s] Level 1:colcon.colcon_core.environment:checking '/home/neha/VBM/vbm_project/install/vbm_project_env/bin'
[1.109s] INFO:colcon.colcon_core.shell:Creating package script '/home/neha/VBM/vbm_project/install/vbm_project_env/share/vbm_project_env/package.ps1'
[1.109s] INFO:colcon.colcon_core.shell:Creating package descriptor '/home/neha/VBM/vbm_project/install/vbm_project_env/share/vbm_project_env/package.dsv'
[1.110s] INFO:colcon.colcon_core.shell:Creating package script '/home/neha/VBM/vbm_project/install/vbm_project_env/share/vbm_project_env/package.sh'
[1.110s] INFO:colcon.colcon_core.shell:Creating package script '/home/neha/VBM/vbm_project/install/vbm_project_env/share/vbm_project_env/package.bash'
[1.110s] INFO:colcon.colcon_core.shell:Creating package script '/home/neha/VBM/vbm_project/install/vbm_project_env/share/vbm_project_env/package.zsh'
[1.111s] Level 1:colcon.colcon_core.environment:create_file_with_runtime_dependencies(/home/neha/VBM/vbm_project/install/vbm_project_env/share/colcon-core/packages/vbm_project_env)
[1.137s] Level 1:colcon.colcon_core.environment:create_environment_scripts_only(vbm_project_env)
[1.146s] Level 1:colcon.colcon_core.environment:checking '/home/neha/VBM/vbm_project/install/vbm_project_env' for CMake module files
[1.146s] Level 1:colcon.colcon_core.environment:checking '/home/neha/VBM/vbm_project/install/vbm_project_env' for CMake config files
[1.146s] Level 1:colcon.colcon_core.shell:create_environment_hook('vbm_project_env', 'cmake_prefix_path')
[1.155s] INFO:colcon.colcon_core.shell:Creating environment hook '/home/neha/VBM/vbm_project/install/vbm_project_env/share/vbm_project_env/hook/cmake_prefix_path.ps1'
[1.156s] INFO:colcon.colcon_core.shell:Creating environment descriptor '/home/neha/VBM/vbm_project/install/vbm_project_env/share/vbm_project_env/hook/cmake_prefix_path.dsv'
[1.156s] INFO:colcon.colcon_core.shell:Creating environment hook '/home/neha/VBM/vbm_project/install/vbm_project_env/share/vbm_project_env/hook/cmake_prefix_path.sh'
[1.156s] Level 1:colcon.colcon_core.environment:checking '/home/neha/VBM/vbm_project/install/vbm_project_env/bin'
[1.156s] Level 1:colcon.colcon_core.environment:checking '/home/neha/VBM/vbm_project/install/vbm_project_env/lib/pkgconfig/vbm_project_env.pc'
[1.156s] Level 1:colcon.colcon_core.environment:checking '/home/neha/VBM/vbm_project/install/vbm_project_env/lib/python3.10/site-packages'
[1.156s] Level 1:colcon.colcon_core.environment:checking '/home/neha/VBM/vbm_project/install/vbm_project_env/bin'
[1.166s] INFO:colcon.colcon_core.shell:Creating package script '/home/neha/VBM/vbm_project/install/vbm_project_env/share/vbm_project_env/package.ps1'
[1.166s] INFO:colcon.colcon_core.shell:Creating package descriptor '/home/neha/VBM/vbm_project/install/vbm_project_env/share/vbm_project_env/package.dsv'
[1.166s] INFO:colcon.colcon_core.shell:Creating package script '/home/neha/VBM/vbm_project/install/vbm_project_env/share/vbm_project_env/package.sh'
[1.166s] INFO:colcon.colcon_core.shell:Creating package script '/home/neha/VBM/vbm_project/install/vbm_project_env/share/vbm_project_env/package.bash'
[1.167s] INFO:colcon.colcon_core.shell:Creating package script '/home/neha/VBM/vbm_project/install/vbm_project_env/share/vbm_project_env/package.zsh'
[1.167s] Level 1:colcon.colcon_core.environment:create_file_with_runtime_dependencies(/home/neha/VBM/vbm_project/install/vbm_project_env/share/colcon-core/packages/vbm_project_env)
[4.627s] DEBUG:colcon.colcon_core.event_handler.log_command:Invoked command in '/home/neha/VBM/vbm_project/build/pcl_sampling' returned '0': CMAKE_PREFIX_PATH=${CMAKE_PREFIX_PATH}:/home/neha/ros2_ws/install/point_cloud:/home/neha/ros2_ws/install/opencv_test_py:/home/neha/voidwalking/ros2_ws/install/waypoints:/opt/ros/humble /usr/bin/cmake --build /home/neha/VBM/vbm_project/build/pcl_sampling -- -j20 -l20
[4.649s] DEBUG:colcon.colcon_core.event_handler.log_command:Invoking command in '/home/neha/VBM/vbm_project/build/pcl_sampling': CMAKE_PREFIX_PATH=${CMAKE_PREFIX_PATH}:/home/neha/ros2_ws/install/point_cloud:/home/neha/ros2_ws/install/opencv_test_py:/home/neha/voidwalking/ros2_ws/install/waypoints:/opt/ros/humble /usr/bin/cmake --install /home/neha/VBM/vbm_project/build/pcl_sampling
[4.658s] Level 1:colcon.colcon_core.environment:create_environment_scripts_only(pcl_sampling)
[4.658s] DEBUG:colcon.colcon_core.event_handler.log_command:Invoked command in '/home/neha/VBM/vbm_project/build/pcl_sampling' returned '0': CMAKE_PREFIX_PATH=${CMAKE_PREFIX_PATH}:/home/neha/ros2_ws/install/point_cloud:/home/neha/ros2_ws/install/opencv_test_py:/home/neha/voidwalking/ros2_ws/install/waypoints:/opt/ros/humble /usr/bin/cmake --install /home/neha/VBM/vbm_project/build/pcl_sampling
[4.667s] Level 1:colcon.colcon_core.environment:checking '/home/neha/VBM/vbm_project/install/pcl_sampling' for CMake module files
[4.668s] Level 1:colcon.colcon_core.environment:checking '/home/neha/VBM/vbm_project/install/pcl_sampling' for CMake config files
[4.668s] Level 1:colcon.colcon_core.shell:create_environment_hook('pcl_sampling', 'cmake_prefix_path')
[4.675s] INFO:colcon.colcon_core.shell:Creating environment hook '/home/neha/VBM/vbm_project/install/pcl_sampling/share/pcl_sampling/hook/cmake_prefix_path.ps1'
[4.676s] INFO:colcon.colcon_core.shell:Creating environment descriptor '/home/neha/VBM/vbm_project/install/pcl_sampling/share/pcl_sampling/hook/cmake_prefix_path.dsv'
[4.676s] INFO:colcon.colcon_core.shell:Creating environment hook '/home/neha/VBM/vbm_project/install/pcl_sampling/share/pcl_sampling/hook/cmake_prefix_path.sh'
[4.676s] Level 1:colcon.colcon_core.environment:checking '/home/neha/VBM/vbm_project/install/pcl_sampling/lib'
[4.676s] Level 1:colcon.colcon_core.environment:checking '/home/neha/VBM/vbm_project/install/pcl_sampling/bin'
[4.676s] Level 1:colcon.colcon_core.environment:checking '/home/neha/VBM/vbm_project/install/pcl_sampling/lib/pkgconfig/pcl_sampling.pc'
[4.676s] Level 1:colcon.colcon_core.environment:checking '/home/neha/VBM/vbm_project/install/pcl_sampling/lib/python3.10/site-packages'
[4.676s] Level 1:colcon.colcon_core.environment:checking '/home/neha/VBM/vbm_project/install/pcl_sampling/bin'
[4.684s] INFO:colcon.colcon_core.shell:Creating package script '/home/neha/VBM/vbm_project/install/pcl_sampling/share/pcl_sampling/package.ps1'
[4.685s] INFO:colcon.colcon_core.shell:Creating package descriptor '/home/neha/VBM/vbm_project/install/pcl_sampling/share/pcl_sampling/package.dsv'
[4.685s] INFO:colcon.colcon_core.shell:Creating package script '/home/neha/VBM/vbm_project/install/pcl_sampling/share/pcl_sampling/package.sh'
[4.685s] INFO:colcon.colcon_core.shell:Creating package script '/home/neha/VBM/vbm_project/install/pcl_sampling/share/pcl_sampling/package.bash'
[4.685s] INFO:colcon.colcon_core.shell:Creating package script '/home/neha/VBM/vbm_project/install/pcl_sampling/share/pcl_sampling/package.zsh'
[4.685s] Level 1:colcon.colcon_core.environment:create_file_with_runtime_dependencies(/home/neha/VBM/vbm_project/install/pcl_sampling/share/colcon-core/packages/pcl_sampling)
[4.714s] Level 1:colcon.colcon_core.environment:create_environment_scripts_only(pcl_sampling)
[4.723s] Level 1:colcon.colcon_core.environment:checking '/home/neha/VBM/vbm_project/install/pcl_sampling' for CMake module files
[4.723s] Level 1:colcon.colcon_core.environment:checking '/home/neha/VBM/vbm_project/install/pcl_sampling' for CMake config files
[4.723s] Level 1:colcon.colcon_core.shell:create_environment_hook('pcl_sampling', 'cmake_prefix_path')
[4.732s] INFO:colcon.colcon_core.shell:Creating environment hook '/home/neha/VBM/vbm_project/install/pcl_sampling/share/pcl_sampling/hook/cmake_prefix_path.ps1'
[4.732s] INFO:colcon.colcon_core.shell:Creating environment descriptor '/home/neha/VBM/vbm_project/install/pcl_sampling/share/pcl_sampling/hook/cmake_prefix_path.dsv'
[4.732s] INFO:colcon.colcon_core.shell:Creating environment hook '/home/neha/VBM/vbm_project/install/pcl_sampling/share/pcl_sampling/hook/cmake_prefix_path.sh'
[4.732s] Level 1:colcon.colcon_core.environment:checking '/home/neha/VBM/vbm_project/install/pcl_sampling/lib'
[4.732s] Level 1:colcon.colcon_core.environment:checking '/home/neha/VBM/vbm_project/install/pcl_sampling/bin'
[4.732s] Level 1:colcon.colcon_core.environment:checking '/home/neha/VBM/vbm_project/install/pcl_sampling/lib/pkgconfig/pcl_sampling.pc'
[4.733s] Level 1:colcon.colcon_core.environment:checking '/home/neha/VBM/vbm_project/install/pcl_sampling/lib/python3.10/site-packages'
[4.733s] Level 1:colcon.colcon_core.environment:checking '/home/neha/VBM/vbm_project/install/pcl_sampling/bin'
[4.742s] INFO:colcon.colcon_core.shell:Creating package script '/home/neha/VBM/vbm_project/install/pcl_sampling/share/pcl_sampling/package.ps1'
[4.742s] INFO:colcon.colcon_core.shell:Creating package descriptor '/home/neha/VBM/vbm_project/install/pcl_sampling/share/pcl_sampling/package.dsv'
[4.743s] INFO:colcon.colcon_core.shell:Creating package script '/home/neha/VBM/vbm_project/install/pcl_sampling/share/pcl_sampling/package.sh'
[4.743s] INFO:colcon.colcon_core.shell:Creating package script '/home/neha/VBM/vbm_project/install/pcl_sampling/share/pcl_sampling/package.bash'
[4.743s] INFO:colcon.colcon_core.shell:Creating package script '/home/neha/VBM/vbm_project/install/pcl_sampling/share/pcl_sampling/package.zsh'
[4.743s] Level 1:colcon.colcon_core.environment:create_file_with_runtime_dependencies(/home/neha/VBM/vbm_project/install/pcl_sampling/share/colcon-core/packages/pcl_sampling)
[4.743s] DEBUG:colcon.colcon_parallel_executor.executor.parallel:closing loop
[4.744s] DEBUG:colcon.colcon_parallel_executor.executor.parallel:loop closed
[4.744s] DEBUG:colcon.colcon_parallel_executor.executor.parallel:run_until_complete finished with '0'
[4.744s] DEBUG:colcon.colcon_core.event_reactor:joining thread
[4.756s] INFO:colcon.colcon_core.plugin_system:Skipping extension 'colcon_notification.desktop_notification.terminal_notifier': Not used on non-Darwin systems
[4.756s] INFO:colcon.colcon_core.plugin_system:Skipping extension 'colcon_notification.desktop_notification.win32': Not used on non-Windows systems
[4.756s] INFO:colcon.colcon_notification.desktop_notification:Sending desktop notification using 'notify2'
[4.764s] DEBUG:colcon.colcon_core.event_reactor:joined thread
[4.773s] INFO:colcon.colcon_core.shell:Creating prefix script '/home/neha/VBM/vbm_project/install/local_setup.ps1'
[4.774s] INFO:colcon.colcon_core.shell:Creating prefix util module '/home/neha/VBM/vbm_project/install/_local_setup_util_ps1.py'
[4.775s] INFO:colcon.colcon_core.shell:Creating prefix chain script '/home/neha/VBM/vbm_project/install/setup.ps1'
[4.784s] INFO:colcon.colcon_core.shell:Creating prefix script '/home/neha/VBM/vbm_project/install/local_setup.sh'
[4.785s] INFO:colcon.colcon_core.shell:Creating prefix util module '/home/neha/VBM/vbm_project/install/_local_setup_util_sh.py'
[4.785s] INFO:colcon.colcon_core.shell:Creating prefix chain script '/home/neha/VBM/vbm_project/install/setup.sh'
[4.796s] INFO:colcon.colcon_core.shell:Creating prefix script '/home/neha/VBM/vbm_project/install/local_setup.bash'
[4.797s] INFO:colcon.colcon_core.shell:Creating prefix chain script '/home/neha/VBM/vbm_project/install/setup.bash'
[4.807s] INFO:colcon.colcon_core.shell:Creating prefix script '/home/neha/VBM/vbm_project/install/local_setup.zsh'
[4.807s] INFO:colcon.colcon_core.shell:Creating prefix chain script '/home/neha/VBM/vbm_project/install/setup.zsh'
