[0.162s] Invoking command in '/home/neha/VBM/vbm_project/build/pcl_sampling': CMAKE_PREFIX_PATH=${CMAKE_PREFIX_PATH}:/home/neha/ros2_ws/install/point_cloud:/home/neha/ros2_ws/install/opencv_test_py:/home/neha/voidwalking/ros2_ws/install/waypoints:/opt/ros/humble CONDA_PROMPT_MODIFIER=(face) /usr/bin/cmake --build /home/neha/VBM/vbm_project/build/pcl_sampling -- -j20 -l20
[0.208s] [35m[1mConsolidate compiler generated dependencies of target slicing[0m
[0.225s] [ 50%] Built target pcl_sampling
[0.231s] [ 75%] [32mBuilding CXX object CMakeFiles/slicing.dir/src/slicing.cpp.o[0m
[3.961s] [100%] [32m[1mLinking CXX executable slicing[0m
[4.476s] [100%] Built target slicing
[4.485s] Invoked command in '/home/neha/VBM/vbm_project/build/pcl_sampling' returned '0': CMAKE_PREFIX_PATH=${CMAKE_PREFIX_PATH}:/home/neha/ros2_ws/install/point_cloud:/home/neha/ros2_ws/install/opencv_test_py:/home/neha/voidwalking/ros2_ws/install/waypoints:/opt/ros/humble CONDA_PROMPT_MODIFIER=(face) /usr/bin/cmake --build /home/neha/VBM/vbm_project/build/pcl_sampling -- -j20 -l20
[4.503s] Invoking command in '/home/neha/VBM/vbm_project/build/pcl_sampling': CMAKE_PREFIX_PATH=${CMAKE_PREFIX_PATH}:/home/neha/ros2_ws/install/point_cloud:/home/neha/ros2_ws/install/opencv_test_py:/home/neha/voidwalking/ros2_ws/install/waypoints:/opt/ros/humble CONDA_PROMPT_MODIFIER=(face) /usr/bin/cmake --install /home/neha/VBM/vbm_project/build/pcl_sampling
[4.507s] -- Install configuration: ""
[4.507s] -- Up-to-date: /home/neha/VBM/vbm_project/install/pcl_sampling/lib/pcl_sampling/pcl_sampling
[4.507s] -- Installing: /home/neha/VBM/vbm_project/install/pcl_sampling/lib/pcl_sampling/slicing
[4.508s] -- Up-to-date: /home/neha/VBM/vbm_project/install/pcl_sampling/share/ament_index/resource_index/package_run_dependencies/pcl_sampling
[4.508s] -- Up-to-date: /home/neha/VBM/vbm_project/install/pcl_sampling/share/ament_index/resource_index/parent_prefix_path/pcl_sampling
[4.508s] -- Up-to-date: /home/neha/VBM/vbm_project/install/pcl_sampling/share/pcl_sampling/environment/ament_prefix_path.sh
[4.508s] -- Up-to-date: /home/neha/VBM/vbm_project/install/pcl_sampling/share/pcl_sampling/environment/ament_prefix_path.dsv
[4.508s] -- Up-to-date: /home/neha/VBM/vbm_project/install/pcl_sampling/share/pcl_sampling/environment/path.sh
[4.508s] -- Up-to-date: /home/neha/VBM/vbm_project/install/pcl_sampling/share/pcl_sampling/environment/path.dsv
[4.508s] -- Up-to-date: /home/neha/VBM/vbm_project/install/pcl_sampling/share/pcl_sampling/local_setup.bash
[4.509s] -- Up-to-date: /home/neha/VBM/vbm_project/install/pcl_sampling/share/pcl_sampling/local_setup.sh
[4.509s] -- Up-to-date: /home/neha/VBM/vbm_project/install/pcl_sampling/share/pcl_sampling/local_setup.zsh
[4.509s] -- Up-to-date: /home/neha/VBM/vbm_project/install/pcl_sampling/share/pcl_sampling/local_setup.dsv
[4.509s] -- Installing: /home/neha/VBM/vbm_project/install/pcl_sampling/share/pcl_sampling/package.dsv
[4.510s] -- Up-to-date: /home/neha/VBM/vbm_project/install/pcl_sampling/share/ament_index/resource_index/packages/pcl_sampling
[4.510s] -- Up-to-date: /home/neha/VBM/vbm_project/install/pcl_sampling/share/pcl_sampling/cmake/pcl_samplingConfig.cmake
[4.510s] -- Up-to-date: /home/neha/VBM/vbm_project/install/pcl_sampling/share/pcl_sampling/cmake/pcl_samplingConfig-version.cmake
[4.510s] -- Up-to-date: /home/neha/VBM/vbm_project/install/pcl_sampling/share/pcl_sampling/package.xml
[4.510s] Invoked command in '/home/neha/VBM/vbm_project/build/pcl_sampling' returned '0': CMAKE_PREFIX_PATH=${CMAKE_PREFIX_PATH}:/home/neha/ros2_ws/install/point_cloud:/home/neha/ros2_ws/install/opencv_test_py:/home/neha/voidwalking/ros2_ws/install/waypoints:/opt/ros/humble CONDA_PROMPT_MODIFIER=(face) /usr/bin/cmake --install /home/neha/VBM/vbm_project/build/pcl_sampling
