[0.072s] Invoking command in '/home/justin/vbm_project/build/vbm_project_env': CMAKE_PREFIX_PATH=${CMAKE_PREFIX_PATH}:/opt/ros/humble /usr/bin/cmake --build /home/justin/vbm_project/build/vbm_project_env -- -j12 -l12
[0.104s] Invoked command in '/home/justin/vbm_project/build/vbm_project_env' returned '0': CMAKE_PREFIX_PATH=${CMAKE_PREFIX_PATH}:/opt/ros/humble /usr/bin/cmake --build /home/justin/vbm_project/build/vbm_project_env -- -j12 -l12
[0.128s] Invoking command in '/home/justin/vbm_project/build/vbm_project_env': CMAKE_PREFIX_PATH=${CMAKE_PREFIX_PATH}:/opt/ros/humble /usr/bin/cmake --install /home/justin/vbm_project/build/vbm_project_env
[0.135s] -- Install configuration: ""
[0.135s] -- Up-to-date: /home/justin/vbm_project/install/vbm_project_env/share/vbm_project_env/launch
[0.136s] -- Up-to-date: /home/justin/vbm_project/install/vbm_project_env/share/vbm_project_env/launch/simulation.launch.py
[0.136s] -- Up-to-date: /home/justin/vbm_project/install/vbm_project_env/share/vbm_project_env/worlds
[0.136s] -- Up-to-date: /home/justin/vbm_project/install/vbm_project_env/share/vbm_project_env/worlds/simulation.world
[0.136s] -- Up-to-date: /home/justin/vbm_project/install/vbm_project_env/share/vbm_project_env/urdf
[0.136s] -- Up-to-date: /home/justin/vbm_project/install/vbm_project_env/share/vbm_project_env/urdf/camera.urdf
[0.136s] -- Up-to-date: /home/justin/vbm_project/install/vbm_project_env/share/ament_index/resource_index/package_run_dependencies/vbm_project_env
[0.136s] -- Up-to-date: /home/justin/vbm_project/install/vbm_project_env/share/ament_index/resource_index/parent_prefix_path/vbm_project_env
[0.137s] -- Up-to-date: /home/justin/vbm_project/install/vbm_project_env/share/vbm_project_env/environment/ament_prefix_path.sh
[0.137s] -- Up-to-date: /home/justin/vbm_project/install/vbm_project_env/share/vbm_project_env/environment/ament_prefix_path.dsv
[0.137s] -- Up-to-date: /home/justin/vbm_project/install/vbm_project_env/share/vbm_project_env/environment/path.sh
[0.137s] -- Up-to-date: /home/justin/vbm_project/install/vbm_project_env/share/vbm_project_env/environment/path.dsv
[0.137s] -- Up-to-date: /home/justin/vbm_project/install/vbm_project_env/share/vbm_project_env/local_setup.bash
[0.137s] -- Up-to-date: /home/justin/vbm_project/install/vbm_project_env/share/vbm_project_env/local_setup.sh
[0.137s] -- Up-to-date: /home/justin/vbm_project/install/vbm_project_env/share/vbm_project_env/local_setup.zsh
[0.137s] -- Up-to-date: /home/justin/vbm_project/install/vbm_project_env/share/vbm_project_env/local_setup.dsv
[0.137s] -- Installing: /home/justin/vbm_project/install/vbm_project_env/share/vbm_project_env/package.dsv
[0.137s] -- Up-to-date: /home/justin/vbm_project/install/vbm_project_env/share/ament_index/resource_index/packages/vbm_project_env
[0.138s] -- Up-to-date: /home/justin/vbm_project/install/vbm_project_env/share/vbm_project_env/cmake/vbm_project_envConfig.cmake
[0.138s] -- Up-to-date: /home/justin/vbm_project/install/vbm_project_env/share/vbm_project_env/cmake/vbm_project_envConfig-version.cmake
[0.138s] -- Up-to-date: /home/justin/vbm_project/install/vbm_project_env/share/vbm_project_env/package.xml
[0.139s] Invoked command in '/home/justin/vbm_project/build/vbm_project_env' returned '0': CMAKE_PREFIX_PATH=${CMAKE_PREFIX_PATH}:/opt/ros/humble /usr/bin/cmake --install /home/justin/vbm_project/build/vbm_project_env
