[0.071s] Invoking command in '/home/neha/VBM/vbm_project/build/vbm_project_env': CMAKE_PREFIX_PATH=${CMAKE_PREFIX_PATH}:/home/neha/ros2_ws/install/point_cloud:/home/neha/ros2_ws/install/opencv_test_py:/home/neha/voidwalking/ros2_ws/install/waypoints:/opt/ros/humble CONDA_PROMPT_MODIFIER=(face) /usr/bin/cmake --build /home/neha/VBM/vbm_project/build/vbm_project_env -- -j20 -l20
[0.092s] Invoked command in '/home/neha/VBM/vbm_project/build/vbm_project_env' returned '0': CMAKE_PREFIX_PATH=${CMAKE_PREFIX_PATH}:/home/neha/ros2_ws/install/point_cloud:/home/neha/ros2_ws/install/opencv_test_py:/home/neha/voidwalking/ros2_ws/install/waypoints:/opt/ros/humble CONDA_PROMPT_MODIFIER=(face) /usr/bin/cmake --build /home/neha/VBM/vbm_project/build/vbm_project_env -- -j20 -l20
[0.115s] Invoking command in '/home/neha/VBM/vbm_project/build/vbm_project_env': CMAKE_PREFIX_PATH=${CMAKE_PREFIX_PATH}:/home/neha/ros2_ws/install/point_cloud:/home/neha/ros2_ws/install/opencv_test_py:/home/neha/voidwalking/ros2_ws/install/waypoints:/opt/ros/humble CONDA_PROMPT_MODIFIER=(face) /usr/bin/cmake --install /home/neha/VBM/vbm_project/build/vbm_project_env
[0.119s] -- Install configuration: ""
[0.119s] -- Up-to-date: /home/neha/VBM/vbm_project/install/vbm_project_env/share/vbm_project_env/launch
[0.120s] -- Up-to-date: /home/neha/VBM/vbm_project/install/vbm_project_env/share/vbm_project_env/launch/simulation.launch.py
[0.120s] -- Up-to-date: /home/neha/VBM/vbm_project/install/vbm_project_env/share/vbm_project_env/worlds
[0.120s] -- Up-to-date: /home/neha/VBM/vbm_project/install/vbm_project_env/share/vbm_project_env/worlds/simulation.world
[0.120s] -- Up-to-date: /home/neha/VBM/vbm_project/install/vbm_project_env/share/vbm_project_env/urdf
[0.120s] -- Up-to-date: /home/neha/VBM/vbm_project/install/vbm_project_env/share/vbm_project_env/urdf/camera.urdf
[0.120s] -- Up-to-date: /home/neha/VBM/vbm_project/install/vbm_project_env/share/ament_index/resource_index/package_run_dependencies/vbm_project_env
[0.120s] -- Up-to-date: /home/neha/VBM/vbm_project/install/vbm_project_env/share/ament_index/resource_index/parent_prefix_path/vbm_project_env
[0.120s] -- Up-to-date: /home/neha/VBM/vbm_project/install/vbm_project_env/share/vbm_project_env/environment/ament_prefix_path.sh
[0.120s] -- Up-to-date: /home/neha/VBM/vbm_project/install/vbm_project_env/share/vbm_project_env/environment/ament_prefix_path.dsv
[0.120s] -- Up-to-date: /home/neha/VBM/vbm_project/install/vbm_project_env/share/vbm_project_env/environment/path.sh
[0.121s] -- Up-to-date: /home/neha/VBM/vbm_project/install/vbm_project_env/share/vbm_project_env/environment/path.dsv
[0.121s] -- Up-to-date: /home/neha/VBM/vbm_project/install/vbm_project_env/share/vbm_project_env/local_setup.bash
[0.121s] -- Up-to-date: /home/neha/VBM/vbm_project/install/vbm_project_env/share/vbm_project_env/local_setup.sh
[0.121s] -- Up-to-date: /home/neha/VBM/vbm_project/install/vbm_project_env/share/vbm_project_env/local_setup.zsh
[0.121s] -- Up-to-date: /home/neha/VBM/vbm_project/install/vbm_project_env/share/vbm_project_env/local_setup.dsv
[0.121s] -- Installing: /home/neha/VBM/vbm_project/install/vbm_project_env/share/vbm_project_env/package.dsv
[0.122s] -- Up-to-date: /home/neha/VBM/vbm_project/install/vbm_project_env/share/ament_index/resource_index/packages/vbm_project_env
[0.122s] -- Up-to-date: /home/neha/VBM/vbm_project/install/vbm_project_env/share/vbm_project_env/cmake/vbm_project_envConfig.cmake
[0.122s] -- Up-to-date: /home/neha/VBM/vbm_project/install/vbm_project_env/share/vbm_project_env/cmake/vbm_project_envConfig-version.cmake
[0.122s] -- Up-to-date: /home/neha/VBM/vbm_project/install/vbm_project_env/share/vbm_project_env/package.xml
[0.122s] Invoked command in '/home/neha/VBM/vbm_project/build/vbm_project_env' returned '0': CMAKE_PREFIX_PATH=${CMAKE_PREFIX_PATH}:/home/neha/ros2_ws/install/point_cloud:/home/neha/ros2_ws/install/opencv_test_py:/home/neha/voidwalking/ros2_ws/install/waypoints:/opt/ros/humble CONDA_PROMPT_MODIFIER=(face) /usr/bin/cmake --install /home/neha/VBM/vbm_project/build/vbm_project_env
