[0.306s] Invoking command in '/home/can/ros2_ws/src/vbm_project/src/build/pcl_sampling': CMAKE_PREFIX_PATH=${CMAKE_PREFIX_PATH}:/home/can/ros2_ws/install/opencv_test_py:/home/can/ros2_ws/install/launch_testing_examples:/home/can/ros2_ws/install/hw4:/home/can/ros2_ws/install/examples_rclpy_pointcloud_publisher:/home/can/ros2_ws/install/examples_rclpy_minimal_subscriber:/home/can/ros2_ws/install/examples_rclpy_minimal_service:/home/can/ros2_ws/install/examples_rclpy_minimal_publisher:/home/can/ros2_ws/install/examples_rclpy_minimal_client:/home/can/ros2_ws/install/examples_rclpy_minimal_action_server:/home/can/ros2_ws/install/examples_rclpy_minimal_action_client:/home/can/ros2_ws/install/examples_rclpy_guard_conditions:/home/can/ros2_ws/install/examples_rclpy_executors:/opt/ros/humble /usr/bin/cmake --build /home/can/ros2_ws/src/vbm_project/src/build/pcl_sampling -- -j8 -l8
[0.412s] [35m[1mConsolidate compiler generated dependencies of target pcl_sampling[0m
[0.466s] [ 50%] [32mBuilding CXX object CMakeFiles/pcl_sampling.dir/src/pcl_sampling.cpp.o[0m
[16.307s] [100%] [32m[1mLinking CXX executable pcl_sampling[0m
[20.959s] [100%] Built target pcl_sampling
[20.996s] Invoked command in '/home/can/ros2_ws/src/vbm_project/src/build/pcl_sampling' returned '0': CMAKE_PREFIX_PATH=${CMAKE_PREFIX_PATH}:/home/can/ros2_ws/install/opencv_test_py:/home/can/ros2_ws/install/launch_testing_examples:/home/can/ros2_ws/install/hw4:/home/can/ros2_ws/install/examples_rclpy_pointcloud_publisher:/home/can/ros2_ws/install/examples_rclpy_minimal_subscriber:/home/can/ros2_ws/install/examples_rclpy_minimal_service:/home/can/ros2_ws/install/examples_rclpy_minimal_publisher:/home/can/ros2_ws/install/examples_rclpy_minimal_client:/home/can/ros2_ws/install/examples_rclpy_minimal_action_server:/home/can/ros2_ws/install/examples_rclpy_minimal_action_client:/home/can/ros2_ws/install/examples_rclpy_guard_conditions:/home/can/ros2_ws/install/examples_rclpy_executors:/opt/ros/humble /usr/bin/cmake --build /home/can/ros2_ws/src/vbm_project/src/build/pcl_sampling -- -j8 -l8
[21.047s] Invoking command in '/home/can/ros2_ws/src/vbm_project/src/build/pcl_sampling': CMAKE_PREFIX_PATH=${CMAKE_PREFIX_PATH}:/home/can/ros2_ws/install/opencv_test_py:/home/can/ros2_ws/install/launch_testing_examples:/home/can/ros2_ws/install/hw4:/home/can/ros2_ws/install/examples_rclpy_pointcloud_publisher:/home/can/ros2_ws/install/examples_rclpy_minimal_subscriber:/home/can/ros2_ws/install/examples_rclpy_minimal_service:/home/can/ros2_ws/install/examples_rclpy_minimal_publisher:/home/can/ros2_ws/install/examples_rclpy_minimal_client:/home/can/ros2_ws/install/examples_rclpy_minimal_action_server:/home/can/ros2_ws/install/examples_rclpy_minimal_action_client:/home/can/ros2_ws/install/examples_rclpy_guard_conditions:/home/can/ros2_ws/install/examples_rclpy_executors:/opt/ros/humble /usr/bin/cmake --install /home/can/ros2_ws/src/vbm_project/src/build/pcl_sampling
[21.069s] -- Install configuration: ""
[21.070s] -- Installing: /home/can/ros2_ws/src/vbm_project/src/install/pcl_sampling/lib/pcl_sampling/pcl_sampling
[21.071s] -- Up-to-date: /home/can/ros2_ws/src/vbm_project/src/install/pcl_sampling/share/ament_index/resource_index/package_run_dependencies/pcl_sampling
[21.071s] -- Up-to-date: /home/can/ros2_ws/src/vbm_project/src/install/pcl_sampling/share/ament_index/resource_index/parent_prefix_path/pcl_sampling
[21.072s] -- Up-to-date: /home/can/ros2_ws/src/vbm_project/src/install/pcl_sampling/share/pcl_sampling/environment/ament_prefix_path.sh
[21.072s] -- Up-to-date: /home/can/ros2_ws/src/vbm_project/src/install/pcl_sampling/share/pcl_sampling/environment/ament_prefix_path.dsv
[21.072s] -- Up-to-date: /home/can/ros2_ws/src/vbm_project/src/install/pcl_sampling/share/pcl_sampling/environment/path.sh
[21.072s] -- Up-to-date: /home/can/ros2_ws/src/vbm_project/src/install/pcl_sampling/share/pcl_sampling/environment/path.dsv
[21.072s] -- Up-to-date: /home/can/ros2_ws/src/vbm_project/src/install/pcl_sampling/share/pcl_sampling/local_setup.bash
[21.072s] -- Up-to-date: /home/can/ros2_ws/src/vbm_project/src/install/pcl_sampling/share/pcl_sampling/local_setup.sh
[21.072s] -- Up-to-date: /home/can/ros2_ws/src/vbm_project/src/install/pcl_sampling/share/pcl_sampling/local_setup.zsh
[21.073s] -- Up-to-date: /home/can/ros2_ws/src/vbm_project/src/install/pcl_sampling/share/pcl_sampling/local_setup.dsv
[21.073s] -- Installing: /home/can/ros2_ws/src/vbm_project/src/install/pcl_sampling/share/pcl_sampling/package.dsv
[21.073s] -- Up-to-date: /home/can/ros2_ws/src/vbm_project/src/install/pcl_sampling/share/ament_index/resource_index/packages/pcl_sampling
[21.073s] -- Up-to-date: /home/can/ros2_ws/src/vbm_project/src/install/pcl_sampling/share/pcl_sampling/cmake/pcl_samplingConfig.cmake
[21.073s] -- Up-to-date: /home/can/ros2_ws/src/vbm_project/src/install/pcl_sampling/share/pcl_sampling/cmake/pcl_samplingConfig-version.cmake
[21.074s] -- Up-to-date: /home/can/ros2_ws/src/vbm_project/src/install/pcl_sampling/share/pcl_sampling/package.xml
[21.075s] Invoked command in '/home/can/ros2_ws/src/vbm_project/src/build/pcl_sampling' returned '0': CMAKE_PREFIX_PATH=${CMAKE_PREFIX_PATH}:/home/can/ros2_ws/install/opencv_test_py:/home/can/ros2_ws/install/launch_testing_examples:/home/can/ros2_ws/install/hw4:/home/can/ros2_ws/install/examples_rclpy_pointcloud_publisher:/home/can/ros2_ws/install/examples_rclpy_minimal_subscriber:/home/can/ros2_ws/install/examples_rclpy_minimal_service:/home/can/ros2_ws/install/examples_rclpy_minimal_publisher:/home/can/ros2_ws/install/examples_rclpy_minimal_client:/home/can/ros2_ws/install/examples_rclpy_minimal_action_server:/home/can/ros2_ws/install/examples_rclpy_minimal_action_client:/home/can/ros2_ws/install/examples_rclpy_guard_conditions:/home/can/ros2_ws/install/examples_rclpy_executors:/opt/ros/humble /usr/bin/cmake --install /home/can/ros2_ws/src/vbm_project/src/build/pcl_sampling
