[1.003s] DEBUG:colcon:Command line arguments: ['/usr/bin/colcon', 'build']
[1.003s] DEBUG:colcon:Parsed command line arguments: Namespace(log_base=None, log_level=None, verb_name='build', build_base='build', install_base='install', merge_install=False, symlink_install=False, test_result_base=None, continue_on_error=False, executor='parallel', parallel_workers=12, event_handlers=None, ignore_user_meta=False, metas=['./colcon.meta'], base_paths=['.'], packages_ignore=None, packages_ignore_regex=None, paths=None, packages_up_to=None, packages_up_to_regex=None, packages_above=None, packages_above_and_dependencies=None, packages_above_depth=None, packages_select_by_dep=None, packages_skip_by_dep=None, packages_skip_up_to=None, packages_select_build_failed=False, packages_skip_build_finished=False, packages_select_test_failures=False, packages_skip_test_passed=False, packages_select=None, packages_skip=None, packages_select_regex=None, packages_skip_regex=None, packages_start=None, packages_end=None, allow_overriding=[], cmake_args=None, cmake_target=None, cmake_target_skip_unavailable=False, cmake_clean_cache=False, cmake_clean_first=False, cmake_force_configure=False, ament_cmake_args=None, catkin_cmake_args=None, catkin_skip_building_tests=False, verb_parser=<colcon_defaults.argument_parser.defaults.DefaultArgumentsDecorator object at 0x7fde0a21a920>, verb_extension=<colcon_core.verb.build.BuildVerb object at 0x7fde0a218fa0>, main=<bound method BuildVerb.main of <colcon_core.verb.build.BuildVerb object at 0x7fde0a218fa0>>)
[1.049s] Level 1:colcon.colcon_core.package_discovery:discover_packages(colcon_meta) check parameters
[1.049s] Level 1:colcon.colcon_core.package_discovery:discover_packages(recursive) check parameters
[1.049s] Level 1:colcon.colcon_core.package_discovery:discover_packages(ignore) check parameters
[1.050s] Level 1:colcon.colcon_core.package_discovery:discover_packages(path) check parameters
[1.050s] Level 1:colcon.colcon_core.package_discovery:discover_packages(colcon_meta) discover
[1.050s] Level 1:colcon.colcon_core.package_discovery:discover_packages(recursive) discover
[1.050s] INFO:colcon.colcon_core.package_discovery:Crawling recursively for packages in '/home/justin/vbm_project'
[1.050s] Level 1:colcon.colcon_core.package_identification:_identify(.) by extensions ['ignore', 'ignore_ament_install']
[1.050s] Level 1:colcon.colcon_core.package_identification:_identify(.) by extension 'ignore'
[1.050s] Level 1:colcon.colcon_core.package_identification:_identify(.) by extension 'ignore_ament_install'
[1.050s] Level 1:colcon.colcon_core.package_identification:_identify(.) by extensions ['colcon_pkg']
[1.050s] Level 1:colcon.colcon_core.package_identification:_identify(.) by extension 'colcon_pkg'
[1.050s] Level 1:colcon.colcon_core.package_identification:_identify(.) by extensions ['colcon_meta']
[1.050s] Level 1:colcon.colcon_core.package_identification:_identify(.) by extension 'colcon_meta'
[1.050s] Level 1:colcon.colcon_core.package_identification:_identify(.) by extensions ['ros']
[1.050s] Level 1:colcon.colcon_core.package_identification:_identify(.) by extension 'ros'
[1.061s] Level 1:colcon.colcon_core.package_identification:_identify(.) by extensions ['cmake', 'python']
[1.061s] Level 1:colcon.colcon_core.package_identification:_identify(.) by extension 'cmake'
[1.061s] Level 1:colcon.colcon_core.package_identification:_identify(.) by extension 'python'
[1.061s] Level 1:colcon.colcon_core.package_identification:_identify(.) by extensions ['python_setup_py']
[1.061s] Level 1:colcon.colcon_core.package_identification:_identify(.) by extension 'python_setup_py'
[1.061s] Level 1:colcon.colcon_core.package_identification:_identify(build) by extensions ['ignore', 'ignore_ament_install']
[1.061s] Level 1:colcon.colcon_core.package_identification:_identify(build) by extension 'ignore'
[1.061s] Level 1:colcon.colcon_core.package_identification:_identify(build) ignored
[1.061s] Level 1:colcon.colcon_core.package_identification:_identify(install) by extensions ['ignore', 'ignore_ament_install']
[1.061s] Level 1:colcon.colcon_core.package_identification:_identify(install) by extension 'ignore'
[1.062s] Level 1:colcon.colcon_core.package_identification:_identify(install) ignored
[1.062s] Level 1:colcon.colcon_core.package_identification:_identify(log) by extensions ['ignore', 'ignore_ament_install']
[1.062s] Level 1:colcon.colcon_core.package_identification:_identify(log) by extension 'ignore'
[1.062s] Level 1:colcon.colcon_core.package_identification:_identify(log) ignored
[1.062s] Level 1:colcon.colcon_core.package_identification:_identify(src) by extensions ['ignore', 'ignore_ament_install']
[1.062s] Level 1:colcon.colcon_core.package_identification:_identify(src) by extension 'ignore'
[1.062s] Level 1:colcon.colcon_core.package_identification:_identify(src) by extension 'ignore_ament_install'
[1.062s] Level 1:colcon.colcon_core.package_identification:_identify(src) by extensions ['colcon_pkg']
[1.062s] Level 1:colcon.colcon_core.package_identification:_identify(src) by extension 'colcon_pkg'
[1.062s] Level 1:colcon.colcon_core.package_identification:_identify(src) by extensions ['colcon_meta']
[1.062s] Level 1:colcon.colcon_core.package_identification:_identify(src) by extension 'colcon_meta'
[1.062s] Level 1:colcon.colcon_core.package_identification:_identify(src) by extensions ['ros']
[1.062s] Level 1:colcon.colcon_core.package_identification:_identify(src) by extension 'ros'
[1.062s] Level 1:colcon.colcon_core.package_identification:_identify(src) by extensions ['cmake', 'python']
[1.062s] Level 1:colcon.colcon_core.package_identification:_identify(src) by extension 'cmake'
[1.062s] Level 1:colcon.colcon_core.package_identification:_identify(src) by extension 'python'
[1.062s] Level 1:colcon.colcon_core.package_identification:_identify(src) by extensions ['python_setup_py']
[1.062s] Level 1:colcon.colcon_core.package_identification:_identify(src) by extension 'python_setup_py'
[1.062s] Level 1:colcon.colcon_core.package_identification:_identify(src/pcl_sampling) by extensions ['ignore', 'ignore_ament_install']
[1.063s] Level 1:colcon.colcon_core.package_identification:_identify(src/pcl_sampling) by extension 'ignore'
[1.063s] Level 1:colcon.colcon_core.package_identification:_identify(src/pcl_sampling) by extension 'ignore_ament_install'
[1.063s] Level 1:colcon.colcon_core.package_identification:_identify(src/pcl_sampling) by extensions ['colcon_pkg']
[1.063s] Level 1:colcon.colcon_core.package_identification:_identify(src/pcl_sampling) by extension 'colcon_pkg'
[1.063s] Level 1:colcon.colcon_core.package_identification:_identify(src/pcl_sampling) by extensions ['colcon_meta']
[1.063s] Level 1:colcon.colcon_core.package_identification:_identify(src/pcl_sampling) by extension 'colcon_meta'
[1.063s] Level 1:colcon.colcon_core.package_identification:_identify(src/pcl_sampling) by extensions ['ros']
[1.063s] Level 1:colcon.colcon_core.package_identification:_identify(src/pcl_sampling) by extension 'ros'
[1.065s] DEBUG:colcon.colcon_core.package_identification:Package 'src/pcl_sampling' with type 'ros.ament_cmake' and name 'pcl_sampling'
[1.065s] Level 1:colcon.colcon_core.package_identification:_identify(src/vbm_project_env) by extensions ['ignore', 'ignore_ament_install']
[1.065s] Level 1:colcon.colcon_core.package_identification:_identify(src/vbm_project_env) by extension 'ignore'
[1.065s] Level 1:colcon.colcon_core.package_identification:_identify(src/vbm_project_env) by extension 'ignore_ament_install'
[1.065s] Level 1:colcon.colcon_core.package_identification:_identify(src/vbm_project_env) by extensions ['colcon_pkg']
[1.065s] Level 1:colcon.colcon_core.package_identification:_identify(src/vbm_project_env) by extension 'colcon_pkg'
[1.065s] Level 1:colcon.colcon_core.package_identification:_identify(src/vbm_project_env) by extensions ['colcon_meta']
[1.065s] Level 1:colcon.colcon_core.package_identification:_identify(src/vbm_project_env) by extension 'colcon_meta'
[1.065s] Level 1:colcon.colcon_core.package_identification:_identify(src/vbm_project_env) by extensions ['ros']
[1.065s] Level 1:colcon.colcon_core.package_identification:_identify(src/vbm_project_env) by extension 'ros'
[1.066s] DEBUG:colcon.colcon_core.package_identification:Package 'src/vbm_project_env' with type 'ros.ament_cmake' and name 'vbm_project_env'
[1.066s] Level 1:colcon.colcon_core.package_discovery:discover_packages(recursive) using defaults
[1.066s] Level 1:colcon.colcon_core.package_discovery:discover_packages(ignore) discover
[1.066s] Level 1:colcon.colcon_core.package_discovery:discover_packages(ignore) using defaults
[1.066s] Level 1:colcon.colcon_core.package_discovery:discover_packages(path) discover
[1.066s] Level 1:colcon.colcon_core.package_discovery:discover_packages(path) using defaults
[1.157s] Level 1:colcon.colcon_core.package_discovery:discover_packages(prefix_path) check parameters
[1.157s] Level 1:colcon.colcon_core.package_discovery:discover_packages(prefix_path) discover
[1.188s] DEBUG:colcon.colcon_installed_package_information.package_discovery:Found 2 installed packages in /home/justin/vbm_project/install
[1.204s] DEBUG:colcon.colcon_installed_package_information.package_discovery:Found 6 installed packages in /home/justin/ros2_ws/install
[1.220s] DEBUG:colcon.colcon_installed_package_information.package_discovery:Found 321 installed packages in /opt/ros/humble
[1.221s] Level 1:colcon.colcon_core.package_discovery:discover_packages(prefix_path) using defaults
[1.323s] Level 5:colcon.colcon_core.verb:set package 'pcl_sampling' build argument 'cmake_args' from command line to 'None'
[1.323s] Level 5:colcon.colcon_core.verb:set package 'pcl_sampling' build argument 'cmake_target' from command line to 'None'
[1.323s] Level 5:colcon.colcon_core.verb:set package 'pcl_sampling' build argument 'cmake_target_skip_unavailable' from command line to 'False'
[1.323s] Level 5:colcon.colcon_core.verb:set package 'pcl_sampling' build argument 'cmake_clean_cache' from command line to 'False'
[1.323s] Level 5:colcon.colcon_core.verb:set package 'pcl_sampling' build argument 'cmake_clean_first' from command line to 'False'
[1.324s] Level 5:colcon.colcon_core.verb:set package 'pcl_sampling' build argument 'cmake_force_configure' from command line to 'False'
[1.324s] Level 5:colcon.colcon_core.verb:set package 'pcl_sampling' build argument 'ament_cmake_args' from command line to 'None'
[1.324s] Level 5:colcon.colcon_core.verb:set package 'pcl_sampling' build argument 'catkin_cmake_args' from command line to 'None'
[1.324s] Level 5:colcon.colcon_core.verb:set package 'pcl_sampling' build argument 'catkin_skip_building_tests' from command line to 'False'
[1.324s] DEBUG:colcon.colcon_core.verb:Building package 'pcl_sampling' with the following arguments: {'ament_cmake_args': None, 'build_base': '/home/justin/vbm_project/build/pcl_sampling', 'catkin_cmake_args': None, 'catkin_skip_building_tests': False, 'cmake_args': None, 'cmake_clean_cache': False, 'cmake_clean_first': False, 'cmake_force_configure': False, 'cmake_target': None, 'cmake_target_skip_unavailable': False, 'install_base': '/home/justin/vbm_project/install/pcl_sampling', 'merge_install': False, 'path': '/home/justin/vbm_project/src/pcl_sampling', 'symlink_install': False, 'test_result_base': None}
[1.338s] Level 5:colcon.colcon_core.verb:set package 'vbm_project_env' build argument 'cmake_args' from command line to 'None'
[1.339s] Level 5:colcon.colcon_core.verb:set package 'vbm_project_env' build argument 'cmake_target' from command line to 'None'
[1.339s] Level 5:colcon.colcon_core.verb:set package 'vbm_project_env' build argument 'cmake_target_skip_unavailable' from command line to 'False'
[1.339s] Level 5:colcon.colcon_core.verb:set package 'vbm_project_env' build argument 'cmake_clean_cache' from command line to 'False'
[1.339s] Level 5:colcon.colcon_core.verb:set package 'vbm_project_env' build argument 'cmake_clean_first' from command line to 'False'
[1.339s] Level 5:colcon.colcon_core.verb:set package 'vbm_project_env' build argument 'cmake_force_configure' from command line to 'False'
[1.339s] Level 5:colcon.colcon_core.verb:set package 'vbm_project_env' build argument 'ament_cmake_args' from command line to 'None'
[1.339s] Level 5:colcon.colcon_core.verb:set package 'vbm_project_env' build argument 'catkin_cmake_args' from command line to 'None'
[1.339s] Level 5:colcon.colcon_core.verb:set package 'vbm_project_env' build argument 'catkin_skip_building_tests' from command line to 'False'
[1.339s] DEBUG:colcon.colcon_core.verb:Building package 'vbm_project_env' with the following arguments: {'ament_cmake_args': None, 'build_base': '/home/justin/vbm_project/build/vbm_project_env', 'catkin_cmake_args': None, 'catkin_skip_building_tests': False, 'cmake_args': None, 'cmake_clean_cache': False, 'cmake_clean_first': False, 'cmake_force_configure': False, 'cmake_target': None, 'cmake_target_skip_unavailable': False, 'install_base': '/home/justin/vbm_project/install/vbm_project_env', 'merge_install': False, 'path': '/home/justin/vbm_project/src/vbm_project_env', 'symlink_install': False, 'test_result_base': None}
[1.353s] INFO:colcon.colcon_core.executor:Executing jobs using 'parallel' executor
[1.369s] DEBUG:colcon.colcon_parallel_executor.executor.parallel:run_until_complete
[1.369s] INFO:colcon.colcon_ros.task.ament_cmake.build:Building ROS package in '/home/justin/vbm_project/src/pcl_sampling' with build type 'ament_cmake'
[1.369s] INFO:colcon.colcon_cmake.task.cmake.build:Building CMake package in '/home/justin/vbm_project/src/pcl_sampling'
[1.386s] INFO:colcon.colcon_core.plugin_system:Skipping extension 'colcon_core.shell.bat': Not used on non-Windows systems
[1.386s] INFO:colcon.colcon_core.shell:Skip shell extension 'powershell' for command environment: Not usable outside of PowerShell
[1.386s] DEBUG:colcon.colcon_core.shell:Skip shell extension 'dsv' for command environment
[1.449s] INFO:colcon.colcon_ros.task.ament_cmake.build:Building ROS package in '/home/justin/vbm_project/src/vbm_project_env' with build type 'ament_cmake'
[1.449s] INFO:colcon.colcon_cmake.task.cmake.build:Building CMake package in '/home/justin/vbm_project/src/vbm_project_env'
[1.464s] INFO:colcon.colcon_core.shell:Skip shell extension 'powershell' for command environment: Not usable outside of PowerShell
[1.464s] DEBUG:colcon.colcon_core.shell:Skip shell extension 'dsv' for command environment
[1.533s] DEBUG:colcon.colcon_core.event_handler.log_command:Invoking command in '/home/justin/vbm_project/build/pcl_sampling': CMAKE_PREFIX_PATH=${CMAKE_PREFIX_PATH}:/home/justin/ros2_ws/install/opencv_test_py:/opt/ros/humble /usr/bin/cmake --build /home/justin/vbm_project/build/pcl_sampling -- -j12 -l12
[1.535s] DEBUG:colcon.colcon_core.event_handler.log_command:Invoking command in '/home/justin/vbm_project/build/vbm_project_env': CMAKE_PREFIX_PATH=${CMAKE_PREFIX_PATH}:/home/justin/ros2_ws/install/opencv_test_py:/opt/ros/humble /usr/bin/cmake --build /home/justin/vbm_project/build/vbm_project_env -- -j12 -l12
[1.565s] DEBUG:colcon.colcon_core.event_handler.log_command:Invoked command in '/home/justin/vbm_project/build/vbm_project_env' returned '0': CMAKE_PREFIX_PATH=${CMAKE_PREFIX_PATH}:/home/justin/ros2_ws/install/opencv_test_py:/opt/ros/humble /usr/bin/cmake --build /home/justin/vbm_project/build/vbm_project_env -- -j12 -l12
[1.590s] DEBUG:colcon.colcon_core.event_handler.log_command:Invoking command in '/home/justin/vbm_project/build/vbm_project_env': CMAKE_PREFIX_PATH=${CMAKE_PREFIX_PATH}:/home/justin/ros2_ws/install/opencv_test_py:/opt/ros/humble /usr/bin/cmake --install /home/justin/vbm_project/build/vbm_project_env
[1.594s] DEBUG:colcon.colcon_core.event_handler.log_command:Invoked command in '/home/justin/vbm_project/build/pcl_sampling' returned '0': CMAKE_PREFIX_PATH=${CMAKE_PREFIX_PATH}:/home/justin/ros2_ws/install/opencv_test_py:/opt/ros/humble /usr/bin/cmake --build /home/justin/vbm_project/build/pcl_sampling -- -j12 -l12
[1.599s] Level 1:colcon.colcon_core.environment:create_environment_scripts_only(vbm_project_env)
[1.599s] DEBUG:colcon.colcon_core.event_handler.log_command:Invoked command in '/home/justin/vbm_project/build/vbm_project_env' returned '0': CMAKE_PREFIX_PATH=${CMAKE_PREFIX_PATH}:/home/justin/ros2_ws/install/opencv_test_py:/opt/ros/humble /usr/bin/cmake --install /home/justin/vbm_project/build/vbm_project_env
[1.618s] Level 1:colcon.colcon_core.environment:checking '/home/justin/vbm_project/install/vbm_project_env' for CMake module files
[1.619s] Level 1:colcon.colcon_core.environment:checking '/home/justin/vbm_project/install/vbm_project_env' for CMake config files
[1.619s] Level 1:colcon.colcon_core.shell:create_environment_hook('vbm_project_env', 'cmake_prefix_path')
[1.635s] INFO:colcon.colcon_core.shell:Creating environment hook '/home/justin/vbm_project/install/vbm_project_env/share/vbm_project_env/hook/cmake_prefix_path.ps1'
[1.636s] INFO:colcon.colcon_core.shell:Creating environment descriptor '/home/justin/vbm_project/install/vbm_project_env/share/vbm_project_env/hook/cmake_prefix_path.dsv'
[1.636s] INFO:colcon.colcon_core.shell:Creating environment hook '/home/justin/vbm_project/install/vbm_project_env/share/vbm_project_env/hook/cmake_prefix_path.sh'
[1.637s] Level 1:colcon.colcon_core.environment:checking '/home/justin/vbm_project/install/vbm_project_env/bin'
[1.637s] Level 1:colcon.colcon_core.environment:checking '/home/justin/vbm_project/install/vbm_project_env/lib/pkgconfig/vbm_project_env.pc'
[1.637s] Level 1:colcon.colcon_core.environment:checking '/home/justin/vbm_project/install/vbm_project_env/lib/python3.10/site-packages'
[1.638s] Level 1:colcon.colcon_core.environment:checking '/home/justin/vbm_project/install/vbm_project_env/bin'
[1.653s] INFO:colcon.colcon_core.shell:Creating package script '/home/justin/vbm_project/install/vbm_project_env/share/vbm_project_env/package.ps1'
[1.654s] INFO:colcon.colcon_core.shell:Creating package descriptor '/home/justin/vbm_project/install/vbm_project_env/share/vbm_project_env/package.dsv'
[1.655s] INFO:colcon.colcon_core.shell:Creating package script '/home/justin/vbm_project/install/vbm_project_env/share/vbm_project_env/package.sh'
[1.655s] INFO:colcon.colcon_core.shell:Creating package script '/home/justin/vbm_project/install/vbm_project_env/share/vbm_project_env/package.bash'
[1.656s] INFO:colcon.colcon_core.shell:Creating package script '/home/justin/vbm_project/install/vbm_project_env/share/vbm_project_env/package.zsh'
[1.657s] Level 1:colcon.colcon_core.environment:create_file_with_runtime_dependencies(/home/justin/vbm_project/install/vbm_project_env/share/colcon-core/packages/vbm_project_env)
[1.659s] DEBUG:colcon.colcon_core.event_handler.log_command:Invoking command in '/home/justin/vbm_project/build/pcl_sampling': CMAKE_PREFIX_PATH=${CMAKE_PREFIX_PATH}:/home/justin/ros2_ws/install/opencv_test_py:/opt/ros/humble /usr/bin/cmake --install /home/justin/vbm_project/build/pcl_sampling
[1.667s] Level 1:colcon.colcon_core.environment:create_environment_scripts_only(pcl_sampling)
[1.667s] DEBUG:colcon.colcon_core.event_handler.log_command:Invoked command in '/home/justin/vbm_project/build/pcl_sampling' returned '0': CMAKE_PREFIX_PATH=${CMAKE_PREFIX_PATH}:/home/justin/ros2_ws/install/opencv_test_py:/opt/ros/humble /usr/bin/cmake --install /home/justin/vbm_project/build/pcl_sampling
[1.682s] Level 1:colcon.colcon_core.environment:checking '/home/justin/vbm_project/install/pcl_sampling' for CMake module files
[1.683s] Level 1:colcon.colcon_core.environment:checking '/home/justin/vbm_project/install/pcl_sampling' for CMake config files
[1.683s] Level 1:colcon.colcon_core.shell:create_environment_hook('pcl_sampling', 'cmake_prefix_path')
[1.698s] INFO:colcon.colcon_core.shell:Creating environment hook '/home/justin/vbm_project/install/pcl_sampling/share/pcl_sampling/hook/cmake_prefix_path.ps1'
[1.699s] INFO:colcon.colcon_core.shell:Creating environment descriptor '/home/justin/vbm_project/install/pcl_sampling/share/pcl_sampling/hook/cmake_prefix_path.dsv'
[1.699s] INFO:colcon.colcon_core.shell:Creating environment hook '/home/justin/vbm_project/install/pcl_sampling/share/pcl_sampling/hook/cmake_prefix_path.sh'
[1.700s] Level 1:colcon.colcon_core.environment:checking '/home/justin/vbm_project/install/pcl_sampling/lib'
[1.700s] Level 1:colcon.colcon_core.environment:checking '/home/justin/vbm_project/install/pcl_sampling/bin'
[1.700s] Level 1:colcon.colcon_core.environment:checking '/home/justin/vbm_project/install/pcl_sampling/lib/pkgconfig/pcl_sampling.pc'
[1.700s] Level 1:colcon.colcon_core.environment:checking '/home/justin/vbm_project/install/pcl_sampling/lib/python3.10/site-packages'
[1.701s] Level 1:colcon.colcon_core.environment:checking '/home/justin/vbm_project/install/pcl_sampling/bin'
[1.716s] INFO:colcon.colcon_core.shell:Creating package script '/home/justin/vbm_project/install/pcl_sampling/share/pcl_sampling/package.ps1'
[1.716s] INFO:colcon.colcon_core.shell:Creating package descriptor '/home/justin/vbm_project/install/pcl_sampling/share/pcl_sampling/package.dsv'
[1.717s] INFO:colcon.colcon_core.shell:Creating package script '/home/justin/vbm_project/install/pcl_sampling/share/pcl_sampling/package.sh'
[1.717s] INFO:colcon.colcon_core.shell:Creating package script '/home/justin/vbm_project/install/pcl_sampling/share/pcl_sampling/package.bash'
[1.718s] INFO:colcon.colcon_core.shell:Creating package script '/home/justin/vbm_project/install/pcl_sampling/share/pcl_sampling/package.zsh'
[1.718s] Level 1:colcon.colcon_core.environment:create_file_with_runtime_dependencies(/home/justin/vbm_project/install/pcl_sampling/share/colcon-core/packages/pcl_sampling)
[1.735s] Level 1:colcon.colcon_core.environment:create_environment_scripts_only(vbm_project_env)
[1.750s] Level 1:colcon.colcon_core.environment:checking '/home/justin/vbm_project/install/vbm_project_env' for CMake module files
[1.751s] Level 1:colcon.colcon_core.environment:checking '/home/justin/vbm_project/install/vbm_project_env' for CMake config files
[1.751s] Level 1:colcon.colcon_core.shell:create_environment_hook('vbm_project_env', 'cmake_prefix_path')
[1.766s] INFO:colcon.colcon_core.shell:Creating environment hook '/home/justin/vbm_project/install/vbm_project_env/share/vbm_project_env/hook/cmake_prefix_path.ps1'
[1.767s] INFO:colcon.colcon_core.shell:Creating environment descriptor '/home/justin/vbm_project/install/vbm_project_env/share/vbm_project_env/hook/cmake_prefix_path.dsv'
[1.767s] INFO:colcon.colcon_core.shell:Creating environment hook '/home/justin/vbm_project/install/vbm_project_env/share/vbm_project_env/hook/cmake_prefix_path.sh'
[1.768s] Level 1:colcon.colcon_core.environment:checking '/home/justin/vbm_project/install/vbm_project_env/bin'
[1.768s] Level 1:colcon.colcon_core.environment:checking '/home/justin/vbm_project/install/vbm_project_env/lib/pkgconfig/vbm_project_env.pc'
[1.768s] Level 1:colcon.colcon_core.environment:checking '/home/justin/vbm_project/install/vbm_project_env/lib/python3.10/site-packages'
[1.768s] Level 1:colcon.colcon_core.environment:checking '/home/justin/vbm_project/install/vbm_project_env/bin'
[1.785s] INFO:colcon.colcon_core.shell:Creating package script '/home/justin/vbm_project/install/vbm_project_env/share/vbm_project_env/package.ps1'
[1.786s] INFO:colcon.colcon_core.shell:Creating package descriptor '/home/justin/vbm_project/install/vbm_project_env/share/vbm_project_env/package.dsv'
[1.787s] INFO:colcon.colcon_core.shell:Creating package script '/home/justin/vbm_project/install/vbm_project_env/share/vbm_project_env/package.sh'
[1.787s] INFO:colcon.colcon_core.shell:Creating package script '/home/justin/vbm_project/install/vbm_project_env/share/vbm_project_env/package.bash'
[1.787s] INFO:colcon.colcon_core.shell:Creating package script '/home/justin/vbm_project/install/vbm_project_env/share/vbm_project_env/package.zsh'
[1.788s] Level 1:colcon.colcon_core.environment:create_file_with_runtime_dependencies(/home/justin/vbm_project/install/vbm_project_env/share/colcon-core/packages/vbm_project_env)
[1.805s] Level 1:colcon.colcon_core.environment:create_environment_scripts_only(pcl_sampling)
[1.820s] Level 1:colcon.colcon_core.environment:checking '/home/justin/vbm_project/install/pcl_sampling' for CMake module files
[1.821s] Level 1:colcon.colcon_core.environment:checking '/home/justin/vbm_project/install/pcl_sampling' for CMake config files
[1.821s] Level 1:colcon.colcon_core.shell:create_environment_hook('pcl_sampling', 'cmake_prefix_path')
[1.836s] INFO:colcon.colcon_core.shell:Creating environment hook '/home/justin/vbm_project/install/pcl_sampling/share/pcl_sampling/hook/cmake_prefix_path.ps1'
[1.836s] INFO:colcon.colcon_core.shell:Creating environment descriptor '/home/justin/vbm_project/install/pcl_sampling/share/pcl_sampling/hook/cmake_prefix_path.dsv'
[1.837s] INFO:colcon.colcon_core.shell:Creating environment hook '/home/justin/vbm_project/install/pcl_sampling/share/pcl_sampling/hook/cmake_prefix_path.sh'
[1.837s] Level 1:colcon.colcon_core.environment:checking '/home/justin/vbm_project/install/pcl_sampling/lib'
[1.837s] Level 1:colcon.colcon_core.environment:checking '/home/justin/vbm_project/install/pcl_sampling/bin'
[1.837s] Level 1:colcon.colcon_core.environment:checking '/home/justin/vbm_project/install/pcl_sampling/lib/pkgconfig/pcl_sampling.pc'
[1.838s] Level 1:colcon.colcon_core.environment:checking '/home/justin/vbm_project/install/pcl_sampling/lib/python3.10/site-packages'
[1.838s] Level 1:colcon.colcon_core.environment:checking '/home/justin/vbm_project/install/pcl_sampling/bin'
[1.853s] INFO:colcon.colcon_core.shell:Creating package script '/home/justin/vbm_project/install/pcl_sampling/share/pcl_sampling/package.ps1'
[1.853s] INFO:colcon.colcon_core.shell:Creating package descriptor '/home/justin/vbm_project/install/pcl_sampling/share/pcl_sampling/package.dsv'
[1.854s] INFO:colcon.colcon_core.shell:Creating package script '/home/justin/vbm_project/install/pcl_sampling/share/pcl_sampling/package.sh'
[1.854s] INFO:colcon.colcon_core.shell:Creating package script '/home/justin/vbm_project/install/pcl_sampling/share/pcl_sampling/package.bash'
[1.855s] INFO:colcon.colcon_core.shell:Creating package script '/home/justin/vbm_project/install/pcl_sampling/share/pcl_sampling/package.zsh'
[1.855s] Level 1:colcon.colcon_core.environment:create_file_with_runtime_dependencies(/home/justin/vbm_project/install/pcl_sampling/share/colcon-core/packages/pcl_sampling)
[1.855s] DEBUG:colcon.colcon_parallel_executor.executor.parallel:closing loop
[1.856s] DEBUG:colcon.colcon_parallel_executor.executor.parallel:loop closed
[1.856s] DEBUG:colcon.colcon_parallel_executor.executor.parallel:run_until_complete finished with '0'
[1.856s] DEBUG:colcon.colcon_core.event_reactor:joining thread
[1.875s] INFO:colcon.colcon_core.plugin_system:Skipping extension 'colcon_notification.desktop_notification.terminal_notifier': Not used on non-Darwin systems
[1.875s] INFO:colcon.colcon_core.plugin_system:Skipping extension 'colcon_notification.desktop_notification.win32': Not used on non-Windows systems
[1.875s] INFO:colcon.colcon_notification.desktop_notification:Sending desktop notification using 'notify2'
[1.885s] DEBUG:colcon.colcon_core.event_reactor:joined thread
[1.901s] INFO:colcon.colcon_core.shell:Creating prefix script '/home/justin/vbm_project/install/local_setup.ps1'
[1.902s] INFO:colcon.colcon_core.shell:Creating prefix util module '/home/justin/vbm_project/install/_local_setup_util_ps1.py'
[1.904s] INFO:colcon.colcon_core.shell:Creating prefix chain script '/home/justin/vbm_project/install/setup.ps1'
[1.921s] INFO:colcon.colcon_core.shell:Creating prefix script '/home/justin/vbm_project/install/local_setup.sh'
[1.922s] INFO:colcon.colcon_core.shell:Creating prefix util module '/home/justin/vbm_project/install/_local_setup_util_sh.py'
[1.922s] INFO:colcon.colcon_core.shell:Creating prefix chain script '/home/justin/vbm_project/install/setup.sh'
[1.940s] INFO:colcon.colcon_core.shell:Creating prefix script '/home/justin/vbm_project/install/local_setup.bash'
[1.940s] INFO:colcon.colcon_core.shell:Creating prefix chain script '/home/justin/vbm_project/install/setup.bash'
[1.958s] INFO:colcon.colcon_core.shell:Creating prefix script '/home/justin/vbm_project/install/local_setup.zsh'
[1.958s] INFO:colcon.colcon_core.shell:Creating prefix chain script '/home/justin/vbm_project/install/setup.zsh'
