[0.170s] Invoking command in '/home/expert_amateur/vbm_stuff/vbm_project/build/pcl_sampling': CMAKE_PREFIX_PATH=${CMAKE_PREFIX_PATH}:/opt/ros/humble /usr/bin/cmake --build /home/expert_amateur/vbm_stuff/vbm_project/build/pcl_sampling -- -j12 -l12
[0.210s] [ 50%] [32mBuilding CXX object CMakeFiles/slicing.dir/src/slicing.cpp.o[0m
[0.210s] [ 50%] [32mBuilding CXX object CMakeFiles/pcl_sampling.dir/src/pcl_sampling.cpp.o[0m
[6.679s] [ 75%] [32m[1mLinking CXX executable slicing[0m
[7.424s] [100%] [32m[1mLinking CXX executable pcl_sampling[0m
[7.656s] [100%] Built target slicing
[9.424s] [100%] Built target pcl_sampling
[9.436s] Invoked command in '/home/expert_amateur/vbm_stuff/vbm_project/build/pcl_sampling' returned '0': CMAKE_PREFIX_PATH=${CMAKE_PREFIX_PATH}:/opt/ros/humble /usr/bin/cmake --build /home/expert_amateur/vbm_stuff/vbm_project/build/pcl_sampling -- -j12 -l12
[9.464s] Invoking command in '/home/expert_amateur/vbm_stuff/vbm_project/build/pcl_sampling': CMAKE_PREFIX_PATH=${CMAKE_PREFIX_PATH}:/opt/ros/humble /usr/bin/cmake --install /home/expert_amateur/vbm_stuff/vbm_project/build/pcl_sampling
[9.471s] -- Install configuration: ""
[9.471s] -- Installing: /home/expert_amateur/vbm_stuff/vbm_project/install/pcl_sampling/lib/pcl_sampling/pcl_sampling
[9.472s] -- Installing: /home/expert_amateur/vbm_stuff/vbm_project/install/pcl_sampling/lib/pcl_sampling/slicing
[9.473s] -- Installing: /home/expert_amateur/vbm_stuff/vbm_project/install/pcl_sampling/share/ament_index/resource_index/package_run_dependencies/pcl_sampling
[9.473s] -- Installing: /home/expert_amateur/vbm_stuff/vbm_project/install/pcl_sampling/share/ament_index/resource_index/parent_prefix_path/pcl_sampling
[9.473s] -- Installing: /home/expert_amateur/vbm_stuff/vbm_project/install/pcl_sampling/share/pcl_sampling/environment/ament_prefix_path.sh
[9.473s] -- Installing: /home/expert_amateur/vbm_stuff/vbm_project/install/pcl_sampling/share/pcl_sampling/environment/ament_prefix_path.dsv
[9.473s] -- Installing: /home/expert_amateur/vbm_stuff/vbm_project/install/pcl_sampling/share/pcl_sampling/environment/path.sh
[9.474s] -- Installing: /home/expert_amateur/vbm_stuff/vbm_project/install/pcl_sampling/share/pcl_sampling/environment/path.dsv
[9.474s] -- Installing: /home/expert_amateur/vbm_stuff/vbm_project/install/pcl_sampling/share/pcl_sampling/local_setup.bash
[9.474s] -- Installing: /home/expert_amateur/vbm_stuff/vbm_project/install/pcl_sampling/share/pcl_sampling/local_setup.sh
[9.474s] -- Installing: /home/expert_amateur/vbm_stuff/vbm_project/install/pcl_sampling/share/pcl_sampling/local_setup.zsh
[9.474s] -- Installing: /home/expert_amateur/vbm_stuff/vbm_project/install/pcl_sampling/share/pcl_sampling/local_setup.dsv
[9.474s] -- Up-to-date: /home/expert_amateur/vbm_stuff/vbm_project/install/pcl_sampling/share/pcl_sampling/package.dsv
[9.475s] -- Installing: /home/expert_amateur/vbm_stuff/vbm_project/install/pcl_sampling/share/ament_index/resource_index/packages/pcl_sampling
[9.475s] -- Installing: /home/expert_amateur/vbm_stuff/vbm_project/install/pcl_sampling/share/pcl_sampling/cmake/pcl_samplingConfig.cmake
[9.475s] -- Installing: /home/expert_amateur/vbm_stuff/vbm_project/install/pcl_sampling/share/pcl_sampling/cmake/pcl_samplingConfig-version.cmake
[9.475s] -- Installing: /home/expert_amateur/vbm_stuff/vbm_project/install/pcl_sampling/share/pcl_sampling/package.xml
[9.476s] Invoked command in '/home/expert_amateur/vbm_stuff/vbm_project/build/pcl_sampling' returned '0': CMAKE_PREFIX_PATH=${CMAKE_PREFIX_PATH}:/opt/ros/humble /usr/bin/cmake --install /home/expert_amateur/vbm_stuff/vbm_project/build/pcl_sampling
