running develop
running egg_info
creating grasp_analysis_planning.egg-info
writing grasp_analysis_planning.egg-info/PKG-INFO
writing dependency_links to grasp_analysis_planning.egg-info/dependency_links.txt
writing entry points to grasp_analysis_planning.egg-info/entry_points.txt
writing requirements to grasp_analysis_planning.egg-info/requires.txt
writing top-level names to grasp_analysis_planning.egg-info/top_level.txt
writing manifest file 'grasp_analysis_planning.egg-info/SOURCES.txt'
reading manifest file 'grasp_analysis_planning.egg-info/SOURCES.txt'
writing manifest file 'grasp_analysis_planning.egg-info/SOURCES.txt'
running build_ext
Creating /home/justin/vbm_project/install/grasp_analysis_planning/lib/python3.10/site-packages/grasp-analysis-planning.egg-link (link to .)

Installed /home/justin/vbm_project/build/grasp_analysis_planning
running install_data
creating /home/justin/vbm_project/install/grasp_analysis_planning/share/ament_index
creating /home/justin/vbm_project/install/grasp_analysis_planning/share/ament_index/resource_index
creating /home/justin/vbm_project/install/grasp_analysis_planning/share/ament_index/resource_index/packages
copying resource/grasp_analysis_planning -> /home/justin/vbm_project/install/grasp_analysis_planning/share/ament_index/resource_index/packages
copying package.xml -> /home/justin/vbm_project/install/grasp_analysis_planning/share/grasp_analysis_planning
