[0.947s] Invoking command in '/home/justin/vbm_project/build/grasp_analysis_planning': PYTHONPATH=/home/justin/vbm_project/build/grasp_analysis_planning/prefix_override:/home/justin/vbm_project/install/grasp_analysis_planning/lib/python3.10/site-packages:${PYTHONPATH} /usr/bin/python3 setup.py develop --editable --build-directory /home/justin/vbm_project/build/grasp_analysis_planning/build --no-deps install_data
[1.237s] running develop
[1.239s] /usr/lib/python3/dist-packages/setuptools/command/easy_install.py:158: EasyInstallDeprecationWarning: easy_install command is deprecated. Use build and pip and other standards-based tools.
[1.239s]   warnings.warn(
[1.240s] /usr/lib/python3/dist-packages/setuptools/command/install.py:34: SetuptoolsDeprecationWarning: setup.py install is deprecated. Use build and pip and other standards-based tools.
[1.240s]   warnings.warn(
[1.422s] running egg_info
[1.423s] creating grasp_analysis_planning.egg-info
[1.423s] writing grasp_analysis_planning.egg-info/PKG-INFO
[1.423s] writing dependency_links to grasp_analysis_planning.egg-info/dependency_links.txt
[1.423s] writing entry points to grasp_analysis_planning.egg-info/entry_points.txt
[1.423s] writing requirements to grasp_analysis_planning.egg-info/requires.txt
[1.423s] writing top-level names to grasp_analysis_planning.egg-info/top_level.txt
[1.423s] writing manifest file 'grasp_analysis_planning.egg-info/SOURCES.txt'
[1.425s] reading manifest file 'grasp_analysis_planning.egg-info/SOURCES.txt'
[1.425s] writing manifest file 'grasp_analysis_planning.egg-info/SOURCES.txt'
[1.471s] running build_ext
[1.471s] Creating /home/justin/vbm_project/install/grasp_analysis_planning/lib/python3.10/site-packages/grasp-analysis-planning.egg-link (link to .)
[1.471s] 
[1.471s] Installed /home/justin/vbm_project/build/grasp_analysis_planning
[1.471s] running install_data
[1.472s] creating /home/justin/vbm_project/install/grasp_analysis_planning/share/ament_index
[1.472s] creating /home/justin/vbm_project/install/grasp_analysis_planning/share/ament_index/resource_index
[1.472s] creating /home/justin/vbm_project/install/grasp_analysis_planning/share/ament_index/resource_index/packages
[1.472s] copying resource/grasp_analysis_planning -> /home/justin/vbm_project/install/grasp_analysis_planning/share/ament_index/resource_index/packages
[1.472s] copying package.xml -> /home/justin/vbm_project/install/grasp_analysis_planning/share/grasp_analysis_planning
[1.527s] Invoked command in '/home/justin/vbm_project/build/grasp_analysis_planning' returned '0': PYTHONPATH=/home/justin/vbm_project/build/grasp_analysis_planning/prefix_override:/home/justin/vbm_project/install/grasp_analysis_planning/lib/python3.10/site-packages:${PYTHONPATH} /usr/bin/python3 setup.py develop --editable --build-directory /home/justin/vbm_project/build/grasp_analysis_planning/build --no-deps install_data
