[0.054s] Invoking command in '/home/neha/VBM/vbm_project/build/vbm_project_env': CMAKE_PREFIX_PATH=${CMAKE_PREFIX_PATH}:/home/neha/ros2_ws/install/point_cloud:/home/neha/ros2_ws/install/opencv_test_py:/home/neha/voidwalking/ros2_ws/install/waypoints:/opt/ros/humble /usr/bin/cmake --build /home/neha/VBM/vbm_project/build/vbm_project_env -- -j20 -l20
[0.082s] -- Found ament_cmake: 1.3.5 (/opt/ros/humble/share/ament_cmake/cmake)
[0.190s] -- Found ament_lint_auto: 0.12.8 (/opt/ros/humble/share/ament_lint_auto/cmake)
[0.234s] -- Added test 'flake8' to check Python code syntax and style conventions
[0.235s] -- Added test 'lint_cmake' to check CMake code style
[0.235s] -- Added test 'pep257' to check Python code against some of the docstring style conventions in PEP 257
[0.236s] -- Added test 'xmllint' to check XML markup files
[0.236s] -- Configuring done
[0.239s] -- Generating done
[0.240s] -- Build files have been written to: /home/neha/VBM/vbm_project/build/vbm_project_env
[0.254s] Invoked command in '/home/neha/VBM/vbm_project/build/vbm_project_env' returned '0': CMAKE_PREFIX_PATH=${CMAKE_PREFIX_PATH}:/home/neha/ros2_ws/install/point_cloud:/home/neha/ros2_ws/install/opencv_test_py:/home/neha/voidwalking/ros2_ws/install/waypoints:/opt/ros/humble /usr/bin/cmake --build /home/neha/VBM/vbm_project/build/vbm_project_env -- -j20 -l20
[0.272s] Invoking command in '/home/neha/VBM/vbm_project/build/vbm_project_env': CMAKE_PREFIX_PATH=${CMAKE_PREFIX_PATH}:/home/neha/ros2_ws/install/point_cloud:/home/neha/ros2_ws/install/opencv_test_py:/home/neha/voidwalking/ros2_ws/install/waypoints:/opt/ros/humble /usr/bin/cmake --install /home/neha/VBM/vbm_project/build/vbm_project_env
[0.278s] -- Install configuration: ""
[0.278s] -- Up-to-date: /home/neha/VBM/vbm_project/install/vbm_project_env/share/vbm_project_env/launch
[0.278s] -- Up-to-date: /home/neha/VBM/vbm_project/install/vbm_project_env/share/vbm_project_env/launch/simulation.launch.py
[0.278s] -- Up-to-date: /home/neha/VBM/vbm_project/install/vbm_project_env/share/vbm_project_env/worlds
[0.278s] -- Up-to-date: /home/neha/VBM/vbm_project/install/vbm_project_env/share/vbm_project_env/worlds/simulation.world
[0.278s] -- Up-to-date: /home/neha/VBM/vbm_project/install/vbm_project_env/share/vbm_project_env/urdf
[0.278s] -- Up-to-date: /home/neha/VBM/vbm_project/install/vbm_project_env/share/vbm_project_env/urdf/camera.urdf
[0.278s] -- Up-to-date: /home/neha/VBM/vbm_project/install/vbm_project_env/share/ament_index/resource_index/package_run_dependencies/vbm_project_env
[0.278s] -- Up-to-date: /home/neha/VBM/vbm_project/install/vbm_project_env/share/ament_index/resource_index/parent_prefix_path/vbm_project_env
[0.279s] -- Installing: /home/neha/VBM/vbm_project/install/vbm_project_env/share/vbm_project_env/environment/ament_prefix_path.sh
[0.279s] -- Installing: /home/neha/VBM/vbm_project/install/vbm_project_env/share/vbm_project_env/environment/ament_prefix_path.dsv
[0.279s] -- Installing: /home/neha/VBM/vbm_project/install/vbm_project_env/share/vbm_project_env/environment/path.sh
[0.279s] -- Installing: /home/neha/VBM/vbm_project/install/vbm_project_env/share/vbm_project_env/environment/path.dsv
[0.279s] -- Up-to-date: /home/neha/VBM/vbm_project/install/vbm_project_env/share/vbm_project_env/local_setup.bash
[0.279s] -- Up-to-date: /home/neha/VBM/vbm_project/install/vbm_project_env/share/vbm_project_env/local_setup.sh
[0.280s] -- Up-to-date: /home/neha/VBM/vbm_project/install/vbm_project_env/share/vbm_project_env/local_setup.zsh
[0.280s] -- Installing: /home/neha/VBM/vbm_project/install/vbm_project_env/share/vbm_project_env/local_setup.dsv
[0.280s] -- Installing: /home/neha/VBM/vbm_project/install/vbm_project_env/share/vbm_project_env/package.dsv
[0.280s] -- Up-to-date: /home/neha/VBM/vbm_project/install/vbm_project_env/share/ament_index/resource_index/packages/vbm_project_env
[0.281s] -- Up-to-date: /home/neha/VBM/vbm_project/install/vbm_project_env/share/vbm_project_env/cmake/vbm_project_envConfig.cmake
[0.281s] -- Up-to-date: /home/neha/VBM/vbm_project/install/vbm_project_env/share/vbm_project_env/cmake/vbm_project_envConfig-version.cmake
[0.281s] -- Up-to-date: /home/neha/VBM/vbm_project/install/vbm_project_env/share/vbm_project_env/package.xml
[0.281s] Invoked command in '/home/neha/VBM/vbm_project/build/vbm_project_env' returned '0': CMAKE_PREFIX_PATH=${CMAKE_PREFIX_PATH}:/home/neha/ros2_ws/install/point_cloud:/home/neha/ros2_ws/install/opencv_test_py:/home/neha/voidwalking/ros2_ws/install/waypoints:/opt/ros/humble /usr/bin/cmake --install /home/neha/VBM/vbm_project/build/vbm_project_env
