-- The C compiler identification is GNU 11.4.0
-- The CXX compiler identification is GNU 11.4.0
-- Detecting C compiler ABI info
-- Detecting C compiler ABI info - done
-- Check for working C compiler: /usr/bin/cc - skipped
-- Detecting C compile features
-- Detecting C compile features - done
-- Detecting CXX compiler ABI info
-- Detecting CXX compiler ABI info - done
-- Check for working CXX compiler: /usr/bin/c++ - skipped
-- Detecting CXX compile features
-- Detecting CXX compile features - done
-- Found ament_cmake: 1.3.5 (/opt/ros/humble/share/ament_cmake/cmake)
-- Found Python3: /usr/bin/python3.10 (found version "3.10.12") found components: Interpreter 
-- Override CMake install command with custom implementation using symlinks instead of copying resources
-- Found ament_lint_auto: 0.12.8 (/opt/ros/humble/share/ament_lint_auto/cmake)
-- Added test 'flake8' to check Python code syntax and style conventions
-- Added test 'lint_cmake' to check CMake code style
-- Added test 'pep257' to check Python code against some of the docstring style conventions in PEP 257
-- Added test 'xmllint' to check XML markup files
-- Configuring done
-- Generating done
-- Build files have been written to: /home/justin/vbm_project/build/vbm_project_env
-- Install configuration: ""
-- Execute custom install script
-- Symlinking: /home/justin/vbm_project/install/vbm_project_env/share/vbm_project_env/launch/simulation.launch.py
-- Symlinking: /home/justin/vbm_project/install/vbm_project_env/share/vbm_project_env/worlds/simulation.world
-- Symlinking: /home/justin/vbm_project/install/vbm_project_env/share/vbm_project_env/urdf/camera.urdf
-- Symlinking: /home/justin/vbm_project/install/vbm_project_env/share/ament_index/resource_index/package_run_dependencies/vbm_project_env
-- Symlinking: /home/justin/vbm_project/install/vbm_project_env/share/ament_index/resource_index/parent_prefix_path/vbm_project_env
-- Symlinking: /home/justin/vbm_project/install/vbm_project_env/share/vbm_project_env/environment/ament_prefix_path.sh
-- Symlinking: /home/justin/vbm_project/install/vbm_project_env/share/vbm_project_env/environment/ament_prefix_path.dsv
-- Symlinking: /home/justin/vbm_project/install/vbm_project_env/share/vbm_project_env/environment/path.sh
-- Symlinking: /home/justin/vbm_project/install/vbm_project_env/share/vbm_project_env/environment/path.dsv
-- Symlinking: /home/justin/vbm_project/install/vbm_project_env/share/vbm_project_env/local_setup.bash
-- Symlinking: /home/justin/vbm_project/install/vbm_project_env/share/vbm_project_env/local_setup.sh
-- Symlinking: /home/justin/vbm_project/install/vbm_project_env/share/vbm_project_env/local_setup.zsh
-- Symlinking: /home/justin/vbm_project/install/vbm_project_env/share/vbm_project_env/local_setup.dsv
-- Symlinking: /home/justin/vbm_project/install/vbm_project_env/share/vbm_project_env/package.dsv
-- Symlinking: /home/justin/vbm_project/install/vbm_project_env/share/ament_index/resource_index/packages/vbm_project_env
-- Symlinking: /home/justin/vbm_project/install/vbm_project_env/share/vbm_project_env/cmake/vbm_project_envConfig.cmake
-- Symlinking: /home/justin/vbm_project/install/vbm_project_env/share/vbm_project_env/cmake/vbm_project_envConfig-version.cmake
-- Symlinking: /home/justin/vbm_project/install/vbm_project_env/share/vbm_project_env/package.xml
