[0.379s] Invoking command in '/home/justin/vbm_project/build/vbm_project_env': CMAKE_PREFIX_PATH=/opt/ros/humble /usr/bin/cmake /home/justin/vbm_project/src/vbm_project_env -DAMENT_CMAKE_SYMLINK_INSTALL=1 -DCMAKE_INSTALL_PREFIX=/home/justin/vbm_project/install/vbm_project_env
[0.464s] -- The C compiler identification is GNU 11.4.0
[0.530s] -- The CXX compiler identification is GNU 11.4.0
[0.546s] -- Detecting C compiler ABI info
[0.612s] -- Detecting C compiler ABI info - done
[0.619s] -- Check for working C compiler: /usr/bin/cc - skipped
[0.619s] -- Detecting C compile features
[0.620s] -- Detecting C compile features - done
[0.623s] -- Detecting CXX compiler ABI info
[0.694s] -- Detecting CXX compiler ABI info - done
[0.706s] -- Check for working CXX compiler: /usr/bin/c++ - skipped
[0.706s] -- Detecting CXX compile features
[0.707s] -- Detecting CXX compile features - done
[0.718s] -- Found ament_cmake: 1.3.5 (/opt/ros/humble/share/ament_cmake/cmake)
[0.892s] -- Found Python3: /usr/bin/python3.10 (found version "3.10.12") found components: Interpreter 
[0.966s] -- Override CMake install command with custom implementation using symlinks instead of copying resources
[1.015s] -- Found ament_lint_auto: 0.12.8 (/opt/ros/humble/share/ament_lint_auto/cmake)
[1.110s] -- Added test 'flake8' to check Python code syntax and style conventions
[1.111s] -- Added test 'lint_cmake' to check CMake code style
[1.111s] -- Added test 'pep257' to check Python code against some of the docstring style conventions in PEP 257
[1.113s] -- Added test 'xmllint' to check XML markup files
[1.116s] -- Configuring done
[1.118s] -- Generating done
[1.119s] -- Build files have been written to: /home/justin/vbm_project/build/vbm_project_env
[1.123s] Invoked command in '/home/justin/vbm_project/build/vbm_project_env' returned '0': CMAKE_PREFIX_PATH=/opt/ros/humble /usr/bin/cmake /home/justin/vbm_project/src/vbm_project_env -DAMENT_CMAKE_SYMLINK_INSTALL=1 -DCMAKE_INSTALL_PREFIX=/home/justin/vbm_project/install/vbm_project_env
[1.124s] Invoking command in '/home/justin/vbm_project/build/vbm_project_env': CMAKE_PREFIX_PATH=/opt/ros/humble /usr/bin/cmake --build /home/justin/vbm_project/build/vbm_project_env -- -j12 -l12
[1.155s] Invoked command in '/home/justin/vbm_project/build/vbm_project_env' returned '0': CMAKE_PREFIX_PATH=/opt/ros/humble /usr/bin/cmake --build /home/justin/vbm_project/build/vbm_project_env -- -j12 -l12
[1.179s] Invoking command in '/home/justin/vbm_project/build/vbm_project_env': CMAKE_PREFIX_PATH=/opt/ros/humble /usr/bin/cmake --install /home/justin/vbm_project/build/vbm_project_env
[1.187s] -- Install configuration: ""
[1.187s] -- Execute custom install script
[1.187s] -- Symlinking: /home/justin/vbm_project/install/vbm_project_env/share/vbm_project_env/launch/simulation.launch.py
[1.195s] -- Symlinking: /home/justin/vbm_project/install/vbm_project_env/share/vbm_project_env/worlds/simulation.world
[1.203s] -- Symlinking: /home/justin/vbm_project/install/vbm_project_env/share/vbm_project_env/urdf/camera.urdf
[1.211s] -- Symlinking: /home/justin/vbm_project/install/vbm_project_env/share/ament_index/resource_index/package_run_dependencies/vbm_project_env
[1.219s] -- Symlinking: /home/justin/vbm_project/install/vbm_project_env/share/ament_index/resource_index/parent_prefix_path/vbm_project_env
[1.227s] -- Symlinking: /home/justin/vbm_project/install/vbm_project_env/share/vbm_project_env/environment/ament_prefix_path.sh
[1.234s] -- Symlinking: /home/justin/vbm_project/install/vbm_project_env/share/vbm_project_env/environment/ament_prefix_path.dsv
[1.241s] -- Symlinking: /home/justin/vbm_project/install/vbm_project_env/share/vbm_project_env/environment/path.sh
[1.249s] -- Symlinking: /home/justin/vbm_project/install/vbm_project_env/share/vbm_project_env/environment/path.dsv
[1.258s] -- Symlinking: /home/justin/vbm_project/install/vbm_project_env/share/vbm_project_env/local_setup.bash
[1.266s] -- Symlinking: /home/justin/vbm_project/install/vbm_project_env/share/vbm_project_env/local_setup.sh
[1.274s] -- Symlinking: /home/justin/vbm_project/install/vbm_project_env/share/vbm_project_env/local_setup.zsh
[1.281s] -- Symlinking: /home/justin/vbm_project/install/vbm_project_env/share/vbm_project_env/local_setup.dsv
[1.289s] -- Symlinking: /home/justin/vbm_project/install/vbm_project_env/share/vbm_project_env/package.dsv
[1.297s] -- Symlinking: /home/justin/vbm_project/install/vbm_project_env/share/ament_index/resource_index/packages/vbm_project_env
[1.305s] -- Symlinking: /home/justin/vbm_project/install/vbm_project_env/share/vbm_project_env/cmake/vbm_project_envConfig.cmake
[1.313s] -- Symlinking: /home/justin/vbm_project/install/vbm_project_env/share/vbm_project_env/cmake/vbm_project_envConfig-version.cmake
[1.321s] -- Symlinking: /home/justin/vbm_project/install/vbm_project_env/share/vbm_project_env/package.xml
[1.330s] Invoked command in '/home/justin/vbm_project/build/vbm_project_env' returned '0': CMAKE_PREFIX_PATH=/opt/ros/humble /usr/bin/cmake --install /home/justin/vbm_project/build/vbm_project_env
