[0.116s] Invoking command in '/home/neha/VBM/vbm_project/build/pcl_sampling': CMAKE_PREFIX_PATH=${CMAKE_PREFIX_PATH}:/home/neha/ros2_ws/install/point_cloud:/home/neha/ros2_ws/install/opencv_test_py:/home/neha/voidwalking/ros2_ws/install/waypoints:/opt/ros/humble /usr/bin/cmake --build /home/neha/VBM/vbm_project/build/pcl_sampling -- -j20 -l20
[0.134s] -- Found ament_cmake: 1.3.5 (/opt/ros/humble/share/ament_cmake/cmake)
[0.244s] -- Eigen found (include: /usr/include/eigen3, version: 3.4.0)
[0.277s] -- FLANN found (include: /usr/include, lib: /usr/lib/x86_64-linux-gnu/libflann_cpp.so)
[0.509s] -- OpenNI found (version: 1.5.4.0, include: /usr/include/ni, lib: /usr/lib/libOpenNI.so;libusb::libusb)
[0.512s] -- OpenNI2 found (version: 2.2.0.33, include: /usr/include/openni2, lib: /usr/lib/x86_64-linux-gnu/libOpenNI2.so;libusb::libusb)
[0.512s] [0m** WARNING ** io features related to pcap will be disabled[0m
[0.599s] -- Eigen found (include: /usr/include/eigen3, version: 3.4.0)
[0.603s] -- OpenNI found (version: 1.5.4.0, include: /usr/include/ni, lib: /usr/lib/libOpenNI.so;libusb::libusb)
[0.606s] -- OpenNI2 found (version: 2.2.0.33, include: /usr/include/openni2, lib: /usr/lib/x86_64-linux-gnu/libOpenNI2.so;libusb::libusb)
[0.691s] -- Found Qhull version 8.0.2
[0.780s] -- OpenNI found (version: 1.5.4.0, include: /usr/include/ni, lib: /usr/lib/libOpenNI.so;libusb::libusb)
[0.866s] -- looking for PCL_COMMON
[0.867s] -- looking for PCL_KDTREE
[0.867s] -- looking for PCL_OCTREE
[0.867s] -- looking for PCL_SEARCH
[0.867s] -- looking for PCL_SAMPLE_CONSENSUS
[0.867s] -- looking for PCL_FILTERS
[0.867s] -- looking for PCL_2D
[0.868s] -- looking for PCL_GEOMETRY
[0.868s] -- looking for PCL_IO
[0.868s] -- looking for PCL_FEATURES
[0.868s] -- looking for PCL_ML
[0.868s] -- looking for PCL_SEGMENTATION
[0.869s] -- looking for PCL_VISUALIZATION
[0.869s] -- looking for PCL_SURFACE
[0.869s] -- looking for PCL_REGISTRATION
[0.869s] -- looking for PCL_KEYPOINTS
[0.870s] -- looking for PCL_TRACKING
[0.870s] -- looking for PCL_RECOGNITION
[0.870s] -- looking for PCL_STEREO
[0.870s] -- looking for PCL_APPS
[0.871s] -- looking for PCL_IN_HAND_SCANNER
[0.871s] -- looking for PCL_MODELER
[0.871s] -- looking for PCL_POINT_CLOUD_EDITOR
[0.871s] -- looking for PCL_OUTOFCORE
[0.871s] -- looking for PCL_PEOPLE
[0.882s] [31mCMake Error at CMakeLists.txt:11 (find_package):
[0.882s]   By not providing "FindOPEN_CV.cmake" in CMAKE_MODULE_PATH this project has
[0.882s]   asked CMake to find a package configuration file provided by "OPEN_CV", but
[0.882s]   CMake did not find one.
[0.882s] 
[0.882s]   Could not find a package configuration file provided by "OPEN_CV" with any
[0.882s]   of the following names:
[0.882s] 
[0.883s]     OPEN_CVConfig.cmake
[0.883s]     open_cv-config.cmake
[0.883s] 
[0.883s]   Add the installation prefix of "OPEN_CV" to CMAKE_PREFIX_PATH or set
[0.883s]   "OPEN_CV_DIR" to a directory containing one of the above files.  If
[0.883s]   "OPEN_CV" provides a separate development package or SDK, be sure it has
[0.883s]   been installed.
[0.883s] 
[0.883s] [0m
[0.883s] -- Configuring incomplete, errors occurred!
[0.883s] See also "/home/neha/VBM/vbm_project/build/pcl_sampling/CMakeFiles/CMakeOutput.log".
[0.889s] gmake: *** [Makefile:308: cmake_check_build_system] Error 1
[0.890s] Invoked command in '/home/neha/VBM/vbm_project/build/pcl_sampling' returned '2': CMAKE_PREFIX_PATH=${CMAKE_PREFIX_PATH}:/home/neha/ros2_ws/install/point_cloud:/home/neha/ros2_ws/install/opencv_test_py:/home/neha/voidwalking/ros2_ws/install/waypoints:/opt/ros/humble /usr/bin/cmake --build /home/neha/VBM/vbm_project/build/pcl_sampling -- -j20 -l20
