[0.609s] DEBUG:colcon:Command line arguments: ['/usr/bin/colcon', 'build']
[0.609s] DEBUG:colcon:Parsed command line arguments: Namespace(log_base=None, log_level=None, verb_name='build', build_base='build', install_base='install', merge_install=False, symlink_install=False, test_result_base=None, continue_on_error=False, executor='parallel', parallel_workers=20, event_handlers=None, ignore_user_meta=False, metas=['./colcon.meta'], base_paths=['.'], packages_ignore=None, packages_ignore_regex=None, paths=None, packages_up_to=None, packages_up_to_regex=None, packages_above=None, packages_above_and_dependencies=None, packages_above_depth=None, packages_select_by_dep=None, packages_skip_by_dep=None, packages_skip_up_to=None, packages_select_build_failed=False, packages_skip_build_finished=False, packages_select_test_failures=False, packages_skip_test_passed=False, packages_select=None, packages_skip=None, packages_select_regex=None, packages_skip_regex=None, packages_start=None, packages_end=None, allow_overriding=[], cmake_args=None, cmake_target=None, cmake_target_skip_unavailable=False, cmake_clean_cache=False, cmake_clean_first=False, cmake_force_configure=False, ament_cmake_args=None, catkin_cmake_args=None, catkin_skip_building_tests=False, verb_parser=<colcon_defaults.argument_parser.defaults.DefaultArgumentsDecorator object at 0x7f5c18f0d780>, verb_extension=<colcon_core.verb.build.BuildVerb object at 0x7f5c18f0f1f0>, main=<bound method BuildVerb.main of <colcon_core.verb.build.BuildVerb object at 0x7f5c18f0f1f0>>)
[0.632s] Level 1:colcon.colcon_core.package_discovery:discover_packages(colcon_meta) check parameters
[0.632s] Level 1:colcon.colcon_core.package_discovery:discover_packages(recursive) check parameters
[0.632s] Level 1:colcon.colcon_core.package_discovery:discover_packages(ignore) check parameters
[0.632s] Level 1:colcon.colcon_core.package_discovery:discover_packages(path) check parameters
[0.632s] Level 1:colcon.colcon_core.package_discovery:discover_packages(colcon_meta) discover
[0.632s] Level 1:colcon.colcon_core.package_discovery:discover_packages(recursive) discover
[0.632s] INFO:colcon.colcon_core.package_discovery:Crawling recursively for packages in '/home/neha/VBM/vbm_project'
[0.632s] Level 1:colcon.colcon_core.package_identification:_identify(.) by extensions ['ignore', 'ignore_ament_install']
[0.632s] Level 1:colcon.colcon_core.package_identification:_identify(.) by extension 'ignore'
[0.632s] Level 1:colcon.colcon_core.package_identification:_identify(.) by extension 'ignore_ament_install'
[0.632s] Level 1:colcon.colcon_core.package_identification:_identify(.) by extensions ['colcon_pkg']
[0.632s] Level 1:colcon.colcon_core.package_identification:_identify(.) by extension 'colcon_pkg'
[0.632s] Level 1:colcon.colcon_core.package_identification:_identify(.) by extensions ['colcon_meta']
[0.632s] Level 1:colcon.colcon_core.package_identification:_identify(.) by extension 'colcon_meta'
[0.632s] Level 1:colcon.colcon_core.package_identification:_identify(.) by extensions ['ros']
[0.632s] Level 1:colcon.colcon_core.package_identification:_identify(.) by extension 'ros'
[0.638s] Level 1:colcon.colcon_core.package_identification:_identify(.) by extensions ['cmake', 'python']
[0.638s] Level 1:colcon.colcon_core.package_identification:_identify(.) by extension 'cmake'
[0.638s] Level 1:colcon.colcon_core.package_identification:_identify(.) by extension 'python'
[0.638s] Level 1:colcon.colcon_core.package_identification:_identify(.) by extensions ['python_setup_py']
[0.638s] Level 1:colcon.colcon_core.package_identification:_identify(.) by extension 'python_setup_py'
[0.638s] Level 1:colcon.colcon_core.package_identification:_identify(build) by extensions ['ignore', 'ignore_ament_install']
[0.638s] Level 1:colcon.colcon_core.package_identification:_identify(build) by extension 'ignore'
[0.638s] Level 1:colcon.colcon_core.package_identification:_identify(build) ignored
[0.638s] Level 1:colcon.colcon_core.package_identification:_identify(install) by extensions ['ignore', 'ignore_ament_install']
[0.638s] Level 1:colcon.colcon_core.package_identification:_identify(install) by extension 'ignore'
[0.638s] Level 1:colcon.colcon_core.package_identification:_identify(install) ignored
[0.638s] Level 1:colcon.colcon_core.package_identification:_identify(log) by extensions ['ignore', 'ignore_ament_install']
[0.638s] Level 1:colcon.colcon_core.package_identification:_identify(log) by extension 'ignore'
[0.638s] Level 1:colcon.colcon_core.package_identification:_identify(log) ignored
[0.638s] Level 1:colcon.colcon_core.package_identification:_identify(src) by extensions ['ignore', 'ignore_ament_install']
[0.638s] Level 1:colcon.colcon_core.package_identification:_identify(src) by extension 'ignore'
[0.638s] Level 1:colcon.colcon_core.package_identification:_identify(src) by extension 'ignore_ament_install'
[0.638s] Level 1:colcon.colcon_core.package_identification:_identify(src) by extensions ['colcon_pkg']
[0.638s] Level 1:colcon.colcon_core.package_identification:_identify(src) by extension 'colcon_pkg'
[0.638s] Level 1:colcon.colcon_core.package_identification:_identify(src) by extensions ['colcon_meta']
[0.638s] Level 1:colcon.colcon_core.package_identification:_identify(src) by extension 'colcon_meta'
[0.638s] Level 1:colcon.colcon_core.package_identification:_identify(src) by extensions ['ros']
[0.638s] Level 1:colcon.colcon_core.package_identification:_identify(src) by extension 'ros'
[0.639s] Level 1:colcon.colcon_core.package_identification:_identify(src) by extensions ['cmake', 'python']
[0.639s] Level 1:colcon.colcon_core.package_identification:_identify(src) by extension 'cmake'
[0.639s] Level 1:colcon.colcon_core.package_identification:_identify(src) by extension 'python'
[0.639s] Level 1:colcon.colcon_core.package_identification:_identify(src) by extensions ['python_setup_py']
[0.639s] Level 1:colcon.colcon_core.package_identification:_identify(src) by extension 'python_setup_py'
[0.639s] Level 1:colcon.colcon_core.package_identification:_identify(src/pcl_sampling) by extensions ['ignore', 'ignore_ament_install']
[0.639s] Level 1:colcon.colcon_core.package_identification:_identify(src/pcl_sampling) by extension 'ignore'
[0.639s] Level 1:colcon.colcon_core.package_identification:_identify(src/pcl_sampling) by extension 'ignore_ament_install'
[0.639s] Level 1:colcon.colcon_core.package_identification:_identify(src/pcl_sampling) by extensions ['colcon_pkg']
[0.639s] Level 1:colcon.colcon_core.package_identification:_identify(src/pcl_sampling) by extension 'colcon_pkg'
[0.639s] Level 1:colcon.colcon_core.package_identification:_identify(src/pcl_sampling) by extensions ['colcon_meta']
[0.639s] Level 1:colcon.colcon_core.package_identification:_identify(src/pcl_sampling) by extension 'colcon_meta'
[0.639s] Level 1:colcon.colcon_core.package_identification:_identify(src/pcl_sampling) by extensions ['ros']
[0.639s] Level 1:colcon.colcon_core.package_identification:_identify(src/pcl_sampling) by extension 'ros'
[0.640s] DEBUG:colcon.colcon_core.package_identification:Package 'src/pcl_sampling' with type 'ros.ament_cmake' and name 'pcl_sampling'
[0.640s] Level 1:colcon.colcon_core.package_identification:_identify(src/vbm_project_env) by extensions ['ignore', 'ignore_ament_install']
[0.640s] Level 1:colcon.colcon_core.package_identification:_identify(src/vbm_project_env) by extension 'ignore'
[0.640s] Level 1:colcon.colcon_core.package_identification:_identify(src/vbm_project_env) by extension 'ignore_ament_install'
[0.640s] Level 1:colcon.colcon_core.package_identification:_identify(src/vbm_project_env) by extensions ['colcon_pkg']
[0.640s] Level 1:colcon.colcon_core.package_identification:_identify(src/vbm_project_env) by extension 'colcon_pkg'
[0.640s] Level 1:colcon.colcon_core.package_identification:_identify(src/vbm_project_env) by extensions ['colcon_meta']
[0.640s] Level 1:colcon.colcon_core.package_identification:_identify(src/vbm_project_env) by extension 'colcon_meta'
[0.640s] Level 1:colcon.colcon_core.package_identification:_identify(src/vbm_project_env) by extensions ['ros']
[0.640s] Level 1:colcon.colcon_core.package_identification:_identify(src/vbm_project_env) by extension 'ros'
[0.640s] DEBUG:colcon.colcon_core.package_identification:Package 'src/vbm_project_env' with type 'ros.ament_cmake' and name 'vbm_project_env'
[0.640s] Level 1:colcon.colcon_core.package_discovery:discover_packages(recursive) using defaults
[0.640s] Level 1:colcon.colcon_core.package_discovery:discover_packages(ignore) discover
[0.640s] Level 1:colcon.colcon_core.package_discovery:discover_packages(ignore) using defaults
[0.640s] Level 1:colcon.colcon_core.package_discovery:discover_packages(path) discover
[0.640s] Level 1:colcon.colcon_core.package_discovery:discover_packages(path) using defaults
[0.692s] Level 1:colcon.colcon_core.package_discovery:discover_packages(prefix_path) check parameters
[0.692s] Level 1:colcon.colcon_core.package_discovery:discover_packages(prefix_path) discover
[0.707s] DEBUG:colcon.colcon_installed_package_information.package_discovery:Found 2 installed packages in /home/neha/VBM/vbm_project/install
[0.715s] DEBUG:colcon.colcon_installed_package_information.package_discovery:Found 3 installed packages in /home/neha/voidwalking/arduino_ws/microros_ws/install
[0.722s] DEBUG:colcon.colcon_installed_package_information.package_discovery:Found 15 installed packages in /home/neha/voidwalking/ros2_ws/install
[0.730s] DEBUG:colcon.colcon_installed_package_information.package_discovery:Found 17 installed packages in /home/neha/ros2_ws/install
[0.738s] DEBUG:colcon.colcon_installed_package_information.package_discovery:Found 424 installed packages in /opt/ros/humble
[0.739s] Level 1:colcon.colcon_core.package_discovery:discover_packages(prefix_path) using defaults
[0.790s] Level 5:colcon.colcon_core.verb:set package 'pcl_sampling' build argument 'cmake_args' from command line to 'None'
[0.790s] Level 5:colcon.colcon_core.verb:set package 'pcl_sampling' build argument 'cmake_target' from command line to 'None'
[0.790s] Level 5:colcon.colcon_core.verb:set package 'pcl_sampling' build argument 'cmake_target_skip_unavailable' from command line to 'False'
[0.790s] Level 5:colcon.colcon_core.verb:set package 'pcl_sampling' build argument 'cmake_clean_cache' from command line to 'False'
[0.790s] Level 5:colcon.colcon_core.verb:set package 'pcl_sampling' build argument 'cmake_clean_first' from command line to 'False'
[0.790s] Level 5:colcon.colcon_core.verb:set package 'pcl_sampling' build argument 'cmake_force_configure' from command line to 'False'
[0.790s] Level 5:colcon.colcon_core.verb:set package 'pcl_sampling' build argument 'ament_cmake_args' from command line to 'None'
[0.790s] Level 5:colcon.colcon_core.verb:set package 'pcl_sampling' build argument 'catkin_cmake_args' from command line to 'None'
[0.790s] Level 5:colcon.colcon_core.verb:set package 'pcl_sampling' build argument 'catkin_skip_building_tests' from command line to 'False'
[0.790s] DEBUG:colcon.colcon_core.verb:Building package 'pcl_sampling' with the following arguments: {'ament_cmake_args': None, 'build_base': '/home/neha/VBM/vbm_project/build/pcl_sampling', 'catkin_cmake_args': None, 'catkin_skip_building_tests': False, 'cmake_args': None, 'cmake_clean_cache': False, 'cmake_clean_first': False, 'cmake_force_configure': False, 'cmake_target': None, 'cmake_target_skip_unavailable': False, 'install_base': '/home/neha/VBM/vbm_project/install/pcl_sampling', 'merge_install': False, 'path': '/home/neha/VBM/vbm_project/src/pcl_sampling', 'symlink_install': False, 'test_result_base': None}
[0.798s] Level 5:colcon.colcon_core.verb:set package 'vbm_project_env' build argument 'cmake_args' from command line to 'None'
[0.798s] Level 5:colcon.colcon_core.verb:set package 'vbm_project_env' build argument 'cmake_target' from command line to 'None'
[0.798s] Level 5:colcon.colcon_core.verb:set package 'vbm_project_env' build argument 'cmake_target_skip_unavailable' from command line to 'False'
[0.798s] Level 5:colcon.colcon_core.verb:set package 'vbm_project_env' build argument 'cmake_clean_cache' from command line to 'False'
[0.798s] Level 5:colcon.colcon_core.verb:set package 'vbm_project_env' build argument 'cmake_clean_first' from command line to 'False'
[0.798s] Level 5:colcon.colcon_core.verb:set package 'vbm_project_env' build argument 'cmake_force_configure' from command line to 'False'
[0.798s] Level 5:colcon.colcon_core.verb:set package 'vbm_project_env' build argument 'ament_cmake_args' from command line to 'None'
[0.798s] Level 5:colcon.colcon_core.verb:set package 'vbm_project_env' build argument 'catkin_cmake_args' from command line to 'None'
[0.798s] Level 5:colcon.colcon_core.verb:set package 'vbm_project_env' build argument 'catkin_skip_building_tests' from command line to 'False'
[0.798s] DEBUG:colcon.colcon_core.verb:Building package 'vbm_project_env' with the following arguments: {'ament_cmake_args': None, 'build_base': '/home/neha/VBM/vbm_project/build/vbm_project_env', 'catkin_cmake_args': None, 'catkin_skip_building_tests': False, 'cmake_args': None, 'cmake_clean_cache': False, 'cmake_clean_first': False, 'cmake_force_configure': False, 'cmake_target': None, 'cmake_target_skip_unavailable': False, 'install_base': '/home/neha/VBM/vbm_project/install/vbm_project_env', 'merge_install': False, 'path': '/home/neha/VBM/vbm_project/src/vbm_project_env', 'symlink_install': False, 'test_result_base': None}
[0.805s] INFO:colcon.colcon_core.executor:Executing jobs using 'parallel' executor
[0.813s] DEBUG:colcon.colcon_parallel_executor.executor.parallel:run_until_complete
[0.813s] INFO:colcon.colcon_ros.task.ament_cmake.build:Building ROS package in '/home/neha/VBM/vbm_project/src/pcl_sampling' with build type 'ament_cmake'
[0.813s] INFO:colcon.colcon_cmake.task.cmake.build:Building CMake package in '/home/neha/VBM/vbm_project/src/pcl_sampling'
[0.821s] INFO:colcon.colcon_core.plugin_system:Skipping extension 'colcon_core.shell.bat': Not used on non-Windows systems
[0.821s] INFO:colcon.colcon_core.shell:Skip shell extension 'powershell' for command environment: Not usable outside of PowerShell
[0.821s] DEBUG:colcon.colcon_core.shell:Skip shell extension 'dsv' for command environment
[0.868s] INFO:colcon.colcon_ros.task.ament_cmake.build:Building ROS package in '/home/neha/VBM/vbm_project/src/vbm_project_env' with build type 'ament_cmake'
[0.868s] INFO:colcon.colcon_cmake.task.cmake.build:Building CMake package in '/home/neha/VBM/vbm_project/src/vbm_project_env'
[0.877s] INFO:colcon.colcon_core.shell:Skip shell extension 'powershell' for command environment: Not usable outside of PowerShell
[0.877s] DEBUG:colcon.colcon_core.shell:Skip shell extension 'dsv' for command environment
[0.930s] DEBUG:colcon.colcon_core.event_handler.log_command:Invoking command in '/home/neha/VBM/vbm_project/build/pcl_sampling': CMAKE_PREFIX_PATH=${CMAKE_PREFIX_PATH}:/home/neha/ros2_ws/install/point_cloud:/home/neha/ros2_ws/install/opencv_test_py:/home/neha/voidwalking/ros2_ws/install/waypoints:/opt/ros/humble /usr/bin/cmake --build /home/neha/VBM/vbm_project/build/pcl_sampling -- -j20 -l20
[0.936s] DEBUG:colcon.colcon_core.event_handler.log_command:Invoking command in '/home/neha/VBM/vbm_project/build/vbm_project_env': CMAKE_PREFIX_PATH=${CMAKE_PREFIX_PATH}:/home/neha/ros2_ws/install/point_cloud:/home/neha/ros2_ws/install/opencv_test_py:/home/neha/voidwalking/ros2_ws/install/waypoints:/opt/ros/humble /usr/bin/cmake --build /home/neha/VBM/vbm_project/build/vbm_project_env -- -j20 -l20
[0.959s] DEBUG:colcon.colcon_core.event_handler.log_command:Invoked command in '/home/neha/VBM/vbm_project/build/vbm_project_env' returned '0': CMAKE_PREFIX_PATH=${CMAKE_PREFIX_PATH}:/home/neha/ros2_ws/install/point_cloud:/home/neha/ros2_ws/install/opencv_test_py:/home/neha/voidwalking/ros2_ws/install/waypoints:/opt/ros/humble /usr/bin/cmake --build /home/neha/VBM/vbm_project/build/vbm_project_env -- -j20 -l20
[0.981s] DEBUG:colcon.colcon_core.event_handler.log_command:Invoking command in '/home/neha/VBM/vbm_project/build/vbm_project_env': CMAKE_PREFIX_PATH=${CMAKE_PREFIX_PATH}:/home/neha/ros2_ws/install/point_cloud:/home/neha/ros2_ws/install/opencv_test_py:/home/neha/voidwalking/ros2_ws/install/waypoints:/opt/ros/humble /usr/bin/cmake --install /home/neha/VBM/vbm_project/build/vbm_project_env
[0.986s] Level 1:colcon.colcon_core.environment:create_environment_scripts_only(vbm_project_env)
[0.987s] DEBUG:colcon.colcon_core.event_handler.log_command:Invoked command in '/home/neha/VBM/vbm_project/build/vbm_project_env' returned '0': CMAKE_PREFIX_PATH=${CMAKE_PREFIX_PATH}:/home/neha/ros2_ws/install/point_cloud:/home/neha/ros2_ws/install/opencv_test_py:/home/neha/voidwalking/ros2_ws/install/waypoints:/opt/ros/humble /usr/bin/cmake --install /home/neha/VBM/vbm_project/build/vbm_project_env
[1.001s] Level 1:colcon.colcon_core.environment:checking '/home/neha/VBM/vbm_project/install/vbm_project_env' for CMake module files
[1.001s] Level 1:colcon.colcon_core.environment:checking '/home/neha/VBM/vbm_project/install/vbm_project_env' for CMake config files
[1.001s] Level 1:colcon.colcon_core.shell:create_environment_hook('vbm_project_env', 'cmake_prefix_path')
[1.011s] INFO:colcon.colcon_core.shell:Creating environment hook '/home/neha/VBM/vbm_project/install/vbm_project_env/share/vbm_project_env/hook/cmake_prefix_path.ps1'
[1.011s] INFO:colcon.colcon_core.shell:Creating environment descriptor '/home/neha/VBM/vbm_project/install/vbm_project_env/share/vbm_project_env/hook/cmake_prefix_path.dsv'
[1.011s] INFO:colcon.colcon_core.shell:Creating environment hook '/home/neha/VBM/vbm_project/install/vbm_project_env/share/vbm_project_env/hook/cmake_prefix_path.sh'
[1.012s] Level 1:colcon.colcon_core.environment:checking '/home/neha/VBM/vbm_project/install/vbm_project_env/bin'
[1.012s] Level 1:colcon.colcon_core.environment:checking '/home/neha/VBM/vbm_project/install/vbm_project_env/lib/pkgconfig/vbm_project_env.pc'
[1.012s] Level 1:colcon.colcon_core.environment:checking '/home/neha/VBM/vbm_project/install/vbm_project_env/lib/python3.10/site-packages'
[1.012s] Level 1:colcon.colcon_core.environment:checking '/home/neha/VBM/vbm_project/install/vbm_project_env/bin'
[1.021s] INFO:colcon.colcon_core.shell:Creating package script '/home/neha/VBM/vbm_project/install/vbm_project_env/share/vbm_project_env/package.ps1'
[1.021s] INFO:colcon.colcon_core.shell:Creating package descriptor '/home/neha/VBM/vbm_project/install/vbm_project_env/share/vbm_project_env/package.dsv'
[1.021s] INFO:colcon.colcon_core.shell:Creating package script '/home/neha/VBM/vbm_project/install/vbm_project_env/share/vbm_project_env/package.sh'
[1.022s] INFO:colcon.colcon_core.shell:Creating package script '/home/neha/VBM/vbm_project/install/vbm_project_env/share/vbm_project_env/package.bash'
[1.022s] INFO:colcon.colcon_core.shell:Creating package script '/home/neha/VBM/vbm_project/install/vbm_project_env/share/vbm_project_env/package.zsh'
[1.022s] Level 1:colcon.colcon_core.environment:create_file_with_runtime_dependencies(/home/neha/VBM/vbm_project/install/vbm_project_env/share/colcon-core/packages/vbm_project_env)
[1.048s] Level 1:colcon.colcon_core.environment:create_environment_scripts_only(vbm_project_env)
[1.057s] Level 1:colcon.colcon_core.environment:checking '/home/neha/VBM/vbm_project/install/vbm_project_env' for CMake module files
[1.057s] Level 1:colcon.colcon_core.environment:checking '/home/neha/VBM/vbm_project/install/vbm_project_env' for CMake config files
[1.057s] Level 1:colcon.colcon_core.shell:create_environment_hook('vbm_project_env', 'cmake_prefix_path')
[1.066s] INFO:colcon.colcon_core.shell:Creating environment hook '/home/neha/VBM/vbm_project/install/vbm_project_env/share/vbm_project_env/hook/cmake_prefix_path.ps1'
[1.066s] INFO:colcon.colcon_core.shell:Creating environment descriptor '/home/neha/VBM/vbm_project/install/vbm_project_env/share/vbm_project_env/hook/cmake_prefix_path.dsv'
[1.067s] INFO:colcon.colcon_core.shell:Creating environment hook '/home/neha/VBM/vbm_project/install/vbm_project_env/share/vbm_project_env/hook/cmake_prefix_path.sh'
[1.067s] Level 1:colcon.colcon_core.environment:checking '/home/neha/VBM/vbm_project/install/vbm_project_env/bin'
[1.067s] Level 1:colcon.colcon_core.environment:checking '/home/neha/VBM/vbm_project/install/vbm_project_env/lib/pkgconfig/vbm_project_env.pc'
[1.067s] Level 1:colcon.colcon_core.environment:checking '/home/neha/VBM/vbm_project/install/vbm_project_env/lib/python3.10/site-packages'
[1.067s] Level 1:colcon.colcon_core.environment:checking '/home/neha/VBM/vbm_project/install/vbm_project_env/bin'
[1.076s] INFO:colcon.colcon_core.shell:Creating package script '/home/neha/VBM/vbm_project/install/vbm_project_env/share/vbm_project_env/package.ps1'
[1.076s] INFO:colcon.colcon_core.shell:Creating package descriptor '/home/neha/VBM/vbm_project/install/vbm_project_env/share/vbm_project_env/package.dsv'
[1.077s] INFO:colcon.colcon_core.shell:Creating package script '/home/neha/VBM/vbm_project/install/vbm_project_env/share/vbm_project_env/package.sh'
[1.077s] INFO:colcon.colcon_core.shell:Creating package script '/home/neha/VBM/vbm_project/install/vbm_project_env/share/vbm_project_env/package.bash'
[1.077s] INFO:colcon.colcon_core.shell:Creating package script '/home/neha/VBM/vbm_project/install/vbm_project_env/share/vbm_project_env/package.zsh'
[1.077s] Level 1:colcon.colcon_core.environment:create_file_with_runtime_dependencies(/home/neha/VBM/vbm_project/install/vbm_project_env/share/colcon-core/packages/vbm_project_env)
[4.851s] DEBUG:colcon.colcon_core.event_handler.log_command:Invoked command in '/home/neha/VBM/vbm_project/build/pcl_sampling' returned '0': CMAKE_PREFIX_PATH=${CMAKE_PREFIX_PATH}:/home/neha/ros2_ws/install/point_cloud:/home/neha/ros2_ws/install/opencv_test_py:/home/neha/voidwalking/ros2_ws/install/waypoints:/opt/ros/humble /usr/bin/cmake --build /home/neha/VBM/vbm_project/build/pcl_sampling -- -j20 -l20
[4.870s] DEBUG:colcon.colcon_core.event_handler.log_command:Invoking command in '/home/neha/VBM/vbm_project/build/pcl_sampling': CMAKE_PREFIX_PATH=${CMAKE_PREFIX_PATH}:/home/neha/ros2_ws/install/point_cloud:/home/neha/ros2_ws/install/opencv_test_py:/home/neha/voidwalking/ros2_ws/install/waypoints:/opt/ros/humble /usr/bin/cmake --install /home/neha/VBM/vbm_project/build/pcl_sampling
[4.876s] Level 1:colcon.colcon_core.environment:create_environment_scripts_only(pcl_sampling)
[4.877s] DEBUG:colcon.colcon_core.event_handler.log_command:Invoked command in '/home/neha/VBM/vbm_project/build/pcl_sampling' returned '0': CMAKE_PREFIX_PATH=${CMAKE_PREFIX_PATH}:/home/neha/ros2_ws/install/point_cloud:/home/neha/ros2_ws/install/opencv_test_py:/home/neha/voidwalking/ros2_ws/install/waypoints:/opt/ros/humble /usr/bin/cmake --install /home/neha/VBM/vbm_project/build/pcl_sampling
[4.885s] Level 1:colcon.colcon_core.environment:checking '/home/neha/VBM/vbm_project/install/pcl_sampling' for CMake module files
[4.885s] Level 1:colcon.colcon_core.environment:checking '/home/neha/VBM/vbm_project/install/pcl_sampling' for CMake config files
[4.885s] Level 1:colcon.colcon_core.shell:create_environment_hook('pcl_sampling', 'cmake_prefix_path')
[4.893s] INFO:colcon.colcon_core.shell:Creating environment hook '/home/neha/VBM/vbm_project/install/pcl_sampling/share/pcl_sampling/hook/cmake_prefix_path.ps1'
[4.893s] INFO:colcon.colcon_core.shell:Creating environment descriptor '/home/neha/VBM/vbm_project/install/pcl_sampling/share/pcl_sampling/hook/cmake_prefix_path.dsv'
[4.893s] INFO:colcon.colcon_core.shell:Creating environment hook '/home/neha/VBM/vbm_project/install/pcl_sampling/share/pcl_sampling/hook/cmake_prefix_path.sh'
[4.894s] Level 1:colcon.colcon_core.environment:checking '/home/neha/VBM/vbm_project/install/pcl_sampling/lib'
[4.894s] Level 1:colcon.colcon_core.environment:checking '/home/neha/VBM/vbm_project/install/pcl_sampling/bin'
[4.894s] Level 1:colcon.colcon_core.environment:checking '/home/neha/VBM/vbm_project/install/pcl_sampling/lib/pkgconfig/pcl_sampling.pc'
[4.894s] Level 1:colcon.colcon_core.environment:checking '/home/neha/VBM/vbm_project/install/pcl_sampling/lib/python3.10/site-packages'
[4.894s] Level 1:colcon.colcon_core.environment:checking '/home/neha/VBM/vbm_project/install/pcl_sampling/bin'
[4.903s] INFO:colcon.colcon_core.shell:Creating package script '/home/neha/VBM/vbm_project/install/pcl_sampling/share/pcl_sampling/package.ps1'
[4.903s] INFO:colcon.colcon_core.shell:Creating package descriptor '/home/neha/VBM/vbm_project/install/pcl_sampling/share/pcl_sampling/package.dsv'
[4.903s] INFO:colcon.colcon_core.shell:Creating package script '/home/neha/VBM/vbm_project/install/pcl_sampling/share/pcl_sampling/package.sh'
[4.903s] INFO:colcon.colcon_core.shell:Creating package script '/home/neha/VBM/vbm_project/install/pcl_sampling/share/pcl_sampling/package.bash'
[4.903s] INFO:colcon.colcon_core.shell:Creating package script '/home/neha/VBM/vbm_project/install/pcl_sampling/share/pcl_sampling/package.zsh'
[4.903s] Level 1:colcon.colcon_core.environment:create_file_with_runtime_dependencies(/home/neha/VBM/vbm_project/install/pcl_sampling/share/colcon-core/packages/pcl_sampling)
[4.930s] Level 1:colcon.colcon_core.environment:create_environment_scripts_only(pcl_sampling)
[4.938s] Level 1:colcon.colcon_core.environment:checking '/home/neha/VBM/vbm_project/install/pcl_sampling' for CMake module files
[4.938s] Level 1:colcon.colcon_core.environment:checking '/home/neha/VBM/vbm_project/install/pcl_sampling' for CMake config files
[4.938s] Level 1:colcon.colcon_core.shell:create_environment_hook('pcl_sampling', 'cmake_prefix_path')
[4.946s] INFO:colcon.colcon_core.shell:Creating environment hook '/home/neha/VBM/vbm_project/install/pcl_sampling/share/pcl_sampling/hook/cmake_prefix_path.ps1'
[4.946s] INFO:colcon.colcon_core.shell:Creating environment descriptor '/home/neha/VBM/vbm_project/install/pcl_sampling/share/pcl_sampling/hook/cmake_prefix_path.dsv'
[4.946s] INFO:colcon.colcon_core.shell:Creating environment hook '/home/neha/VBM/vbm_project/install/pcl_sampling/share/pcl_sampling/hook/cmake_prefix_path.sh'
[4.946s] Level 1:colcon.colcon_core.environment:checking '/home/neha/VBM/vbm_project/install/pcl_sampling/lib'
[4.946s] Level 1:colcon.colcon_core.environment:checking '/home/neha/VBM/vbm_project/install/pcl_sampling/bin'
[4.946s] Level 1:colcon.colcon_core.environment:checking '/home/neha/VBM/vbm_project/install/pcl_sampling/lib/pkgconfig/pcl_sampling.pc'
[4.947s] Level 1:colcon.colcon_core.environment:checking '/home/neha/VBM/vbm_project/install/pcl_sampling/lib/python3.10/site-packages'
[4.947s] Level 1:colcon.colcon_core.environment:checking '/home/neha/VBM/vbm_project/install/pcl_sampling/bin'
[4.954s] INFO:colcon.colcon_core.shell:Creating package script '/home/neha/VBM/vbm_project/install/pcl_sampling/share/pcl_sampling/package.ps1'
[4.954s] INFO:colcon.colcon_core.shell:Creating package descriptor '/home/neha/VBM/vbm_project/install/pcl_sampling/share/pcl_sampling/package.dsv'
[4.954s] INFO:colcon.colcon_core.shell:Creating package script '/home/neha/VBM/vbm_project/install/pcl_sampling/share/pcl_sampling/package.sh'
[4.955s] INFO:colcon.colcon_core.shell:Creating package script '/home/neha/VBM/vbm_project/install/pcl_sampling/share/pcl_sampling/package.bash'
[4.955s] INFO:colcon.colcon_core.shell:Creating package script '/home/neha/VBM/vbm_project/install/pcl_sampling/share/pcl_sampling/package.zsh'
[4.955s] Level 1:colcon.colcon_core.environment:create_file_with_runtime_dependencies(/home/neha/VBM/vbm_project/install/pcl_sampling/share/colcon-core/packages/pcl_sampling)
[4.955s] DEBUG:colcon.colcon_parallel_executor.executor.parallel:closing loop
[4.955s] DEBUG:colcon.colcon_parallel_executor.executor.parallel:loop closed
[4.955s] DEBUG:colcon.colcon_parallel_executor.executor.parallel:run_until_complete finished with '0'
[4.955s] DEBUG:colcon.colcon_core.event_reactor:joining thread
[4.966s] INFO:colcon.colcon_core.plugin_system:Skipping extension 'colcon_notification.desktop_notification.terminal_notifier': Not used on non-Darwin systems
[4.966s] INFO:colcon.colcon_core.plugin_system:Skipping extension 'colcon_notification.desktop_notification.win32': Not used on non-Windows systems
[4.966s] INFO:colcon.colcon_notification.desktop_notification:Sending desktop notification using 'notify2'
[4.974s] DEBUG:colcon.colcon_core.event_reactor:joined thread
[4.983s] INFO:colcon.colcon_core.shell:Creating prefix script '/home/neha/VBM/vbm_project/install/local_setup.ps1'
[4.984s] INFO:colcon.colcon_core.shell:Creating prefix util module '/home/neha/VBM/vbm_project/install/_local_setup_util_ps1.py'
[4.984s] INFO:colcon.colcon_core.shell:Creating prefix chain script '/home/neha/VBM/vbm_project/install/setup.ps1'
[4.994s] INFO:colcon.colcon_core.shell:Creating prefix script '/home/neha/VBM/vbm_project/install/local_setup.sh'
[4.995s] INFO:colcon.colcon_core.shell:Creating prefix util module '/home/neha/VBM/vbm_project/install/_local_setup_util_sh.py'
[4.995s] INFO:colcon.colcon_core.shell:Creating prefix chain script '/home/neha/VBM/vbm_project/install/setup.sh'
[5.004s] INFO:colcon.colcon_core.shell:Creating prefix script '/home/neha/VBM/vbm_project/install/local_setup.bash'
[5.004s] INFO:colcon.colcon_core.shell:Creating prefix chain script '/home/neha/VBM/vbm_project/install/setup.bash'
[5.013s] INFO:colcon.colcon_core.shell:Creating prefix script '/home/neha/VBM/vbm_project/install/local_setup.zsh'
[5.013s] INFO:colcon.colcon_core.shell:Creating prefix chain script '/home/neha/VBM/vbm_project/install/setup.zsh'
