[0.646s] DEBUG:colcon:Command line arguments: ['/usr/bin/colcon', 'build']
[0.647s] DEBUG:colcon:Parsed command line arguments: Namespace(log_base=None, log_level=None, verb_name='build', build_base='build', install_base='install', merge_install=False, symlink_install=False, test_result_base=None, continue_on_error=False, executor='parallel', parallel_workers=20, event_handlers=None, ignore_user_meta=False, metas=['./colcon.meta'], base_paths=['.'], packages_ignore=None, packages_ignore_regex=None, paths=None, packages_up_to=None, packages_up_to_regex=None, packages_above=None, packages_above_and_dependencies=None, packages_above_depth=None, packages_select_by_dep=None, packages_skip_by_dep=None, packages_skip_up_to=None, packages_select_build_failed=False, packages_skip_build_finished=False, packages_select_test_failures=False, packages_skip_test_passed=False, packages_select=None, packages_skip=None, packages_select_regex=None, packages_skip_regex=None, packages_start=None, packages_end=None, allow_overriding=[], cmake_args=None, cmake_target=None, cmake_target_skip_unavailable=False, cmake_clean_cache=False, cmake_clean_first=False, cmake_force_configure=False, ament_cmake_args=None, catkin_cmake_args=None, catkin_skip_building_tests=False, verb_parser=<colcon_defaults.argument_parser.defaults.DefaultArgumentsDecorator object at 0x7f1a8aace3e0>, verb_extension=<colcon_core.verb.build.BuildVerb object at 0x7f1a8aacf070>, main=<bound method BuildVerb.main of <colcon_core.verb.build.BuildVerb object at 0x7f1a8aacf070>>)
[0.676s] Level 1:colcon.colcon_core.package_discovery:discover_packages(colcon_meta) check parameters
[0.676s] Level 1:colcon.colcon_core.package_discovery:discover_packages(recursive) check parameters
[0.677s] Level 1:colcon.colcon_core.package_discovery:discover_packages(ignore) check parameters
[0.677s] Level 1:colcon.colcon_core.package_discovery:discover_packages(path) check parameters
[0.677s] Level 1:colcon.colcon_core.package_discovery:discover_packages(colcon_meta) discover
[0.677s] Level 1:colcon.colcon_core.package_discovery:discover_packages(recursive) discover
[0.677s] INFO:colcon.colcon_core.package_discovery:Crawling recursively for packages in '/home/neha/VBM/vbm_project'
[0.677s] Level 1:colcon.colcon_core.package_identification:_identify(.) by extensions ['ignore', 'ignore_ament_install']
[0.677s] Level 1:colcon.colcon_core.package_identification:_identify(.) by extension 'ignore'
[0.677s] Level 1:colcon.colcon_core.package_identification:_identify(.) by extension 'ignore_ament_install'
[0.677s] Level 1:colcon.colcon_core.package_identification:_identify(.) by extensions ['colcon_pkg']
[0.677s] Level 1:colcon.colcon_core.package_identification:_identify(.) by extension 'colcon_pkg'
[0.677s] Level 1:colcon.colcon_core.package_identification:_identify(.) by extensions ['colcon_meta']
[0.677s] Level 1:colcon.colcon_core.package_identification:_identify(.) by extension 'colcon_meta'
[0.677s] Level 1:colcon.colcon_core.package_identification:_identify(.) by extensions ['ros']
[0.677s] Level 1:colcon.colcon_core.package_identification:_identify(.) by extension 'ros'
[0.685s] Level 1:colcon.colcon_core.package_identification:_identify(.) by extensions ['cmake', 'python']
[0.685s] Level 1:colcon.colcon_core.package_identification:_identify(.) by extension 'cmake'
[0.685s] Level 1:colcon.colcon_core.package_identification:_identify(.) by extension 'python'
[0.685s] Level 1:colcon.colcon_core.package_identification:_identify(.) by extensions ['python_setup_py']
[0.685s] Level 1:colcon.colcon_core.package_identification:_identify(.) by extension 'python_setup_py'
[0.685s] Level 1:colcon.colcon_core.package_identification:_identify(build) by extensions ['ignore', 'ignore_ament_install']
[0.685s] Level 1:colcon.colcon_core.package_identification:_identify(build) by extension 'ignore'
[0.685s] Level 1:colcon.colcon_core.package_identification:_identify(build) ignored
[0.685s] Level 1:colcon.colcon_core.package_identification:_identify(install) by extensions ['ignore', 'ignore_ament_install']
[0.685s] Level 1:colcon.colcon_core.package_identification:_identify(install) by extension 'ignore'
[0.685s] Level 1:colcon.colcon_core.package_identification:_identify(install) ignored
[0.685s] Level 1:colcon.colcon_core.package_identification:_identify(log) by extensions ['ignore', 'ignore_ament_install']
[0.685s] Level 1:colcon.colcon_core.package_identification:_identify(log) by extension 'ignore'
[0.685s] Level 1:colcon.colcon_core.package_identification:_identify(log) ignored
[0.685s] Level 1:colcon.colcon_core.package_identification:_identify(src) by extensions ['ignore', 'ignore_ament_install']
[0.685s] Level 1:colcon.colcon_core.package_identification:_identify(src) by extension 'ignore'
[0.685s] Level 1:colcon.colcon_core.package_identification:_identify(src) by extension 'ignore_ament_install'
[0.685s] Level 1:colcon.colcon_core.package_identification:_identify(src) by extensions ['colcon_pkg']
[0.686s] Level 1:colcon.colcon_core.package_identification:_identify(src) by extension 'colcon_pkg'
[0.686s] Level 1:colcon.colcon_core.package_identification:_identify(src) by extensions ['colcon_meta']
[0.686s] Level 1:colcon.colcon_core.package_identification:_identify(src) by extension 'colcon_meta'
[0.686s] Level 1:colcon.colcon_core.package_identification:_identify(src) by extensions ['ros']
[0.686s] Level 1:colcon.colcon_core.package_identification:_identify(src) by extension 'ros'
[0.686s] Level 1:colcon.colcon_core.package_identification:_identify(src) by extensions ['cmake', 'python']
[0.686s] Level 1:colcon.colcon_core.package_identification:_identify(src) by extension 'cmake'
[0.686s] Level 1:colcon.colcon_core.package_identification:_identify(src) by extension 'python'
[0.686s] Level 1:colcon.colcon_core.package_identification:_identify(src) by extensions ['python_setup_py']
[0.686s] Level 1:colcon.colcon_core.package_identification:_identify(src) by extension 'python_setup_py'
[0.686s] Level 1:colcon.colcon_core.package_identification:_identify(src/pcl_sampling) by extensions ['ignore', 'ignore_ament_install']
[0.686s] Level 1:colcon.colcon_core.package_identification:_identify(src/pcl_sampling) by extension 'ignore'
[0.686s] Level 1:colcon.colcon_core.package_identification:_identify(src/pcl_sampling) by extension 'ignore_ament_install'
[0.686s] Level 1:colcon.colcon_core.package_identification:_identify(src/pcl_sampling) by extensions ['colcon_pkg']
[0.686s] Level 1:colcon.colcon_core.package_identification:_identify(src/pcl_sampling) by extension 'colcon_pkg'
[0.686s] Level 1:colcon.colcon_core.package_identification:_identify(src/pcl_sampling) by extensions ['colcon_meta']
[0.686s] Level 1:colcon.colcon_core.package_identification:_identify(src/pcl_sampling) by extension 'colcon_meta'
[0.686s] Level 1:colcon.colcon_core.package_identification:_identify(src/pcl_sampling) by extensions ['ros']
[0.686s] Level 1:colcon.colcon_core.package_identification:_identify(src/pcl_sampling) by extension 'ros'
[0.688s] DEBUG:colcon.colcon_core.package_identification:Package 'src/pcl_sampling' with type 'ros.ament_cmake' and name 'pcl_sampling'
[0.688s] Level 1:colcon.colcon_core.package_identification:_identify(src/vbm_project_env) by extensions ['ignore', 'ignore_ament_install']
[0.688s] Level 1:colcon.colcon_core.package_identification:_identify(src/vbm_project_env) by extension 'ignore'
[0.688s] Level 1:colcon.colcon_core.package_identification:_identify(src/vbm_project_env) by extension 'ignore_ament_install'
[0.688s] Level 1:colcon.colcon_core.package_identification:_identify(src/vbm_project_env) by extensions ['colcon_pkg']
[0.688s] Level 1:colcon.colcon_core.package_identification:_identify(src/vbm_project_env) by extension 'colcon_pkg'
[0.688s] Level 1:colcon.colcon_core.package_identification:_identify(src/vbm_project_env) by extensions ['colcon_meta']
[0.688s] Level 1:colcon.colcon_core.package_identification:_identify(src/vbm_project_env) by extension 'colcon_meta'
[0.688s] Level 1:colcon.colcon_core.package_identification:_identify(src/vbm_project_env) by extensions ['ros']
[0.688s] Level 1:colcon.colcon_core.package_identification:_identify(src/vbm_project_env) by extension 'ros'
[0.688s] DEBUG:colcon.colcon_core.package_identification:Package 'src/vbm_project_env' with type 'ros.ament_cmake' and name 'vbm_project_env'
[0.688s] Level 1:colcon.colcon_core.package_discovery:discover_packages(recursive) using defaults
[0.688s] Level 1:colcon.colcon_core.package_discovery:discover_packages(ignore) discover
[0.688s] Level 1:colcon.colcon_core.package_discovery:discover_packages(ignore) using defaults
[0.688s] Level 1:colcon.colcon_core.package_discovery:discover_packages(path) discover
[0.688s] Level 1:colcon.colcon_core.package_discovery:discover_packages(path) using defaults
[0.749s] Level 1:colcon.colcon_core.package_discovery:discover_packages(prefix_path) check parameters
[0.749s] Level 1:colcon.colcon_core.package_discovery:discover_packages(prefix_path) discover
[0.768s] DEBUG:colcon.colcon_installed_package_information.package_discovery:Found 2 installed packages in /home/neha/VBM/vbm_project/install
[0.777s] DEBUG:colcon.colcon_installed_package_information.package_discovery:Found 3 installed packages in /home/neha/voidwalking/arduino_ws/microros_ws/install
[0.786s] DEBUG:colcon.colcon_installed_package_information.package_discovery:Found 15 installed packages in /home/neha/voidwalking/ros2_ws/install
[0.796s] DEBUG:colcon.colcon_installed_package_information.package_discovery:Found 17 installed packages in /home/neha/ros2_ws/install
[0.805s] DEBUG:colcon.colcon_installed_package_information.package_discovery:Found 424 installed packages in /opt/ros/humble
[0.806s] Level 1:colcon.colcon_core.package_discovery:discover_packages(prefix_path) using defaults
[0.870s] Level 5:colcon.colcon_core.verb:set package 'pcl_sampling' build argument 'cmake_args' from command line to 'None'
[0.870s] Level 5:colcon.colcon_core.verb:set package 'pcl_sampling' build argument 'cmake_target' from command line to 'None'
[0.870s] Level 5:colcon.colcon_core.verb:set package 'pcl_sampling' build argument 'cmake_target_skip_unavailable' from command line to 'False'
[0.870s] Level 5:colcon.colcon_core.verb:set package 'pcl_sampling' build argument 'cmake_clean_cache' from command line to 'False'
[0.870s] Level 5:colcon.colcon_core.verb:set package 'pcl_sampling' build argument 'cmake_clean_first' from command line to 'False'
[0.870s] Level 5:colcon.colcon_core.verb:set package 'pcl_sampling' build argument 'cmake_force_configure' from command line to 'False'
[0.870s] Level 5:colcon.colcon_core.verb:set package 'pcl_sampling' build argument 'ament_cmake_args' from command line to 'None'
[0.870s] Level 5:colcon.colcon_core.verb:set package 'pcl_sampling' build argument 'catkin_cmake_args' from command line to 'None'
[0.870s] Level 5:colcon.colcon_core.verb:set package 'pcl_sampling' build argument 'catkin_skip_building_tests' from command line to 'False'
[0.870s] DEBUG:colcon.colcon_core.verb:Building package 'pcl_sampling' with the following arguments: {'ament_cmake_args': None, 'build_base': '/home/neha/VBM/vbm_project/build/pcl_sampling', 'catkin_cmake_args': None, 'catkin_skip_building_tests': False, 'cmake_args': None, 'cmake_clean_cache': False, 'cmake_clean_first': False, 'cmake_force_configure': False, 'cmake_target': None, 'cmake_target_skip_unavailable': False, 'install_base': '/home/neha/VBM/vbm_project/install/pcl_sampling', 'merge_install': False, 'path': '/home/neha/VBM/vbm_project/src/pcl_sampling', 'symlink_install': False, 'test_result_base': None}
[0.879s] Level 5:colcon.colcon_core.verb:set package 'vbm_project_env' build argument 'cmake_args' from command line to 'None'
[0.879s] Level 5:colcon.colcon_core.verb:set package 'vbm_project_env' build argument 'cmake_target' from command line to 'None'
[0.879s] Level 5:colcon.colcon_core.verb:set package 'vbm_project_env' build argument 'cmake_target_skip_unavailable' from command line to 'False'
[0.879s] Level 5:colcon.colcon_core.verb:set package 'vbm_project_env' build argument 'cmake_clean_cache' from command line to 'False'
[0.879s] Level 5:colcon.colcon_core.verb:set package 'vbm_project_env' build argument 'cmake_clean_first' from command line to 'False'
[0.879s] Level 5:colcon.colcon_core.verb:set package 'vbm_project_env' build argument 'cmake_force_configure' from command line to 'False'
[0.879s] Level 5:colcon.colcon_core.verb:set package 'vbm_project_env' build argument 'ament_cmake_args' from command line to 'None'
[0.879s] Level 5:colcon.colcon_core.verb:set package 'vbm_project_env' build argument 'catkin_cmake_args' from command line to 'None'
[0.879s] Level 5:colcon.colcon_core.verb:set package 'vbm_project_env' build argument 'catkin_skip_building_tests' from command line to 'False'
[0.879s] DEBUG:colcon.colcon_core.verb:Building package 'vbm_project_env' with the following arguments: {'ament_cmake_args': None, 'build_base': '/home/neha/VBM/vbm_project/build/vbm_project_env', 'catkin_cmake_args': None, 'catkin_skip_building_tests': False, 'cmake_args': None, 'cmake_clean_cache': False, 'cmake_clean_first': False, 'cmake_force_configure': False, 'cmake_target': None, 'cmake_target_skip_unavailable': False, 'install_base': '/home/neha/VBM/vbm_project/install/vbm_project_env', 'merge_install': False, 'path': '/home/neha/VBM/vbm_project/src/vbm_project_env', 'symlink_install': False, 'test_result_base': None}
[0.888s] INFO:colcon.colcon_core.executor:Executing jobs using 'parallel' executor
[0.898s] DEBUG:colcon.colcon_parallel_executor.executor.parallel:run_until_complete
[0.898s] INFO:colcon.colcon_ros.task.ament_cmake.build:Building ROS package in '/home/neha/VBM/vbm_project/src/pcl_sampling' with build type 'ament_cmake'
[0.898s] INFO:colcon.colcon_cmake.task.cmake.build:Building CMake package in '/home/neha/VBM/vbm_project/src/pcl_sampling'
[0.908s] INFO:colcon.colcon_core.plugin_system:Skipping extension 'colcon_core.shell.bat': Not used on non-Windows systems
[0.908s] INFO:colcon.colcon_core.shell:Skip shell extension 'powershell' for command environment: Not usable outside of PowerShell
[0.908s] DEBUG:colcon.colcon_core.shell:Skip shell extension 'dsv' for command environment
[0.964s] INFO:colcon.colcon_ros.task.ament_cmake.build:Building ROS package in '/home/neha/VBM/vbm_project/src/vbm_project_env' with build type 'ament_cmake'
[0.965s] INFO:colcon.colcon_cmake.task.cmake.build:Building CMake package in '/home/neha/VBM/vbm_project/src/vbm_project_env'
[0.973s] INFO:colcon.colcon_core.shell:Skip shell extension 'powershell' for command environment: Not usable outside of PowerShell
[0.973s] DEBUG:colcon.colcon_core.shell:Skip shell extension 'dsv' for command environment
[1.026s] DEBUG:colcon.colcon_core.event_handler.log_command:Invoking command in '/home/neha/VBM/vbm_project/build/pcl_sampling': CMAKE_PREFIX_PATH=${CMAKE_PREFIX_PATH}:/home/neha/ros2_ws/install/point_cloud:/home/neha/ros2_ws/install/opencv_test_py:/home/neha/voidwalking/ros2_ws/install/waypoints:/opt/ros/humble CONDA_PROMPT_MODIFIER=(face) /usr/bin/cmake --build /home/neha/VBM/vbm_project/build/pcl_sampling -- -j20 -l20
[1.029s] DEBUG:colcon.colcon_core.event_handler.log_command:Invoking command in '/home/neha/VBM/vbm_project/build/vbm_project_env': CMAKE_PREFIX_PATH=${CMAKE_PREFIX_PATH}:/home/neha/ros2_ws/install/point_cloud:/home/neha/ros2_ws/install/opencv_test_py:/home/neha/voidwalking/ros2_ws/install/waypoints:/opt/ros/humble CONDA_PROMPT_MODIFIER=(face) /usr/bin/cmake --build /home/neha/VBM/vbm_project/build/vbm_project_env -- -j20 -l20
[1.055s] DEBUG:colcon.colcon_core.event_handler.log_command:Invoked command in '/home/neha/VBM/vbm_project/build/vbm_project_env' returned '0': CMAKE_PREFIX_PATH=${CMAKE_PREFIX_PATH}:/home/neha/ros2_ws/install/point_cloud:/home/neha/ros2_ws/install/opencv_test_py:/home/neha/voidwalking/ros2_ws/install/waypoints:/opt/ros/humble CONDA_PROMPT_MODIFIER=(face) /usr/bin/cmake --build /home/neha/VBM/vbm_project/build/vbm_project_env -- -j20 -l20
[1.074s] DEBUG:colcon.colcon_core.event_handler.log_command:Invoking command in '/home/neha/VBM/vbm_project/build/vbm_project_env': CMAKE_PREFIX_PATH=${CMAKE_PREFIX_PATH}:/home/neha/ros2_ws/install/point_cloud:/home/neha/ros2_ws/install/opencv_test_py:/home/neha/voidwalking/ros2_ws/install/waypoints:/opt/ros/humble CONDA_PROMPT_MODIFIER=(face) /usr/bin/cmake --install /home/neha/VBM/vbm_project/build/vbm_project_env
[1.080s] Level 1:colcon.colcon_core.environment:create_environment_scripts_only(vbm_project_env)
[1.081s] DEBUG:colcon.colcon_core.event_handler.log_command:Invoked command in '/home/neha/VBM/vbm_project/build/vbm_project_env' returned '0': CMAKE_PREFIX_PATH=${CMAKE_PREFIX_PATH}:/home/neha/ros2_ws/install/point_cloud:/home/neha/ros2_ws/install/opencv_test_py:/home/neha/voidwalking/ros2_ws/install/waypoints:/opt/ros/humble CONDA_PROMPT_MODIFIER=(face) /usr/bin/cmake --install /home/neha/VBM/vbm_project/build/vbm_project_env
[1.099s] Level 1:colcon.colcon_core.environment:checking '/home/neha/VBM/vbm_project/install/vbm_project_env' for CMake module files
[1.099s] Level 1:colcon.colcon_core.environment:checking '/home/neha/VBM/vbm_project/install/vbm_project_env' for CMake config files
[1.099s] Level 1:colcon.colcon_core.shell:create_environment_hook('vbm_project_env', 'cmake_prefix_path')
[1.108s] INFO:colcon.colcon_core.shell:Creating environment hook '/home/neha/VBM/vbm_project/install/vbm_project_env/share/vbm_project_env/hook/cmake_prefix_path.ps1'
[1.109s] INFO:colcon.colcon_core.shell:Creating environment descriptor '/home/neha/VBM/vbm_project/install/vbm_project_env/share/vbm_project_env/hook/cmake_prefix_path.dsv'
[1.109s] INFO:colcon.colcon_core.shell:Creating environment hook '/home/neha/VBM/vbm_project/install/vbm_project_env/share/vbm_project_env/hook/cmake_prefix_path.sh'
[1.109s] Level 1:colcon.colcon_core.environment:checking '/home/neha/VBM/vbm_project/install/vbm_project_env/bin'
[1.109s] Level 1:colcon.colcon_core.environment:checking '/home/neha/VBM/vbm_project/install/vbm_project_env/lib/pkgconfig/vbm_project_env.pc'
[1.109s] Level 1:colcon.colcon_core.environment:checking '/home/neha/VBM/vbm_project/install/vbm_project_env/lib/python3.10/site-packages'
[1.110s] Level 1:colcon.colcon_core.environment:checking '/home/neha/VBM/vbm_project/install/vbm_project_env/bin'
[1.118s] INFO:colcon.colcon_core.shell:Creating package script '/home/neha/VBM/vbm_project/install/vbm_project_env/share/vbm_project_env/package.ps1'
[1.119s] INFO:colcon.colcon_core.shell:Creating package descriptor '/home/neha/VBM/vbm_project/install/vbm_project_env/share/vbm_project_env/package.dsv'
[1.119s] INFO:colcon.colcon_core.shell:Creating package script '/home/neha/VBM/vbm_project/install/vbm_project_env/share/vbm_project_env/package.sh'
[1.119s] INFO:colcon.colcon_core.shell:Creating package script '/home/neha/VBM/vbm_project/install/vbm_project_env/share/vbm_project_env/package.bash'
[1.120s] INFO:colcon.colcon_core.shell:Creating package script '/home/neha/VBM/vbm_project/install/vbm_project_env/share/vbm_project_env/package.zsh'
[1.120s] Level 1:colcon.colcon_core.environment:create_file_with_runtime_dependencies(/home/neha/VBM/vbm_project/install/vbm_project_env/share/colcon-core/packages/vbm_project_env)
[1.149s] Level 1:colcon.colcon_core.environment:create_environment_scripts_only(vbm_project_env)
[1.158s] Level 1:colcon.colcon_core.environment:checking '/home/neha/VBM/vbm_project/install/vbm_project_env' for CMake module files
[1.159s] Level 1:colcon.colcon_core.environment:checking '/home/neha/VBM/vbm_project/install/vbm_project_env' for CMake config files
[1.159s] Level 1:colcon.colcon_core.shell:create_environment_hook('vbm_project_env', 'cmake_prefix_path')
[1.168s] INFO:colcon.colcon_core.shell:Creating environment hook '/home/neha/VBM/vbm_project/install/vbm_project_env/share/vbm_project_env/hook/cmake_prefix_path.ps1'
[1.168s] INFO:colcon.colcon_core.shell:Creating environment descriptor '/home/neha/VBM/vbm_project/install/vbm_project_env/share/vbm_project_env/hook/cmake_prefix_path.dsv'
[1.168s] INFO:colcon.colcon_core.shell:Creating environment hook '/home/neha/VBM/vbm_project/install/vbm_project_env/share/vbm_project_env/hook/cmake_prefix_path.sh'
[1.169s] Level 1:colcon.colcon_core.environment:checking '/home/neha/VBM/vbm_project/install/vbm_project_env/bin'
[1.169s] Level 1:colcon.colcon_core.environment:checking '/home/neha/VBM/vbm_project/install/vbm_project_env/lib/pkgconfig/vbm_project_env.pc'
[1.169s] Level 1:colcon.colcon_core.environment:checking '/home/neha/VBM/vbm_project/install/vbm_project_env/lib/python3.10/site-packages'
[1.169s] Level 1:colcon.colcon_core.environment:checking '/home/neha/VBM/vbm_project/install/vbm_project_env/bin'
[1.178s] INFO:colcon.colcon_core.shell:Creating package script '/home/neha/VBM/vbm_project/install/vbm_project_env/share/vbm_project_env/package.ps1'
[1.178s] INFO:colcon.colcon_core.shell:Creating package descriptor '/home/neha/VBM/vbm_project/install/vbm_project_env/share/vbm_project_env/package.dsv'
[1.179s] INFO:colcon.colcon_core.shell:Creating package script '/home/neha/VBM/vbm_project/install/vbm_project_env/share/vbm_project_env/package.sh'
[1.179s] INFO:colcon.colcon_core.shell:Creating package script '/home/neha/VBM/vbm_project/install/vbm_project_env/share/vbm_project_env/package.bash'
[1.179s] INFO:colcon.colcon_core.shell:Creating package script '/home/neha/VBM/vbm_project/install/vbm_project_env/share/vbm_project_env/package.zsh'
[1.179s] Level 1:colcon.colcon_core.environment:create_file_with_runtime_dependencies(/home/neha/VBM/vbm_project/install/vbm_project_env/share/colcon-core/packages/vbm_project_env)
[5.256s] DEBUG:colcon.colcon_core.event_handler.log_command:Invoked command in '/home/neha/VBM/vbm_project/build/pcl_sampling' returned '0': CMAKE_PREFIX_PATH=${CMAKE_PREFIX_PATH}:/home/neha/ros2_ws/install/point_cloud:/home/neha/ros2_ws/install/opencv_test_py:/home/neha/voidwalking/ros2_ws/install/waypoints:/opt/ros/humble CONDA_PROMPT_MODIFIER=(face) /usr/bin/cmake --build /home/neha/VBM/vbm_project/build/pcl_sampling -- -j20 -l20
[5.277s] DEBUG:colcon.colcon_core.event_handler.log_command:Invoking command in '/home/neha/VBM/vbm_project/build/pcl_sampling': CMAKE_PREFIX_PATH=${CMAKE_PREFIX_PATH}:/home/neha/ros2_ws/install/point_cloud:/home/neha/ros2_ws/install/opencv_test_py:/home/neha/voidwalking/ros2_ws/install/waypoints:/opt/ros/humble CONDA_PROMPT_MODIFIER=(face) /usr/bin/cmake --install /home/neha/VBM/vbm_project/build/pcl_sampling
[5.283s] Level 1:colcon.colcon_core.environment:create_environment_scripts_only(pcl_sampling)
[5.284s] DEBUG:colcon.colcon_core.event_handler.log_command:Invoked command in '/home/neha/VBM/vbm_project/build/pcl_sampling' returned '0': CMAKE_PREFIX_PATH=${CMAKE_PREFIX_PATH}:/home/neha/ros2_ws/install/point_cloud:/home/neha/ros2_ws/install/opencv_test_py:/home/neha/voidwalking/ros2_ws/install/waypoints:/opt/ros/humble CONDA_PROMPT_MODIFIER=(face) /usr/bin/cmake --install /home/neha/VBM/vbm_project/build/pcl_sampling
[5.292s] Level 1:colcon.colcon_core.environment:checking '/home/neha/VBM/vbm_project/install/pcl_sampling' for CMake module files
[5.292s] Level 1:colcon.colcon_core.environment:checking '/home/neha/VBM/vbm_project/install/pcl_sampling' for CMake config files
[5.292s] Level 1:colcon.colcon_core.shell:create_environment_hook('pcl_sampling', 'cmake_prefix_path')
[5.302s] INFO:colcon.colcon_core.shell:Creating environment hook '/home/neha/VBM/vbm_project/install/pcl_sampling/share/pcl_sampling/hook/cmake_prefix_path.ps1'
[5.302s] INFO:colcon.colcon_core.shell:Creating environment descriptor '/home/neha/VBM/vbm_project/install/pcl_sampling/share/pcl_sampling/hook/cmake_prefix_path.dsv'
[5.302s] INFO:colcon.colcon_core.shell:Creating environment hook '/home/neha/VBM/vbm_project/install/pcl_sampling/share/pcl_sampling/hook/cmake_prefix_path.sh'
[5.302s] Level 1:colcon.colcon_core.environment:checking '/home/neha/VBM/vbm_project/install/pcl_sampling/lib'
[5.303s] Level 1:colcon.colcon_core.environment:checking '/home/neha/VBM/vbm_project/install/pcl_sampling/bin'
[5.303s] Level 1:colcon.colcon_core.environment:checking '/home/neha/VBM/vbm_project/install/pcl_sampling/lib/pkgconfig/pcl_sampling.pc'
[5.303s] Level 1:colcon.colcon_core.environment:checking '/home/neha/VBM/vbm_project/install/pcl_sampling/lib/python3.10/site-packages'
[5.303s] Level 1:colcon.colcon_core.environment:checking '/home/neha/VBM/vbm_project/install/pcl_sampling/bin'
[5.312s] INFO:colcon.colcon_core.shell:Creating package script '/home/neha/VBM/vbm_project/install/pcl_sampling/share/pcl_sampling/package.ps1'
[5.313s] INFO:colcon.colcon_core.shell:Creating package descriptor '/home/neha/VBM/vbm_project/install/pcl_sampling/share/pcl_sampling/package.dsv'
[5.313s] INFO:colcon.colcon_core.shell:Creating package script '/home/neha/VBM/vbm_project/install/pcl_sampling/share/pcl_sampling/package.sh'
[5.313s] INFO:colcon.colcon_core.shell:Creating package script '/home/neha/VBM/vbm_project/install/pcl_sampling/share/pcl_sampling/package.bash'
[5.313s] INFO:colcon.colcon_core.shell:Creating package script '/home/neha/VBM/vbm_project/install/pcl_sampling/share/pcl_sampling/package.zsh'
[5.313s] Level 1:colcon.colcon_core.environment:create_file_with_runtime_dependencies(/home/neha/VBM/vbm_project/install/pcl_sampling/share/colcon-core/packages/pcl_sampling)
[5.341s] Level 1:colcon.colcon_core.environment:create_environment_scripts_only(pcl_sampling)
[5.349s] Level 1:colcon.colcon_core.environment:checking '/home/neha/VBM/vbm_project/install/pcl_sampling' for CMake module files
[5.350s] Level 1:colcon.colcon_core.environment:checking '/home/neha/VBM/vbm_project/install/pcl_sampling' for CMake config files
[5.350s] Level 1:colcon.colcon_core.shell:create_environment_hook('pcl_sampling', 'cmake_prefix_path')
[5.357s] INFO:colcon.colcon_core.shell:Creating environment hook '/home/neha/VBM/vbm_project/install/pcl_sampling/share/pcl_sampling/hook/cmake_prefix_path.ps1'
[5.357s] INFO:colcon.colcon_core.shell:Creating environment descriptor '/home/neha/VBM/vbm_project/install/pcl_sampling/share/pcl_sampling/hook/cmake_prefix_path.dsv'
[5.357s] INFO:colcon.colcon_core.shell:Creating environment hook '/home/neha/VBM/vbm_project/install/pcl_sampling/share/pcl_sampling/hook/cmake_prefix_path.sh'
[5.358s] Level 1:colcon.colcon_core.environment:checking '/home/neha/VBM/vbm_project/install/pcl_sampling/lib'
[5.358s] Level 1:colcon.colcon_core.environment:checking '/home/neha/VBM/vbm_project/install/pcl_sampling/bin'
[5.358s] Level 1:colcon.colcon_core.environment:checking '/home/neha/VBM/vbm_project/install/pcl_sampling/lib/pkgconfig/pcl_sampling.pc'
[5.358s] Level 1:colcon.colcon_core.environment:checking '/home/neha/VBM/vbm_project/install/pcl_sampling/lib/python3.10/site-packages'
[5.358s] Level 1:colcon.colcon_core.environment:checking '/home/neha/VBM/vbm_project/install/pcl_sampling/bin'
[5.365s] INFO:colcon.colcon_core.shell:Creating package script '/home/neha/VBM/vbm_project/install/pcl_sampling/share/pcl_sampling/package.ps1'
[5.366s] INFO:colcon.colcon_core.shell:Creating package descriptor '/home/neha/VBM/vbm_project/install/pcl_sampling/share/pcl_sampling/package.dsv'
[5.366s] INFO:colcon.colcon_core.shell:Creating package script '/home/neha/VBM/vbm_project/install/pcl_sampling/share/pcl_sampling/package.sh'
[5.366s] INFO:colcon.colcon_core.shell:Creating package script '/home/neha/VBM/vbm_project/install/pcl_sampling/share/pcl_sampling/package.bash'
[5.366s] INFO:colcon.colcon_core.shell:Creating package script '/home/neha/VBM/vbm_project/install/pcl_sampling/share/pcl_sampling/package.zsh'
[5.366s] Level 1:colcon.colcon_core.environment:create_file_with_runtime_dependencies(/home/neha/VBM/vbm_project/install/pcl_sampling/share/colcon-core/packages/pcl_sampling)
[5.366s] DEBUG:colcon.colcon_parallel_executor.executor.parallel:closing loop
[5.366s] DEBUG:colcon.colcon_parallel_executor.executor.parallel:loop closed
[5.366s] DEBUG:colcon.colcon_parallel_executor.executor.parallel:run_until_complete finished with '0'
[5.367s] DEBUG:colcon.colcon_core.event_reactor:joining thread
[5.378s] INFO:colcon.colcon_core.plugin_system:Skipping extension 'colcon_notification.desktop_notification.terminal_notifier': Not used on non-Darwin systems
[5.378s] INFO:colcon.colcon_core.plugin_system:Skipping extension 'colcon_notification.desktop_notification.win32': Not used on non-Windows systems
[5.378s] INFO:colcon.colcon_notification.desktop_notification:Sending desktop notification using 'notify2'
[5.390s] DEBUG:colcon.colcon_core.event_reactor:joined thread
[5.399s] INFO:colcon.colcon_core.shell:Creating prefix script '/home/neha/VBM/vbm_project/install/local_setup.ps1'
[5.400s] INFO:colcon.colcon_core.shell:Creating prefix util module '/home/neha/VBM/vbm_project/install/_local_setup_util_ps1.py'
[5.400s] INFO:colcon.colcon_core.shell:Creating prefix chain script '/home/neha/VBM/vbm_project/install/setup.ps1'
[5.411s] INFO:colcon.colcon_core.shell:Creating prefix script '/home/neha/VBM/vbm_project/install/local_setup.sh'
[5.411s] INFO:colcon.colcon_core.shell:Creating prefix util module '/home/neha/VBM/vbm_project/install/_local_setup_util_sh.py'
[5.411s] INFO:colcon.colcon_core.shell:Creating prefix chain script '/home/neha/VBM/vbm_project/install/setup.sh'
[5.421s] INFO:colcon.colcon_core.shell:Creating prefix script '/home/neha/VBM/vbm_project/install/local_setup.bash'
[5.421s] INFO:colcon.colcon_core.shell:Creating prefix chain script '/home/neha/VBM/vbm_project/install/setup.bash'
[5.432s] INFO:colcon.colcon_core.shell:Creating prefix script '/home/neha/VBM/vbm_project/install/local_setup.zsh'
[5.432s] INFO:colcon.colcon_core.shell:Creating prefix chain script '/home/neha/VBM/vbm_project/install/setup.zsh'
