[0.132s] Invoking command in '/home/justin/vbm_project/build/pcl_sampling': CMAKE_PREFIX_PATH=${CMAKE_PREFIX_PATH}:/opt/ros/humble /usr/bin/cmake --build /home/justin/vbm_project/build/pcl_sampling -- -j12 -l12
[0.154s] -- Found ament_cmake: 1.3.5 (/opt/ros/humble/share/ament_cmake/cmake)
[0.322s] -- Eigen found (include: /usr/include/eigen3, version: 3.4.0)
[0.365s] -- FLANN found (include: /usr/include, lib: /usr/lib/x86_64-linux-gnu/libflann_cpp.so)
[0.636s] -- OpenNI found (version: 1.5.4.0, include: /usr/include/ni, lib: /usr/lib/libOpenNI.so;libusb::libusb)
[0.641s] -- OpenNI2 found (version: 2.2.0.33, include: /usr/include/openni2, lib: /usr/lib/x86_64-linux-gnu/libOpenNI2.so;libusb::libusb)
[0.641s] [0m** WARNING ** io features related to pcap will be disabled[0m
[0.772s] -- Eigen found (include: /usr/include/eigen3, version: 3.4.0)
[0.777s] -- OpenNI found (version: 1.5.4.0, include: /usr/include/ni, lib: /usr/lib/libOpenNI.so;libusb::libusb)
[0.781s] -- OpenNI2 found (version: 2.2.0.33, include: /usr/include/openni2, lib: /usr/lib/x86_64-linux-gnu/libOpenNI2.so;libusb::libusb)
[0.904s] -- Found Qhull version 8.0.2
[1.037s] -- OpenNI found (version: 1.5.4.0, include: /usr/include/ni, lib: /usr/lib/libOpenNI.so;libusb::libusb)
[1.161s] -- looking for PCL_COMMON
[1.161s] -- looking for PCL_KDTREE
[1.162s] -- looking for PCL_OCTREE
[1.162s] -- looking for PCL_SEARCH
[1.163s] -- looking for PCL_SAMPLE_CONSENSUS
[1.163s] -- looking for PCL_FILTERS
[1.163s] -- looking for PCL_2D
[1.164s] -- looking for PCL_GEOMETRY
[1.164s] -- looking for PCL_IO
[1.164s] -- looking for PCL_FEATURES
[1.165s] -- looking for PCL_ML
[1.165s] -- looking for PCL_SEGMENTATION
[1.166s] -- looking for PCL_VISUALIZATION
[1.166s] -- looking for PCL_SURFACE
[1.167s] -- looking for PCL_REGISTRATION
[1.167s] -- looking for PCL_KEYPOINTS
[1.167s] -- looking for PCL_TRACKING
[1.168s] -- looking for PCL_RECOGNITION
[1.168s] -- looking for PCL_STEREO
[1.168s] -- looking for PCL_APPS
[1.169s] -- looking for PCL_IN_HAND_SCANNER
[1.169s] -- looking for PCL_MODELER
[1.170s] -- looking for PCL_POINT_CLOUD_EDITOR
[1.170s] -- looking for PCL_OUTOFCORE
[1.170s] -- looking for PCL_PEOPLE
[1.182s] [31mCMake Error at CMakeLists.txt:11 (find_package):
[1.182s]   By not providing "FindRCLCPP.cmake" in CMAKE_MODULE_PATH this project has
[1.182s]   asked CMake to find a package configuration file provided by "RCLCPP", but
[1.182s]   CMake did not find one.
[1.182s] 
[1.182s]   Could not find a package configuration file provided by "RCLCPP" with any
[1.182s]   of the following names:
[1.182s] 
[1.182s]     RCLCPPConfig.cmake
[1.182s]     rclcpp-config.cmake
[1.182s] 
[1.182s]   Add the installation prefix of "RCLCPP" to CMAKE_PREFIX_PATH or set
[1.182s]   "RCLCPP_DIR" to a directory containing one of the above files.  If "RCLCPP"
[1.183s]   provides a separate development package or SDK, be sure it has been
[1.183s]   installed.
[1.183s] 
[1.183s] [0m
[1.183s] -- Configuring incomplete, errors occurred!
[1.183s] See also "/home/justin/vbm_project/build/pcl_sampling/CMakeFiles/CMakeOutput.log".
[1.190s] gmake: *** [Makefile:267: cmake_check_build_system] Error 1
[1.192s] Invoked command in '/home/justin/vbm_project/build/pcl_sampling' returned '2': CMAKE_PREFIX_PATH=${CMAKE_PREFIX_PATH}:/opt/ros/humble /usr/bin/cmake --build /home/justin/vbm_project/build/pcl_sampling -- -j12 -l12
