[1.018s] DEBUG:colcon:Command line arguments: ['/usr/bin/colcon', 'build']
[1.018s] DEBUG:colcon:Parsed command line arguments: Namespace(log_base=None, log_level=None, verb_name='build', build_base='build', install_base='install', merge_install=False, symlink_install=False, test_result_base=None, continue_on_error=False, executor='parallel', parallel_workers=12, event_handlers=None, ignore_user_meta=False, metas=['./colcon.meta'], base_paths=['.'], packages_ignore=None, packages_ignore_regex=None, paths=None, packages_up_to=None, packages_up_to_regex=None, packages_above=None, packages_above_and_dependencies=None, packages_above_depth=None, packages_select_by_dep=None, packages_skip_by_dep=None, packages_skip_up_to=None, packages_select_build_failed=False, packages_skip_build_finished=False, packages_select_test_failures=False, packages_skip_test_passed=False, packages_select=None, packages_skip=None, packages_select_regex=None, packages_skip_regex=None, packages_start=None, packages_end=None, allow_overriding=[], cmake_args=None, cmake_target=None, cmake_target_skip_unavailable=False, cmake_clean_cache=False, cmake_clean_first=False, cmake_force_configure=False, ament_cmake_args=None, catkin_cmake_args=None, catkin_skip_building_tests=False, verb_parser=<colcon_defaults.argument_parser.defaults.DefaultArgumentsDecorator object at 0x7fd9ef9115a0>, verb_extension=<colcon_core.verb.build.BuildVerb object at 0x7fd9ef912ec0>, main=<bound method BuildVerb.main of <colcon_core.verb.build.BuildVerb object at 0x7fd9ef912ec0>>)
[1.065s] Level 1:colcon.colcon_core.package_discovery:discover_packages(colcon_meta) check parameters
[1.065s] Level 1:colcon.colcon_core.package_discovery:discover_packages(recursive) check parameters
[1.065s] Level 1:colcon.colcon_core.package_discovery:discover_packages(ignore) check parameters
[1.065s] Level 1:colcon.colcon_core.package_discovery:discover_packages(path) check parameters
[1.065s] Level 1:colcon.colcon_core.package_discovery:discover_packages(colcon_meta) discover
[1.065s] Level 1:colcon.colcon_core.package_discovery:discover_packages(recursive) discover
[1.065s] INFO:colcon.colcon_core.package_discovery:Crawling recursively for packages in '/home/justin/vbm_project'
[1.065s] Level 1:colcon.colcon_core.package_identification:_identify(.) by extensions ['ignore', 'ignore_ament_install']
[1.065s] Level 1:colcon.colcon_core.package_identification:_identify(.) by extension 'ignore'
[1.065s] Level 1:colcon.colcon_core.package_identification:_identify(.) by extension 'ignore_ament_install'
[1.065s] Level 1:colcon.colcon_core.package_identification:_identify(.) by extensions ['colcon_pkg']
[1.066s] Level 1:colcon.colcon_core.package_identification:_identify(.) by extension 'colcon_pkg'
[1.066s] Level 1:colcon.colcon_core.package_identification:_identify(.) by extensions ['colcon_meta']
[1.066s] Level 1:colcon.colcon_core.package_identification:_identify(.) by extension 'colcon_meta'
[1.066s] Level 1:colcon.colcon_core.package_identification:_identify(.) by extensions ['ros']
[1.066s] Level 1:colcon.colcon_core.package_identification:_identify(.) by extension 'ros'
[1.076s] Level 1:colcon.colcon_core.package_identification:_identify(.) by extensions ['cmake', 'python']
[1.076s] Level 1:colcon.colcon_core.package_identification:_identify(.) by extension 'cmake'
[1.076s] Level 1:colcon.colcon_core.package_identification:_identify(.) by extension 'python'
[1.076s] Level 1:colcon.colcon_core.package_identification:_identify(.) by extensions ['python_setup_py']
[1.076s] Level 1:colcon.colcon_core.package_identification:_identify(.) by extension 'python_setup_py'
[1.076s] Level 1:colcon.colcon_core.package_identification:_identify(build) by extensions ['ignore', 'ignore_ament_install']
[1.076s] Level 1:colcon.colcon_core.package_identification:_identify(build) by extension 'ignore'
[1.076s] Level 1:colcon.colcon_core.package_identification:_identify(build) ignored
[1.076s] Level 1:colcon.colcon_core.package_identification:_identify(install) by extensions ['ignore', 'ignore_ament_install']
[1.076s] Level 1:colcon.colcon_core.package_identification:_identify(install) by extension 'ignore'
[1.077s] Level 1:colcon.colcon_core.package_identification:_identify(install) ignored
[1.077s] Level 1:colcon.colcon_core.package_identification:_identify(log) by extensions ['ignore', 'ignore_ament_install']
[1.077s] Level 1:colcon.colcon_core.package_identification:_identify(log) by extension 'ignore'
[1.077s] Level 1:colcon.colcon_core.package_identification:_identify(log) ignored
[1.077s] Level 1:colcon.colcon_core.package_identification:_identify(src) by extensions ['ignore', 'ignore_ament_install']
[1.077s] Level 1:colcon.colcon_core.package_identification:_identify(src) by extension 'ignore'
[1.077s] Level 1:colcon.colcon_core.package_identification:_identify(src) by extension 'ignore_ament_install'
[1.077s] Level 1:colcon.colcon_core.package_identification:_identify(src) by extensions ['colcon_pkg']
[1.077s] Level 1:colcon.colcon_core.package_identification:_identify(src) by extension 'colcon_pkg'
[1.077s] Level 1:colcon.colcon_core.package_identification:_identify(src) by extensions ['colcon_meta']
[1.077s] Level 1:colcon.colcon_core.package_identification:_identify(src) by extension 'colcon_meta'
[1.077s] Level 1:colcon.colcon_core.package_identification:_identify(src) by extensions ['ros']
[1.077s] Level 1:colcon.colcon_core.package_identification:_identify(src) by extension 'ros'
[1.077s] Level 1:colcon.colcon_core.package_identification:_identify(src) by extensions ['cmake', 'python']
[1.077s] Level 1:colcon.colcon_core.package_identification:_identify(src) by extension 'cmake'
[1.077s] Level 1:colcon.colcon_core.package_identification:_identify(src) by extension 'python'
[1.077s] Level 1:colcon.colcon_core.package_identification:_identify(src) by extensions ['python_setup_py']
[1.077s] Level 1:colcon.colcon_core.package_identification:_identify(src) by extension 'python_setup_py'
[1.078s] Level 1:colcon.colcon_core.package_identification:_identify(src/pcl_sampling) by extensions ['ignore', 'ignore_ament_install']
[1.078s] Level 1:colcon.colcon_core.package_identification:_identify(src/pcl_sampling) by extension 'ignore'
[1.078s] Level 1:colcon.colcon_core.package_identification:_identify(src/pcl_sampling) by extension 'ignore_ament_install'
[1.078s] Level 1:colcon.colcon_core.package_identification:_identify(src/pcl_sampling) by extensions ['colcon_pkg']
[1.078s] Level 1:colcon.colcon_core.package_identification:_identify(src/pcl_sampling) by extension 'colcon_pkg'
[1.078s] Level 1:colcon.colcon_core.package_identification:_identify(src/pcl_sampling) by extensions ['colcon_meta']
[1.078s] Level 1:colcon.colcon_core.package_identification:_identify(src/pcl_sampling) by extension 'colcon_meta'
[1.078s] Level 1:colcon.colcon_core.package_identification:_identify(src/pcl_sampling) by extensions ['ros']
[1.078s] Level 1:colcon.colcon_core.package_identification:_identify(src/pcl_sampling) by extension 'ros'
[1.080s] DEBUG:colcon.colcon_core.package_identification:Package 'src/pcl_sampling' with type 'ros.ament_cmake' and name 'pcl_sampling'
[1.080s] Level 1:colcon.colcon_core.package_identification:_identify(src/vbm_project_env) by extensions ['ignore', 'ignore_ament_install']
[1.080s] Level 1:colcon.colcon_core.package_identification:_identify(src/vbm_project_env) by extension 'ignore'
[1.080s] Level 1:colcon.colcon_core.package_identification:_identify(src/vbm_project_env) by extension 'ignore_ament_install'
[1.080s] Level 1:colcon.colcon_core.package_identification:_identify(src/vbm_project_env) by extensions ['colcon_pkg']
[1.080s] Level 1:colcon.colcon_core.package_identification:_identify(src/vbm_project_env) by extension 'colcon_pkg'
[1.080s] Level 1:colcon.colcon_core.package_identification:_identify(src/vbm_project_env) by extensions ['colcon_meta']
[1.080s] Level 1:colcon.colcon_core.package_identification:_identify(src/vbm_project_env) by extension 'colcon_meta'
[1.080s] Level 1:colcon.colcon_core.package_identification:_identify(src/vbm_project_env) by extensions ['ros']
[1.080s] Level 1:colcon.colcon_core.package_identification:_identify(src/vbm_project_env) by extension 'ros'
[1.081s] DEBUG:colcon.colcon_core.package_identification:Package 'src/vbm_project_env' with type 'ros.ament_cmake' and name 'vbm_project_env'
[1.081s] Level 1:colcon.colcon_core.package_discovery:discover_packages(recursive) using defaults
[1.081s] Level 1:colcon.colcon_core.package_discovery:discover_packages(ignore) discover
[1.081s] Level 1:colcon.colcon_core.package_discovery:discover_packages(ignore) using defaults
[1.081s] Level 1:colcon.colcon_core.package_discovery:discover_packages(path) discover
[1.081s] Level 1:colcon.colcon_core.package_discovery:discover_packages(path) using defaults
[1.173s] Level 1:colcon.colcon_core.package_discovery:discover_packages(prefix_path) check parameters
[1.174s] Level 1:colcon.colcon_core.package_discovery:discover_packages(prefix_path) discover
[1.205s] DEBUG:colcon.colcon_installed_package_information.package_discovery:Found 2 installed packages in /home/justin/vbm_project/install
[1.221s] DEBUG:colcon.colcon_installed_package_information.package_discovery:Found 321 installed packages in /opt/ros/humble
[1.222s] Level 1:colcon.colcon_core.package_discovery:discover_packages(prefix_path) using defaults
[1.325s] Level 5:colcon.colcon_core.verb:set package 'pcl_sampling' build argument 'cmake_args' from command line to 'None'
[1.325s] Level 5:colcon.colcon_core.verb:set package 'pcl_sampling' build argument 'cmake_target' from command line to 'None'
[1.325s] Level 5:colcon.colcon_core.verb:set package 'pcl_sampling' build argument 'cmake_target_skip_unavailable' from command line to 'False'
[1.325s] Level 5:colcon.colcon_core.verb:set package 'pcl_sampling' build argument 'cmake_clean_cache' from command line to 'False'
[1.325s] Level 5:colcon.colcon_core.verb:set package 'pcl_sampling' build argument 'cmake_clean_first' from command line to 'False'
[1.325s] Level 5:colcon.colcon_core.verb:set package 'pcl_sampling' build argument 'cmake_force_configure' from command line to 'False'
[1.325s] Level 5:colcon.colcon_core.verb:set package 'pcl_sampling' build argument 'ament_cmake_args' from command line to 'None'
[1.325s] Level 5:colcon.colcon_core.verb:set package 'pcl_sampling' build argument 'catkin_cmake_args' from command line to 'None'
[1.325s] Level 5:colcon.colcon_core.verb:set package 'pcl_sampling' build argument 'catkin_skip_building_tests' from command line to 'False'
[1.325s] DEBUG:colcon.colcon_core.verb:Building package 'pcl_sampling' with the following arguments: {'ament_cmake_args': None, 'build_base': '/home/justin/vbm_project/build/pcl_sampling', 'catkin_cmake_args': None, 'catkin_skip_building_tests': False, 'cmake_args': None, 'cmake_clean_cache': False, 'cmake_clean_first': False, 'cmake_force_configure': False, 'cmake_target': None, 'cmake_target_skip_unavailable': False, 'install_base': '/home/justin/vbm_project/install/pcl_sampling', 'merge_install': False, 'path': '/home/justin/vbm_project/src/pcl_sampling', 'symlink_install': False, 'test_result_base': None}
[1.340s] Level 5:colcon.colcon_core.verb:set package 'vbm_project_env' build argument 'cmake_args' from command line to 'None'
[1.341s] Level 5:colcon.colcon_core.verb:set package 'vbm_project_env' build argument 'cmake_target' from command line to 'None'
[1.341s] Level 5:colcon.colcon_core.verb:set package 'vbm_project_env' build argument 'cmake_target_skip_unavailable' from command line to 'False'
[1.341s] Level 5:colcon.colcon_core.verb:set package 'vbm_project_env' build argument 'cmake_clean_cache' from command line to 'False'
[1.341s] Level 5:colcon.colcon_core.verb:set package 'vbm_project_env' build argument 'cmake_clean_first' from command line to 'False'
[1.341s] Level 5:colcon.colcon_core.verb:set package 'vbm_project_env' build argument 'cmake_force_configure' from command line to 'False'
[1.341s] Level 5:colcon.colcon_core.verb:set package 'vbm_project_env' build argument 'ament_cmake_args' from command line to 'None'
[1.341s] Level 5:colcon.colcon_core.verb:set package 'vbm_project_env' build argument 'catkin_cmake_args' from command line to 'None'
[1.341s] Level 5:colcon.colcon_core.verb:set package 'vbm_project_env' build argument 'catkin_skip_building_tests' from command line to 'False'
[1.341s] DEBUG:colcon.colcon_core.verb:Building package 'vbm_project_env' with the following arguments: {'ament_cmake_args': None, 'build_base': '/home/justin/vbm_project/build/vbm_project_env', 'catkin_cmake_args': None, 'catkin_skip_building_tests': False, 'cmake_args': None, 'cmake_clean_cache': False, 'cmake_clean_first': False, 'cmake_force_configure': False, 'cmake_target': None, 'cmake_target_skip_unavailable': False, 'install_base': '/home/justin/vbm_project/install/vbm_project_env', 'merge_install': False, 'path': '/home/justin/vbm_project/src/vbm_project_env', 'symlink_install': False, 'test_result_base': None}
[1.357s] INFO:colcon.colcon_core.executor:Executing jobs using 'parallel' executor
[1.373s] DEBUG:colcon.colcon_parallel_executor.executor.parallel:run_until_complete
[1.373s] INFO:colcon.colcon_ros.task.ament_cmake.build:Building ROS package in '/home/justin/vbm_project/src/pcl_sampling' with build type 'ament_cmake'
[1.373s] INFO:colcon.colcon_cmake.task.cmake.build:Building CMake package in '/home/justin/vbm_project/src/pcl_sampling'
[1.391s] INFO:colcon.colcon_core.plugin_system:Skipping extension 'colcon_core.shell.bat': Not used on non-Windows systems
[1.391s] INFO:colcon.colcon_core.shell:Skip shell extension 'powershell' for command environment: Not usable outside of PowerShell
[1.391s] DEBUG:colcon.colcon_core.shell:Skip shell extension 'dsv' for command environment
[1.441s] INFO:colcon.colcon_ros.task.ament_cmake.build:Building ROS package in '/home/justin/vbm_project/src/vbm_project_env' with build type 'ament_cmake'
[1.441s] INFO:colcon.colcon_cmake.task.cmake.build:Building CMake package in '/home/justin/vbm_project/src/vbm_project_env'
[1.457s] INFO:colcon.colcon_core.shell:Skip shell extension 'powershell' for command environment: Not usable outside of PowerShell
[1.457s] DEBUG:colcon.colcon_core.shell:Skip shell extension 'dsv' for command environment
[1.512s] DEBUG:colcon.colcon_core.event_handler.log_command:Invoking command in '/home/justin/vbm_project/build/pcl_sampling': CMAKE_PREFIX_PATH=${CMAKE_PREFIX_PATH}:/opt/ros/humble /usr/bin/cmake --build /home/justin/vbm_project/build/pcl_sampling -- -j12 -l12
[1.514s] DEBUG:colcon.colcon_core.event_handler.log_command:Invoking command in '/home/justin/vbm_project/build/vbm_project_env': CMAKE_PREFIX_PATH=${CMAKE_PREFIX_PATH}:/opt/ros/humble /usr/bin/cmake --build /home/justin/vbm_project/build/vbm_project_env -- -j12 -l12
[1.546s] DEBUG:colcon.colcon_core.event_handler.log_command:Invoked command in '/home/justin/vbm_project/build/vbm_project_env' returned '0': CMAKE_PREFIX_PATH=${CMAKE_PREFIX_PATH}:/opt/ros/humble /usr/bin/cmake --build /home/justin/vbm_project/build/vbm_project_env -- -j12 -l12
[1.572s] DEBUG:colcon.colcon_core.event_handler.log_command:Invoking command in '/home/justin/vbm_project/build/vbm_project_env': CMAKE_PREFIX_PATH=${CMAKE_PREFIX_PATH}:/opt/ros/humble /usr/bin/cmake --install /home/justin/vbm_project/build/vbm_project_env
[1.581s] Level 1:colcon.colcon_core.environment:create_environment_scripts_only(vbm_project_env)
[1.582s] DEBUG:colcon.colcon_core.event_handler.log_command:Invoked command in '/home/justin/vbm_project/build/vbm_project_env' returned '0': CMAKE_PREFIX_PATH=${CMAKE_PREFIX_PATH}:/opt/ros/humble /usr/bin/cmake --install /home/justin/vbm_project/build/vbm_project_env
[1.603s] Level 1:colcon.colcon_core.environment:checking '/home/justin/vbm_project/install/vbm_project_env' for CMake module files
[1.603s] Level 1:colcon.colcon_core.environment:checking '/home/justin/vbm_project/install/vbm_project_env' for CMake config files
[1.604s] Level 1:colcon.colcon_core.shell:create_environment_hook('vbm_project_env', 'cmake_prefix_path')
[1.623s] INFO:colcon.colcon_core.shell:Creating environment hook '/home/justin/vbm_project/install/vbm_project_env/share/vbm_project_env/hook/cmake_prefix_path.ps1'
[1.624s] INFO:colcon.colcon_core.shell:Creating environment descriptor '/home/justin/vbm_project/install/vbm_project_env/share/vbm_project_env/hook/cmake_prefix_path.dsv'
[1.625s] INFO:colcon.colcon_core.shell:Creating environment hook '/home/justin/vbm_project/install/vbm_project_env/share/vbm_project_env/hook/cmake_prefix_path.sh'
[1.626s] Level 1:colcon.colcon_core.environment:checking '/home/justin/vbm_project/install/vbm_project_env/bin'
[1.626s] Level 1:colcon.colcon_core.environment:checking '/home/justin/vbm_project/install/vbm_project_env/lib/pkgconfig/vbm_project_env.pc'
[1.626s] Level 1:colcon.colcon_core.environment:checking '/home/justin/vbm_project/install/vbm_project_env/lib/python3.10/site-packages'
[1.626s] Level 1:colcon.colcon_core.environment:checking '/home/justin/vbm_project/install/vbm_project_env/bin'
[1.642s] INFO:colcon.colcon_core.shell:Creating package script '/home/justin/vbm_project/install/vbm_project_env/share/vbm_project_env/package.ps1'
[1.643s] INFO:colcon.colcon_core.shell:Creating package descriptor '/home/justin/vbm_project/install/vbm_project_env/share/vbm_project_env/package.dsv'
[1.644s] INFO:colcon.colcon_core.shell:Creating package script '/home/justin/vbm_project/install/vbm_project_env/share/vbm_project_env/package.sh'
[1.644s] INFO:colcon.colcon_core.shell:Creating package script '/home/justin/vbm_project/install/vbm_project_env/share/vbm_project_env/package.bash'
[1.645s] INFO:colcon.colcon_core.shell:Creating package script '/home/justin/vbm_project/install/vbm_project_env/share/vbm_project_env/package.zsh'
[1.645s] Level 1:colcon.colcon_core.environment:create_file_with_runtime_dependencies(/home/justin/vbm_project/install/vbm_project_env/share/colcon-core/packages/vbm_project_env)
[1.678s] Level 1:colcon.colcon_core.environment:create_environment_scripts_only(vbm_project_env)
[1.694s] Level 1:colcon.colcon_core.environment:checking '/home/justin/vbm_project/install/vbm_project_env' for CMake module files
[1.694s] Level 1:colcon.colcon_core.environment:checking '/home/justin/vbm_project/install/vbm_project_env' for CMake config files
[1.694s] Level 1:colcon.colcon_core.shell:create_environment_hook('vbm_project_env', 'cmake_prefix_path')
[1.710s] INFO:colcon.colcon_core.shell:Creating environment hook '/home/justin/vbm_project/install/vbm_project_env/share/vbm_project_env/hook/cmake_prefix_path.ps1'
[1.710s] INFO:colcon.colcon_core.shell:Creating environment descriptor '/home/justin/vbm_project/install/vbm_project_env/share/vbm_project_env/hook/cmake_prefix_path.dsv'
[1.710s] INFO:colcon.colcon_core.shell:Creating environment hook '/home/justin/vbm_project/install/vbm_project_env/share/vbm_project_env/hook/cmake_prefix_path.sh'
[1.711s] Level 1:colcon.colcon_core.environment:checking '/home/justin/vbm_project/install/vbm_project_env/bin'
[1.711s] Level 1:colcon.colcon_core.environment:checking '/home/justin/vbm_project/install/vbm_project_env/lib/pkgconfig/vbm_project_env.pc'
[1.711s] Level 1:colcon.colcon_core.environment:checking '/home/justin/vbm_project/install/vbm_project_env/lib/python3.10/site-packages'
[1.711s] Level 1:colcon.colcon_core.environment:checking '/home/justin/vbm_project/install/vbm_project_env/bin'
[1.727s] INFO:colcon.colcon_core.shell:Creating package script '/home/justin/vbm_project/install/vbm_project_env/share/vbm_project_env/package.ps1'
[1.727s] INFO:colcon.colcon_core.shell:Creating package descriptor '/home/justin/vbm_project/install/vbm_project_env/share/vbm_project_env/package.dsv'
[1.728s] INFO:colcon.colcon_core.shell:Creating package script '/home/justin/vbm_project/install/vbm_project_env/share/vbm_project_env/package.sh'
[1.728s] INFO:colcon.colcon_core.shell:Creating package script '/home/justin/vbm_project/install/vbm_project_env/share/vbm_project_env/package.bash'
[1.728s] INFO:colcon.colcon_core.shell:Creating package script '/home/justin/vbm_project/install/vbm_project_env/share/vbm_project_env/package.zsh'
[1.729s] Level 1:colcon.colcon_core.environment:create_file_with_runtime_dependencies(/home/justin/vbm_project/install/vbm_project_env/share/colcon-core/packages/vbm_project_env)
[10.451s] DEBUG:colcon.colcon_core.event_handler.log_command:Invoked command in '/home/justin/vbm_project/build/pcl_sampling' returned '2': CMAKE_PREFIX_PATH=${CMAKE_PREFIX_PATH}:/opt/ros/humble /usr/bin/cmake --build /home/justin/vbm_project/build/pcl_sampling -- -j12 -l12
[10.486s] Level 1:colcon.colcon_core.environment:create_environment_scripts_only(pcl_sampling)
[10.502s] Level 1:colcon.colcon_core.environment:checking '/home/justin/vbm_project/install/pcl_sampling' for CMake module files
[10.503s] Level 1:colcon.colcon_core.environment:checking '/home/justin/vbm_project/install/pcl_sampling' for CMake config files
[10.503s] Level 1:colcon.colcon_core.shell:create_environment_hook('pcl_sampling', 'cmake_prefix_path')
[10.518s] INFO:colcon.colcon_core.shell:Creating environment hook '/home/justin/vbm_project/install/pcl_sampling/share/pcl_sampling/hook/cmake_prefix_path.ps1'
[10.519s] INFO:colcon.colcon_core.shell:Creating environment descriptor '/home/justin/vbm_project/install/pcl_sampling/share/pcl_sampling/hook/cmake_prefix_path.dsv'
[10.519s] INFO:colcon.colcon_core.shell:Creating environment hook '/home/justin/vbm_project/install/pcl_sampling/share/pcl_sampling/hook/cmake_prefix_path.sh'
[10.519s] Level 1:colcon.colcon_core.environment:checking '/home/justin/vbm_project/install/pcl_sampling/lib'
[10.520s] Level 1:colcon.colcon_core.environment:checking '/home/justin/vbm_project/install/pcl_sampling/bin'
[10.520s] Level 1:colcon.colcon_core.environment:checking '/home/justin/vbm_project/install/pcl_sampling/lib/pkgconfig/pcl_sampling.pc'
[10.520s] Level 1:colcon.colcon_core.environment:checking '/home/justin/vbm_project/install/pcl_sampling/lib/python3.10/site-packages'
[10.520s] Level 1:colcon.colcon_core.environment:checking '/home/justin/vbm_project/install/pcl_sampling/bin'
[10.536s] INFO:colcon.colcon_core.shell:Creating package script '/home/justin/vbm_project/install/pcl_sampling/share/pcl_sampling/package.ps1'
[10.536s] INFO:colcon.colcon_core.shell:Creating package descriptor '/home/justin/vbm_project/install/pcl_sampling/share/pcl_sampling/package.dsv'
[10.537s] INFO:colcon.colcon_core.shell:Creating package script '/home/justin/vbm_project/install/pcl_sampling/share/pcl_sampling/package.sh'
[10.537s] INFO:colcon.colcon_core.shell:Creating package script '/home/justin/vbm_project/install/pcl_sampling/share/pcl_sampling/package.bash'
[10.537s] INFO:colcon.colcon_core.shell:Creating package script '/home/justin/vbm_project/install/pcl_sampling/share/pcl_sampling/package.zsh'
[10.538s] Level 1:colcon.colcon_core.environment:create_file_with_runtime_dependencies(/home/justin/vbm_project/install/pcl_sampling/share/colcon-core/packages/pcl_sampling)
[10.548s] DEBUG:colcon.colcon_parallel_executor.executor.parallel:closing loop
[10.548s] DEBUG:colcon.colcon_parallel_executor.executor.parallel:loop closed
[10.549s] DEBUG:colcon.colcon_parallel_executor.executor.parallel:run_until_complete finished with '2'
[10.549s] DEBUG:colcon.colcon_core.event_reactor:joining thread
[10.569s] INFO:colcon.colcon_core.plugin_system:Skipping extension 'colcon_notification.desktop_notification.terminal_notifier': Not used on non-Darwin systems
[10.570s] INFO:colcon.colcon_core.plugin_system:Skipping extension 'colcon_notification.desktop_notification.win32': Not used on non-Windows systems
[10.570s] INFO:colcon.colcon_notification.desktop_notification:Sending desktop notification using 'notify2'
[10.580s] DEBUG:colcon.colcon_core.event_reactor:joined thread
[10.597s] INFO:colcon.colcon_core.shell:Creating prefix script '/home/justin/vbm_project/install/local_setup.ps1'
[10.598s] INFO:colcon.colcon_core.shell:Creating prefix util module '/home/justin/vbm_project/install/_local_setup_util_ps1.py'
[10.599s] INFO:colcon.colcon_core.shell:Creating prefix chain script '/home/justin/vbm_project/install/setup.ps1'
[10.616s] INFO:colcon.colcon_core.shell:Creating prefix script '/home/justin/vbm_project/install/local_setup.sh'
[10.616s] INFO:colcon.colcon_core.shell:Creating prefix util module '/home/justin/vbm_project/install/_local_setup_util_sh.py'
[10.617s] INFO:colcon.colcon_core.shell:Creating prefix chain script '/home/justin/vbm_project/install/setup.sh'
[10.634s] INFO:colcon.colcon_core.shell:Creating prefix script '/home/justin/vbm_project/install/local_setup.bash'
[10.635s] INFO:colcon.colcon_core.shell:Creating prefix chain script '/home/justin/vbm_project/install/setup.bash'
[10.652s] INFO:colcon.colcon_core.shell:Creating prefix script '/home/justin/vbm_project/install/local_setup.zsh'
[10.653s] INFO:colcon.colcon_core.shell:Creating prefix chain script '/home/justin/vbm_project/install/setup.zsh'
