[0.952s] Invoking command in '/home/justin/vbm_project/build/grasp_analysis_planning': PYTHONPATH=/home/justin/vbm_project/build/grasp_analysis_planning/prefix_override:/home/justin/vbm_project/install/grasp_analysis_planning/lib/python3.10/site-packages:${PYTHONPATH} /usr/bin/python3 setup.py develop --uninstall --editable --build-directory /home/justin/vbm_project/build/grasp_analysis_planning/build
[1.207s] running develop
[1.208s] /usr/lib/python3/dist-packages/setuptools/command/easy_install.py:158: EasyInstallDeprecationWarning: easy_install command is deprecated. Use build and pip and other standards-based tools.
[1.208s]   warnings.warn(
[1.209s] /usr/lib/python3/dist-packages/setuptools/command/install.py:34: SetuptoolsDeprecationWarning: setup.py install is deprecated. Use build and pip and other standards-based tools.
[1.209s]   warnings.warn(
[1.384s] Removing /home/justin/vbm_project/install/grasp_analysis_planning/lib/python3.10/site-packages/grasp-analysis-planning.egg-link (link to .)
[1.407s] Invoked command in '/home/justin/vbm_project/build/grasp_analysis_planning' returned '0': PYTHONPATH=/home/justin/vbm_project/build/grasp_analysis_planning/prefix_override:/home/justin/vbm_project/install/grasp_analysis_planning/lib/python3.10/site-packages:${PYTHONPATH} /usr/bin/python3 setup.py develop --uninstall --editable --build-directory /home/justin/vbm_project/build/grasp_analysis_planning/build
[1.409s] Invoking command in '/home/justin/vbm_project/src/grasp_analysis_planning': PYTHONPATH=/home/justin/vbm_project/build/grasp_analysis_planning/prefix_override:/home/justin/vbm_project/install/grasp_analysis_planning/lib/python3.10/site-packages:${PYTHONPATH} /usr/bin/python3 setup.py egg_info --egg-base ../../build/grasp_analysis_planning build --build-base /home/justin/vbm_project/build/grasp_analysis_planning/build install --record /home/justin/vbm_project/build/grasp_analysis_planning/install.log --single-version-externally-managed
[1.645s] running egg_info
[1.646s] writing ../../build/grasp_analysis_planning/grasp_analysis_planning.egg-info/PKG-INFO
[1.646s] writing dependency_links to ../../build/grasp_analysis_planning/grasp_analysis_planning.egg-info/dependency_links.txt
[1.646s] writing entry points to ../../build/grasp_analysis_planning/grasp_analysis_planning.egg-info/entry_points.txt
[1.646s] writing requirements to ../../build/grasp_analysis_planning/grasp_analysis_planning.egg-info/requires.txt
[1.646s] writing top-level names to ../../build/grasp_analysis_planning/grasp_analysis_planning.egg-info/top_level.txt
[1.648s] reading manifest file '../../build/grasp_analysis_planning/grasp_analysis_planning.egg-info/SOURCES.txt'
[1.650s] writing manifest file '../../build/grasp_analysis_planning/grasp_analysis_planning.egg-info/SOURCES.txt'
[1.650s] running build
[1.650s] running build_py
[1.650s] creating /home/justin/vbm_project/build/grasp_analysis_planning/build
[1.650s] creating /home/justin/vbm_project/build/grasp_analysis_planning/build/lib
[1.650s] creating /home/justin/vbm_project/build/grasp_analysis_planning/build/lib/grasp_analysis_planning
[1.651s] copying grasp_analysis_planning/grasp_planning.py -> /home/justin/vbm_project/build/grasp_analysis_planning/build/lib/grasp_analysis_planning
[1.651s] copying grasp_analysis_planning/__init__.py -> /home/justin/vbm_project/build/grasp_analysis_planning/build/lib/grasp_analysis_planning
[1.651s] running install
[1.651s] /usr/lib/python3/dist-packages/setuptools/command/install.py:34: SetuptoolsDeprecationWarning: setup.py install is deprecated. Use build and pip and other standards-based tools.
[1.651s]   warnings.warn(
[1.651s] running install_lib
[1.651s] creating /home/justin/vbm_project/install/grasp_analysis_planning/lib/python3.10/site-packages/grasp_analysis_planning
[1.652s] copying /home/justin/vbm_project/build/grasp_analysis_planning/build/lib/grasp_analysis_planning/grasp_planning.py -> /home/justin/vbm_project/install/grasp_analysis_planning/lib/python3.10/site-packages/grasp_analysis_planning
[1.652s] copying /home/justin/vbm_project/build/grasp_analysis_planning/build/lib/grasp_analysis_planning/__init__.py -> /home/justin/vbm_project/install/grasp_analysis_planning/lib/python3.10/site-packages/grasp_analysis_planning
[1.652s] byte-compiling /home/justin/vbm_project/install/grasp_analysis_planning/lib/python3.10/site-packages/grasp_analysis_planning/grasp_planning.py to grasp_planning.cpython-310.pyc
[1.652s] byte-compiling /home/justin/vbm_project/install/grasp_analysis_planning/lib/python3.10/site-packages/grasp_analysis_planning/__init__.py to __init__.cpython-310.pyc
[1.653s] running install_data
[1.653s] running install_egg_info
[1.655s] Copying ../../build/grasp_analysis_planning/grasp_analysis_planning.egg-info to /home/justin/vbm_project/install/grasp_analysis_planning/lib/python3.10/site-packages/grasp_analysis_planning-0.0.0-py3.10.egg-info
[1.656s] running install_scripts
[1.674s] writing list of installed files to '/home/justin/vbm_project/build/grasp_analysis_planning/install.log'
[1.733s] Invoked command in '/home/justin/vbm_project/src/grasp_analysis_planning' returned '0': PYTHONPATH=/home/justin/vbm_project/build/grasp_analysis_planning/prefix_override:/home/justin/vbm_project/install/grasp_analysis_planning/lib/python3.10/site-packages:${PYTHONPATH} /usr/bin/python3 setup.py egg_info --egg-base ../../build/grasp_analysis_planning build --build-base /home/justin/vbm_project/build/grasp_analysis_planning/build install --record /home/justin/vbm_project/build/grasp_analysis_planning/install.log --single-version-externally-managed
