[0.182s] Invoking command in '/home/justin/vbm_project/build/pcl_sampling': CMAKE_PREFIX_PATH=/opt/ros/humble /usr/bin/cmake --build /home/justin/vbm_project/build/pcl_sampling -- -j12 -l12
[0.305s] [ 50%] [32mBuilding CXX object CMakeFiles/pcl_sampling.dir/src/pcl_sampling.cpp.o[0m
[11.600s] [100%] [32m[1mLinking CXX executable pcl_sampling[0m
[13.783s] [100%] Built target pcl_sampling
[13.794s] Invoked command in '/home/justin/vbm_project/build/pcl_sampling' returned '0': CMAKE_PREFIX_PATH=/opt/ros/humble /usr/bin/cmake --build /home/justin/vbm_project/build/pcl_sampling -- -j12 -l12
[13.816s] Invoking command in '/home/justin/vbm_project/build/pcl_sampling': CMAKE_PREFIX_PATH=/opt/ros/humble /usr/bin/cmake --install /home/justin/vbm_project/build/pcl_sampling
[13.823s] -- Install configuration: ""
[13.823s] -- Installing: /home/justin/vbm_project/install/pcl_sampling/lib/pcl_sampling/pcl_sampling
[13.824s] -- Up-to-date: /home/justin/vbm_project/install/pcl_sampling/share/ament_index/resource_index/package_run_dependencies/pcl_sampling
[13.824s] -- Up-to-date: /home/justin/vbm_project/install/pcl_sampling/share/ament_index/resource_index/parent_prefix_path/pcl_sampling
[13.825s] -- Up-to-date: /home/justin/vbm_project/install/pcl_sampling/share/pcl_sampling/environment/ament_prefix_path.sh
[13.825s] -- Up-to-date: /home/justin/vbm_project/install/pcl_sampling/share/pcl_sampling/environment/ament_prefix_path.dsv
[13.825s] -- Up-to-date: /home/justin/vbm_project/install/pcl_sampling/share/pcl_sampling/environment/path.sh
[13.825s] -- Up-to-date: /home/justin/vbm_project/install/pcl_sampling/share/pcl_sampling/environment/path.dsv
[13.825s] -- Up-to-date: /home/justin/vbm_project/install/pcl_sampling/share/pcl_sampling/local_setup.bash
[13.825s] -- Up-to-date: /home/justin/vbm_project/install/pcl_sampling/share/pcl_sampling/local_setup.sh
[13.825s] -- Up-to-date: /home/justin/vbm_project/install/pcl_sampling/share/pcl_sampling/local_setup.zsh
[13.825s] -- Up-to-date: /home/justin/vbm_project/install/pcl_sampling/share/pcl_sampling/local_setup.dsv
[13.825s] -- Installing: /home/justin/vbm_project/install/pcl_sampling/share/pcl_sampling/package.dsv
[13.825s] -- Up-to-date: /home/justin/vbm_project/install/pcl_sampling/share/ament_index/resource_index/packages/pcl_sampling
[13.825s] -- Up-to-date: /home/justin/vbm_project/install/pcl_sampling/share/pcl_sampling/cmake/pcl_samplingConfig.cmake
[13.825s] -- Up-to-date: /home/justin/vbm_project/install/pcl_sampling/share/pcl_sampling/cmake/pcl_samplingConfig-version.cmake
[13.825s] -- Up-to-date: /home/justin/vbm_project/install/pcl_sampling/share/pcl_sampling/package.xml
[13.827s] Invoked command in '/home/justin/vbm_project/build/pcl_sampling' returned '0': CMAKE_PREFIX_PATH=/opt/ros/humble /usr/bin/cmake --install /home/justin/vbm_project/build/pcl_sampling
