[0.132s] Invoking command in '/home/justin/vbm_project/build/pcl_sampling': CMAKE_PREFIX_PATH=${CMAKE_PREFIX_PATH}:/opt/ros/humble /usr/bin/cmake --build /home/justin/vbm_project/build/pcl_sampling -- -j12 -l12
[0.171s] [35m[1mConsolidate compiler generated dependencies of target pcl_sampling[0m
[0.196s] [ 50%] [32mBuilding CXX object CMakeFiles/pcl_sampling.dir/src/pcl_sampling.cpp.o[0m
[7.480s] [100%] [32m[1mLinking CXX executable pcl_sampling[0m
[9.541s] [100%] Built target pcl_sampling
[9.551s] Invoked command in '/home/justin/vbm_project/build/pcl_sampling' returned '0': CMAKE_PREFIX_PATH=${CMAKE_PREFIX_PATH}:/opt/ros/humble /usr/bin/cmake --build /home/justin/vbm_project/build/pcl_sampling -- -j12 -l12
[9.575s] Invoking command in '/home/justin/vbm_project/build/pcl_sampling': CMAKE_PREFIX_PATH=${CMAKE_PREFIX_PATH}:/opt/ros/humble /usr/bin/cmake --install /home/justin/vbm_project/build/pcl_sampling
[9.582s] -- Install configuration: ""
[9.582s] -- Installing: /home/justin/vbm_project/install/pcl_sampling/lib/pcl_sampling/pcl_sampling
[9.582s] -- Up-to-date: /home/justin/vbm_project/install/pcl_sampling/share/ament_index/resource_index/package_run_dependencies/pcl_sampling
[9.583s] -- Up-to-date: /home/justin/vbm_project/install/pcl_sampling/share/ament_index/resource_index/parent_prefix_path/pcl_sampling
[9.583s] -- Up-to-date: /home/justin/vbm_project/install/pcl_sampling/share/pcl_sampling/environment/ament_prefix_path.sh
[9.583s] -- Up-to-date: /home/justin/vbm_project/install/pcl_sampling/share/pcl_sampling/environment/ament_prefix_path.dsv
[9.583s] -- Up-to-date: /home/justin/vbm_project/install/pcl_sampling/share/pcl_sampling/environment/path.sh
[9.583s] -- Up-to-date: /home/justin/vbm_project/install/pcl_sampling/share/pcl_sampling/environment/path.dsv
[9.583s] -- Up-to-date: /home/justin/vbm_project/install/pcl_sampling/share/pcl_sampling/local_setup.bash
[9.583s] -- Up-to-date: /home/justin/vbm_project/install/pcl_sampling/share/pcl_sampling/local_setup.sh
[9.583s] -- Up-to-date: /home/justin/vbm_project/install/pcl_sampling/share/pcl_sampling/local_setup.zsh
[9.583s] -- Up-to-date: /home/justin/vbm_project/install/pcl_sampling/share/pcl_sampling/local_setup.dsv
[9.583s] -- Installing: /home/justin/vbm_project/install/pcl_sampling/share/pcl_sampling/package.dsv
[9.583s] -- Up-to-date: /home/justin/vbm_project/install/pcl_sampling/share/ament_index/resource_index/packages/pcl_sampling
[9.583s] -- Up-to-date: /home/justin/vbm_project/install/pcl_sampling/share/pcl_sampling/cmake/pcl_samplingConfig.cmake
[9.583s] -- Up-to-date: /home/justin/vbm_project/install/pcl_sampling/share/pcl_sampling/cmake/pcl_samplingConfig-version.cmake
[9.584s] -- Up-to-date: /home/justin/vbm_project/install/pcl_sampling/share/pcl_sampling/package.xml
[9.584s] Invoked command in '/home/justin/vbm_project/build/pcl_sampling' returned '0': CMAKE_PREFIX_PATH=${CMAKE_PREFIX_PATH}:/opt/ros/humble /usr/bin/cmake --install /home/justin/vbm_project/build/pcl_sampling
