[0.207s] Invoking command in '/home/expert_amateur/vbm_project/build/vbm_project_env': CMAKE_PREFIX_PATH=${CMAKE_PREFIX_PATH}:/home/expert_amateur/voidwalking/ros2_ws/install/waypoints:/opt/ros/humble /usr/bin/cmake /home/expert_amateur/vbm_project/src/vbm_project_env -DCMAKE_INSTALL_PREFIX=/home/expert_amateur/vbm_project/install/vbm_project_env
[0.344s] -- The C compiler identification is GNU 11.4.0
[0.451s] -- The CXX compiler identification is GNU 11.4.0
[0.465s] -- Detecting C compiler ABI info
[0.566s] -- Detecting C compiler ABI info - done
[0.575s] -- Check for working C compiler: /usr/bin/cc - skipped
[0.575s] -- Detecting C compile features
[0.576s] -- Detecting C compile features - done
[0.581s] -- Detecting CXX compiler ABI info
[0.689s] -- Detecting CXX compiler ABI info - done
[0.699s] -- Check for working CXX compiler: /usr/bin/c++ - skipped
[0.699s] -- Detecting CXX compile features
[0.700s] -- Detecting CXX compile features - done
[0.711s] -- Found ament_cmake: 1.3.5 (/opt/ros/humble/share/ament_cmake/cmake)
[0.986s] -- Found Python3: /usr/bin/python3.10 (found version "3.10.12") found components: Interpreter 
[1.165s] -- Found ament_lint_auto: 0.12.8 (/opt/ros/humble/share/ament_lint_auto/cmake)
[1.326s] -- Added test 'flake8' to check Python code syntax and style conventions
[1.327s] -- Added test 'lint_cmake' to check CMake code style
[1.329s] -- Added test 'pep257' to check Python code against some of the docstring style conventions in PEP 257
[1.331s] -- Added test 'xmllint' to check XML markup files
[1.335s] -- Configuring done
[1.339s] -- Generating done
[1.340s] -- Build files have been written to: /home/expert_amateur/vbm_project/build/vbm_project_env
[1.346s] Invoked command in '/home/expert_amateur/vbm_project/build/vbm_project_env' returned '0': CMAKE_PREFIX_PATH=${CMAKE_PREFIX_PATH}:/home/expert_amateur/voidwalking/ros2_ws/install/waypoints:/opt/ros/humble /usr/bin/cmake /home/expert_amateur/vbm_project/src/vbm_project_env -DCMAKE_INSTALL_PREFIX=/home/expert_amateur/vbm_project/install/vbm_project_env
[1.350s] Invoking command in '/home/expert_amateur/vbm_project/build/vbm_project_env': CMAKE_PREFIX_PATH=${CMAKE_PREFIX_PATH}:/home/expert_amateur/voidwalking/ros2_ws/install/waypoints:/opt/ros/humble /usr/bin/cmake --build /home/expert_amateur/vbm_project/build/vbm_project_env -- -j12 -l12
[1.403s] Invoked command in '/home/expert_amateur/vbm_project/build/vbm_project_env' returned '0': CMAKE_PREFIX_PATH=${CMAKE_PREFIX_PATH}:/home/expert_amateur/voidwalking/ros2_ws/install/waypoints:/opt/ros/humble /usr/bin/cmake --build /home/expert_amateur/vbm_project/build/vbm_project_env -- -j12 -l12
[1.445s] Invoking command in '/home/expert_amateur/vbm_project/build/vbm_project_env': CMAKE_PREFIX_PATH=${CMAKE_PREFIX_PATH}:/home/expert_amateur/voidwalking/ros2_ws/install/waypoints:/opt/ros/humble /usr/bin/cmake --install /home/expert_amateur/vbm_project/build/vbm_project_env
[1.455s] -- Install configuration: ""
[1.455s] -- Installing: /home/expert_amateur/vbm_project/install/vbm_project_env/share/vbm_project_env/launch
[1.456s] -- Installing: /home/expert_amateur/vbm_project/install/vbm_project_env/share/vbm_project_env/launch/simulation.launch.py
[1.456s] -- Installing: /home/expert_amateur/vbm_project/install/vbm_project_env/share/vbm_project_env/worlds
[1.456s] -- Installing: /home/expert_amateur/vbm_project/install/vbm_project_env/share/vbm_project_env/worlds/simulation.world
[1.456s] -- Installing: /home/expert_amateur/vbm_project/install/vbm_project_env/share/vbm_project_env/urdf
[1.456s] -- Installing: /home/expert_amateur/vbm_project/install/vbm_project_env/share/vbm_project_env/urdf/camera.urdf
[1.456s] -- Installing: /home/expert_amateur/vbm_project/install/vbm_project_env/share/ament_index/resource_index/package_run_dependencies/vbm_project_env
[1.456s] -- Installing: /home/expert_amateur/vbm_project/install/vbm_project_env/share/ament_index/resource_index/parent_prefix_path/vbm_project_env
[1.457s] -- Installing: /home/expert_amateur/vbm_project/install/vbm_project_env/share/vbm_project_env/environment/ament_prefix_path.sh
[1.457s] -- Installing: /home/expert_amateur/vbm_project/install/vbm_project_env/share/vbm_project_env/environment/ament_prefix_path.dsv
[1.457s] -- Installing: /home/expert_amateur/vbm_project/install/vbm_project_env/share/vbm_project_env/environment/path.sh
[1.457s] -- Installing: /home/expert_amateur/vbm_project/install/vbm_project_env/share/vbm_project_env/environment/path.dsv
[1.457s] -- Installing: /home/expert_amateur/vbm_project/install/vbm_project_env/share/vbm_project_env/local_setup.bash
[1.457s] -- Installing: /home/expert_amateur/vbm_project/install/vbm_project_env/share/vbm_project_env/local_setup.sh
[1.457s] -- Installing: /home/expert_amateur/vbm_project/install/vbm_project_env/share/vbm_project_env/local_setup.zsh
[1.457s] -- Installing: /home/expert_amateur/vbm_project/install/vbm_project_env/share/vbm_project_env/local_setup.dsv
[1.457s] -- Installing: /home/expert_amateur/vbm_project/install/vbm_project_env/share/vbm_project_env/package.dsv
[1.457s] -- Installing: /home/expert_amateur/vbm_project/install/vbm_project_env/share/ament_index/resource_index/packages/vbm_project_env
[1.457s] -- Installing: /home/expert_amateur/vbm_project/install/vbm_project_env/share/vbm_project_env/cmake/vbm_project_envConfig.cmake
[1.458s] -- Installing: /home/expert_amateur/vbm_project/install/vbm_project_env/share/vbm_project_env/cmake/vbm_project_envConfig-version.cmake
[1.458s] -- Installing: /home/expert_amateur/vbm_project/install/vbm_project_env/share/vbm_project_env/package.xml
[1.460s] Invoked command in '/home/expert_amateur/vbm_project/build/vbm_project_env' returned '0': CMAKE_PREFIX_PATH=${CMAKE_PREFIX_PATH}:/home/expert_amateur/voidwalking/ros2_ws/install/waypoints:/opt/ros/humble /usr/bin/cmake --install /home/expert_amateur/vbm_project/build/vbm_project_env
