[0.130s] Invoking command in '/home/neha/VBM/vbm_project/build/pcl_sampling': CMAKE_PREFIX_PATH=${CMAKE_PREFIX_PATH}:/home/neha/ros2_ws/install/point_cloud:/home/neha/ros2_ws/install/opencv_test_py:/home/neha/voidwalking/ros2_ws/install/waypoints:/opt/ros/humble CONDA_PROMPT_MODIFIER=(face) /usr/bin/cmake --build /home/neha/VBM/vbm_project/build/pcl_sampling -- -j20 -l20
[0.147s] -- Found ament_cmake: 1.3.5 (/opt/ros/humble/share/ament_cmake/cmake)
[0.247s] -- Eigen found (include: /usr/include/eigen3, version: 3.4.0)
[0.277s] -- FLANN found (include: /usr/include, lib: /usr/lib/x86_64-linux-gnu/libflann_cpp.so)
[0.468s] -- OpenNI found (version: 1.5.4.0, include: /usr/include/ni, lib: /usr/lib/libOpenNI.so;libusb::libusb)
[0.472s] -- OpenNI2 found (version: 2.2.0.33, include: /usr/include/openni2, lib: /usr/lib/x86_64-linux-gnu/libOpenNI2.so;libusb::libusb)
[0.472s] [0m** WARNING ** io features related to pcap will be disabled[0m
[0.570s] -- Eigen found (include: /usr/include/eigen3, version: 3.4.0)
[0.573s] -- OpenNI found (version: 1.5.4.0, include: /usr/include/ni, lib: /usr/lib/libOpenNI.so;libusb::libusb)
[0.577s] -- OpenNI2 found (version: 2.2.0.33, include: /usr/include/openni2, lib: /usr/lib/x86_64-linux-gnu/libOpenNI2.so;libusb::libusb)
[0.672s] -- Found Qhull version 8.0.2
[0.766s] -- OpenNI found (version: 1.5.4.0, include: /usr/include/ni, lib: /usr/lib/libOpenNI.so;libusb::libusb)
[0.858s] -- looking for PCL_COMMON
[0.858s] -- looking for PCL_KDTREE
[0.858s] -- looking for PCL_OCTREE
[0.859s] -- looking for PCL_SEARCH
[0.859s] -- looking for PCL_SAMPLE_CONSENSUS
[0.859s] -- looking for PCL_FILTERS
[0.859s] -- looking for PCL_2D
[0.859s] -- looking for PCL_GEOMETRY
[0.859s] -- looking for PCL_IO
[0.860s] -- looking for PCL_FEATURES
[0.860s] -- looking for PCL_ML
[0.860s] -- looking for PCL_SEGMENTATION
[0.860s] -- looking for PCL_VISUALIZATION
[0.860s] -- looking for PCL_SURFACE
[0.861s] -- looking for PCL_REGISTRATION
[0.861s] -- looking for PCL_KEYPOINTS
[0.861s] -- looking for PCL_TRACKING
[0.861s] -- looking for PCL_RECOGNITION
[0.861s] -- looking for PCL_STEREO
[0.862s] -- looking for PCL_APPS
[0.862s] -- looking for PCL_IN_HAND_SCANNER
[0.862s] -- looking for PCL_MODELER
[0.862s] -- looking for PCL_POINT_CLOUD_EDITOR
[0.862s] -- looking for PCL_OUTOFCORE
[0.863s] -- looking for PCL_PEOPLE
[0.870s] -- Found OpenCV: /usr (found version "4.5.4") 
[0.870s] -- Found ament_lint_auto: 0.12.8 (/opt/ros/humble/share/ament_lint_auto/cmake)
[0.912s] -- Added test 'cppcheck' to perform static code analysis on C / C++ code
[0.912s] -- Configured cppcheck include dirs: 
[0.912s] -- Configured cppcheck exclude dirs and/or files: 
[0.913s] -- Added test 'lint_cmake' to check CMake code style
[0.913s] -- Added test 'uncrustify' to check C / C++ code style
[0.913s] -- Configured uncrustify additional arguments: 
[0.913s] -- Added test 'xmllint' to check XML markup files
[0.913s] -- Configuring done
[0.931s] -- Generating done
[0.932s] -- Build files have been written to: /home/neha/VBM/vbm_project/build/pcl_sampling
[0.953s] [35m[1mConsolidate compiler generated dependencies of target slicing[0m
[0.954s] [35m[1mConsolidate compiler generated dependencies of target pcl_sampling[0m
[0.970s] [ 25%] [32mBuilding CXX object CMakeFiles/slicing.dir/src/slicing.cpp.o[0m
[0.971s] [ 50%] [32mBuilding CXX object CMakeFiles/pcl_sampling.dir/src/pcl_sampling.cpp.o[0m
[4.690s] [ 75%] [32m[1mLinking CXX executable slicing[0m
[5.237s] [100%] [32m[1mLinking CXX executable pcl_sampling[0m
[5.264s] [100%] Built target slicing
[6.139s] [100%] Built target pcl_sampling
[6.145s] Invoked command in '/home/neha/VBM/vbm_project/build/pcl_sampling' returned '0': CMAKE_PREFIX_PATH=${CMAKE_PREFIX_PATH}:/home/neha/ros2_ws/install/point_cloud:/home/neha/ros2_ws/install/opencv_test_py:/home/neha/voidwalking/ros2_ws/install/waypoints:/opt/ros/humble CONDA_PROMPT_MODIFIER=(face) /usr/bin/cmake --build /home/neha/VBM/vbm_project/build/pcl_sampling -- -j20 -l20
[6.168s] Invoking command in '/home/neha/VBM/vbm_project/build/pcl_sampling': CMAKE_PREFIX_PATH=${CMAKE_PREFIX_PATH}:/home/neha/ros2_ws/install/point_cloud:/home/neha/ros2_ws/install/opencv_test_py:/home/neha/voidwalking/ros2_ws/install/waypoints:/opt/ros/humble CONDA_PROMPT_MODIFIER=(face) /usr/bin/cmake --install /home/neha/VBM/vbm_project/build/pcl_sampling
[6.173s] -- Install configuration: ""
[6.173s] -- Installing: /home/neha/VBM/vbm_project/install/pcl_sampling/lib/pcl_sampling/pcl_sampling
[6.175s] -- Installing: /home/neha/VBM/vbm_project/install/pcl_sampling/lib/pcl_sampling/slicing
[6.175s] -- Up-to-date: /home/neha/VBM/vbm_project/install/pcl_sampling/share/ament_index/resource_index/package_run_dependencies/pcl_sampling
[6.176s] -- Installing: /home/neha/VBM/vbm_project/install/pcl_sampling/share/ament_index/resource_index/parent_prefix_path/pcl_sampling
[6.176s] -- Up-to-date: /home/neha/VBM/vbm_project/install/pcl_sampling/share/pcl_sampling/environment/ament_prefix_path.sh
[6.176s] -- Installing: /home/neha/VBM/vbm_project/install/pcl_sampling/share/pcl_sampling/environment/ament_prefix_path.dsv
[6.176s] -- Up-to-date: /home/neha/VBM/vbm_project/install/pcl_sampling/share/pcl_sampling/environment/path.sh
[6.176s] -- Installing: /home/neha/VBM/vbm_project/install/pcl_sampling/share/pcl_sampling/environment/path.dsv
[6.176s] -- Up-to-date: /home/neha/VBM/vbm_project/install/pcl_sampling/share/pcl_sampling/local_setup.bash
[6.176s] -- Up-to-date: /home/neha/VBM/vbm_project/install/pcl_sampling/share/pcl_sampling/local_setup.sh
[6.176s] -- Up-to-date: /home/neha/VBM/vbm_project/install/pcl_sampling/share/pcl_sampling/local_setup.zsh
[6.176s] -- Installing: /home/neha/VBM/vbm_project/install/pcl_sampling/share/pcl_sampling/local_setup.dsv
[6.176s] -- Installing: /home/neha/VBM/vbm_project/install/pcl_sampling/share/pcl_sampling/package.dsv
[6.176s] -- Up-to-date: /home/neha/VBM/vbm_project/install/pcl_sampling/share/ament_index/resource_index/packages/pcl_sampling
[6.176s] -- Up-to-date: /home/neha/VBM/vbm_project/install/pcl_sampling/share/pcl_sampling/cmake/pcl_samplingConfig.cmake
[6.177s] -- Up-to-date: /home/neha/VBM/vbm_project/install/pcl_sampling/share/pcl_sampling/cmake/pcl_samplingConfig-version.cmake
[6.177s] -- Up-to-date: /home/neha/VBM/vbm_project/install/pcl_sampling/share/pcl_sampling/package.xml
[6.177s] Invoked command in '/home/neha/VBM/vbm_project/build/pcl_sampling' returned '0': CMAKE_PREFIX_PATH=${CMAKE_PREFIX_PATH}:/home/neha/ros2_ws/install/point_cloud:/home/neha/ros2_ws/install/opencv_test_py:/home/neha/voidwalking/ros2_ws/install/waypoints:/opt/ros/humble CONDA_PROMPT_MODIFIER=(face) /usr/bin/cmake --install /home/neha/VBM/vbm_project/build/pcl_sampling
