[0.271s] Invoking command in '/home/can/ros2_ws/src/vbm_project/src/build/vbm_project_env': CMAKE_PREFIX_PATH=${CMAKE_PREFIX_PATH}:/home/can/ros2_ws/install/opencv_test_py:/home/can/ros2_ws/install/launch_testing_examples:/home/can/ros2_ws/install/hw4:/home/can/ros2_ws/install/examples_rclpy_pointcloud_publisher:/home/can/ros2_ws/install/examples_rclpy_minimal_subscriber:/home/can/ros2_ws/install/examples_rclpy_minimal_service:/home/can/ros2_ws/install/examples_rclpy_minimal_publisher:/home/can/ros2_ws/install/examples_rclpy_minimal_client:/home/can/ros2_ws/install/examples_rclpy_minimal_action_server:/home/can/ros2_ws/install/examples_rclpy_minimal_action_client:/home/can/ros2_ws/install/examples_rclpy_guard_conditions:/home/can/ros2_ws/install/examples_rclpy_executors:/opt/ros/humble /usr/bin/cmake --build /home/can/ros2_ws/src/vbm_project/src/build/vbm_project_env -- -j8 -l8
[0.383s] Invoked command in '/home/can/ros2_ws/src/vbm_project/src/build/vbm_project_env' returned '0': CMAKE_PREFIX_PATH=${CMAKE_PREFIX_PATH}:/home/can/ros2_ws/install/opencv_test_py:/home/can/ros2_ws/install/launch_testing_examples:/home/can/ros2_ws/install/hw4:/home/can/ros2_ws/install/examples_rclpy_pointcloud_publisher:/home/can/ros2_ws/install/examples_rclpy_minimal_subscriber:/home/can/ros2_ws/install/examples_rclpy_minimal_service:/home/can/ros2_ws/install/examples_rclpy_minimal_publisher:/home/can/ros2_ws/install/examples_rclpy_minimal_client:/home/can/ros2_ws/install/examples_rclpy_minimal_action_server:/home/can/ros2_ws/install/examples_rclpy_minimal_action_client:/home/can/ros2_ws/install/examples_rclpy_guard_conditions:/home/can/ros2_ws/install/examples_rclpy_executors:/opt/ros/humble /usr/bin/cmake --build /home/can/ros2_ws/src/vbm_project/src/build/vbm_project_env -- -j8 -l8
[0.472s] Invoking command in '/home/can/ros2_ws/src/vbm_project/src/build/vbm_project_env': CMAKE_PREFIX_PATH=${CMAKE_PREFIX_PATH}:/home/can/ros2_ws/install/opencv_test_py:/home/can/ros2_ws/install/launch_testing_examples:/home/can/ros2_ws/install/hw4:/home/can/ros2_ws/install/examples_rclpy_pointcloud_publisher:/home/can/ros2_ws/install/examples_rclpy_minimal_subscriber:/home/can/ros2_ws/install/examples_rclpy_minimal_service:/home/can/ros2_ws/install/examples_rclpy_minimal_publisher:/home/can/ros2_ws/install/examples_rclpy_minimal_client:/home/can/ros2_ws/install/examples_rclpy_minimal_action_server:/home/can/ros2_ws/install/examples_rclpy_minimal_action_client:/home/can/ros2_ws/install/examples_rclpy_guard_conditions:/home/can/ros2_ws/install/examples_rclpy_executors:/opt/ros/humble /usr/bin/cmake --install /home/can/ros2_ws/src/vbm_project/src/build/vbm_project_env
[0.507s] -- Install configuration: ""
[0.512s] -- Up-to-date: /home/can/ros2_ws/src/vbm_project/src/install/vbm_project_env/share/vbm_project_env/launch
[0.513s] -- Up-to-date: /home/can/ros2_ws/src/vbm_project/src/install/vbm_project_env/share/vbm_project_env/launch/simulation.launch.py
[0.513s] -- Up-to-date: /home/can/ros2_ws/src/vbm_project/src/install/vbm_project_env/share/vbm_project_env/worlds
[0.513s] -- Up-to-date: /home/can/ros2_ws/src/vbm_project/src/install/vbm_project_env/share/vbm_project_env/worlds/simulation.world
[0.515s] -- Up-to-date: /home/can/ros2_ws/src/vbm_project/src/install/vbm_project_env/share/vbm_project_env/urdf
[0.518s] -- Up-to-date: /home/can/ros2_ws/src/vbm_project/src/install/vbm_project_env/share/vbm_project_env/urdf/camera.urdf
[0.518s] -- Up-to-date: /home/can/ros2_ws/src/vbm_project/src/install/vbm_project_env/share/ament_index/resource_index/package_run_dependencies/vbm_project_env
[0.519s] -- Up-to-date: /home/can/ros2_ws/src/vbm_project/src/install/vbm_project_env/share/ament_index/resource_index/parent_prefix_path/vbm_project_env
[0.520s] -- Up-to-date: /home/can/ros2_ws/src/vbm_project/src/install/vbm_project_env/share/vbm_project_env/environment/ament_prefix_path.sh
[0.520s] -- Up-to-date: /home/can/ros2_ws/src/vbm_project/src/install/vbm_project_env/share/vbm_project_env/environment/ament_prefix_path.dsv
[0.524s] -- Up-to-date: /home/can/ros2_ws/src/vbm_project/src/install/vbm_project_env/share/vbm_project_env/environment/path.sh
[0.526s] -- Up-to-date: /home/can/ros2_ws/src/vbm_project/src/install/vbm_project_env/share/vbm_project_env/environment/path.dsv
[0.527s] -- Up-to-date: /home/can/ros2_ws/src/vbm_project/src/install/vbm_project_env/share/vbm_project_env/local_setup.bash
[0.527s] -- Up-to-date: /home/can/ros2_ws/src/vbm_project/src/install/vbm_project_env/share/vbm_project_env/local_setup.sh
[0.527s] -- Up-to-date: /home/can/ros2_ws/src/vbm_project/src/install/vbm_project_env/share/vbm_project_env/local_setup.zsh
[0.527s] -- Up-to-date: /home/can/ros2_ws/src/vbm_project/src/install/vbm_project_env/share/vbm_project_env/local_setup.dsv
[0.529s] -- Installing: /home/can/ros2_ws/src/vbm_project/src/install/vbm_project_env/share/vbm_project_env/package.dsv
[0.529s] -- Up-to-date: /home/can/ros2_ws/src/vbm_project/src/install/vbm_project_env/share/ament_index/resource_index/packages/vbm_project_env
[0.531s] -- Up-to-date: /home/can/ros2_ws/src/vbm_project/src/install/vbm_project_env/share/vbm_project_env/cmake/vbm_project_envConfig.cmake
[0.531s] -- Up-to-date: /home/can/ros2_ws/src/vbm_project/src/install/vbm_project_env/share/vbm_project_env/cmake/vbm_project_envConfig-version.cmake
[0.531s] -- Up-to-date: /home/can/ros2_ws/src/vbm_project/src/install/vbm_project_env/share/vbm_project_env/package.xml
[0.532s] Invoked command in '/home/can/ros2_ws/src/vbm_project/src/build/vbm_project_env' returned '0': CMAKE_PREFIX_PATH=${CMAKE_PREFIX_PATH}:/home/can/ros2_ws/install/opencv_test_py:/home/can/ros2_ws/install/launch_testing_examples:/home/can/ros2_ws/install/hw4:/home/can/ros2_ws/install/examples_rclpy_pointcloud_publisher:/home/can/ros2_ws/install/examples_rclpy_minimal_subscriber:/home/can/ros2_ws/install/examples_rclpy_minimal_service:/home/can/ros2_ws/install/examples_rclpy_minimal_publisher:/home/can/ros2_ws/install/examples_rclpy_minimal_client:/home/can/ros2_ws/install/examples_rclpy_minimal_action_server:/home/can/ros2_ws/install/examples_rclpy_minimal_action_client:/home/can/ros2_ws/install/examples_rclpy_guard_conditions:/home/can/ros2_ws/install/examples_rclpy_executors:/opt/ros/humble /usr/bin/cmake --install /home/can/ros2_ws/src/vbm_project/src/build/vbm_project_env
