[4.324s] DEBUG:colcon:Command line arguments: ['/usr/bin/colcon', 'list', '-p', '--base-paths', '/home/can/ros2_ws/src/vbm_project']
[4.325s] DEBUG:colcon:Parsed command line arguments: Namespace(log_base=None, log_level=None, verb_name='list', build_base='build', ignore_user_meta=False, metas=['./colcon.meta'], base_paths=['/home/can/ros2_ws/src/vbm_project'], packages_ignore=None, packages_ignore_regex=None, paths=None, packages_up_to=None, packages_up_to_regex=None, packages_above=None, packages_above_and_dependencies=None, packages_above_depth=None, packages_select_by_dep=None, packages_skip_by_dep=None, packages_skip_up_to=None, packages_select_build_failed=False, packages_skip_build_finished=False, packages_select_test_failures=False, packages_skip_test_passed=False, packages_select=None, packages_skip=None, packages_select_regex=None, packages_skip_regex=None, packages_start=None, packages_end=None, allow_overriding=[], topological_order=False, names_only=False, paths_only=True, topological_graph=False, topological_graph_dot=False, topological_graph_density=False, topological_graph_legend=False, topological_graph_dot_cluster=False, topological_graph_dot_include_skipped=False, verb_parser=<colcon_defaults.argument_parser.defaults.DefaultArgumentsDecorator object at 0x7f155002c550>, verb_extension=<colcon_package_information.verb.list.ListVerb object at 0x7f155002ee90>, main=<bound method ListVerb.main of <colcon_package_information.verb.list.ListVerb object at 0x7f155002ee90>>)
[4.461s] Level 1:colcon.colcon_core.package_discovery:discover_packages(colcon_meta) check parameters
[4.461s] Level 1:colcon.colcon_core.package_discovery:discover_packages(recursive) check parameters
[4.461s] Level 1:colcon.colcon_core.package_discovery:discover_packages(ignore) check parameters
[4.461s] Level 1:colcon.colcon_core.package_discovery:discover_packages(path) check parameters
[4.461s] Level 1:colcon.colcon_core.package_discovery:discover_packages(recursive) discover
[4.461s] INFO:colcon.colcon_core.package_discovery:Crawling recursively for packages in '/home/can/ros2_ws/src/vbm_project'
[4.461s] Level 1:colcon.colcon_core.package_identification:_identify(/home/can/ros2_ws/src/vbm_project) by extensions ['ignore', 'ignore_ament_install']
[4.461s] Level 1:colcon.colcon_core.package_identification:_identify(/home/can/ros2_ws/src/vbm_project) by extension 'ignore'
[4.461s] Level 1:colcon.colcon_core.package_identification:_identify(/home/can/ros2_ws/src/vbm_project) by extension 'ignore_ament_install'
[4.462s] Level 1:colcon.colcon_core.package_identification:_identify(/home/can/ros2_ws/src/vbm_project) by extensions ['colcon_pkg']
[4.462s] Level 1:colcon.colcon_core.package_identification:_identify(/home/can/ros2_ws/src/vbm_project) by extension 'colcon_pkg'
[4.462s] Level 1:colcon.colcon_core.package_identification:_identify(/home/can/ros2_ws/src/vbm_project) by extensions ['colcon_meta']
[4.462s] Level 1:colcon.colcon_core.package_identification:_identify(/home/can/ros2_ws/src/vbm_project) by extension 'colcon_meta'
[4.462s] Level 1:colcon.colcon_core.package_identification:_identify(/home/can/ros2_ws/src/vbm_project) by extensions ['ros']
[4.462s] Level 1:colcon.colcon_core.package_identification:_identify(/home/can/ros2_ws/src/vbm_project) by extension 'ros'
[4.500s] Level 1:colcon.colcon_core.package_identification:_identify(/home/can/ros2_ws/src/vbm_project) by extensions ['cmake', 'python']
[4.500s] Level 1:colcon.colcon_core.package_identification:_identify(/home/can/ros2_ws/src/vbm_project) by extension 'cmake'
[4.500s] Level 1:colcon.colcon_core.package_identification:_identify(/home/can/ros2_ws/src/vbm_project) by extension 'python'
[4.500s] Level 1:colcon.colcon_core.package_identification:_identify(/home/can/ros2_ws/src/vbm_project) by extensions ['python_setup_py']
[4.500s] Level 1:colcon.colcon_core.package_identification:_identify(/home/can/ros2_ws/src/vbm_project) by extension 'python_setup_py'
[4.500s] Level 1:colcon.colcon_core.package_identification:_identify(/home/can/ros2_ws/src/vbm_project/build) by extensions ['ignore', 'ignore_ament_install']
[4.501s] Level 1:colcon.colcon_core.package_identification:_identify(/home/can/ros2_ws/src/vbm_project/build) by extension 'ignore'
[4.501s] Level 1:colcon.colcon_core.package_identification:_identify(/home/can/ros2_ws/src/vbm_project/build) ignored
[4.501s] Level 1:colcon.colcon_core.package_identification:_identify(/home/can/ros2_ws/src/vbm_project/install) by extensions ['ignore', 'ignore_ament_install']
[4.501s] Level 1:colcon.colcon_core.package_identification:_identify(/home/can/ros2_ws/src/vbm_project/install) by extension 'ignore'
[4.501s] Level 1:colcon.colcon_core.package_identification:_identify(/home/can/ros2_ws/src/vbm_project/install) ignored
[4.501s] Level 1:colcon.colcon_core.package_identification:_identify(/home/can/ros2_ws/src/vbm_project/log) by extensions ['ignore', 'ignore_ament_install']
[4.501s] Level 1:colcon.colcon_core.package_identification:_identify(/home/can/ros2_ws/src/vbm_project/log) by extension 'ignore'
[4.501s] Level 1:colcon.colcon_core.package_identification:_identify(/home/can/ros2_ws/src/vbm_project/log) ignored
[4.502s] Level 1:colcon.colcon_core.package_identification:_identify(/home/can/ros2_ws/src/vbm_project/src) by extensions ['ignore', 'ignore_ament_install']
[4.502s] Level 1:colcon.colcon_core.package_identification:_identify(/home/can/ros2_ws/src/vbm_project/src) by extension 'ignore'
[4.502s] Level 1:colcon.colcon_core.package_identification:_identify(/home/can/ros2_ws/src/vbm_project/src) by extension 'ignore_ament_install'
[4.502s] Level 1:colcon.colcon_core.package_identification:_identify(/home/can/ros2_ws/src/vbm_project/src) by extensions ['colcon_pkg']
[4.502s] Level 1:colcon.colcon_core.package_identification:_identify(/home/can/ros2_ws/src/vbm_project/src) by extension 'colcon_pkg'
[4.502s] Level 1:colcon.colcon_core.package_identification:_identify(/home/can/ros2_ws/src/vbm_project/src) by extensions ['colcon_meta']
[4.502s] Level 1:colcon.colcon_core.package_identification:_identify(/home/can/ros2_ws/src/vbm_project/src) by extension 'colcon_meta'
[4.502s] Level 1:colcon.colcon_core.package_identification:_identify(/home/can/ros2_ws/src/vbm_project/src) by extensions ['ros']
[4.502s] Level 1:colcon.colcon_core.package_identification:_identify(/home/can/ros2_ws/src/vbm_project/src) by extension 'ros'
[4.502s] Level 1:colcon.colcon_core.package_identification:_identify(/home/can/ros2_ws/src/vbm_project/src) by extensions ['cmake', 'python']
[4.502s] Level 1:colcon.colcon_core.package_identification:_identify(/home/can/ros2_ws/src/vbm_project/src) by extension 'cmake'
[4.502s] Level 1:colcon.colcon_core.package_identification:_identify(/home/can/ros2_ws/src/vbm_project/src) by extension 'python'
[4.502s] Level 1:colcon.colcon_core.package_identification:_identify(/home/can/ros2_ws/src/vbm_project/src) by extensions ['python_setup_py']
[4.503s] Level 1:colcon.colcon_core.package_identification:_identify(/home/can/ros2_ws/src/vbm_project/src) by extension 'python_setup_py'
[4.503s] Level 1:colcon.colcon_core.package_identification:_identify(/home/can/ros2_ws/src/vbm_project/src/vbm_project_env) by extensions ['ignore', 'ignore_ament_install']
[4.503s] Level 1:colcon.colcon_core.package_identification:_identify(/home/can/ros2_ws/src/vbm_project/src/vbm_project_env) by extension 'ignore'
[4.503s] Level 1:colcon.colcon_core.package_identification:_identify(/home/can/ros2_ws/src/vbm_project/src/vbm_project_env) by extension 'ignore_ament_install'
[4.503s] Level 1:colcon.colcon_core.package_identification:_identify(/home/can/ros2_ws/src/vbm_project/src/vbm_project_env) by extensions ['colcon_pkg']
[4.503s] Level 1:colcon.colcon_core.package_identification:_identify(/home/can/ros2_ws/src/vbm_project/src/vbm_project_env) by extension 'colcon_pkg'
[4.503s] Level 1:colcon.colcon_core.package_identification:_identify(/home/can/ros2_ws/src/vbm_project/src/vbm_project_env) by extensions ['colcon_meta']
[4.503s] Level 1:colcon.colcon_core.package_identification:_identify(/home/can/ros2_ws/src/vbm_project/src/vbm_project_env) by extension 'colcon_meta'
[4.503s] Level 1:colcon.colcon_core.package_identification:_identify(/home/can/ros2_ws/src/vbm_project/src/vbm_project_env) by extensions ['ros']
[4.504s] Level 1:colcon.colcon_core.package_identification:_identify(/home/can/ros2_ws/src/vbm_project/src/vbm_project_env) by extension 'ros'
[4.508s] DEBUG:colcon.colcon_core.package_identification:Package '/home/can/ros2_ws/src/vbm_project/src/vbm_project_env' with type 'ros.ament_cmake' and name 'vbm_project_env'
[4.508s] Level 1:colcon.colcon_core.package_discovery:discover_packages(recursive) using defaults
