[0.166s] Invoking command in '/home/expert_amateur/vbm_stuff/vbm_project/build/pcl_sampling': CMAKE_PREFIX_PATH=${CMAKE_PREFIX_PATH}:/opt/ros/humble /usr/bin/cmake /home/expert_amateur/vbm_stuff/vbm_project/src/pcl_sampling -DCMAKE_INSTALL_PREFIX=/home/expert_amateur/vbm_stuff/vbm_project/install/pcl_sampling
[0.211s] -- The C compiler identification is GNU 11.4.0
[0.257s] -- The CXX compiler identification is GNU 11.4.0
[0.263s] -- Detecting C compiler ABI info
[0.318s] -- Detecting C compiler ABI info - done
[0.325s] -- Check for working C compiler: /usr/bin/cc - skipped
[0.325s] -- Detecting C compile features
[0.325s] -- Detecting C compile features - done
[0.328s] -- Detecting CXX compiler ABI info
[0.393s] -- Detecting CXX compiler ABI info - done
[0.405s] -- Check for working CXX compiler: /usr/bin/c++ - skipped
[0.406s] -- Detecting CXX compile features
[0.406s] -- Detecting CXX compile features - done
[0.408s] -- Found ament_cmake: 1.3.5 (/opt/ros/humble/share/ament_cmake/cmake)
[0.741s] -- Found Python3: /usr/bin/python3.10 (found version "3.10.12") found components: Interpreter 
[0.831s] -- Checking for module 'eigen3'
[0.840s] --   Found eigen3, version 3.4.0
[0.860s] -- Found Eigen: /usr/include/eigen3 (Required is at least version "3.1") 
[0.861s] -- Eigen found (include: /usr/include/eigen3, version: 3.4.0)
[0.878s] -- Found Boost: /usr/lib/x86_64-linux-gnu/cmake/Boost-1.74.0/BoostConfig.cmake (found suitable version "1.74.0", minimum required is "1.65.0") found components: system filesystem date_time iostreams serialization 
[0.893s] -- Checking for module 'flann'
[0.901s] --   Found flann, version 1.9.1
[0.940s] -- Found FLANN: /usr/lib/x86_64-linux-gnu/libflann_cpp.so  
[0.940s] -- FLANN found (include: /usr/include, lib: /usr/lib/x86_64-linux-gnu/libflann_cpp.so)
[0.979s] -- Looking for pthread.h
[1.038s] -- Looking for pthread.h - found
[1.038s] -- Performing Test CMAKE_HAVE_LIBC_PTHREAD
[1.099s] -- Performing Test CMAKE_HAVE_LIBC_PTHREAD - Success
[1.100s] -- Found Threads: TRUE  
[1.102s] -- Found GLEW: /usr/lib/x86_64-linux-gnu/libGLEW.so  
[1.107s] -- Found OpenGL: /usr/lib/x86_64-linux-gnu/libOpenGL.so  found components: OpenGL GLX 
[1.228s] -- Found MPI_C: /usr/lib/x86_64-linux-gnu/libmpi.so (found version "3.1") 
[1.229s] -- Found MPI: TRUE (found version "3.1") found components: C 
[1.231s] -- Found JsonCpp: /usr/lib/x86_64-linux-gnu/libjsoncpp.so (found suitable version "1.9.5", minimum required is "0.7.0") 
[1.239s] -- Found ZLIB: /usr/lib/x86_64-linux-gnu/libz.so (found version "1.2.11") 
[1.255s] -- Found PNG: /usr/lib/x86_64-linux-gnu/libpng.so (found version "1.6.37") 
[1.267s] -- Found Eigen3: /usr/include/eigen3 (found version "3.4.0") 
[1.333s] -- Found X11: /usr/include   
[1.333s] -- Looking for XOpenDisplay in /usr/lib/x86_64-linux-gnu/libX11.so;/usr/lib/x86_64-linux-gnu/libXext.so
[1.392s] -- Looking for XOpenDisplay in /usr/lib/x86_64-linux-gnu/libX11.so;/usr/lib/x86_64-linux-gnu/libXext.so - found
[1.392s] -- Looking for gethostbyname
[1.448s] -- Looking for gethostbyname - found
[1.448s] -- Looking for connect
[1.504s] -- Looking for connect - found
[1.504s] -- Looking for remove
[1.559s] -- Looking for remove - found
[1.559s] -- Looking for shmat
[1.613s] -- Looking for shmat - found
[1.613s] -- Looking for IceConnectionNumber in ICE
[1.679s] -- Looking for IceConnectionNumber in ICE - found
[1.756s] -- Found EXPAT: /usr/lib/x86_64-linux-gnu/libexpat.so (found version "2.4.7") 
[1.757s] -- Found double-conversion: /usr/lib/x86_64-linux-gnu/libdouble-conversion.so  
[1.760s] -- Found LZ4: /usr/lib/x86_64-linux-gnu/liblz4.so (found version "1.9.3") 
[1.762s] -- Found LZMA: /usr/lib/x86_64-linux-gnu/liblzma.so (found version "5.2.5") 
[1.776s] -- Found JPEG: /usr/lib/x86_64-linux-gnu/libjpeg.so (found version "80") 
[1.781s] -- Found TIFF: /usr/lib/x86_64-linux-gnu/libtiff.so (found version "4.3.0")  
[1.785s] -- Found Freetype: /usr/lib/x86_64-linux-gnu/libfreetype.so (found version "2.11.1") 
[1.790s] -- Found utf8cpp: /usr/include/utf8cpp  
[1.856s] -- Checking for module 'libusb-1.0'
[1.866s] --   Found libusb-1.0, version 1.0.25
[1.890s] -- Found libusb: /usr/lib/x86_64-linux-gnu/libusb-1.0.so  
[1.891s] -- Found OpenNI: /usr/lib/libOpenNI.so;libusb::libusb (found version "1.5.4.0") 
[1.891s] -- OpenNI found (version: 1.5.4.0, include: /usr/include/ni, lib: /usr/lib/libOpenNI.so;libusb::libusb)
[1.930s] -- Found OpenNI2: /usr/lib/x86_64-linux-gnu/libOpenNI2.so;libusb::libusb (found version "2.2.0.33") 
[1.930s] -- OpenNI2 found (version: 2.2.0.33, include: /usr/include/openni2, lib: /usr/lib/x86_64-linux-gnu/libOpenNI2.so;libusb::libusb)
[1.930s] [0m** WARNING ** io features related to pcap will be disabled[0m
[2.061s] -- Eigen found (include: /usr/include/eigen3, version: 3.4.0)
[2.066s] -- OpenNI found (version: 1.5.4.0, include: /usr/include/ni, lib: /usr/lib/libOpenNI.so;libusb::libusb)
[2.071s] -- OpenNI2 found (version: 2.2.0.33, include: /usr/include/openni2, lib: /usr/lib/x86_64-linux-gnu/libOpenNI2.so;libusb::libusb)
[2.200s] -- Found Qhull version 8.0.2
[2.330s] -- OpenNI found (version: 1.5.4.0, include: /usr/include/ni, lib: /usr/lib/libOpenNI.so;libusb::libusb)
[2.453s] -- looking for PCL_COMMON
[2.454s] -- Found PCL_COMMON: /usr/lib/x86_64-linux-gnu/libpcl_common.so  
[2.454s] -- looking for PCL_KDTREE
[2.455s] -- Found PCL_KDTREE: /usr/lib/x86_64-linux-gnu/libpcl_kdtree.so  
[2.455s] -- looking for PCL_OCTREE
[2.455s] -- Found PCL_OCTREE: /usr/lib/x86_64-linux-gnu/libpcl_octree.so  
[2.456s] -- looking for PCL_SEARCH
[2.456s] -- Found PCL_SEARCH: /usr/lib/x86_64-linux-gnu/libpcl_search.so  
[2.456s] -- looking for PCL_SAMPLE_CONSENSUS
[2.457s] -- Found PCL_SAMPLE_CONSENSUS: /usr/lib/x86_64-linux-gnu/libpcl_sample_consensus.so  
[2.457s] -- looking for PCL_FILTERS
[2.458s] -- Found PCL_FILTERS: /usr/lib/x86_64-linux-gnu/libpcl_filters.so  
[2.458s] -- looking for PCL_2D
[2.458s] -- Found PCL_2D: /usr/include/pcl-1.12  
[2.458s] -- looking for PCL_GEOMETRY
[2.459s] -- Found PCL_GEOMETRY: /usr/include/pcl-1.12  
[2.459s] -- looking for PCL_IO
[2.459s] -- Found PCL_IO: /usr/lib/x86_64-linux-gnu/libpcl_io.so  
[2.460s] -- looking for PCL_FEATURES
[2.460s] -- Found PCL_FEATURES: /usr/lib/x86_64-linux-gnu/libpcl_features.so  
[2.461s] -- looking for PCL_ML
[2.461s] -- Found PCL_ML: /usr/lib/x86_64-linux-gnu/libpcl_ml.so  
[2.462s] -- looking for PCL_SEGMENTATION
[2.462s] -- Found PCL_SEGMENTATION: /usr/lib/x86_64-linux-gnu/libpcl_segmentation.so  
[2.462s] -- looking for PCL_VISUALIZATION
[2.463s] -- Found PCL_VISUALIZATION: /usr/lib/x86_64-linux-gnu/libpcl_visualization.so  
[2.463s] -- looking for PCL_SURFACE
[2.464s] -- Found PCL_SURFACE: /usr/lib/x86_64-linux-gnu/libpcl_surface.so  
[2.464s] -- looking for PCL_REGISTRATION
[2.465s] -- Found PCL_REGISTRATION: /usr/lib/x86_64-linux-gnu/libpcl_registration.so  
[2.465s] -- looking for PCL_KEYPOINTS
[2.466s] -- Found PCL_KEYPOINTS: /usr/lib/x86_64-linux-gnu/libpcl_keypoints.so  
[2.466s] -- looking for PCL_TRACKING
[2.467s] -- Found PCL_TRACKING: /usr/lib/x86_64-linux-gnu/libpcl_tracking.so  
[2.467s] -- looking for PCL_RECOGNITION
[2.468s] -- Found PCL_RECOGNITION: /usr/lib/x86_64-linux-gnu/libpcl_recognition.so  
[2.468s] -- looking for PCL_STEREO
[2.469s] -- Found PCL_STEREO: /usr/lib/x86_64-linux-gnu/libpcl_stereo.so  
[2.469s] -- looking for PCL_APPS
[2.470s] -- Found PCL_APPS: /usr/lib/x86_64-linux-gnu/libpcl_apps.so  
[2.471s] -- looking for PCL_IN_HAND_SCANNER
[2.471s] -- Found PCL_IN_HAND_SCANNER: /usr/include/pcl-1.12  
[2.471s] -- looking for PCL_MODELER
[2.471s] -- Found PCL_MODELER: /usr/include/pcl-1.12  
[2.471s] -- looking for PCL_POINT_CLOUD_EDITOR
[2.472s] -- Found PCL_POINT_CLOUD_EDITOR: /usr/include/pcl-1.12  
[2.472s] -- looking for PCL_OUTOFCORE
[2.472s] -- Found PCL_OUTOFCORE: /usr/lib/x86_64-linux-gnu/libpcl_outofcore.so  
[2.473s] -- looking for PCL_PEOPLE
[2.473s] -- Found PCL_PEOPLE: /usr/lib/x86_64-linux-gnu/libpcl_people.so  
[2.474s] -- Found PCL: pcl_common;pcl_kdtree;pcl_octree;pcl_search;pcl_sample_consensus;pcl_filters;pcl_io;pcl_features;pcl_ml;pcl_segmentation;pcl_visualization;pcl_surface;pcl_registration;pcl_keypoints;pcl_tracking;pcl_recognition;pcl_stereo;pcl_apps;pcl_outofcore;pcl_people;Boost::system;Boost::filesystem;Boost::date_time;Boost::iostreams;Boost::serialization;/usr/lib/libOpenNI.so;libusb::libusb;/usr/lib/x86_64-linux-gnu/libOpenNI2.so;libusb::libusb;VTK::ChartsCore;VTK::CommonColor;VTK::CommonComputationalGeometry;VTK::CommonCore;VTK::CommonDataModel;VTK::CommonExecutionModel;VTK::CommonMath;VTK::CommonMisc;VTK::CommonTransforms;VTK::FiltersCore;VTK::FiltersExtraction;VTK::FiltersGeneral;VTK::FiltersGeometry;VTK::FiltersModeling;VTK::FiltersSources;VTK::ImagingCore;VTK::ImagingSources;VTK::InteractionImage;VTK::InteractionStyle;VTK::InteractionWidgets;VTK::IOCore;VTK::IOGeometry;VTK::IOImage;VTK::IOLegacy;VTK::IOPLY;VTK::RenderingAnnotation;VTK::RenderingCore;VTK::RenderingContext2D;VTK::RenderingLOD;VTK::RenderingFreeType;VTK::ViewsCore;VTK::ViewsContext2D;VTK::RenderingOpenGL2;VTK::GUISupportQt;FLANN::FLANN;QHULL::QHULL  
[2.482s] -- Found OpenCV: /usr (found version "4.5.4") 
[2.484s] -- Found ament_lint_auto: 0.12.8 (/opt/ros/humble/share/ament_lint_auto/cmake)
[2.567s] -- Added test 'cppcheck' to perform static code analysis on C / C++ code
[2.567s] -- Configured cppcheck include dirs: 
[2.567s] -- Configured cppcheck exclude dirs and/or files: 
[2.567s] -- Added test 'flake8' to check Python code syntax and style conventions
[2.568s] -- Added test 'lint_cmake' to check CMake code style
[2.568s] -- Added test 'pep257' to check Python code against some of the docstring style conventions in PEP 257
[2.569s] -- Added test 'uncrustify' to check C / C++ code style
[2.569s] -- Configured uncrustify additional arguments: 
[2.569s] -- Added test 'xmllint' to check XML markup files
[2.570s] -- Configuring done
[2.632s] -- Generating done
[2.634s] -- Build files have been written to: /home/expert_amateur/vbm_stuff/vbm_project/build/pcl_sampling
[2.646s] Invoked command in '/home/expert_amateur/vbm_stuff/vbm_project/build/pcl_sampling' returned '0': CMAKE_PREFIX_PATH=${CMAKE_PREFIX_PATH}:/opt/ros/humble /usr/bin/cmake /home/expert_amateur/vbm_stuff/vbm_project/src/pcl_sampling -DCMAKE_INSTALL_PREFIX=/home/expert_amateur/vbm_stuff/vbm_project/install/pcl_sampling
[2.647s] Invoking command in '/home/expert_amateur/vbm_stuff/vbm_project/build/pcl_sampling': CMAKE_PREFIX_PATH=${CMAKE_PREFIX_PATH}:/opt/ros/humble /usr/bin/cmake --build /home/expert_amateur/vbm_stuff/vbm_project/build/pcl_sampling -- -j12 -l12
[2.688s] [ 50%] [32mBuilding CXX object CMakeFiles/slicing.dir/src/slicing.cpp.o[0m
[2.688s] [ 50%] [32mBuilding CXX object CMakeFiles/pcl_sampling.dir/src/pcl_sampling.cpp.o[0m
[3.007s] gmake[2]: *** [CMakeFiles/slicing.dir/build.make:76: CMakeFiles/slicing.dir/src/slicing.cpp.o] Interrupt
[3.007s] gmake[2]: *** [CMakeFiles/pcl_sampling.dir/build.make:76: CMakeFiles/pcl_sampling.dir/src/pcl_sampling.cpp.o] Interrupt
[3.007s] gmake[1]: *** [CMakeFiles/Makefile2:139: CMakeFiles/pcl_sampling.dir/all] Interrupt
[3.007s] gmake[1]: *** [CMakeFiles/Makefile2:165: CMakeFiles/slicing.dir/all] Interrupt
[3.007s] gmake: *** [Makefile:146: all] Interrupt
[3.011s] Invoked command in '/home/expert_amateur/vbm_stuff/vbm_project/build/pcl_sampling' returned '-2': CMAKE_PREFIX_PATH=${CMAKE_PREFIX_PATH}:/opt/ros/humble /usr/bin/cmake --build /home/expert_amateur/vbm_stuff/vbm_project/build/pcl_sampling -- -j12 -l12
