[0.174s] Invoking command in '/home/can/ros2_ws/src/vbm_project/src/build/vbm_project_env': CMAKE_PREFIX_PATH=${CMAKE_PREFIX_PATH}:/home/can/ros2_ws/install/opencv_test_py:/home/can/ros2_ws/install/launch_testing_examples:/home/can/ros2_ws/install/hw4:/home/can/ros2_ws/install/examples_rclpy_pointcloud_publisher:/home/can/ros2_ws/install/examples_rclpy_minimal_subscriber:/home/can/ros2_ws/install/examples_rclpy_minimal_service:/home/can/ros2_ws/install/examples_rclpy_minimal_publisher:/home/can/ros2_ws/install/examples_rclpy_minimal_client:/home/can/ros2_ws/install/examples_rclpy_minimal_action_server:/home/can/ros2_ws/install/examples_rclpy_minimal_action_client:/home/can/ros2_ws/install/examples_rclpy_guard_conditions:/home/can/ros2_ws/install/examples_rclpy_executors:/opt/ros/humble /usr/bin/cmake /home/can/ros2_ws/src/vbm_project/src/vbm_project_env -DCMAKE_INSTALL_PREFIX=/home/can/ros2_ws/src/vbm_project/src/install/vbm_project_env
[0.309s] -- The C compiler identification is GNU 11.4.0
[0.445s] -- The CXX compiler identification is GNU 11.4.0
[0.459s] -- Detecting C compiler ABI info
[0.613s] -- Detecting C compiler ABI info - done
[0.628s] -- Check for working C compiler: /usr/bin/cc - skipped
[0.628s] -- Detecting C compile features
[0.629s] -- Detecting C compile features - done
[0.635s] -- Detecting CXX compiler ABI info
[0.805s] -- Detecting CXX compiler ABI info - done
[0.830s] -- Check for working CXX compiler: /usr/bin/c++ - skipped
[0.830s] -- Detecting CXX compile features
[0.832s] -- Detecting CXX compile features - done
[0.858s] -- Found ament_cmake: 1.3.5 (/opt/ros/humble/share/ament_cmake/cmake)
[1.388s] -- Found Python3: /usr/bin/python3.10 (found version "3.10.12") found components: Interpreter 
[1.666s] -- Found ament_lint_auto: 0.12.8 (/opt/ros/humble/share/ament_lint_auto/cmake)
[1.903s] -- Added test 'flake8' to check Python code syntax and style conventions
[1.907s] -- Added test 'lint_cmake' to check CMake code style
[1.909s] -- Added test 'pep257' to check Python code against some of the docstring style conventions in PEP 257
[1.913s] -- Added test 'xmllint' to check XML markup files
[1.918s] -- Configuring done
[1.922s] -- Generating done
[1.923s] -- Build files have been written to: /home/can/ros2_ws/src/vbm_project/src/build/vbm_project_env
[1.934s] Invoked command in '/home/can/ros2_ws/src/vbm_project/src/build/vbm_project_env' returned '0': CMAKE_PREFIX_PATH=${CMAKE_PREFIX_PATH}:/home/can/ros2_ws/install/opencv_test_py:/home/can/ros2_ws/install/launch_testing_examples:/home/can/ros2_ws/install/hw4:/home/can/ros2_ws/install/examples_rclpy_pointcloud_publisher:/home/can/ros2_ws/install/examples_rclpy_minimal_subscriber:/home/can/ros2_ws/install/examples_rclpy_minimal_service:/home/can/ros2_ws/install/examples_rclpy_minimal_publisher:/home/can/ros2_ws/install/examples_rclpy_minimal_client:/home/can/ros2_ws/install/examples_rclpy_minimal_action_server:/home/can/ros2_ws/install/examples_rclpy_minimal_action_client:/home/can/ros2_ws/install/examples_rclpy_guard_conditions:/home/can/ros2_ws/install/examples_rclpy_executors:/opt/ros/humble /usr/bin/cmake /home/can/ros2_ws/src/vbm_project/src/vbm_project_env -DCMAKE_INSTALL_PREFIX=/home/can/ros2_ws/src/vbm_project/src/install/vbm_project_env
[1.937s] Invoking command in '/home/can/ros2_ws/src/vbm_project/src/build/vbm_project_env': CMAKE_PREFIX_PATH=${CMAKE_PREFIX_PATH}:/home/can/ros2_ws/install/opencv_test_py:/home/can/ros2_ws/install/launch_testing_examples:/home/can/ros2_ws/install/hw4:/home/can/ros2_ws/install/examples_rclpy_pointcloud_publisher:/home/can/ros2_ws/install/examples_rclpy_minimal_subscriber:/home/can/ros2_ws/install/examples_rclpy_minimal_service:/home/can/ros2_ws/install/examples_rclpy_minimal_publisher:/home/can/ros2_ws/install/examples_rclpy_minimal_client:/home/can/ros2_ws/install/examples_rclpy_minimal_action_server:/home/can/ros2_ws/install/examples_rclpy_minimal_action_client:/home/can/ros2_ws/install/examples_rclpy_guard_conditions:/home/can/ros2_ws/install/examples_rclpy_executors:/opt/ros/humble /usr/bin/cmake --build /home/can/ros2_ws/src/vbm_project/src/build/vbm_project_env -- -j8 -l8
[2.035s] Invoked command in '/home/can/ros2_ws/src/vbm_project/src/build/vbm_project_env' returned '0': CMAKE_PREFIX_PATH=${CMAKE_PREFIX_PATH}:/home/can/ros2_ws/install/opencv_test_py:/home/can/ros2_ws/install/launch_testing_examples:/home/can/ros2_ws/install/hw4:/home/can/ros2_ws/install/examples_rclpy_pointcloud_publisher:/home/can/ros2_ws/install/examples_rclpy_minimal_subscriber:/home/can/ros2_ws/install/examples_rclpy_minimal_service:/home/can/ros2_ws/install/examples_rclpy_minimal_publisher:/home/can/ros2_ws/install/examples_rclpy_minimal_client:/home/can/ros2_ws/install/examples_rclpy_minimal_action_server:/home/can/ros2_ws/install/examples_rclpy_minimal_action_client:/home/can/ros2_ws/install/examples_rclpy_guard_conditions:/home/can/ros2_ws/install/examples_rclpy_executors:/opt/ros/humble /usr/bin/cmake --build /home/can/ros2_ws/src/vbm_project/src/build/vbm_project_env -- -j8 -l8
[2.110s] Invoking command in '/home/can/ros2_ws/src/vbm_project/src/build/vbm_project_env': CMAKE_PREFIX_PATH=${CMAKE_PREFIX_PATH}:/home/can/ros2_ws/install/opencv_test_py:/home/can/ros2_ws/install/launch_testing_examples:/home/can/ros2_ws/install/hw4:/home/can/ros2_ws/install/examples_rclpy_pointcloud_publisher:/home/can/ros2_ws/install/examples_rclpy_minimal_subscriber:/home/can/ros2_ws/install/examples_rclpy_minimal_service:/home/can/ros2_ws/install/examples_rclpy_minimal_publisher:/home/can/ros2_ws/install/examples_rclpy_minimal_client:/home/can/ros2_ws/install/examples_rclpy_minimal_action_server:/home/can/ros2_ws/install/examples_rclpy_minimal_action_client:/home/can/ros2_ws/install/examples_rclpy_guard_conditions:/home/can/ros2_ws/install/examples_rclpy_executors:/opt/ros/humble /usr/bin/cmake --install /home/can/ros2_ws/src/vbm_project/src/build/vbm_project_env
[2.131s] -- Install configuration: ""
[2.131s] -- Installing: /home/can/ros2_ws/src/vbm_project/src/install/vbm_project_env/share/vbm_project_env/launch
[2.131s] -- Installing: /home/can/ros2_ws/src/vbm_project/src/install/vbm_project_env/share/vbm_project_env/launch/simulation.launch.py
[2.132s] -- Installing: /home/can/ros2_ws/src/vbm_project/src/install/vbm_project_env/share/vbm_project_env/worlds
[2.132s] -- Installing: /home/can/ros2_ws/src/vbm_project/src/install/vbm_project_env/share/vbm_project_env/worlds/simulation.world
[2.132s] -- Installing: /home/can/ros2_ws/src/vbm_project/src/install/vbm_project_env/share/vbm_project_env/urdf
[2.132s] -- Installing: /home/can/ros2_ws/src/vbm_project/src/install/vbm_project_env/share/vbm_project_env/urdf/camera.urdf
[2.132s] -- Installing: /home/can/ros2_ws/src/vbm_project/src/install/vbm_project_env/share/ament_index/resource_index/package_run_dependencies/vbm_project_env
[2.133s] -- Installing: /home/can/ros2_ws/src/vbm_project/src/install/vbm_project_env/share/ament_index/resource_index/parent_prefix_path/vbm_project_env
[2.133s] -- Installing: /home/can/ros2_ws/src/vbm_project/src/install/vbm_project_env/share/vbm_project_env/environment/ament_prefix_path.sh
[2.133s] -- Installing: /home/can/ros2_ws/src/vbm_project/src/install/vbm_project_env/share/vbm_project_env/environment/ament_prefix_path.dsv
[2.133s] -- Installing: /home/can/ros2_ws/src/vbm_project/src/install/vbm_project_env/share/vbm_project_env/environment/path.sh
[2.134s] -- Installing: /home/can/ros2_ws/src/vbm_project/src/install/vbm_project_env/share/vbm_project_env/environment/path.dsv
[2.134s] -- Installing: /home/can/ros2_ws/src/vbm_project/src/install/vbm_project_env/share/vbm_project_env/local_setup.bash
[2.134s] -- Installing: /home/can/ros2_ws/src/vbm_project/src/install/vbm_project_env/share/vbm_project_env/local_setup.sh
[2.134s] -- Installing: /home/can/ros2_ws/src/vbm_project/src/install/vbm_project_env/share/vbm_project_env/local_setup.zsh
[2.134s] -- Installing: /home/can/ros2_ws/src/vbm_project/src/install/vbm_project_env/share/vbm_project_env/local_setup.dsv
[2.135s] -- Installing: /home/can/ros2_ws/src/vbm_project/src/install/vbm_project_env/share/vbm_project_env/package.dsv
[2.136s] -- Installing: /home/can/ros2_ws/src/vbm_project/src/install/vbm_project_env/share/ament_index/resource_index/packages/vbm_project_env
[2.138s] -- Installing: /home/can/ros2_ws/src/vbm_project/src/install/vbm_project_env/share/vbm_project_env/cmake/vbm_project_envConfig.cmake
[2.139s] -- Installing: /home/can/ros2_ws/src/vbm_project/src/install/vbm_project_env/share/vbm_project_env/cmake/vbm_project_envConfig-version.cmake
[2.139s] -- Installing: /home/can/ros2_ws/src/vbm_project/src/install/vbm_project_env/share/vbm_project_env/package.xml
[2.144s] Invoked command in '/home/can/ros2_ws/src/vbm_project/src/build/vbm_project_env' returned '0': CMAKE_PREFIX_PATH=${CMAKE_PREFIX_PATH}:/home/can/ros2_ws/install/opencv_test_py:/home/can/ros2_ws/install/launch_testing_examples:/home/can/ros2_ws/install/hw4:/home/can/ros2_ws/install/examples_rclpy_pointcloud_publisher:/home/can/ros2_ws/install/examples_rclpy_minimal_subscriber:/home/can/ros2_ws/install/examples_rclpy_minimal_service:/home/can/ros2_ws/install/examples_rclpy_minimal_publisher:/home/can/ros2_ws/install/examples_rclpy_minimal_client:/home/can/ros2_ws/install/examples_rclpy_minimal_action_server:/home/can/ros2_ws/install/examples_rclpy_minimal_action_client:/home/can/ros2_ws/install/examples_rclpy_guard_conditions:/home/can/ros2_ws/install/examples_rclpy_executors:/opt/ros/humble /usr/bin/cmake --install /home/can/ros2_ws/src/vbm_project/src/build/vbm_project_env
