[2.517s] DEBUG:colcon:Command line arguments: ['/usr/bin/colcon', 'build']
[2.517s] DEBUG:colcon:Parsed command line arguments: Namespace(log_base=None, log_level=None, verb_name='build', build_base='build', install_base='install', merge_install=False, symlink_install=False, test_result_base=None, continue_on_error=False, executor='parallel', parallel_workers=8, event_handlers=None, ignore_user_meta=False, metas=['./colcon.meta'], base_paths=['.'], packages_ignore=None, packages_ignore_regex=None, paths=None, packages_up_to=None, packages_up_to_regex=None, packages_above=None, packages_above_and_dependencies=None, packages_above_depth=None, packages_select_by_dep=None, packages_skip_by_dep=None, packages_skip_up_to=None, packages_select_build_failed=False, packages_skip_build_finished=False, packages_select_test_failures=False, packages_skip_test_passed=False, packages_select=None, packages_skip=None, packages_select_regex=None, packages_skip_regex=None, packages_start=None, packages_end=None, allow_overriding=[], cmake_args=None, cmake_target=None, cmake_target_skip_unavailable=False, cmake_clean_cache=False, cmake_clean_first=False, cmake_force_configure=False, ament_cmake_args=None, catkin_cmake_args=None, catkin_skip_building_tests=False, verb_parser=<colcon_defaults.argument_parser.defaults.DefaultArgumentsDecorator object at 0x7f33e1b101c0>, verb_extension=<colcon_core.verb.build.BuildVerb object at 0x7f33e1b12650>, main=<bound method BuildVerb.main of <colcon_core.verb.build.BuildVerb object at 0x7f33e1b12650>>)
[2.620s] Level 1:colcon.colcon_core.package_discovery:discover_packages(colcon_meta) check parameters
[2.621s] Level 1:colcon.colcon_core.package_discovery:discover_packages(recursive) check parameters
[2.621s] Level 1:colcon.colcon_core.package_discovery:discover_packages(ignore) check parameters
[2.621s] Level 1:colcon.colcon_core.package_discovery:discover_packages(path) check parameters
[2.621s] Level 1:colcon.colcon_core.package_discovery:discover_packages(colcon_meta) discover
[2.621s] Level 1:colcon.colcon_core.package_discovery:discover_packages(recursive) discover
[2.621s] INFO:colcon.colcon_core.package_discovery:Crawling recursively for packages in '/home/can/ros2_ws/src/vbm_project/src'
[2.621s] Level 1:colcon.colcon_core.package_identification:_identify(.) by extensions ['ignore', 'ignore_ament_install']
[2.622s] Level 1:colcon.colcon_core.package_identification:_identify(.) by extension 'ignore'
[2.622s] Level 1:colcon.colcon_core.package_identification:_identify(.) by extension 'ignore_ament_install'
[2.622s] Level 1:colcon.colcon_core.package_identification:_identify(.) by extensions ['colcon_pkg']
[2.622s] Level 1:colcon.colcon_core.package_identification:_identify(.) by extension 'colcon_pkg'
[2.622s] Level 1:colcon.colcon_core.package_identification:_identify(.) by extensions ['colcon_meta']
[2.622s] Level 1:colcon.colcon_core.package_identification:_identify(.) by extension 'colcon_meta'
[2.622s] Level 1:colcon.colcon_core.package_identification:_identify(.) by extensions ['ros']
[2.622s] Level 1:colcon.colcon_core.package_identification:_identify(.) by extension 'ros'
[2.643s] Level 1:colcon.colcon_core.package_identification:_identify(.) by extensions ['cmake', 'python']
[2.643s] Level 1:colcon.colcon_core.package_identification:_identify(.) by extension 'cmake'
[2.643s] Level 1:colcon.colcon_core.package_identification:_identify(.) by extension 'python'
[2.644s] Level 1:colcon.colcon_core.package_identification:_identify(.) by extensions ['python_setup_py']
[2.644s] Level 1:colcon.colcon_core.package_identification:_identify(.) by extension 'python_setup_py'
[2.644s] Level 1:colcon.colcon_core.package_identification:_identify(build) by extensions ['ignore', 'ignore_ament_install']
[2.644s] Level 1:colcon.colcon_core.package_identification:_identify(build) by extension 'ignore'
[2.644s] Level 1:colcon.colcon_core.package_identification:_identify(build) ignored
[2.644s] Level 1:colcon.colcon_core.package_identification:_identify(install) by extensions ['ignore', 'ignore_ament_install']
[2.644s] Level 1:colcon.colcon_core.package_identification:_identify(install) by extension 'ignore'
[2.644s] Level 1:colcon.colcon_core.package_identification:_identify(install) ignored
[2.644s] Level 1:colcon.colcon_core.package_identification:_identify(log) by extensions ['ignore', 'ignore_ament_install']
[2.644s] Level 1:colcon.colcon_core.package_identification:_identify(log) by extension 'ignore'
[2.645s] Level 1:colcon.colcon_core.package_identification:_identify(log) ignored
[2.645s] Level 1:colcon.colcon_core.package_identification:_identify(pcl_sampling) by extensions ['ignore', 'ignore_ament_install']
[2.645s] Level 1:colcon.colcon_core.package_identification:_identify(pcl_sampling) by extension 'ignore'
[2.645s] Level 1:colcon.colcon_core.package_identification:_identify(pcl_sampling) by extension 'ignore_ament_install'
[2.645s] Level 1:colcon.colcon_core.package_identification:_identify(pcl_sampling) by extensions ['colcon_pkg']
[2.645s] Level 1:colcon.colcon_core.package_identification:_identify(pcl_sampling) by extension 'colcon_pkg'
[2.645s] Level 1:colcon.colcon_core.package_identification:_identify(pcl_sampling) by extensions ['colcon_meta']
[2.645s] Level 1:colcon.colcon_core.package_identification:_identify(pcl_sampling) by extension 'colcon_meta'
[2.645s] Level 1:colcon.colcon_core.package_identification:_identify(pcl_sampling) by extensions ['ros']
[2.645s] Level 1:colcon.colcon_core.package_identification:_identify(pcl_sampling) by extension 'ros'
[2.651s] DEBUG:colcon.colcon_core.package_identification:Package 'pcl_sampling' with type 'ros.ament_cmake' and name 'pcl_sampling'
[2.652s] Level 1:colcon.colcon_core.package_identification:_identify(point_cloud) by extensions ['ignore', 'ignore_ament_install']
[2.652s] Level 1:colcon.colcon_core.package_identification:_identify(point_cloud) by extension 'ignore'
[2.652s] Level 1:colcon.colcon_core.package_identification:_identify(point_cloud) by extension 'ignore_ament_install'
[2.652s] Level 1:colcon.colcon_core.package_identification:_identify(point_cloud) by extensions ['colcon_pkg']
[2.652s] Level 1:colcon.colcon_core.package_identification:_identify(point_cloud) by extension 'colcon_pkg'
[2.652s] Level 1:colcon.colcon_core.package_identification:_identify(point_cloud) by extensions ['colcon_meta']
[2.652s] Level 1:colcon.colcon_core.package_identification:_identify(point_cloud) by extension 'colcon_meta'
[2.652s] Level 1:colcon.colcon_core.package_identification:_identify(point_cloud) by extensions ['ros']
[2.652s] Level 1:colcon.colcon_core.package_identification:_identify(point_cloud) by extension 'ros'
[2.652s] Level 1:colcon.colcon_core.package_identification:_identify(point_cloud) by extensions ['cmake', 'python']
[2.653s] Level 1:colcon.colcon_core.package_identification:_identify(point_cloud) by extension 'cmake'
[2.653s] Level 1:colcon.colcon_core.package_identification:_identify(point_cloud) by extension 'python'
[2.653s] Level 1:colcon.colcon_core.package_identification:_identify(point_cloud) by extensions ['python_setup_py']
[2.653s] Level 1:colcon.colcon_core.package_identification:_identify(point_cloud) by extension 'python_setup_py'
[2.653s] Level 1:colcon.colcon_core.package_identification:_identify(vbm_project_env) by extensions ['ignore', 'ignore_ament_install']
[2.653s] Level 1:colcon.colcon_core.package_identification:_identify(vbm_project_env) by extension 'ignore'
[2.653s] Level 1:colcon.colcon_core.package_identification:_identify(vbm_project_env) by extension 'ignore_ament_install'
[2.653s] Level 1:colcon.colcon_core.package_identification:_identify(vbm_project_env) by extensions ['colcon_pkg']
[2.653s] Level 1:colcon.colcon_core.package_identification:_identify(vbm_project_env) by extension 'colcon_pkg'
[2.653s] Level 1:colcon.colcon_core.package_identification:_identify(vbm_project_env) by extensions ['colcon_meta']
[2.653s] Level 1:colcon.colcon_core.package_identification:_identify(vbm_project_env) by extension 'colcon_meta'
[2.653s] Level 1:colcon.colcon_core.package_identification:_identify(vbm_project_env) by extensions ['ros']
[2.653s] Level 1:colcon.colcon_core.package_identification:_identify(vbm_project_env) by extension 'ros'
[2.654s] DEBUG:colcon.colcon_core.package_identification:Package 'vbm_project_env' with type 'ros.ament_cmake' and name 'vbm_project_env'
[2.654s] Level 1:colcon.colcon_core.package_discovery:discover_packages(recursive) using defaults
[2.654s] Level 1:colcon.colcon_core.package_discovery:discover_packages(ignore) discover
[2.654s] Level 1:colcon.colcon_core.package_discovery:discover_packages(ignore) using defaults
[2.654s] Level 1:colcon.colcon_core.package_discovery:discover_packages(path) discover
[2.654s] Level 1:colcon.colcon_core.package_discovery:discover_packages(path) using defaults
[2.848s] Level 1:colcon.colcon_core.package_discovery:discover_packages(prefix_path) check parameters
[2.848s] Level 1:colcon.colcon_core.package_discovery:discover_packages(prefix_path) discover
[2.927s] DEBUG:colcon.colcon_installed_package_information.package_discovery:Found 29 installed packages in /home/can/ros2_ws/install
[2.955s] DEBUG:colcon.colcon_installed_package_information.package_discovery:Found 341 installed packages in /opt/ros/humble
[2.961s] Level 1:colcon.colcon_core.package_discovery:discover_packages(prefix_path) using defaults
[3.194s] Level 5:colcon.colcon_core.verb:set package 'pcl_sampling' build argument 'cmake_args' from command line to 'None'
[3.194s] Level 5:colcon.colcon_core.verb:set package 'pcl_sampling' build argument 'cmake_target' from command line to 'None'
[3.194s] Level 5:colcon.colcon_core.verb:set package 'pcl_sampling' build argument 'cmake_target_skip_unavailable' from command line to 'False'
[3.194s] Level 5:colcon.colcon_core.verb:set package 'pcl_sampling' build argument 'cmake_clean_cache' from command line to 'False'
[3.195s] Level 5:colcon.colcon_core.verb:set package 'pcl_sampling' build argument 'cmake_clean_first' from command line to 'False'
[3.195s] Level 5:colcon.colcon_core.verb:set package 'pcl_sampling' build argument 'cmake_force_configure' from command line to 'False'
[3.195s] Level 5:colcon.colcon_core.verb:set package 'pcl_sampling' build argument 'ament_cmake_args' from command line to 'None'
[3.195s] Level 5:colcon.colcon_core.verb:set package 'pcl_sampling' build argument 'catkin_cmake_args' from command line to 'None'
[3.195s] Level 5:colcon.colcon_core.verb:set package 'pcl_sampling' build argument 'catkin_skip_building_tests' from command line to 'False'
[3.195s] DEBUG:colcon.colcon_core.verb:Building package 'pcl_sampling' with the following arguments: {'ament_cmake_args': None, 'build_base': '/home/can/ros2_ws/src/vbm_project/src/build/pcl_sampling', 'catkin_cmake_args': None, 'catkin_skip_building_tests': False, 'cmake_args': None, 'cmake_clean_cache': False, 'cmake_clean_first': False, 'cmake_force_configure': False, 'cmake_target': None, 'cmake_target_skip_unavailable': False, 'install_base': '/home/can/ros2_ws/src/vbm_project/src/install/pcl_sampling', 'merge_install': False, 'path': '/home/can/ros2_ws/src/vbm_project/src/pcl_sampling', 'symlink_install': False, 'test_result_base': None}
[3.227s] Level 5:colcon.colcon_core.verb:set package 'vbm_project_env' build argument 'cmake_args' from command line to 'None'
[3.227s] Level 5:colcon.colcon_core.verb:set package 'vbm_project_env' build argument 'cmake_target' from command line to 'None'
[3.227s] Level 5:colcon.colcon_core.verb:set package 'vbm_project_env' build argument 'cmake_target_skip_unavailable' from command line to 'False'
[3.227s] Level 5:colcon.colcon_core.verb:set package 'vbm_project_env' build argument 'cmake_clean_cache' from command line to 'False'
[3.227s] Level 5:colcon.colcon_core.verb:set package 'vbm_project_env' build argument 'cmake_clean_first' from command line to 'False'
[3.227s] Level 5:colcon.colcon_core.verb:set package 'vbm_project_env' build argument 'cmake_force_configure' from command line to 'False'
[3.227s] Level 5:colcon.colcon_core.verb:set package 'vbm_project_env' build argument 'ament_cmake_args' from command line to 'None'
[3.227s] Level 5:colcon.colcon_core.verb:set package 'vbm_project_env' build argument 'catkin_cmake_args' from command line to 'None'
[3.228s] Level 5:colcon.colcon_core.verb:set package 'vbm_project_env' build argument 'catkin_skip_building_tests' from command line to 'False'
[3.228s] DEBUG:colcon.colcon_core.verb:Building package 'vbm_project_env' with the following arguments: {'ament_cmake_args': None, 'build_base': '/home/can/ros2_ws/src/vbm_project/src/build/vbm_project_env', 'catkin_cmake_args': None, 'catkin_skip_building_tests': False, 'cmake_args': None, 'cmake_clean_cache': False, 'cmake_clean_first': False, 'cmake_force_configure': False, 'cmake_target': None, 'cmake_target_skip_unavailable': False, 'install_base': '/home/can/ros2_ws/src/vbm_project/src/install/vbm_project_env', 'merge_install': False, 'path': '/home/can/ros2_ws/src/vbm_project/src/vbm_project_env', 'symlink_install': False, 'test_result_base': None}
[3.254s] INFO:colcon.colcon_core.executor:Executing jobs using 'parallel' executor
[3.288s] DEBUG:colcon.colcon_parallel_executor.executor.parallel:run_until_complete
[3.291s] INFO:colcon.colcon_ros.task.ament_cmake.build:Building ROS package in '/home/can/ros2_ws/src/vbm_project/src/pcl_sampling' with build type 'ament_cmake'
[3.292s] INFO:colcon.colcon_cmake.task.cmake.build:Building CMake package in '/home/can/ros2_ws/src/vbm_project/src/pcl_sampling'
[3.332s] INFO:colcon.colcon_core.plugin_system:Skipping extension 'colcon_core.shell.bat': Not used on non-Windows systems
[3.332s] INFO:colcon.colcon_core.shell:Skip shell extension 'powershell' for command environment: Not usable outside of PowerShell
[3.332s] DEBUG:colcon.colcon_core.shell:Skip shell extension 'dsv' for command environment
[3.446s] INFO:colcon.colcon_ros.task.ament_cmake.build:Building ROS package in '/home/can/ros2_ws/src/vbm_project/src/vbm_project_env' with build type 'ament_cmake'
[3.447s] INFO:colcon.colcon_cmake.task.cmake.build:Building CMake package in '/home/can/ros2_ws/src/vbm_project/src/vbm_project_env'
[3.486s] INFO:colcon.colcon_core.shell:Skip shell extension 'powershell' for command environment: Not usable outside of PowerShell
[3.486s] DEBUG:colcon.colcon_core.shell:Skip shell extension 'dsv' for command environment
[3.603s] DEBUG:colcon.colcon_core.event_handler.log_command:Invoking command in '/home/can/ros2_ws/src/vbm_project/src/build/pcl_sampling': CMAKE_PREFIX_PATH=${CMAKE_PREFIX_PATH}:/home/can/ros2_ws/install/opencv_test_py:/home/can/ros2_ws/install/launch_testing_examples:/home/can/ros2_ws/install/hw4:/home/can/ros2_ws/install/examples_rclpy_pointcloud_publisher:/home/can/ros2_ws/install/examples_rclpy_minimal_subscriber:/home/can/ros2_ws/install/examples_rclpy_minimal_service:/home/can/ros2_ws/install/examples_rclpy_minimal_publisher:/home/can/ros2_ws/install/examples_rclpy_minimal_client:/home/can/ros2_ws/install/examples_rclpy_minimal_action_server:/home/can/ros2_ws/install/examples_rclpy_minimal_action_client:/home/can/ros2_ws/install/examples_rclpy_guard_conditions:/home/can/ros2_ws/install/examples_rclpy_executors:/opt/ros/humble /usr/bin/cmake --build /home/can/ros2_ws/src/vbm_project/src/build/pcl_sampling -- -j8 -l8
[3.613s] DEBUG:colcon.colcon_core.event_handler.log_command:Invoking command in '/home/can/ros2_ws/src/vbm_project/src/build/vbm_project_env': CMAKE_PREFIX_PATH=${CMAKE_PREFIX_PATH}:/home/can/ros2_ws/install/opencv_test_py:/home/can/ros2_ws/install/launch_testing_examples:/home/can/ros2_ws/install/hw4:/home/can/ros2_ws/install/examples_rclpy_pointcloud_publisher:/home/can/ros2_ws/install/examples_rclpy_minimal_subscriber:/home/can/ros2_ws/install/examples_rclpy_minimal_service:/home/can/ros2_ws/install/examples_rclpy_minimal_publisher:/home/can/ros2_ws/install/examples_rclpy_minimal_client:/home/can/ros2_ws/install/examples_rclpy_minimal_action_server:/home/can/ros2_ws/install/examples_rclpy_minimal_action_client:/home/can/ros2_ws/install/examples_rclpy_guard_conditions:/home/can/ros2_ws/install/examples_rclpy_executors:/opt/ros/humble /usr/bin/cmake --build /home/can/ros2_ws/src/vbm_project/src/build/vbm_project_env -- -j8 -l8
[3.698s] DEBUG:colcon.colcon_core.event_handler.log_command:Invoked command in '/home/can/ros2_ws/src/vbm_project/src/build/vbm_project_env' returned '0': CMAKE_PREFIX_PATH=${CMAKE_PREFIX_PATH}:/home/can/ros2_ws/install/opencv_test_py:/home/can/ros2_ws/install/launch_testing_examples:/home/can/ros2_ws/install/hw4:/home/can/ros2_ws/install/examples_rclpy_pointcloud_publisher:/home/can/ros2_ws/install/examples_rclpy_minimal_subscriber:/home/can/ros2_ws/install/examples_rclpy_minimal_service:/home/can/ros2_ws/install/examples_rclpy_minimal_publisher:/home/can/ros2_ws/install/examples_rclpy_minimal_client:/home/can/ros2_ws/install/examples_rclpy_minimal_action_server:/home/can/ros2_ws/install/examples_rclpy_minimal_action_client:/home/can/ros2_ws/install/examples_rclpy_guard_conditions:/home/can/ros2_ws/install/examples_rclpy_executors:/opt/ros/humble /usr/bin/cmake --build /home/can/ros2_ws/src/vbm_project/src/build/vbm_project_env -- -j8 -l8
[3.767s] DEBUG:colcon.colcon_core.event_handler.log_command:Invoking command in '/home/can/ros2_ws/src/vbm_project/src/build/vbm_project_env': CMAKE_PREFIX_PATH=${CMAKE_PREFIX_PATH}:/home/can/ros2_ws/install/opencv_test_py:/home/can/ros2_ws/install/launch_testing_examples:/home/can/ros2_ws/install/hw4:/home/can/ros2_ws/install/examples_rclpy_pointcloud_publisher:/home/can/ros2_ws/install/examples_rclpy_minimal_subscriber:/home/can/ros2_ws/install/examples_rclpy_minimal_service:/home/can/ros2_ws/install/examples_rclpy_minimal_publisher:/home/can/ros2_ws/install/examples_rclpy_minimal_client:/home/can/ros2_ws/install/examples_rclpy_minimal_action_server:/home/can/ros2_ws/install/examples_rclpy_minimal_action_client:/home/can/ros2_ws/install/examples_rclpy_guard_conditions:/home/can/ros2_ws/install/examples_rclpy_executors:/opt/ros/humble /usr/bin/cmake --install /home/can/ros2_ws/src/vbm_project/src/build/vbm_project_env
[3.793s] Level 1:colcon.colcon_core.environment:create_environment_scripts_only(vbm_project_env)
[3.795s] DEBUG:colcon.colcon_core.event_handler.log_command:Invoked command in '/home/can/ros2_ws/src/vbm_project/src/build/vbm_project_env' returned '0': CMAKE_PREFIX_PATH=${CMAKE_PREFIX_PATH}:/home/can/ros2_ws/install/opencv_test_py:/home/can/ros2_ws/install/launch_testing_examples:/home/can/ros2_ws/install/hw4:/home/can/ros2_ws/install/examples_rclpy_pointcloud_publisher:/home/can/ros2_ws/install/examples_rclpy_minimal_subscriber:/home/can/ros2_ws/install/examples_rclpy_minimal_service:/home/can/ros2_ws/install/examples_rclpy_minimal_publisher:/home/can/ros2_ws/install/examples_rclpy_minimal_client:/home/can/ros2_ws/install/examples_rclpy_minimal_action_server:/home/can/ros2_ws/install/examples_rclpy_minimal_action_client:/home/can/ros2_ws/install/examples_rclpy_guard_conditions:/home/can/ros2_ws/install/examples_rclpy_executors:/opt/ros/humble /usr/bin/cmake --install /home/can/ros2_ws/src/vbm_project/src/build/vbm_project_env
[3.856s] Level 1:colcon.colcon_core.environment:checking '/home/can/ros2_ws/src/vbm_project/src/install/vbm_project_env' for CMake module files
[3.857s] Level 1:colcon.colcon_core.environment:checking '/home/can/ros2_ws/src/vbm_project/src/install/vbm_project_env' for CMake config files
[3.857s] Level 1:colcon.colcon_core.shell:create_environment_hook('vbm_project_env', 'cmake_prefix_path')
[3.910s] INFO:colcon.colcon_core.shell:Creating environment hook '/home/can/ros2_ws/src/vbm_project/src/install/vbm_project_env/share/vbm_project_env/hook/cmake_prefix_path.ps1'
[3.914s] INFO:colcon.colcon_core.shell:Creating environment descriptor '/home/can/ros2_ws/src/vbm_project/src/install/vbm_project_env/share/vbm_project_env/hook/cmake_prefix_path.dsv'
[3.916s] INFO:colcon.colcon_core.shell:Creating environment hook '/home/can/ros2_ws/src/vbm_project/src/install/vbm_project_env/share/vbm_project_env/hook/cmake_prefix_path.sh'
[3.919s] Level 1:colcon.colcon_core.environment:checking '/home/can/ros2_ws/src/vbm_project/src/install/vbm_project_env/bin'
[3.919s] Level 1:colcon.colcon_core.environment:checking '/home/can/ros2_ws/src/vbm_project/src/install/vbm_project_env/lib/pkgconfig/vbm_project_env.pc'
[3.919s] Level 1:colcon.colcon_core.environment:checking '/home/can/ros2_ws/src/vbm_project/src/install/vbm_project_env/lib/python3.10/site-packages'
[3.920s] Level 1:colcon.colcon_core.environment:checking '/home/can/ros2_ws/src/vbm_project/src/install/vbm_project_env/bin'
[3.975s] INFO:colcon.colcon_core.shell:Creating package script '/home/can/ros2_ws/src/vbm_project/src/install/vbm_project_env/share/vbm_project_env/package.ps1'
[3.977s] INFO:colcon.colcon_core.shell:Creating package descriptor '/home/can/ros2_ws/src/vbm_project/src/install/vbm_project_env/share/vbm_project_env/package.dsv'
[3.979s] INFO:colcon.colcon_core.shell:Creating package script '/home/can/ros2_ws/src/vbm_project/src/install/vbm_project_env/share/vbm_project_env/package.sh'
[3.983s] INFO:colcon.colcon_core.shell:Creating package script '/home/can/ros2_ws/src/vbm_project/src/install/vbm_project_env/share/vbm_project_env/package.bash'
[3.985s] INFO:colcon.colcon_core.shell:Creating package script '/home/can/ros2_ws/src/vbm_project/src/install/vbm_project_env/share/vbm_project_env/package.zsh'
[3.987s] Level 1:colcon.colcon_core.environment:create_file_with_runtime_dependencies(/home/can/ros2_ws/src/vbm_project/src/install/vbm_project_env/share/colcon-core/packages/vbm_project_env)
[4.109s] Level 1:colcon.colcon_core.environment:create_environment_scripts_only(vbm_project_env)
[4.147s] Level 1:colcon.colcon_core.environment:checking '/home/can/ros2_ws/src/vbm_project/src/install/vbm_project_env' for CMake module files
[4.147s] Level 1:colcon.colcon_core.environment:checking '/home/can/ros2_ws/src/vbm_project/src/install/vbm_project_env' for CMake config files
[4.148s] Level 1:colcon.colcon_core.shell:create_environment_hook('vbm_project_env', 'cmake_prefix_path')
[4.181s] INFO:colcon.colcon_core.shell:Creating environment hook '/home/can/ros2_ws/src/vbm_project/src/install/vbm_project_env/share/vbm_project_env/hook/cmake_prefix_path.ps1'
[4.182s] INFO:colcon.colcon_core.shell:Creating environment descriptor '/home/can/ros2_ws/src/vbm_project/src/install/vbm_project_env/share/vbm_project_env/hook/cmake_prefix_path.dsv'
[4.182s] INFO:colcon.colcon_core.shell:Creating environment hook '/home/can/ros2_ws/src/vbm_project/src/install/vbm_project_env/share/vbm_project_env/hook/cmake_prefix_path.sh'
[4.183s] Level 1:colcon.colcon_core.environment:checking '/home/can/ros2_ws/src/vbm_project/src/install/vbm_project_env/bin'
[4.183s] Level 1:colcon.colcon_core.environment:checking '/home/can/ros2_ws/src/vbm_project/src/install/vbm_project_env/lib/pkgconfig/vbm_project_env.pc'
[4.183s] Level 1:colcon.colcon_core.environment:checking '/home/can/ros2_ws/src/vbm_project/src/install/vbm_project_env/lib/python3.10/site-packages'
[4.183s] Level 1:colcon.colcon_core.environment:checking '/home/can/ros2_ws/src/vbm_project/src/install/vbm_project_env/bin'
[4.225s] INFO:colcon.colcon_core.shell:Creating package script '/home/can/ros2_ws/src/vbm_project/src/install/vbm_project_env/share/vbm_project_env/package.ps1'
[4.226s] INFO:colcon.colcon_core.shell:Creating package descriptor '/home/can/ros2_ws/src/vbm_project/src/install/vbm_project_env/share/vbm_project_env/package.dsv'
[4.227s] INFO:colcon.colcon_core.shell:Creating package script '/home/can/ros2_ws/src/vbm_project/src/install/vbm_project_env/share/vbm_project_env/package.sh'
[4.227s] INFO:colcon.colcon_core.shell:Creating package script '/home/can/ros2_ws/src/vbm_project/src/install/vbm_project_env/share/vbm_project_env/package.bash'
[4.228s] INFO:colcon.colcon_core.shell:Creating package script '/home/can/ros2_ws/src/vbm_project/src/install/vbm_project_env/share/vbm_project_env/package.zsh'
[4.228s] Level 1:colcon.colcon_core.environment:create_file_with_runtime_dependencies(/home/can/ros2_ws/src/vbm_project/src/install/vbm_project_env/share/colcon-core/packages/vbm_project_env)
[26.159s] DEBUG:colcon.colcon_core.event_handler.log_command:Invoked command in '/home/can/ros2_ws/src/vbm_project/src/build/pcl_sampling' returned '0': CMAKE_PREFIX_PATH=${CMAKE_PREFIX_PATH}:/home/can/ros2_ws/install/opencv_test_py:/home/can/ros2_ws/install/launch_testing_examples:/home/can/ros2_ws/install/hw4:/home/can/ros2_ws/install/examples_rclpy_pointcloud_publisher:/home/can/ros2_ws/install/examples_rclpy_minimal_subscriber:/home/can/ros2_ws/install/examples_rclpy_minimal_service:/home/can/ros2_ws/install/examples_rclpy_minimal_publisher:/home/can/ros2_ws/install/examples_rclpy_minimal_client:/home/can/ros2_ws/install/examples_rclpy_minimal_action_server:/home/can/ros2_ws/install/examples_rclpy_minimal_action_client:/home/can/ros2_ws/install/examples_rclpy_guard_conditions:/home/can/ros2_ws/install/examples_rclpy_executors:/opt/ros/humble /usr/bin/cmake --build /home/can/ros2_ws/src/vbm_project/src/build/pcl_sampling -- -j8 -l8
[26.207s] DEBUG:colcon.colcon_core.event_handler.log_command:Invoking command in '/home/can/ros2_ws/src/vbm_project/src/build/pcl_sampling': CMAKE_PREFIX_PATH=${CMAKE_PREFIX_PATH}:/home/can/ros2_ws/install/opencv_test_py:/home/can/ros2_ws/install/launch_testing_examples:/home/can/ros2_ws/install/hw4:/home/can/ros2_ws/install/examples_rclpy_pointcloud_publisher:/home/can/ros2_ws/install/examples_rclpy_minimal_subscriber:/home/can/ros2_ws/install/examples_rclpy_minimal_service:/home/can/ros2_ws/install/examples_rclpy_minimal_publisher:/home/can/ros2_ws/install/examples_rclpy_minimal_client:/home/can/ros2_ws/install/examples_rclpy_minimal_action_server:/home/can/ros2_ws/install/examples_rclpy_minimal_action_client:/home/can/ros2_ws/install/examples_rclpy_guard_conditions:/home/can/ros2_ws/install/examples_rclpy_executors:/opt/ros/humble /usr/bin/cmake --install /home/can/ros2_ws/src/vbm_project/src/build/pcl_sampling
[26.225s] Level 1:colcon.colcon_core.environment:create_environment_scripts_only(pcl_sampling)
[26.226s] DEBUG:colcon.colcon_core.event_handler.log_command:Invoked command in '/home/can/ros2_ws/src/vbm_project/src/build/pcl_sampling' returned '0': CMAKE_PREFIX_PATH=${CMAKE_PREFIX_PATH}:/home/can/ros2_ws/install/opencv_test_py:/home/can/ros2_ws/install/launch_testing_examples:/home/can/ros2_ws/install/hw4:/home/can/ros2_ws/install/examples_rclpy_pointcloud_publisher:/home/can/ros2_ws/install/examples_rclpy_minimal_subscriber:/home/can/ros2_ws/install/examples_rclpy_minimal_service:/home/can/ros2_ws/install/examples_rclpy_minimal_publisher:/home/can/ros2_ws/install/examples_rclpy_minimal_client:/home/can/ros2_ws/install/examples_rclpy_minimal_action_server:/home/can/ros2_ws/install/examples_rclpy_minimal_action_client:/home/can/ros2_ws/install/examples_rclpy_guard_conditions:/home/can/ros2_ws/install/examples_rclpy_executors:/opt/ros/humble /usr/bin/cmake --install /home/can/ros2_ws/src/vbm_project/src/build/pcl_sampling
[26.252s] Level 1:colcon.colcon_core.environment:checking '/home/can/ros2_ws/src/vbm_project/src/install/pcl_sampling' for CMake module files
[26.253s] Level 1:colcon.colcon_core.environment:checking '/home/can/ros2_ws/src/vbm_project/src/install/pcl_sampling' for CMake config files
[26.253s] Level 1:colcon.colcon_core.shell:create_environment_hook('pcl_sampling', 'cmake_prefix_path')
[26.285s] INFO:colcon.colcon_core.shell:Creating environment hook '/home/can/ros2_ws/src/vbm_project/src/install/pcl_sampling/share/pcl_sampling/hook/cmake_prefix_path.ps1'
[26.286s] INFO:colcon.colcon_core.shell:Creating environment descriptor '/home/can/ros2_ws/src/vbm_project/src/install/pcl_sampling/share/pcl_sampling/hook/cmake_prefix_path.dsv'
[26.287s] INFO:colcon.colcon_core.shell:Creating environment hook '/home/can/ros2_ws/src/vbm_project/src/install/pcl_sampling/share/pcl_sampling/hook/cmake_prefix_path.sh'
[26.288s] Level 1:colcon.colcon_core.environment:checking '/home/can/ros2_ws/src/vbm_project/src/install/pcl_sampling/lib'
[26.288s] Level 1:colcon.colcon_core.environment:checking '/home/can/ros2_ws/src/vbm_project/src/install/pcl_sampling/bin'
[26.288s] Level 1:colcon.colcon_core.environment:checking '/home/can/ros2_ws/src/vbm_project/src/install/pcl_sampling/lib/pkgconfig/pcl_sampling.pc'
[26.288s] Level 1:colcon.colcon_core.environment:checking '/home/can/ros2_ws/src/vbm_project/src/install/pcl_sampling/lib/python3.10/site-packages'
[26.289s] Level 1:colcon.colcon_core.environment:checking '/home/can/ros2_ws/src/vbm_project/src/install/pcl_sampling/bin'
[26.322s] INFO:colcon.colcon_core.shell:Creating package script '/home/can/ros2_ws/src/vbm_project/src/install/pcl_sampling/share/pcl_sampling/package.ps1'
[26.323s] INFO:colcon.colcon_core.shell:Creating package descriptor '/home/can/ros2_ws/src/vbm_project/src/install/pcl_sampling/share/pcl_sampling/package.dsv'
[26.323s] INFO:colcon.colcon_core.shell:Creating package script '/home/can/ros2_ws/src/vbm_project/src/install/pcl_sampling/share/pcl_sampling/package.sh'
[26.323s] INFO:colcon.colcon_core.shell:Creating package script '/home/can/ros2_ws/src/vbm_project/src/install/pcl_sampling/share/pcl_sampling/package.bash'
[26.324s] INFO:colcon.colcon_core.shell:Creating package script '/home/can/ros2_ws/src/vbm_project/src/install/pcl_sampling/share/pcl_sampling/package.zsh'
[26.324s] Level 1:colcon.colcon_core.environment:create_file_with_runtime_dependencies(/home/can/ros2_ws/src/vbm_project/src/install/pcl_sampling/share/colcon-core/packages/pcl_sampling)
[26.409s] Level 1:colcon.colcon_core.environment:create_environment_scripts_only(pcl_sampling)
[26.444s] Level 1:colcon.colcon_core.environment:checking '/home/can/ros2_ws/src/vbm_project/src/install/pcl_sampling' for CMake module files
[26.444s] Level 1:colcon.colcon_core.environment:checking '/home/can/ros2_ws/src/vbm_project/src/install/pcl_sampling' for CMake config files
[26.445s] Level 1:colcon.colcon_core.shell:create_environment_hook('pcl_sampling', 'cmake_prefix_path')
[26.481s] INFO:colcon.colcon_core.shell:Creating environment hook '/home/can/ros2_ws/src/vbm_project/src/install/pcl_sampling/share/pcl_sampling/hook/cmake_prefix_path.ps1'
[26.481s] INFO:colcon.colcon_core.shell:Creating environment descriptor '/home/can/ros2_ws/src/vbm_project/src/install/pcl_sampling/share/pcl_sampling/hook/cmake_prefix_path.dsv'
[26.482s] INFO:colcon.colcon_core.shell:Creating environment hook '/home/can/ros2_ws/src/vbm_project/src/install/pcl_sampling/share/pcl_sampling/hook/cmake_prefix_path.sh'
[26.482s] Level 1:colcon.colcon_core.environment:checking '/home/can/ros2_ws/src/vbm_project/src/install/pcl_sampling/lib'
[26.482s] Level 1:colcon.colcon_core.environment:checking '/home/can/ros2_ws/src/vbm_project/src/install/pcl_sampling/bin'
[26.483s] Level 1:colcon.colcon_core.environment:checking '/home/can/ros2_ws/src/vbm_project/src/install/pcl_sampling/lib/pkgconfig/pcl_sampling.pc'
[26.483s] Level 1:colcon.colcon_core.environment:checking '/home/can/ros2_ws/src/vbm_project/src/install/pcl_sampling/lib/python3.10/site-packages'
[26.483s] Level 1:colcon.colcon_core.environment:checking '/home/can/ros2_ws/src/vbm_project/src/install/pcl_sampling/bin'
[26.514s] INFO:colcon.colcon_core.shell:Creating package script '/home/can/ros2_ws/src/vbm_project/src/install/pcl_sampling/share/pcl_sampling/package.ps1'
[26.515s] INFO:colcon.colcon_core.shell:Creating package descriptor '/home/can/ros2_ws/src/vbm_project/src/install/pcl_sampling/share/pcl_sampling/package.dsv'
[26.515s] INFO:colcon.colcon_core.shell:Creating package script '/home/can/ros2_ws/src/vbm_project/src/install/pcl_sampling/share/pcl_sampling/package.sh'
[26.516s] INFO:colcon.colcon_core.shell:Creating package script '/home/can/ros2_ws/src/vbm_project/src/install/pcl_sampling/share/pcl_sampling/package.bash'
[26.516s] INFO:colcon.colcon_core.shell:Creating package script '/home/can/ros2_ws/src/vbm_project/src/install/pcl_sampling/share/pcl_sampling/package.zsh'
[26.517s] Level 1:colcon.colcon_core.environment:create_file_with_runtime_dependencies(/home/can/ros2_ws/src/vbm_project/src/install/pcl_sampling/share/colcon-core/packages/pcl_sampling)
[26.517s] DEBUG:colcon.colcon_parallel_executor.executor.parallel:closing loop
[26.517s] DEBUG:colcon.colcon_parallel_executor.executor.parallel:loop closed
[26.517s] DEBUG:colcon.colcon_parallel_executor.executor.parallel:run_until_complete finished with '0'
[26.517s] DEBUG:colcon.colcon_core.event_reactor:joining thread
[26.562s] INFO:colcon.colcon_core.plugin_system:Skipping extension 'colcon_notification.desktop_notification.terminal_notifier': Not used on non-Darwin systems
[26.562s] INFO:colcon.colcon_core.plugin_system:Skipping extension 'colcon_notification.desktop_notification.win32': Not used on non-Windows systems
[26.562s] INFO:colcon.colcon_notification.desktop_notification:Sending desktop notification using 'notify2'
[26.583s] DEBUG:colcon.colcon_core.event_reactor:joined thread
[26.619s] INFO:colcon.colcon_core.shell:Creating prefix script '/home/can/ros2_ws/src/vbm_project/src/install/local_setup.ps1'
[26.623s] INFO:colcon.colcon_core.shell:Creating prefix util module '/home/can/ros2_ws/src/vbm_project/src/install/_local_setup_util_ps1.py'
[26.627s] INFO:colcon.colcon_core.shell:Creating prefix chain script '/home/can/ros2_ws/src/vbm_project/src/install/setup.ps1'
[26.676s] INFO:colcon.colcon_core.shell:Creating prefix script '/home/can/ros2_ws/src/vbm_project/src/install/local_setup.sh'
[26.676s] INFO:colcon.colcon_core.shell:Creating prefix util module '/home/can/ros2_ws/src/vbm_project/src/install/_local_setup_util_sh.py'
[26.677s] INFO:colcon.colcon_core.shell:Creating prefix chain script '/home/can/ros2_ws/src/vbm_project/src/install/setup.sh'
[26.722s] INFO:colcon.colcon_core.shell:Creating prefix script '/home/can/ros2_ws/src/vbm_project/src/install/local_setup.bash'
[26.722s] INFO:colcon.colcon_core.shell:Creating prefix chain script '/home/can/ros2_ws/src/vbm_project/src/install/setup.bash'
[26.763s] INFO:colcon.colcon_core.shell:Creating prefix script '/home/can/ros2_ws/src/vbm_project/src/install/local_setup.zsh'
[26.765s] INFO:colcon.colcon_core.shell:Creating prefix chain script '/home/can/ros2_ws/src/vbm_project/src/install/setup.zsh'
