[0.313s] Invoking command in '/home/can/ros2_ws/src/vbm_project/src/build/pcl_sampling': CMAKE_PREFIX_PATH=${CMAKE_PREFIX_PATH}:/home/can/ros2_ws/install/opencv_test_py:/home/can/ros2_ws/install/launch_testing_examples:/home/can/ros2_ws/install/hw4:/home/can/ros2_ws/install/examples_rclpy_pointcloud_publisher:/home/can/ros2_ws/install/examples_rclpy_minimal_subscriber:/home/can/ros2_ws/install/examples_rclpy_minimal_service:/home/can/ros2_ws/install/examples_rclpy_minimal_publisher:/home/can/ros2_ws/install/examples_rclpy_minimal_client:/home/can/ros2_ws/install/examples_rclpy_minimal_action_server:/home/can/ros2_ws/install/examples_rclpy_minimal_action_client:/home/can/ros2_ws/install/examples_rclpy_guard_conditions:/home/can/ros2_ws/install/examples_rclpy_executors:/opt/ros/humble /usr/bin/cmake --build /home/can/ros2_ws/src/vbm_project/src/build/pcl_sampling -- -j8 -l8
[0.428s] [35m[1mConsolidate compiler generated dependencies of target pcl_sampling[0m
[0.489s] [ 50%] [32mBuilding CXX object CMakeFiles/pcl_sampling.dir/src/pcl_sampling.cpp.o[0m
[16.324s] [100%] [32m[1mLinking CXX executable pcl_sampling[0m
[20.853s] [100%] Built target pcl_sampling
[20.869s] Invoked command in '/home/can/ros2_ws/src/vbm_project/src/build/pcl_sampling' returned '0': CMAKE_PREFIX_PATH=${CMAKE_PREFIX_PATH}:/home/can/ros2_ws/install/opencv_test_py:/home/can/ros2_ws/install/launch_testing_examples:/home/can/ros2_ws/install/hw4:/home/can/ros2_ws/install/examples_rclpy_pointcloud_publisher:/home/can/ros2_ws/install/examples_rclpy_minimal_subscriber:/home/can/ros2_ws/install/examples_rclpy_minimal_service:/home/can/ros2_ws/install/examples_rclpy_minimal_publisher:/home/can/ros2_ws/install/examples_rclpy_minimal_client:/home/can/ros2_ws/install/examples_rclpy_minimal_action_server:/home/can/ros2_ws/install/examples_rclpy_minimal_action_client:/home/can/ros2_ws/install/examples_rclpy_guard_conditions:/home/can/ros2_ws/install/examples_rclpy_executors:/opt/ros/humble /usr/bin/cmake --build /home/can/ros2_ws/src/vbm_project/src/build/pcl_sampling -- -j8 -l8
[20.917s] Invoking command in '/home/can/ros2_ws/src/vbm_project/src/build/pcl_sampling': CMAKE_PREFIX_PATH=${CMAKE_PREFIX_PATH}:/home/can/ros2_ws/install/opencv_test_py:/home/can/ros2_ws/install/launch_testing_examples:/home/can/ros2_ws/install/hw4:/home/can/ros2_ws/install/examples_rclpy_pointcloud_publisher:/home/can/ros2_ws/install/examples_rclpy_minimal_subscriber:/home/can/ros2_ws/install/examples_rclpy_minimal_service:/home/can/ros2_ws/install/examples_rclpy_minimal_publisher:/home/can/ros2_ws/install/examples_rclpy_minimal_client:/home/can/ros2_ws/install/examples_rclpy_minimal_action_server:/home/can/ros2_ws/install/examples_rclpy_minimal_action_client:/home/can/ros2_ws/install/examples_rclpy_guard_conditions:/home/can/ros2_ws/install/examples_rclpy_executors:/opt/ros/humble /usr/bin/cmake --install /home/can/ros2_ws/src/vbm_project/src/build/pcl_sampling
[20.931s] -- Install configuration: ""
[20.932s] -- Installing: /home/can/ros2_ws/src/vbm_project/src/install/pcl_sampling/lib/pcl_sampling/pcl_sampling
[20.933s] -- Up-to-date: /home/can/ros2_ws/src/vbm_project/src/install/pcl_sampling/share/ament_index/resource_index/package_run_dependencies/pcl_sampling
[20.933s] -- Up-to-date: /home/can/ros2_ws/src/vbm_project/src/install/pcl_sampling/share/ament_index/resource_index/parent_prefix_path/pcl_sampling
[20.933s] -- Up-to-date: /home/can/ros2_ws/src/vbm_project/src/install/pcl_sampling/share/pcl_sampling/environment/ament_prefix_path.sh
[20.933s] -- Up-to-date: /home/can/ros2_ws/src/vbm_project/src/install/pcl_sampling/share/pcl_sampling/environment/ament_prefix_path.dsv
[20.934s] -- Up-to-date: /home/can/ros2_ws/src/vbm_project/src/install/pcl_sampling/share/pcl_sampling/environment/path.sh
[20.935s] -- Up-to-date: /home/can/ros2_ws/src/vbm_project/src/install/pcl_sampling/share/pcl_sampling/environment/path.dsv
[20.936s] -- Up-to-date: /home/can/ros2_ws/src/vbm_project/src/install/pcl_sampling/share/pcl_sampling/local_setup.bash
[20.937s] -- Up-to-date: /home/can/ros2_ws/src/vbm_project/src/install/pcl_sampling/share/pcl_sampling/local_setup.sh
[20.938s] -- Up-to-date: /home/can/ros2_ws/src/vbm_project/src/install/pcl_sampling/share/pcl_sampling/local_setup.zsh
[20.938s] -- Up-to-date: /home/can/ros2_ws/src/vbm_project/src/install/pcl_sampling/share/pcl_sampling/local_setup.dsv
[20.938s] -- Installing: /home/can/ros2_ws/src/vbm_project/src/install/pcl_sampling/share/pcl_sampling/package.dsv
[20.938s] -- Up-to-date: /home/can/ros2_ws/src/vbm_project/src/install/pcl_sampling/share/ament_index/resource_index/packages/pcl_sampling
[20.938s] -- Up-to-date: /home/can/ros2_ws/src/vbm_project/src/install/pcl_sampling/share/pcl_sampling/cmake/pcl_samplingConfig.cmake
[20.938s] -- Up-to-date: /home/can/ros2_ws/src/vbm_project/src/install/pcl_sampling/share/pcl_sampling/cmake/pcl_samplingConfig-version.cmake
[20.938s] -- Up-to-date: /home/can/ros2_ws/src/vbm_project/src/install/pcl_sampling/share/pcl_sampling/package.xml
[20.940s] Invoked command in '/home/can/ros2_ws/src/vbm_project/src/build/pcl_sampling' returned '0': CMAKE_PREFIX_PATH=${CMAKE_PREFIX_PATH}:/home/can/ros2_ws/install/opencv_test_py:/home/can/ros2_ws/install/launch_testing_examples:/home/can/ros2_ws/install/hw4:/home/can/ros2_ws/install/examples_rclpy_pointcloud_publisher:/home/can/ros2_ws/install/examples_rclpy_minimal_subscriber:/home/can/ros2_ws/install/examples_rclpy_minimal_service:/home/can/ros2_ws/install/examples_rclpy_minimal_publisher:/home/can/ros2_ws/install/examples_rclpy_minimal_client:/home/can/ros2_ws/install/examples_rclpy_minimal_action_server:/home/can/ros2_ws/install/examples_rclpy_minimal_action_client:/home/can/ros2_ws/install/examples_rclpy_guard_conditions:/home/can/ros2_ws/install/examples_rclpy_executors:/opt/ros/humble /usr/bin/cmake --install /home/can/ros2_ws/src/vbm_project/src/build/pcl_sampling
