[0.306s] Invoking command in '/home/can/ros2_ws/src/vbm_project/src/build/pcl_sampling': CMAKE_PREFIX_PATH=${CMAKE_PREFIX_PATH}:/home/can/ros2_ws/install/opencv_test_py:/home/can/ros2_ws/install/launch_testing_examples:/home/can/ros2_ws/install/hw4:/home/can/ros2_ws/install/examples_rclpy_pointcloud_publisher:/home/can/ros2_ws/install/examples_rclpy_minimal_subscriber:/home/can/ros2_ws/install/examples_rclpy_minimal_service:/home/can/ros2_ws/install/examples_rclpy_minimal_publisher:/home/can/ros2_ws/install/examples_rclpy_minimal_client:/home/can/ros2_ws/install/examples_rclpy_minimal_action_server:/home/can/ros2_ws/install/examples_rclpy_minimal_action_client:/home/can/ros2_ws/install/examples_rclpy_guard_conditions:/home/can/ros2_ws/install/examples_rclpy_executors:/opt/ros/humble /usr/bin/cmake --build /home/can/ros2_ws/src/vbm_project/src/build/pcl_sampling -- -j8 -l8
[0.415s] [35m[1mConsolidate compiler generated dependencies of target pcl_sampling[0m
[0.467s] [ 50%] [32mBuilding CXX object CMakeFiles/pcl_sampling.dir/src/pcl_sampling.cpp.o[0m
[25.619s] [100%] [32m[1mLinking CXX executable pcl_sampling[0m
[33.874s] [100%] Built target pcl_sampling
[33.907s] Invoked command in '/home/can/ros2_ws/src/vbm_project/src/build/pcl_sampling' returned '0': CMAKE_PREFIX_PATH=${CMAKE_PREFIX_PATH}:/home/can/ros2_ws/install/opencv_test_py:/home/can/ros2_ws/install/launch_testing_examples:/home/can/ros2_ws/install/hw4:/home/can/ros2_ws/install/examples_rclpy_pointcloud_publisher:/home/can/ros2_ws/install/examples_rclpy_minimal_subscriber:/home/can/ros2_ws/install/examples_rclpy_minimal_service:/home/can/ros2_ws/install/examples_rclpy_minimal_publisher:/home/can/ros2_ws/install/examples_rclpy_minimal_client:/home/can/ros2_ws/install/examples_rclpy_minimal_action_server:/home/can/ros2_ws/install/examples_rclpy_minimal_action_client:/home/can/ros2_ws/install/examples_rclpy_guard_conditions:/home/can/ros2_ws/install/examples_rclpy_executors:/opt/ros/humble /usr/bin/cmake --build /home/can/ros2_ws/src/vbm_project/src/build/pcl_sampling -- -j8 -l8
[33.986s] Invoking command in '/home/can/ros2_ws/src/vbm_project/src/build/pcl_sampling': CMAKE_PREFIX_PATH=${CMAKE_PREFIX_PATH}:/home/can/ros2_ws/install/opencv_test_py:/home/can/ros2_ws/install/launch_testing_examples:/home/can/ros2_ws/install/hw4:/home/can/ros2_ws/install/examples_rclpy_pointcloud_publisher:/home/can/ros2_ws/install/examples_rclpy_minimal_subscriber:/home/can/ros2_ws/install/examples_rclpy_minimal_service:/home/can/ros2_ws/install/examples_rclpy_minimal_publisher:/home/can/ros2_ws/install/examples_rclpy_minimal_client:/home/can/ros2_ws/install/examples_rclpy_minimal_action_server:/home/can/ros2_ws/install/examples_rclpy_minimal_action_client:/home/can/ros2_ws/install/examples_rclpy_guard_conditions:/home/can/ros2_ws/install/examples_rclpy_executors:/opt/ros/humble /usr/bin/cmake --install /home/can/ros2_ws/src/vbm_project/src/build/pcl_sampling
[34.006s] -- Install configuration: ""
[34.007s] -- Installing: /home/can/ros2_ws/src/vbm_project/src/install/pcl_sampling/lib/pcl_sampling/pcl_sampling
[34.012s] -- Up-to-date: /home/can/ros2_ws/src/vbm_project/src/install/pcl_sampling/share/ament_index/resource_index/package_run_dependencies/pcl_sampling
[34.012s] -- Up-to-date: /home/can/ros2_ws/src/vbm_project/src/install/pcl_sampling/share/ament_index/resource_index/parent_prefix_path/pcl_sampling
[34.013s] -- Up-to-date: /home/can/ros2_ws/src/vbm_project/src/install/pcl_sampling/share/pcl_sampling/environment/ament_prefix_path.sh
[34.013s] -- Up-to-date: /home/can/ros2_ws/src/vbm_project/src/install/pcl_sampling/share/pcl_sampling/environment/ament_prefix_path.dsv
[34.013s] -- Up-to-date: /home/can/ros2_ws/src/vbm_project/src/install/pcl_sampling/share/pcl_sampling/environment/path.sh
[34.013s] -- Up-to-date: /home/can/ros2_ws/src/vbm_project/src/install/pcl_sampling/share/pcl_sampling/environment/path.dsv
[34.013s] -- Up-to-date: /home/can/ros2_ws/src/vbm_project/src/install/pcl_sampling/share/pcl_sampling/local_setup.bash
[34.014s] -- Up-to-date: /home/can/ros2_ws/src/vbm_project/src/install/pcl_sampling/share/pcl_sampling/local_setup.sh
[34.014s] -- Up-to-date: /home/can/ros2_ws/src/vbm_project/src/install/pcl_sampling/share/pcl_sampling/local_setup.zsh
[34.014s] -- Up-to-date: /home/can/ros2_ws/src/vbm_project/src/install/pcl_sampling/share/pcl_sampling/local_setup.dsv
[34.014s] -- Installing: /home/can/ros2_ws/src/vbm_project/src/install/pcl_sampling/share/pcl_sampling/package.dsv
[34.014s] -- Up-to-date: /home/can/ros2_ws/src/vbm_project/src/install/pcl_sampling/share/ament_index/resource_index/packages/pcl_sampling
[34.014s] -- Up-to-date: /home/can/ros2_ws/src/vbm_project/src/install/pcl_sampling/share/pcl_sampling/cmake/pcl_samplingConfig.cmake
[34.015s] -- Up-to-date: /home/can/ros2_ws/src/vbm_project/src/install/pcl_sampling/share/pcl_sampling/cmake/pcl_samplingConfig-version.cmake
[34.015s] -- Up-to-date: /home/can/ros2_ws/src/vbm_project/src/install/pcl_sampling/share/pcl_sampling/package.xml
[34.016s] Invoked command in '/home/can/ros2_ws/src/vbm_project/src/build/pcl_sampling' returned '0': CMAKE_PREFIX_PATH=${CMAKE_PREFIX_PATH}:/home/can/ros2_ws/install/opencv_test_py:/home/can/ros2_ws/install/launch_testing_examples:/home/can/ros2_ws/install/hw4:/home/can/ros2_ws/install/examples_rclpy_pointcloud_publisher:/home/can/ros2_ws/install/examples_rclpy_minimal_subscriber:/home/can/ros2_ws/install/examples_rclpy_minimal_service:/home/can/ros2_ws/install/examples_rclpy_minimal_publisher:/home/can/ros2_ws/install/examples_rclpy_minimal_client:/home/can/ros2_ws/install/examples_rclpy_minimal_action_server:/home/can/ros2_ws/install/examples_rclpy_minimal_action_client:/home/can/ros2_ws/install/examples_rclpy_guard_conditions:/home/can/ros2_ws/install/examples_rclpy_executors:/opt/ros/humble /usr/bin/cmake --install /home/can/ros2_ws/src/vbm_project/src/build/pcl_sampling
