[0.432s] Invoking command in '/home/justin/vbm_project/build/pcl_sampling': CMAKE_PREFIX_PATH=/opt/ros/humble /usr/bin/cmake /home/justin/vbm_project/src/pcl_sampling -DAMENT_CMAKE_SYMLINK_INSTALL=1 -DCMAKE_INSTALL_PREFIX=/home/justin/vbm_project/install/pcl_sampling
[0.520s] -- The C compiler identification is GNU 11.4.0
[0.585s] -- The CXX compiler identification is GNU 11.4.0
[0.602s] -- Detecting C compiler ABI info
[0.665s] -- Detecting C compiler ABI info - done
[0.672s] -- Check for working C compiler: /usr/bin/cc - skipped
[0.673s] -- Detecting C compile features
[0.674s] -- Detecting C compile features - done
[0.678s] -- Detecting CXX compiler ABI info
[0.753s] -- Detecting CXX compiler ABI info - done
[0.762s] -- Check for working CXX compiler: /usr/bin/c++ - skipped
[0.762s] -- Detecting CXX compile features
[0.762s] -- Detecting CXX compile features - done
[0.774s] -- Found ament_cmake: 1.3.5 (/opt/ros/humble/share/ament_cmake/cmake)
[0.947s] -- Found Python3: /usr/bin/python3.10 (found version "3.10.12") found components: Interpreter 
[1.024s] -- Override CMake install command with custom implementation using symlinks instead of copying resources
[1.086s] -- Checking for module 'eigen3'
[1.100s] --   Found eigen3, version 3.4.0
[1.123s] -- Found Eigen: /usr/include/eigen3 (Required is at least version "3.1") 
[1.123s] -- Eigen found (include: /usr/include/eigen3, version: 3.4.0)
[1.166s] -- Found Boost: /usr/lib/x86_64-linux-gnu/cmake/Boost-1.74.0/BoostConfig.cmake (found suitable version "1.74.0", minimum required is "1.65.0") found components: system filesystem date_time iostreams serialization 
[1.180s] -- Checking for module 'flann'
[1.191s] --   Found flann, version 1.9.1
[1.232s] -- Found FLANN: /usr/lib/x86_64-linux-gnu/libflann_cpp.so  
[1.232s] -- FLANN found (include: /usr/include, lib: /usr/lib/x86_64-linux-gnu/libflann_cpp.so)
[1.274s] -- Looking for pthread.h
[1.353s] -- Looking for pthread.h - found
[1.354s] -- Performing Test CMAKE_HAVE_LIBC_PTHREAD
[1.416s] -- Performing Test CMAKE_HAVE_LIBC_PTHREAD - Success
[1.417s] -- Found Threads: TRUE  
[1.419s] -- Found GLEW: /usr/lib/x86_64-linux-gnu/libGLEW.so  
[1.425s] -- Found OpenGL: /usr/lib/x86_64-linux-gnu/libOpenGL.so  found components: OpenGL GLX 
[1.567s] -- Found MPI_C: /usr/lib/x86_64-linux-gnu/libmpi.so (found version "3.1") 
[1.567s] -- Found MPI: TRUE (found version "3.1") found components: C 
[1.571s] -- Found JsonCpp: /usr/lib/x86_64-linux-gnu/libjsoncpp.so (found suitable version "1.9.5", minimum required is "0.7.0") 
[1.579s] -- Found ZLIB: /usr/lib/x86_64-linux-gnu/libz.so (found version "1.2.11") 
[1.596s] -- Found PNG: /usr/lib/x86_64-linux-gnu/libpng.so (found version "1.6.37") 
[1.636s] -- Found Eigen3: /usr/include/eigen3 (found version "3.4.0") 
[1.711s] -- Found X11: /usr/include   
[1.712s] -- Looking for XOpenDisplay in /usr/lib/x86_64-linux-gnu/libX11.so;/usr/lib/x86_64-linux-gnu/libXext.so
[1.788s] -- Looking for XOpenDisplay in /usr/lib/x86_64-linux-gnu/libX11.so;/usr/lib/x86_64-linux-gnu/libXext.so - found
[1.788s] -- Looking for gethostbyname
[1.844s] -- Looking for gethostbyname - found
[1.844s] -- Looking for connect
[1.901s] -- Looking for connect - found
[1.901s] -- Looking for remove
[1.964s] -- Looking for remove - found
[1.964s] -- Looking for shmat
[2.032s] -- Looking for shmat - found
[2.032s] -- Looking for IceConnectionNumber in ICE
[2.093s] -- Looking for IceConnectionNumber in ICE - found
[2.154s] -- Found EXPAT: /usr/lib/x86_64-linux-gnu/libexpat.so (found version "2.4.7") 
[2.156s] -- Found double-conversion: /usr/lib/x86_64-linux-gnu/libdouble-conversion.so  
[2.159s] -- Found LZ4: /usr/lib/x86_64-linux-gnu/liblz4.so (found version "1.9.3") 
[2.161s] -- Found LZMA: /usr/lib/x86_64-linux-gnu/liblzma.so (found version "5.2.5") 
[2.174s] -- Found JPEG: /usr/lib/x86_64-linux-gnu/libjpeg.so (found version "80") 
[2.179s] -- Found TIFF: /usr/lib/x86_64-linux-gnu/libtiff.so (found version "4.3.0")  
[2.183s] -- Found Freetype: /usr/lib/x86_64-linux-gnu/libfreetype.so (found version "2.11.1") 
[2.191s] -- Found utf8cpp: /usr/include/utf8cpp  
[2.263s] -- Checking for module 'libusb-1.0'
[2.273s] --   Found libusb-1.0, version 1.0.25
[2.298s] -- Found libusb: /usr/lib/x86_64-linux-gnu/libusb-1.0.so  
[2.299s] -- Found OpenNI: /usr/lib/libOpenNI.so;libusb::libusb (found version "1.5.4.0") 
[2.300s] -- OpenNI found (version: 1.5.4.0, include: /usr/include/ni, lib: /usr/lib/libOpenNI.so;libusb::libusb)
[2.339s] -- Found OpenNI2: /usr/lib/x86_64-linux-gnu/libOpenNI2.so;libusb::libusb (found version "2.2.0.33") 
[2.339s] -- OpenNI2 found (version: 2.2.0.33, include: /usr/include/openni2, lib: /usr/lib/x86_64-linux-gnu/libOpenNI2.so;libusb::libusb)
[2.340s] [0m** WARNING ** io features related to pcap will be disabled[0m
[2.470s] -- Eigen found (include: /usr/include/eigen3, version: 3.4.0)
[2.476s] -- OpenNI found (version: 1.5.4.0, include: /usr/include/ni, lib: /usr/lib/libOpenNI.so;libusb::libusb)
[2.481s] -- OpenNI2 found (version: 2.2.0.33, include: /usr/include/openni2, lib: /usr/lib/x86_64-linux-gnu/libOpenNI2.so;libusb::libusb)
[2.613s] -- Found Qhull version 8.0.2
[2.745s] -- OpenNI found (version: 1.5.4.0, include: /usr/include/ni, lib: /usr/lib/libOpenNI.so;libusb::libusb)
[2.867s] -- looking for PCL_COMMON
[2.867s] -- Found PCL_COMMON: /usr/lib/x86_64-linux-gnu/libpcl_common.so  
[2.868s] -- looking for PCL_KDTREE
[2.868s] -- Found PCL_KDTREE: /usr/lib/x86_64-linux-gnu/libpcl_kdtree.so  
[2.868s] -- looking for PCL_OCTREE
[2.869s] -- Found PCL_OCTREE: /usr/lib/x86_64-linux-gnu/libpcl_octree.so  
[2.869s] -- looking for PCL_SEARCH
[2.870s] -- Found PCL_SEARCH: /usr/lib/x86_64-linux-gnu/libpcl_search.so  
[2.870s] -- looking for PCL_SAMPLE_CONSENSUS
[2.871s] -- Found PCL_SAMPLE_CONSENSUS: /usr/lib/x86_64-linux-gnu/libpcl_sample_consensus.so  
[2.871s] -- looking for PCL_FILTERS
[2.872s] -- Found PCL_FILTERS: /usr/lib/x86_64-linux-gnu/libpcl_filters.so  
[2.872s] -- looking for PCL_2D
[2.872s] -- Found PCL_2D: /usr/include/pcl-1.12  
[2.872s] -- looking for PCL_GEOMETRY
[2.873s] -- Found PCL_GEOMETRY: /usr/include/pcl-1.12  
[2.873s] -- looking for PCL_IO
[2.874s] -- Found PCL_IO: /usr/lib/x86_64-linux-gnu/libpcl_io.so  
[2.874s] -- looking for PCL_FEATURES
[2.875s] -- Found PCL_FEATURES: /usr/lib/x86_64-linux-gnu/libpcl_features.so  
[2.875s] -- looking for PCL_ML
[2.875s] -- Found PCL_ML: /usr/lib/x86_64-linux-gnu/libpcl_ml.so  
[2.876s] -- looking for PCL_SEGMENTATION
[2.876s] -- Found PCL_SEGMENTATION: /usr/lib/x86_64-linux-gnu/libpcl_segmentation.so  
[2.876s] -- looking for PCL_VISUALIZATION
[2.877s] -- Found PCL_VISUALIZATION: /usr/lib/x86_64-linux-gnu/libpcl_visualization.so  
[2.877s] -- looking for PCL_SURFACE
[2.878s] -- Found PCL_SURFACE: /usr/lib/x86_64-linux-gnu/libpcl_surface.so  
[2.878s] -- looking for PCL_REGISTRATION
[2.879s] -- Found PCL_REGISTRATION: /usr/lib/x86_64-linux-gnu/libpcl_registration.so  
[2.879s] -- looking for PCL_KEYPOINTS
[2.880s] -- Found PCL_KEYPOINTS: /usr/lib/x86_64-linux-gnu/libpcl_keypoints.so  
[2.880s] -- looking for PCL_TRACKING
[2.881s] -- Found PCL_TRACKING: /usr/lib/x86_64-linux-gnu/libpcl_tracking.so  
[2.881s] -- looking for PCL_RECOGNITION
[2.882s] -- Found PCL_RECOGNITION: /usr/lib/x86_64-linux-gnu/libpcl_recognition.so  
[2.882s] -- looking for PCL_STEREO
[2.883s] -- Found PCL_STEREO: /usr/lib/x86_64-linux-gnu/libpcl_stereo.so  
[2.883s] -- looking for PCL_APPS
[2.884s] -- Found PCL_APPS: /usr/lib/x86_64-linux-gnu/libpcl_apps.so  
[2.884s] -- looking for PCL_IN_HAND_SCANNER
[2.884s] -- Found PCL_IN_HAND_SCANNER: /usr/include/pcl-1.12  
[2.884s] -- looking for PCL_MODELER
[2.885s] -- Found PCL_MODELER: /usr/include/pcl-1.12  
[2.885s] -- looking for PCL_POINT_CLOUD_EDITOR
[2.885s] -- Found PCL_POINT_CLOUD_EDITOR: /usr/include/pcl-1.12  
[2.885s] -- looking for PCL_OUTOFCORE
[2.886s] -- Found PCL_OUTOFCORE: /usr/lib/x86_64-linux-gnu/libpcl_outofcore.so  
[2.886s] -- looking for PCL_PEOPLE
[2.887s] -- Found PCL_PEOPLE: /usr/lib/x86_64-linux-gnu/libpcl_people.so  
[2.888s] -- Found PCL: pcl_common;pcl_kdtree;pcl_octree;pcl_search;pcl_sample_consensus;pcl_filters;pcl_io;pcl_features;pcl_ml;pcl_segmentation;pcl_visualization;pcl_surface;pcl_registration;pcl_keypoints;pcl_tracking;pcl_recognition;pcl_stereo;pcl_apps;pcl_outofcore;pcl_people;Boost::system;Boost::filesystem;Boost::date_time;Boost::iostreams;Boost::serialization;/usr/lib/libOpenNI.so;libusb::libusb;/usr/lib/x86_64-linux-gnu/libOpenNI2.so;libusb::libusb;VTK::ChartsCore;VTK::CommonColor;VTK::CommonComputationalGeometry;VTK::CommonCore;VTK::CommonDataModel;VTK::CommonExecutionModel;VTK::CommonMath;VTK::CommonMisc;VTK::CommonTransforms;VTK::FiltersCore;VTK::FiltersExtraction;VTK::FiltersGeneral;VTK::FiltersGeometry;VTK::FiltersModeling;VTK::FiltersSources;VTK::ImagingCore;VTK::ImagingSources;VTK::InteractionImage;VTK::InteractionStyle;VTK::InteractionWidgets;VTK::IOCore;VTK::IOGeometry;VTK::IOImage;VTK::IOLegacy;VTK::IOPLY;VTK::RenderingAnnotation;VTK::RenderingCore;VTK::RenderingContext2D;VTK::RenderingLOD;VTK::RenderingFreeType;VTK::ViewsCore;VTK::ViewsContext2D;VTK::RenderingOpenGL2;VTK::GUISupportQt;FLANN::FLANN;QHULL::QHULL  
[2.889s] -- Found ament_lint_auto: 0.12.8 (/opt/ros/humble/share/ament_lint_auto/cmake)
[2.955s] -- Added test 'cppcheck' to perform static code analysis on C / C++ code
[2.955s] -- Configured cppcheck include dirs: 
[2.955s] -- Configured cppcheck exclude dirs and/or files: 
[2.956s] -- Added test 'lint_cmake' to check CMake code style
[2.957s] -- Added test 'uncrustify' to check C / C++ code style
[2.957s] -- Configured uncrustify additional arguments: 
[2.957s] -- Added test 'xmllint' to check XML markup files
[2.958s] -- Configuring done
[3.014s] -- Generating done
[3.017s] -- Build files have been written to: /home/justin/vbm_project/build/pcl_sampling
[3.029s] Invoked command in '/home/justin/vbm_project/build/pcl_sampling' returned '0': CMAKE_PREFIX_PATH=/opt/ros/humble /usr/bin/cmake /home/justin/vbm_project/src/pcl_sampling -DAMENT_CMAKE_SYMLINK_INSTALL=1 -DCMAKE_INSTALL_PREFIX=/home/justin/vbm_project/install/pcl_sampling
[3.031s] Invoking command in '/home/justin/vbm_project/build/pcl_sampling': CMAKE_PREFIX_PATH=/opt/ros/humble /usr/bin/cmake --build /home/justin/vbm_project/build/pcl_sampling -- -j12 -l12
[3.074s] [ 50%] [32mBuilding CXX object CMakeFiles/pcl_sampling.dir/src/pcl_sampling.cpp.o[0m
[10.751s] [100%] [32m[1mLinking CXX executable pcl_sampling[0m
[13.052s] [100%] Built target pcl_sampling
[13.063s] Invoked command in '/home/justin/vbm_project/build/pcl_sampling' returned '0': CMAKE_PREFIX_PATH=/opt/ros/humble /usr/bin/cmake --build /home/justin/vbm_project/build/pcl_sampling -- -j12 -l12
[13.085s] Invoking command in '/home/justin/vbm_project/build/pcl_sampling': CMAKE_PREFIX_PATH=/opt/ros/humble /usr/bin/cmake --install /home/justin/vbm_project/build/pcl_sampling
[13.092s] -- Install configuration: ""
[13.092s] -- Execute custom install script
[13.093s] -- Symlinking: /home/justin/vbm_project/install/pcl_sampling/lib/pcl_sampling/pcl_sampling
[13.100s] -- Symlinking: /home/justin/vbm_project/install/pcl_sampling/share/ament_index/resource_index/package_run_dependencies/pcl_sampling
[13.109s] -- Symlinking: /home/justin/vbm_project/install/pcl_sampling/share/ament_index/resource_index/parent_prefix_path/pcl_sampling
[13.116s] -- Symlinking: /home/justin/vbm_project/install/pcl_sampling/share/pcl_sampling/environment/ament_prefix_path.sh
[13.123s] -- Symlinking: /home/justin/vbm_project/install/pcl_sampling/share/pcl_sampling/environment/ament_prefix_path.dsv
[13.130s] -- Symlinking: /home/justin/vbm_project/install/pcl_sampling/share/pcl_sampling/environment/path.sh
[13.137s] -- Symlinking: /home/justin/vbm_project/install/pcl_sampling/share/pcl_sampling/environment/path.dsv
[13.144s] -- Symlinking: /home/justin/vbm_project/install/pcl_sampling/share/pcl_sampling/local_setup.bash
[13.151s] -- Symlinking: /home/justin/vbm_project/install/pcl_sampling/share/pcl_sampling/local_setup.sh
[13.158s] -- Symlinking: /home/justin/vbm_project/install/pcl_sampling/share/pcl_sampling/local_setup.zsh
[13.165s] -- Symlinking: /home/justin/vbm_project/install/pcl_sampling/share/pcl_sampling/local_setup.dsv
[13.172s] -- Symlinking: /home/justin/vbm_project/install/pcl_sampling/share/pcl_sampling/package.dsv
[13.179s] -- Symlinking: /home/justin/vbm_project/install/pcl_sampling/share/ament_index/resource_index/packages/pcl_sampling
[13.187s] -- Symlinking: /home/justin/vbm_project/install/pcl_sampling/share/pcl_sampling/cmake/pcl_samplingConfig.cmake
[13.195s] -- Symlinking: /home/justin/vbm_project/install/pcl_sampling/share/pcl_sampling/cmake/pcl_samplingConfig-version.cmake
[13.202s] -- Symlinking: /home/justin/vbm_project/install/pcl_sampling/share/pcl_sampling/package.xml
[13.211s] Invoked command in '/home/justin/vbm_project/build/pcl_sampling' returned '0': CMAKE_PREFIX_PATH=/opt/ros/humble /usr/bin/cmake --install /home/justin/vbm_project/build/pcl_sampling
