[0.089s] Invoking command in '/home/expert_amateur/vbm_stuff/vbm_project/build/vbm_project_env': CMAKE_PREFIX_PATH=${CMAKE_PREFIX_PATH}:/opt/ros/humble /usr/bin/cmake /home/expert_amateur/vbm_stuff/vbm_project/src/vbm_project_env -DCMAKE_INSTALL_PREFIX=/home/expert_amateur/vbm_stuff/vbm_project/install/vbm_project_env
[0.132s] -- The C compiler identification is GNU 11.4.0
[0.177s] -- The CXX compiler identification is GNU 11.4.0
[0.183s] -- Detecting C compiler ABI info
[0.236s] -- Detecting C compiler ABI info - done
[0.243s] -- Check for working C compiler: /usr/bin/cc - skipped
[0.243s] -- Detecting C compile features
[0.244s] -- Detecting C compile features - done
[0.247s] -- Detecting CXX compiler ABI info
[0.312s] -- Detecting CXX compiler ABI info - done
[0.319s] -- Check for working CXX compiler: /usr/bin/c++ - skipped
[0.319s] -- Detecting CXX compile features
[0.319s] -- Detecting CXX compile features - done
[0.321s] -- Found ament_cmake: 1.3.5 (/opt/ros/humble/share/ament_cmake/cmake)
[0.657s] -- Found Python3: /usr/bin/python3.10 (found version "3.10.12") found components: Interpreter 
[0.738s] -- Found ament_lint_auto: 0.12.8 (/opt/ros/humble/share/ament_lint_auto/cmake)
[0.820s] -- Added test 'flake8' to check Python code syntax and style conventions
[0.821s] -- Added test 'lint_cmake' to check CMake code style
[0.821s] -- Added test 'pep257' to check Python code against some of the docstring style conventions in PEP 257
[0.822s] -- Added test 'xmllint' to check XML markup files
[0.823s] -- Configuring done
[0.825s] -- Generating done
[0.826s] -- Build files have been written to: /home/expert_amateur/vbm_stuff/vbm_project/build/vbm_project_env
[0.830s] Invoked command in '/home/expert_amateur/vbm_stuff/vbm_project/build/vbm_project_env' returned '0': CMAKE_PREFIX_PATH=${CMAKE_PREFIX_PATH}:/opt/ros/humble /usr/bin/cmake /home/expert_amateur/vbm_stuff/vbm_project/src/vbm_project_env -DCMAKE_INSTALL_PREFIX=/home/expert_amateur/vbm_stuff/vbm_project/install/vbm_project_env
[0.831s] Invoking command in '/home/expert_amateur/vbm_stuff/vbm_project/build/vbm_project_env': CMAKE_PREFIX_PATH=${CMAKE_PREFIX_PATH}:/opt/ros/humble /usr/bin/cmake --build /home/expert_amateur/vbm_stuff/vbm_project/build/vbm_project_env -- -j12 -l12
[0.862s] Invoked command in '/home/expert_amateur/vbm_stuff/vbm_project/build/vbm_project_env' returned '0': CMAKE_PREFIX_PATH=${CMAKE_PREFIX_PATH}:/opt/ros/humble /usr/bin/cmake --build /home/expert_amateur/vbm_stuff/vbm_project/build/vbm_project_env -- -j12 -l12
[0.886s] Invoking command in '/home/expert_amateur/vbm_stuff/vbm_project/build/vbm_project_env': CMAKE_PREFIX_PATH=${CMAKE_PREFIX_PATH}:/opt/ros/humble /usr/bin/cmake --install /home/expert_amateur/vbm_stuff/vbm_project/build/vbm_project_env
[0.892s] -- Install configuration: ""
[0.892s] -- Installing: /home/expert_amateur/vbm_stuff/vbm_project/install/vbm_project_env/share/vbm_project_env/launch
[0.892s] -- Installing: /home/expert_amateur/vbm_stuff/vbm_project/install/vbm_project_env/share/vbm_project_env/launch/simulation.launch.py
[0.892s] -- Installing: /home/expert_amateur/vbm_stuff/vbm_project/install/vbm_project_env/share/vbm_project_env/worlds
[0.892s] -- Installing: /home/expert_amateur/vbm_stuff/vbm_project/install/vbm_project_env/share/vbm_project_env/worlds/simulation.world
[0.892s] -- Installing: /home/expert_amateur/vbm_stuff/vbm_project/install/vbm_project_env/share/vbm_project_env/urdf
[0.893s] -- Installing: /home/expert_amateur/vbm_stuff/vbm_project/install/vbm_project_env/share/vbm_project_env/urdf/camera.urdf
[0.893s] -- Installing: /home/expert_amateur/vbm_stuff/vbm_project/install/vbm_project_env/share/ament_index/resource_index/package_run_dependencies/vbm_project_env
[0.893s] -- Installing: /home/expert_amateur/vbm_stuff/vbm_project/install/vbm_project_env/share/ament_index/resource_index/parent_prefix_path/vbm_project_env
[0.893s] -- Installing: /home/expert_amateur/vbm_stuff/vbm_project/install/vbm_project_env/share/vbm_project_env/environment/ament_prefix_path.sh
[0.893s] -- Installing: /home/expert_amateur/vbm_stuff/vbm_project/install/vbm_project_env/share/vbm_project_env/environment/ament_prefix_path.dsv
[0.893s] -- Installing: /home/expert_amateur/vbm_stuff/vbm_project/install/vbm_project_env/share/vbm_project_env/environment/path.sh
[0.893s] -- Installing: /home/expert_amateur/vbm_stuff/vbm_project/install/vbm_project_env/share/vbm_project_env/environment/path.dsv
[0.894s] -- Installing: /home/expert_amateur/vbm_stuff/vbm_project/install/vbm_project_env/share/vbm_project_env/local_setup.bash
[0.894s] -- Installing: /home/expert_amateur/vbm_stuff/vbm_project/install/vbm_project_env/share/vbm_project_env/local_setup.sh
[0.894s] -- Installing: /home/expert_amateur/vbm_stuff/vbm_project/install/vbm_project_env/share/vbm_project_env/local_setup.zsh
[0.894s] -- Installing: /home/expert_amateur/vbm_stuff/vbm_project/install/vbm_project_env/share/vbm_project_env/local_setup.dsv
[0.894s] -- Installing: /home/expert_amateur/vbm_stuff/vbm_project/install/vbm_project_env/share/vbm_project_env/package.dsv
[0.894s] -- Installing: /home/expert_amateur/vbm_stuff/vbm_project/install/vbm_project_env/share/ament_index/resource_index/packages/vbm_project_env
[0.894s] -- Installing: /home/expert_amateur/vbm_stuff/vbm_project/install/vbm_project_env/share/vbm_project_env/cmake/vbm_project_envConfig.cmake
[0.894s] -- Installing: /home/expert_amateur/vbm_stuff/vbm_project/install/vbm_project_env/share/vbm_project_env/cmake/vbm_project_envConfig-version.cmake
[0.894s] -- Installing: /home/expert_amateur/vbm_stuff/vbm_project/install/vbm_project_env/share/vbm_project_env/package.xml
[0.895s] Invoked command in '/home/expert_amateur/vbm_stuff/vbm_project/build/vbm_project_env' returned '0': CMAKE_PREFIX_PATH=${CMAKE_PREFIX_PATH}:/opt/ros/humble /usr/bin/cmake --install /home/expert_amateur/vbm_stuff/vbm_project/build/vbm_project_env
