[0.050s] Invoking command in '/home/neha/VBM/vbm_project/build/vbm_project_env': CMAKE_PREFIX_PATH=${CMAKE_PREFIX_PATH}:/home/neha/ros2_ws/install/point_cloud:/home/neha/ros2_ws/install/opencv_test_py:/home/neha/voidwalking/ros2_ws/install/waypoints:/opt/ros/humble /usr/bin/cmake /home/neha/VBM/vbm_project/src/vbm_project_env -DCMAKE_INSTALL_PREFIX=/home/neha/VBM/vbm_project/install/vbm_project_env
[0.106s] -- The C compiler identification is GNU 11.4.0
[0.137s] -- The CXX compiler identification is GNU 11.4.0
[0.141s] -- Detecting C compiler ABI info
[0.180s] -- Detecting C compiler ABI info - done
[0.184s] -- Check for working C compiler: /usr/bin/cc - skipped
[0.184s] -- Detecting C compile features
[0.184s] -- Detecting C compile features - done
[0.186s] -- Detecting CXX compiler ABI info
[0.232s] -- Detecting CXX compiler ABI info - done
[0.238s] -- Check for working CXX compiler: /usr/bin/c++ - skipped
[0.239s] -- Detecting CXX compile features
[0.239s] -- Detecting CXX compile features - done
[0.244s] -- Found ament_cmake: 1.3.5 (/opt/ros/humble/share/ament_cmake/cmake)
[0.351s] -- Found Python3: /usr/bin/python3.10 (found version "3.10.12") found components: Interpreter 
[0.423s] -- Found ament_lint_auto: 0.12.8 (/opt/ros/humble/share/ament_lint_auto/cmake)
[0.478s] -- Added test 'flake8' to check Python code syntax and style conventions
[0.478s] -- Added test 'lint_cmake' to check CMake code style
[0.479s] -- Added test 'pep257' to check Python code against some of the docstring style conventions in PEP 257
[0.480s] -- Added test 'xmllint' to check XML markup files
[0.481s] -- Configuring done
[0.482s] -- Generating done
[0.482s] -- Build files have been written to: /home/neha/VBM/vbm_project/build/vbm_project_env
[0.488s] Invoked command in '/home/neha/VBM/vbm_project/build/vbm_project_env' returned '0': CMAKE_PREFIX_PATH=${CMAKE_PREFIX_PATH}:/home/neha/ros2_ws/install/point_cloud:/home/neha/ros2_ws/install/opencv_test_py:/home/neha/voidwalking/ros2_ws/install/waypoints:/opt/ros/humble /usr/bin/cmake /home/neha/VBM/vbm_project/src/vbm_project_env -DCMAKE_INSTALL_PREFIX=/home/neha/VBM/vbm_project/install/vbm_project_env
[0.488s] Invoking command in '/home/neha/VBM/vbm_project/build/vbm_project_env': CMAKE_PREFIX_PATH=${CMAKE_PREFIX_PATH}:/home/neha/ros2_ws/install/point_cloud:/home/neha/ros2_ws/install/opencv_test_py:/home/neha/voidwalking/ros2_ws/install/waypoints:/opt/ros/humble /usr/bin/cmake --build /home/neha/VBM/vbm_project/build/vbm_project_env -- -j20 -l20
[0.509s] Invoked command in '/home/neha/VBM/vbm_project/build/vbm_project_env' returned '0': CMAKE_PREFIX_PATH=${CMAKE_PREFIX_PATH}:/home/neha/ros2_ws/install/point_cloud:/home/neha/ros2_ws/install/opencv_test_py:/home/neha/voidwalking/ros2_ws/install/waypoints:/opt/ros/humble /usr/bin/cmake --build /home/neha/VBM/vbm_project/build/vbm_project_env -- -j20 -l20
[0.528s] Invoking command in '/home/neha/VBM/vbm_project/build/vbm_project_env': CMAKE_PREFIX_PATH=${CMAKE_PREFIX_PATH}:/home/neha/ros2_ws/install/point_cloud:/home/neha/ros2_ws/install/opencv_test_py:/home/neha/voidwalking/ros2_ws/install/waypoints:/opt/ros/humble /usr/bin/cmake --install /home/neha/VBM/vbm_project/build/vbm_project_env
[0.532s] -- Install configuration: ""
[0.532s] -- Installing: /home/neha/VBM/vbm_project/install/vbm_project_env/share/vbm_project_env/launch
[0.532s] -- Installing: /home/neha/VBM/vbm_project/install/vbm_project_env/share/vbm_project_env/launch/simulation.launch.py
[0.532s] -- Installing: /home/neha/VBM/vbm_project/install/vbm_project_env/share/vbm_project_env/worlds
[0.532s] -- Installing: /home/neha/VBM/vbm_project/install/vbm_project_env/share/vbm_project_env/worlds/simulation.world
[0.532s] -- Installing: /home/neha/VBM/vbm_project/install/vbm_project_env/share/vbm_project_env/urdf
[0.532s] -- Installing: /home/neha/VBM/vbm_project/install/vbm_project_env/share/vbm_project_env/urdf/camera.urdf
[0.532s] -- Installing: /home/neha/VBM/vbm_project/install/vbm_project_env/share/ament_index/resource_index/package_run_dependencies/vbm_project_env
[0.532s] -- Installing: /home/neha/VBM/vbm_project/install/vbm_project_env/share/ament_index/resource_index/parent_prefix_path/vbm_project_env
[0.532s] -- Installing: /home/neha/VBM/vbm_project/install/vbm_project_env/share/vbm_project_env/environment/ament_prefix_path.sh
[0.532s] -- Installing: /home/neha/VBM/vbm_project/install/vbm_project_env/share/vbm_project_env/environment/ament_prefix_path.dsv
[0.532s] -- Installing: /home/neha/VBM/vbm_project/install/vbm_project_env/share/vbm_project_env/environment/path.sh
[0.532s] -- Installing: /home/neha/VBM/vbm_project/install/vbm_project_env/share/vbm_project_env/environment/path.dsv
[0.532s] -- Installing: /home/neha/VBM/vbm_project/install/vbm_project_env/share/vbm_project_env/local_setup.bash
[0.532s] -- Installing: /home/neha/VBM/vbm_project/install/vbm_project_env/share/vbm_project_env/local_setup.sh
[0.532s] -- Installing: /home/neha/VBM/vbm_project/install/vbm_project_env/share/vbm_project_env/local_setup.zsh
[0.532s] -- Installing: /home/neha/VBM/vbm_project/install/vbm_project_env/share/vbm_project_env/local_setup.dsv
[0.532s] -- Installing: /home/neha/VBM/vbm_project/install/vbm_project_env/share/vbm_project_env/package.dsv
[0.532s] -- Installing: /home/neha/VBM/vbm_project/install/vbm_project_env/share/ament_index/resource_index/packages/vbm_project_env
[0.532s] -- Installing: /home/neha/VBM/vbm_project/install/vbm_project_env/share/vbm_project_env/cmake/vbm_project_envConfig.cmake
[0.532s] -- Installing: /home/neha/VBM/vbm_project/install/vbm_project_env/share/vbm_project_env/cmake/vbm_project_envConfig-version.cmake
[0.532s] -- Installing: /home/neha/VBM/vbm_project/install/vbm_project_env/share/vbm_project_env/package.xml
[0.533s] Invoked command in '/home/neha/VBM/vbm_project/build/vbm_project_env' returned '0': CMAKE_PREFIX_PATH=${CMAKE_PREFIX_PATH}:/home/neha/ros2_ws/install/point_cloud:/home/neha/ros2_ws/install/opencv_test_py:/home/neha/voidwalking/ros2_ws/install/waypoints:/opt/ros/humble /usr/bin/cmake --install /home/neha/VBM/vbm_project/build/vbm_project_env
