[0.733s] DEBUG:colcon:Command line arguments: ['/usr/bin/colcon', 'build']
[0.733s] DEBUG:colcon:Parsed command line arguments: Namespace(log_base=None, log_level=None, verb_name='build', build_base='build', install_base='install', merge_install=False, symlink_install=False, test_result_base=None, continue_on_error=False, executor='parallel', parallel_workers=20, event_handlers=None, ignore_user_meta=False, metas=['./colcon.meta'], base_paths=['.'], packages_ignore=None, packages_ignore_regex=None, paths=None, packages_up_to=None, packages_up_to_regex=None, packages_above=None, packages_above_and_dependencies=None, packages_above_depth=None, packages_select_by_dep=None, packages_skip_by_dep=None, packages_skip_up_to=None, packages_select_build_failed=False, packages_skip_build_finished=False, packages_select_test_failures=False, packages_skip_test_passed=False, packages_select=None, packages_skip=None, packages_select_regex=None, packages_skip_regex=None, packages_start=None, packages_end=None, allow_overriding=[], cmake_args=None, cmake_target=None, cmake_target_skip_unavailable=False, cmake_clean_cache=False, cmake_clean_first=False, cmake_force_configure=False, ament_cmake_args=None, catkin_cmake_args=None, catkin_skip_building_tests=False, verb_parser=<colcon_defaults.argument_parser.defaults.DefaultArgumentsDecorator object at 0x7fcd14ceedd0>, verb_extension=<colcon_core.verb.build.BuildVerb object at 0x7fcd14ced240>, main=<bound method BuildVerb.main of <colcon_core.verb.build.BuildVerb object at 0x7fcd14ced240>>)
[0.766s] Level 1:colcon.colcon_core.package_discovery:discover_packages(colcon_meta) check parameters
[0.766s] Level 1:colcon.colcon_core.package_discovery:discover_packages(recursive) check parameters
[0.766s] Level 1:colcon.colcon_core.package_discovery:discover_packages(ignore) check parameters
[0.766s] Level 1:colcon.colcon_core.package_discovery:discover_packages(path) check parameters
[0.766s] Level 1:colcon.colcon_core.package_discovery:discover_packages(colcon_meta) discover
[0.766s] Level 1:colcon.colcon_core.package_discovery:discover_packages(recursive) discover
[0.766s] INFO:colcon.colcon_core.package_discovery:Crawling recursively for packages in '/home/neha/VBM/vbm_project'
[0.766s] Level 1:colcon.colcon_core.package_identification:_identify(.) by extensions ['ignore', 'ignore_ament_install']
[0.766s] Level 1:colcon.colcon_core.package_identification:_identify(.) by extension 'ignore'
[0.766s] Level 1:colcon.colcon_core.package_identification:_identify(.) by extension 'ignore_ament_install'
[0.766s] Level 1:colcon.colcon_core.package_identification:_identify(.) by extensions ['colcon_pkg']
[0.766s] Level 1:colcon.colcon_core.package_identification:_identify(.) by extension 'colcon_pkg'
[0.766s] Level 1:colcon.colcon_core.package_identification:_identify(.) by extensions ['colcon_meta']
[0.766s] Level 1:colcon.colcon_core.package_identification:_identify(.) by extension 'colcon_meta'
[0.766s] Level 1:colcon.colcon_core.package_identification:_identify(.) by extensions ['ros']
[0.767s] Level 1:colcon.colcon_core.package_identification:_identify(.) by extension 'ros'
[0.775s] Level 1:colcon.colcon_core.package_identification:_identify(.) by extensions ['cmake', 'python']
[0.775s] Level 1:colcon.colcon_core.package_identification:_identify(.) by extension 'cmake'
[0.775s] Level 1:colcon.colcon_core.package_identification:_identify(.) by extension 'python'
[0.775s] Level 1:colcon.colcon_core.package_identification:_identify(.) by extensions ['python_setup_py']
[0.776s] Level 1:colcon.colcon_core.package_identification:_identify(.) by extension 'python_setup_py'
[0.776s] Level 1:colcon.colcon_core.package_identification:_identify(build) by extensions ['ignore', 'ignore_ament_install']
[0.776s] Level 1:colcon.colcon_core.package_identification:_identify(build) by extension 'ignore'
[0.776s] Level 1:colcon.colcon_core.package_identification:_identify(build) ignored
[0.776s] Level 1:colcon.colcon_core.package_identification:_identify(install) by extensions ['ignore', 'ignore_ament_install']
[0.776s] Level 1:colcon.colcon_core.package_identification:_identify(install) by extension 'ignore'
[0.776s] Level 1:colcon.colcon_core.package_identification:_identify(install) ignored
[0.776s] Level 1:colcon.colcon_core.package_identification:_identify(log) by extensions ['ignore', 'ignore_ament_install']
[0.776s] Level 1:colcon.colcon_core.package_identification:_identify(log) by extension 'ignore'
[0.776s] Level 1:colcon.colcon_core.package_identification:_identify(log) ignored
[0.776s] Level 1:colcon.colcon_core.package_identification:_identify(src) by extensions ['ignore', 'ignore_ament_install']
[0.776s] Level 1:colcon.colcon_core.package_identification:_identify(src) by extension 'ignore'
[0.776s] Level 1:colcon.colcon_core.package_identification:_identify(src) by extension 'ignore_ament_install'
[0.776s] Level 1:colcon.colcon_core.package_identification:_identify(src) by extensions ['colcon_pkg']
[0.776s] Level 1:colcon.colcon_core.package_identification:_identify(src) by extension 'colcon_pkg'
[0.776s] Level 1:colcon.colcon_core.package_identification:_identify(src) by extensions ['colcon_meta']
[0.776s] Level 1:colcon.colcon_core.package_identification:_identify(src) by extension 'colcon_meta'
[0.776s] Level 1:colcon.colcon_core.package_identification:_identify(src) by extensions ['ros']
[0.776s] Level 1:colcon.colcon_core.package_identification:_identify(src) by extension 'ros'
[0.776s] Level 1:colcon.colcon_core.package_identification:_identify(src) by extensions ['cmake', 'python']
[0.776s] Level 1:colcon.colcon_core.package_identification:_identify(src) by extension 'cmake'
[0.776s] Level 1:colcon.colcon_core.package_identification:_identify(src) by extension 'python'
[0.776s] Level 1:colcon.colcon_core.package_identification:_identify(src) by extensions ['python_setup_py']
[0.776s] Level 1:colcon.colcon_core.package_identification:_identify(src) by extension 'python_setup_py'
[0.776s] Level 1:colcon.colcon_core.package_identification:_identify(src/pcl_sampling) by extensions ['ignore', 'ignore_ament_install']
[0.776s] Level 1:colcon.colcon_core.package_identification:_identify(src/pcl_sampling) by extension 'ignore'
[0.776s] Level 1:colcon.colcon_core.package_identification:_identify(src/pcl_sampling) by extension 'ignore_ament_install'
[0.777s] Level 1:colcon.colcon_core.package_identification:_identify(src/pcl_sampling) by extensions ['colcon_pkg']
[0.777s] Level 1:colcon.colcon_core.package_identification:_identify(src/pcl_sampling) by extension 'colcon_pkg'
[0.777s] Level 1:colcon.colcon_core.package_identification:_identify(src/pcl_sampling) by extensions ['colcon_meta']
[0.777s] Level 1:colcon.colcon_core.package_identification:_identify(src/pcl_sampling) by extension 'colcon_meta'
[0.777s] Level 1:colcon.colcon_core.package_identification:_identify(src/pcl_sampling) by extensions ['ros']
[0.777s] Level 1:colcon.colcon_core.package_identification:_identify(src/pcl_sampling) by extension 'ros'
[0.779s] DEBUG:colcon.colcon_core.package_identification:Package 'src/pcl_sampling' with type 'ros.ament_cmake' and name 'pcl_sampling'
[0.779s] Level 1:colcon.colcon_core.package_identification:_identify(src/vbm_project_env) by extensions ['ignore', 'ignore_ament_install']
[0.779s] Level 1:colcon.colcon_core.package_identification:_identify(src/vbm_project_env) by extension 'ignore'
[0.779s] Level 1:colcon.colcon_core.package_identification:_identify(src/vbm_project_env) by extension 'ignore_ament_install'
[0.779s] Level 1:colcon.colcon_core.package_identification:_identify(src/vbm_project_env) by extensions ['colcon_pkg']
[0.779s] Level 1:colcon.colcon_core.package_identification:_identify(src/vbm_project_env) by extension 'colcon_pkg'
[0.779s] Level 1:colcon.colcon_core.package_identification:_identify(src/vbm_project_env) by extensions ['colcon_meta']
[0.779s] Level 1:colcon.colcon_core.package_identification:_identify(src/vbm_project_env) by extension 'colcon_meta'
[0.779s] Level 1:colcon.colcon_core.package_identification:_identify(src/vbm_project_env) by extensions ['ros']
[0.779s] Level 1:colcon.colcon_core.package_identification:_identify(src/vbm_project_env) by extension 'ros'
[0.780s] DEBUG:colcon.colcon_core.package_identification:Package 'src/vbm_project_env' with type 'ros.ament_cmake' and name 'vbm_project_env'
[0.780s] Level 1:colcon.colcon_core.package_discovery:discover_packages(recursive) using defaults
[0.780s] Level 1:colcon.colcon_core.package_discovery:discover_packages(ignore) discover
[0.780s] Level 1:colcon.colcon_core.package_discovery:discover_packages(ignore) using defaults
[0.780s] Level 1:colcon.colcon_core.package_discovery:discover_packages(path) discover
[0.780s] Level 1:colcon.colcon_core.package_discovery:discover_packages(path) using defaults
[0.862s] Level 1:colcon.colcon_core.package_discovery:discover_packages(prefix_path) check parameters
[0.862s] Level 1:colcon.colcon_core.package_discovery:discover_packages(prefix_path) discover
[0.882s] DEBUG:colcon.colcon_installed_package_information.package_discovery:Found 2 installed packages in /home/neha/VBM/vbm_project/install
[0.891s] DEBUG:colcon.colcon_installed_package_information.package_discovery:Found 3 installed packages in /home/neha/voidwalking/arduino_ws/microros_ws/install
[0.900s] DEBUG:colcon.colcon_installed_package_information.package_discovery:Found 15 installed packages in /home/neha/voidwalking/ros2_ws/install
[0.909s] DEBUG:colcon.colcon_installed_package_information.package_discovery:Found 17 installed packages in /home/neha/ros2_ws/install
[0.919s] DEBUG:colcon.colcon_installed_package_information.package_discovery:Found 424 installed packages in /opt/ros/humble
[0.920s] Level 1:colcon.colcon_core.package_discovery:discover_packages(prefix_path) using defaults
[0.981s] Level 5:colcon.colcon_core.verb:set package 'pcl_sampling' build argument 'cmake_args' from command line to 'None'
[0.981s] Level 5:colcon.colcon_core.verb:set package 'pcl_sampling' build argument 'cmake_target' from command line to 'None'
[0.981s] Level 5:colcon.colcon_core.verb:set package 'pcl_sampling' build argument 'cmake_target_skip_unavailable' from command line to 'False'
[0.981s] Level 5:colcon.colcon_core.verb:set package 'pcl_sampling' build argument 'cmake_clean_cache' from command line to 'False'
[0.981s] Level 5:colcon.colcon_core.verb:set package 'pcl_sampling' build argument 'cmake_clean_first' from command line to 'False'
[0.981s] Level 5:colcon.colcon_core.verb:set package 'pcl_sampling' build argument 'cmake_force_configure' from command line to 'False'
[0.981s] Level 5:colcon.colcon_core.verb:set package 'pcl_sampling' build argument 'ament_cmake_args' from command line to 'None'
[0.981s] Level 5:colcon.colcon_core.verb:set package 'pcl_sampling' build argument 'catkin_cmake_args' from command line to 'None'
[0.981s] Level 5:colcon.colcon_core.verb:set package 'pcl_sampling' build argument 'catkin_skip_building_tests' from command line to 'False'
[0.981s] DEBUG:colcon.colcon_core.verb:Building package 'pcl_sampling' with the following arguments: {'ament_cmake_args': None, 'build_base': '/home/neha/VBM/vbm_project/build/pcl_sampling', 'catkin_cmake_args': None, 'catkin_skip_building_tests': False, 'cmake_args': None, 'cmake_clean_cache': False, 'cmake_clean_first': False, 'cmake_force_configure': False, 'cmake_target': None, 'cmake_target_skip_unavailable': False, 'install_base': '/home/neha/VBM/vbm_project/install/pcl_sampling', 'merge_install': False, 'path': '/home/neha/VBM/vbm_project/src/pcl_sampling', 'symlink_install': False, 'test_result_base': None}
[0.990s] Level 5:colcon.colcon_core.verb:set package 'vbm_project_env' build argument 'cmake_args' from command line to 'None'
[0.990s] Level 5:colcon.colcon_core.verb:set package 'vbm_project_env' build argument 'cmake_target' from command line to 'None'
[0.990s] Level 5:colcon.colcon_core.verb:set package 'vbm_project_env' build argument 'cmake_target_skip_unavailable' from command line to 'False'
[0.990s] Level 5:colcon.colcon_core.verb:set package 'vbm_project_env' build argument 'cmake_clean_cache' from command line to 'False'
[0.990s] Level 5:colcon.colcon_core.verb:set package 'vbm_project_env' build argument 'cmake_clean_first' from command line to 'False'
[0.990s] Level 5:colcon.colcon_core.verb:set package 'vbm_project_env' build argument 'cmake_force_configure' from command line to 'False'
[0.990s] Level 5:colcon.colcon_core.verb:set package 'vbm_project_env' build argument 'ament_cmake_args' from command line to 'None'
[0.990s] Level 5:colcon.colcon_core.verb:set package 'vbm_project_env' build argument 'catkin_cmake_args' from command line to 'None'
[0.990s] Level 5:colcon.colcon_core.verb:set package 'vbm_project_env' build argument 'catkin_skip_building_tests' from command line to 'False'
[0.990s] DEBUG:colcon.colcon_core.verb:Building package 'vbm_project_env' with the following arguments: {'ament_cmake_args': None, 'build_base': '/home/neha/VBM/vbm_project/build/vbm_project_env', 'catkin_cmake_args': None, 'catkin_skip_building_tests': False, 'cmake_args': None, 'cmake_clean_cache': False, 'cmake_clean_first': False, 'cmake_force_configure': False, 'cmake_target': None, 'cmake_target_skip_unavailable': False, 'install_base': '/home/neha/VBM/vbm_project/install/vbm_project_env', 'merge_install': False, 'path': '/home/neha/VBM/vbm_project/src/vbm_project_env', 'symlink_install': False, 'test_result_base': None}
[0.999s] INFO:colcon.colcon_core.executor:Executing jobs using 'parallel' executor
[1.010s] DEBUG:colcon.colcon_parallel_executor.executor.parallel:run_until_complete
[1.010s] INFO:colcon.colcon_ros.task.ament_cmake.build:Building ROS package in '/home/neha/VBM/vbm_project/src/pcl_sampling' with build type 'ament_cmake'
[1.010s] INFO:colcon.colcon_cmake.task.cmake.build:Building CMake package in '/home/neha/VBM/vbm_project/src/pcl_sampling'
[1.020s] INFO:colcon.colcon_core.plugin_system:Skipping extension 'colcon_core.shell.bat': Not used on non-Windows systems
[1.020s] INFO:colcon.colcon_core.shell:Skip shell extension 'powershell' for command environment: Not usable outside of PowerShell
[1.020s] DEBUG:colcon.colcon_core.shell:Skip shell extension 'dsv' for command environment
[1.075s] INFO:colcon.colcon_ros.task.ament_cmake.build:Building ROS package in '/home/neha/VBM/vbm_project/src/vbm_project_env' with build type 'ament_cmake'
[1.076s] INFO:colcon.colcon_cmake.task.cmake.build:Building CMake package in '/home/neha/VBM/vbm_project/src/vbm_project_env'
[1.084s] INFO:colcon.colcon_core.shell:Skip shell extension 'powershell' for command environment: Not usable outside of PowerShell
[1.084s] DEBUG:colcon.colcon_core.shell:Skip shell extension 'dsv' for command environment
[1.137s] DEBUG:colcon.colcon_core.event_handler.log_command:Invoking command in '/home/neha/VBM/vbm_project/build/pcl_sampling': CMAKE_PREFIX_PATH=${CMAKE_PREFIX_PATH}:/home/neha/ros2_ws/install/point_cloud:/home/neha/ros2_ws/install/opencv_test_py:/home/neha/voidwalking/ros2_ws/install/waypoints:/opt/ros/humble /usr/bin/cmake --build /home/neha/VBM/vbm_project/build/pcl_sampling -- -j20 -l20
[1.139s] DEBUG:colcon.colcon_core.event_handler.log_command:Invoking command in '/home/neha/VBM/vbm_project/build/vbm_project_env': CMAKE_PREFIX_PATH=${CMAKE_PREFIX_PATH}:/home/neha/ros2_ws/install/point_cloud:/home/neha/ros2_ws/install/opencv_test_py:/home/neha/voidwalking/ros2_ws/install/waypoints:/opt/ros/humble /usr/bin/cmake --build /home/neha/VBM/vbm_project/build/vbm_project_env -- -j20 -l20
[1.164s] DEBUG:colcon.colcon_core.event_handler.log_command:Invoked command in '/home/neha/VBM/vbm_project/build/vbm_project_env' returned '0': CMAKE_PREFIX_PATH=${CMAKE_PREFIX_PATH}:/home/neha/ros2_ws/install/point_cloud:/home/neha/ros2_ws/install/opencv_test_py:/home/neha/voidwalking/ros2_ws/install/waypoints:/opt/ros/humble /usr/bin/cmake --build /home/neha/VBM/vbm_project/build/vbm_project_env -- -j20 -l20
[1.185s] DEBUG:colcon.colcon_core.event_handler.log_command:Invoking command in '/home/neha/VBM/vbm_project/build/vbm_project_env': CMAKE_PREFIX_PATH=${CMAKE_PREFIX_PATH}:/home/neha/ros2_ws/install/point_cloud:/home/neha/ros2_ws/install/opencv_test_py:/home/neha/voidwalking/ros2_ws/install/waypoints:/opt/ros/humble /usr/bin/cmake --install /home/neha/VBM/vbm_project/build/vbm_project_env
[1.190s] Level 1:colcon.colcon_core.environment:create_environment_scripts_only(vbm_project_env)
[1.193s] DEBUG:colcon.colcon_core.event_handler.log_command:Invoked command in '/home/neha/VBM/vbm_project/build/vbm_project_env' returned '0': CMAKE_PREFIX_PATH=${CMAKE_PREFIX_PATH}:/home/neha/ros2_ws/install/point_cloud:/home/neha/ros2_ws/install/opencv_test_py:/home/neha/voidwalking/ros2_ws/install/waypoints:/opt/ros/humble /usr/bin/cmake --install /home/neha/VBM/vbm_project/build/vbm_project_env
[1.201s] Level 1:colcon.colcon_core.environment:checking '/home/neha/VBM/vbm_project/install/vbm_project_env' for CMake module files
[1.201s] Level 1:colcon.colcon_core.environment:checking '/home/neha/VBM/vbm_project/install/vbm_project_env' for CMake config files
[1.202s] Level 1:colcon.colcon_core.shell:create_environment_hook('vbm_project_env', 'cmake_prefix_path')
[1.211s] INFO:colcon.colcon_core.shell:Creating environment hook '/home/neha/VBM/vbm_project/install/vbm_project_env/share/vbm_project_env/hook/cmake_prefix_path.ps1'
[1.211s] INFO:colcon.colcon_core.shell:Creating environment descriptor '/home/neha/VBM/vbm_project/install/vbm_project_env/share/vbm_project_env/hook/cmake_prefix_path.dsv'
[1.211s] INFO:colcon.colcon_core.shell:Creating environment hook '/home/neha/VBM/vbm_project/install/vbm_project_env/share/vbm_project_env/hook/cmake_prefix_path.sh'
[1.212s] Level 1:colcon.colcon_core.environment:checking '/home/neha/VBM/vbm_project/install/vbm_project_env/bin'
[1.212s] Level 1:colcon.colcon_core.environment:checking '/home/neha/VBM/vbm_project/install/vbm_project_env/lib/pkgconfig/vbm_project_env.pc'
[1.212s] Level 1:colcon.colcon_core.environment:checking '/home/neha/VBM/vbm_project/install/vbm_project_env/lib/python3.10/site-packages'
[1.212s] Level 1:colcon.colcon_core.environment:checking '/home/neha/VBM/vbm_project/install/vbm_project_env/bin'
[1.221s] INFO:colcon.colcon_core.shell:Creating package script '/home/neha/VBM/vbm_project/install/vbm_project_env/share/vbm_project_env/package.ps1'
[1.222s] INFO:colcon.colcon_core.shell:Creating package descriptor '/home/neha/VBM/vbm_project/install/vbm_project_env/share/vbm_project_env/package.dsv'
[1.222s] INFO:colcon.colcon_core.shell:Creating package script '/home/neha/VBM/vbm_project/install/vbm_project_env/share/vbm_project_env/package.sh'
[1.222s] INFO:colcon.colcon_core.shell:Creating package script '/home/neha/VBM/vbm_project/install/vbm_project_env/share/vbm_project_env/package.bash'
[1.223s] INFO:colcon.colcon_core.shell:Creating package script '/home/neha/VBM/vbm_project/install/vbm_project_env/share/vbm_project_env/package.zsh'
[1.223s] Level 1:colcon.colcon_core.environment:create_file_with_runtime_dependencies(/home/neha/VBM/vbm_project/install/vbm_project_env/share/colcon-core/packages/vbm_project_env)
[1.247s] Level 1:colcon.colcon_core.environment:create_environment_scripts_only(vbm_project_env)
[1.258s] Level 1:colcon.colcon_core.environment:checking '/home/neha/VBM/vbm_project/install/vbm_project_env' for CMake module files
[1.258s] Level 1:colcon.colcon_core.environment:checking '/home/neha/VBM/vbm_project/install/vbm_project_env' for CMake config files
[1.258s] Level 1:colcon.colcon_core.shell:create_environment_hook('vbm_project_env', 'cmake_prefix_path')
[1.267s] INFO:colcon.colcon_core.shell:Creating environment hook '/home/neha/VBM/vbm_project/install/vbm_project_env/share/vbm_project_env/hook/cmake_prefix_path.ps1'
[1.267s] INFO:colcon.colcon_core.shell:Creating environment descriptor '/home/neha/VBM/vbm_project/install/vbm_project_env/share/vbm_project_env/hook/cmake_prefix_path.dsv'
[1.267s] INFO:colcon.colcon_core.shell:Creating environment hook '/home/neha/VBM/vbm_project/install/vbm_project_env/share/vbm_project_env/hook/cmake_prefix_path.sh'
[1.268s] Level 1:colcon.colcon_core.environment:checking '/home/neha/VBM/vbm_project/install/vbm_project_env/bin'
[1.268s] Level 1:colcon.colcon_core.environment:checking '/home/neha/VBM/vbm_project/install/vbm_project_env/lib/pkgconfig/vbm_project_env.pc'
[1.268s] Level 1:colcon.colcon_core.environment:checking '/home/neha/VBM/vbm_project/install/vbm_project_env/lib/python3.10/site-packages'
[1.268s] Level 1:colcon.colcon_core.environment:checking '/home/neha/VBM/vbm_project/install/vbm_project_env/bin'
[1.277s] INFO:colcon.colcon_core.shell:Creating package script '/home/neha/VBM/vbm_project/install/vbm_project_env/share/vbm_project_env/package.ps1'
[1.277s] INFO:colcon.colcon_core.shell:Creating package descriptor '/home/neha/VBM/vbm_project/install/vbm_project_env/share/vbm_project_env/package.dsv'
[1.277s] INFO:colcon.colcon_core.shell:Creating package script '/home/neha/VBM/vbm_project/install/vbm_project_env/share/vbm_project_env/package.sh'
[1.277s] INFO:colcon.colcon_core.shell:Creating package script '/home/neha/VBM/vbm_project/install/vbm_project_env/share/vbm_project_env/package.bash'
[1.277s] INFO:colcon.colcon_core.shell:Creating package script '/home/neha/VBM/vbm_project/install/vbm_project_env/share/vbm_project_env/package.zsh'
[1.278s] Level 1:colcon.colcon_core.environment:create_file_with_runtime_dependencies(/home/neha/VBM/vbm_project/install/vbm_project_env/share/colcon-core/packages/vbm_project_env)
[4.907s] DEBUG:colcon.colcon_core.event_handler.log_command:Invoked command in '/home/neha/VBM/vbm_project/build/pcl_sampling' returned '0': CMAKE_PREFIX_PATH=${CMAKE_PREFIX_PATH}:/home/neha/ros2_ws/install/point_cloud:/home/neha/ros2_ws/install/opencv_test_py:/home/neha/voidwalking/ros2_ws/install/waypoints:/opt/ros/humble /usr/bin/cmake --build /home/neha/VBM/vbm_project/build/pcl_sampling -- -j20 -l20
[4.926s] DEBUG:colcon.colcon_core.event_handler.log_command:Invoking command in '/home/neha/VBM/vbm_project/build/pcl_sampling': CMAKE_PREFIX_PATH=${CMAKE_PREFIX_PATH}:/home/neha/ros2_ws/install/point_cloud:/home/neha/ros2_ws/install/opencv_test_py:/home/neha/voidwalking/ros2_ws/install/waypoints:/opt/ros/humble /usr/bin/cmake --install /home/neha/VBM/vbm_project/build/pcl_sampling
[4.932s] Level 1:colcon.colcon_core.environment:create_environment_scripts_only(pcl_sampling)
[4.933s] DEBUG:colcon.colcon_core.event_handler.log_command:Invoked command in '/home/neha/VBM/vbm_project/build/pcl_sampling' returned '0': CMAKE_PREFIX_PATH=${CMAKE_PREFIX_PATH}:/home/neha/ros2_ws/install/point_cloud:/home/neha/ros2_ws/install/opencv_test_py:/home/neha/voidwalking/ros2_ws/install/waypoints:/opt/ros/humble /usr/bin/cmake --install /home/neha/VBM/vbm_project/build/pcl_sampling
[4.941s] Level 1:colcon.colcon_core.environment:checking '/home/neha/VBM/vbm_project/install/pcl_sampling' for CMake module files
[4.941s] Level 1:colcon.colcon_core.environment:checking '/home/neha/VBM/vbm_project/install/pcl_sampling' for CMake config files
[4.941s] Level 1:colcon.colcon_core.shell:create_environment_hook('pcl_sampling', 'cmake_prefix_path')
[4.950s] INFO:colcon.colcon_core.shell:Creating environment hook '/home/neha/VBM/vbm_project/install/pcl_sampling/share/pcl_sampling/hook/cmake_prefix_path.ps1'
[4.950s] INFO:colcon.colcon_core.shell:Creating environment descriptor '/home/neha/VBM/vbm_project/install/pcl_sampling/share/pcl_sampling/hook/cmake_prefix_path.dsv'
[4.950s] INFO:colcon.colcon_core.shell:Creating environment hook '/home/neha/VBM/vbm_project/install/pcl_sampling/share/pcl_sampling/hook/cmake_prefix_path.sh'
[4.951s] Level 1:colcon.colcon_core.environment:checking '/home/neha/VBM/vbm_project/install/pcl_sampling/lib'
[4.951s] Level 1:colcon.colcon_core.environment:checking '/home/neha/VBM/vbm_project/install/pcl_sampling/bin'
[4.951s] Level 1:colcon.colcon_core.environment:checking '/home/neha/VBM/vbm_project/install/pcl_sampling/lib/pkgconfig/pcl_sampling.pc'
[4.951s] Level 1:colcon.colcon_core.environment:checking '/home/neha/VBM/vbm_project/install/pcl_sampling/lib/python3.10/site-packages'
[4.951s] Level 1:colcon.colcon_core.environment:checking '/home/neha/VBM/vbm_project/install/pcl_sampling/bin'
[4.960s] INFO:colcon.colcon_core.shell:Creating package script '/home/neha/VBM/vbm_project/install/pcl_sampling/share/pcl_sampling/package.ps1'
[4.960s] INFO:colcon.colcon_core.shell:Creating package descriptor '/home/neha/VBM/vbm_project/install/pcl_sampling/share/pcl_sampling/package.dsv'
[4.960s] INFO:colcon.colcon_core.shell:Creating package script '/home/neha/VBM/vbm_project/install/pcl_sampling/share/pcl_sampling/package.sh'
[4.960s] INFO:colcon.colcon_core.shell:Creating package script '/home/neha/VBM/vbm_project/install/pcl_sampling/share/pcl_sampling/package.bash'
[4.961s] INFO:colcon.colcon_core.shell:Creating package script '/home/neha/VBM/vbm_project/install/pcl_sampling/share/pcl_sampling/package.zsh'
[4.961s] Level 1:colcon.colcon_core.environment:create_file_with_runtime_dependencies(/home/neha/VBM/vbm_project/install/pcl_sampling/share/colcon-core/packages/pcl_sampling)
[4.991s] Level 1:colcon.colcon_core.environment:create_environment_scripts_only(pcl_sampling)
[4.999s] Level 1:colcon.colcon_core.environment:checking '/home/neha/VBM/vbm_project/install/pcl_sampling' for CMake module files
[4.999s] Level 1:colcon.colcon_core.environment:checking '/home/neha/VBM/vbm_project/install/pcl_sampling' for CMake config files
[4.999s] Level 1:colcon.colcon_core.shell:create_environment_hook('pcl_sampling', 'cmake_prefix_path')
[5.006s] INFO:colcon.colcon_core.shell:Creating environment hook '/home/neha/VBM/vbm_project/install/pcl_sampling/share/pcl_sampling/hook/cmake_prefix_path.ps1'
[5.006s] INFO:colcon.colcon_core.shell:Creating environment descriptor '/home/neha/VBM/vbm_project/install/pcl_sampling/share/pcl_sampling/hook/cmake_prefix_path.dsv'
[5.007s] INFO:colcon.colcon_core.shell:Creating environment hook '/home/neha/VBM/vbm_project/install/pcl_sampling/share/pcl_sampling/hook/cmake_prefix_path.sh'
[5.007s] Level 1:colcon.colcon_core.environment:checking '/home/neha/VBM/vbm_project/install/pcl_sampling/lib'
[5.007s] Level 1:colcon.colcon_core.environment:checking '/home/neha/VBM/vbm_project/install/pcl_sampling/bin'
[5.007s] Level 1:colcon.colcon_core.environment:checking '/home/neha/VBM/vbm_project/install/pcl_sampling/lib/pkgconfig/pcl_sampling.pc'
[5.007s] Level 1:colcon.colcon_core.environment:checking '/home/neha/VBM/vbm_project/install/pcl_sampling/lib/python3.10/site-packages'
[5.007s] Level 1:colcon.colcon_core.environment:checking '/home/neha/VBM/vbm_project/install/pcl_sampling/bin'
[5.014s] INFO:colcon.colcon_core.shell:Creating package script '/home/neha/VBM/vbm_project/install/pcl_sampling/share/pcl_sampling/package.ps1'
[5.015s] INFO:colcon.colcon_core.shell:Creating package descriptor '/home/neha/VBM/vbm_project/install/pcl_sampling/share/pcl_sampling/package.dsv'
[5.015s] INFO:colcon.colcon_core.shell:Creating package script '/home/neha/VBM/vbm_project/install/pcl_sampling/share/pcl_sampling/package.sh'
[5.015s] INFO:colcon.colcon_core.shell:Creating package script '/home/neha/VBM/vbm_project/install/pcl_sampling/share/pcl_sampling/package.bash'
[5.015s] INFO:colcon.colcon_core.shell:Creating package script '/home/neha/VBM/vbm_project/install/pcl_sampling/share/pcl_sampling/package.zsh'
[5.015s] Level 1:colcon.colcon_core.environment:create_file_with_runtime_dependencies(/home/neha/VBM/vbm_project/install/pcl_sampling/share/colcon-core/packages/pcl_sampling)
[5.015s] DEBUG:colcon.colcon_parallel_executor.executor.parallel:closing loop
[5.015s] DEBUG:colcon.colcon_parallel_executor.executor.parallel:loop closed
[5.015s] DEBUG:colcon.colcon_parallel_executor.executor.parallel:run_until_complete finished with '0'
[5.015s] DEBUG:colcon.colcon_core.event_reactor:joining thread
[5.033s] INFO:colcon.colcon_core.plugin_system:Skipping extension 'colcon_notification.desktop_notification.terminal_notifier': Not used on non-Darwin systems
[5.033s] INFO:colcon.colcon_core.plugin_system:Skipping extension 'colcon_notification.desktop_notification.win32': Not used on non-Windows systems
[5.033s] INFO:colcon.colcon_notification.desktop_notification:Sending desktop notification using 'notify2'
[5.045s] DEBUG:colcon.colcon_core.event_reactor:joined thread
[5.054s] INFO:colcon.colcon_core.shell:Creating prefix script '/home/neha/VBM/vbm_project/install/local_setup.ps1'
[5.055s] INFO:colcon.colcon_core.shell:Creating prefix util module '/home/neha/VBM/vbm_project/install/_local_setup_util_ps1.py'
[5.056s] INFO:colcon.colcon_core.shell:Creating prefix chain script '/home/neha/VBM/vbm_project/install/setup.ps1'
[5.066s] INFO:colcon.colcon_core.shell:Creating prefix script '/home/neha/VBM/vbm_project/install/local_setup.sh'
[5.066s] INFO:colcon.colcon_core.shell:Creating prefix util module '/home/neha/VBM/vbm_project/install/_local_setup_util_sh.py'
[5.066s] INFO:colcon.colcon_core.shell:Creating prefix chain script '/home/neha/VBM/vbm_project/install/setup.sh'
[5.075s] INFO:colcon.colcon_core.shell:Creating prefix script '/home/neha/VBM/vbm_project/install/local_setup.bash'
[5.075s] INFO:colcon.colcon_core.shell:Creating prefix chain script '/home/neha/VBM/vbm_project/install/setup.bash'
[5.083s] INFO:colcon.colcon_core.shell:Creating prefix script '/home/neha/VBM/vbm_project/install/local_setup.zsh'
[5.084s] INFO:colcon.colcon_core.shell:Creating prefix chain script '/home/neha/VBM/vbm_project/install/setup.zsh'
