[0.083s] Invoking command in '/home/justin/vbm_project/build/vbm_project_env': CMAKE_PREFIX_PATH=${CMAKE_PREFIX_PATH}:/home/justin/ros2_ws/install/opencv_test_py:/opt/ros/humble /usr/bin/cmake /home/justin/vbm_project/src/vbm_project_env -DCMAKE_INSTALL_PREFIX=/home/justin/vbm_project/install/vbm_project_env
[0.167s] -- The C compiler identification is GNU 11.4.0
[0.223s] -- The CXX compiler identification is GNU 11.4.0
[0.235s] -- Detecting C compiler ABI info
[0.292s] -- Detecting C compiler ABI info - done
[0.299s] -- Check for working C compiler: /usr/bin/cc - skipped
[0.300s] -- Detecting C compile features
[0.301s] -- Detecting C compile features - done
[0.305s] -- Detecting CXX compiler ABI info
[0.373s] -- Detecting CXX compiler ABI info - done
[0.387s] -- Check for working CXX compiler: /usr/bin/c++ - skipped
[0.387s] -- Detecting CXX compile features
[0.388s] -- Detecting CXX compile features - done
[0.402s] -- Found ament_cmake: 1.3.5 (/opt/ros/humble/share/ament_cmake/cmake)
[0.567s] -- Found Python3: /usr/bin/python3.10 (found version "3.10.12") found components: Interpreter 
[0.683s] -- Found ament_lint_auto: 0.12.8 (/opt/ros/humble/share/ament_lint_auto/cmake)
[0.768s] -- Added test 'flake8' to check Python code syntax and style conventions
[0.769s] -- Added test 'lint_cmake' to check CMake code style
[0.769s] -- Added test 'pep257' to check Python code against some of the docstring style conventions in PEP 257
[0.771s] -- Added test 'xmllint' to check XML markup files
[0.773s] -- Configuring done
[0.775s] -- Generating done
[0.776s] -- Build files have been written to: /home/justin/vbm_project/build/vbm_project_env
[0.779s] Invoked command in '/home/justin/vbm_project/build/vbm_project_env' returned '0': CMAKE_PREFIX_PATH=${CMAKE_PREFIX_PATH}:/home/justin/ros2_ws/install/opencv_test_py:/opt/ros/humble /usr/bin/cmake /home/justin/vbm_project/src/vbm_project_env -DCMAKE_INSTALL_PREFIX=/home/justin/vbm_project/install/vbm_project_env
[0.781s] Invoking command in '/home/justin/vbm_project/build/vbm_project_env': CMAKE_PREFIX_PATH=${CMAKE_PREFIX_PATH}:/home/justin/ros2_ws/install/opencv_test_py:/opt/ros/humble /usr/bin/cmake --build /home/justin/vbm_project/build/vbm_project_env -- -j12 -l12
[0.812s] Invoked command in '/home/justin/vbm_project/build/vbm_project_env' returned '0': CMAKE_PREFIX_PATH=${CMAKE_PREFIX_PATH}:/home/justin/ros2_ws/install/opencv_test_py:/opt/ros/humble /usr/bin/cmake --build /home/justin/vbm_project/build/vbm_project_env -- -j12 -l12
[0.837s] Invoking command in '/home/justin/vbm_project/build/vbm_project_env': CMAKE_PREFIX_PATH=${CMAKE_PREFIX_PATH}:/home/justin/ros2_ws/install/opencv_test_py:/opt/ros/humble /usr/bin/cmake --install /home/justin/vbm_project/build/vbm_project_env
[0.844s] -- Install configuration: ""
[0.844s] -- Installing: /home/justin/vbm_project/install/vbm_project_env/share/vbm_project_env/launch
[0.844s] -- Installing: /home/justin/vbm_project/install/vbm_project_env/share/vbm_project_env/launch/simulation.launch.py
[0.844s] -- Installing: /home/justin/vbm_project/install/vbm_project_env/share/vbm_project_env/worlds
[0.844s] -- Installing: /home/justin/vbm_project/install/vbm_project_env/share/vbm_project_env/worlds/simulation.world
[0.844s] -- Installing: /home/justin/vbm_project/install/vbm_project_env/share/vbm_project_env/urdf
[0.844s] -- Installing: /home/justin/vbm_project/install/vbm_project_env/share/vbm_project_env/urdf/camera.urdf
[0.844s] -- Installing: /home/justin/vbm_project/install/vbm_project_env/share/ament_index/resource_index/package_run_dependencies/vbm_project_env
[0.844s] -- Installing: /home/justin/vbm_project/install/vbm_project_env/share/ament_index/resource_index/parent_prefix_path/vbm_project_env
[0.844s] -- Installing: /home/justin/vbm_project/install/vbm_project_env/share/vbm_project_env/environment/ament_prefix_path.sh
[0.844s] -- Installing: /home/justin/vbm_project/install/vbm_project_env/share/vbm_project_env/environment/ament_prefix_path.dsv
[0.844s] -- Installing: /home/justin/vbm_project/install/vbm_project_env/share/vbm_project_env/environment/path.sh
[0.845s] -- Installing: /home/justin/vbm_project/install/vbm_project_env/share/vbm_project_env/environment/path.dsv
[0.845s] -- Installing: /home/justin/vbm_project/install/vbm_project_env/share/vbm_project_env/local_setup.bash
[0.845s] -- Installing: /home/justin/vbm_project/install/vbm_project_env/share/vbm_project_env/local_setup.sh
[0.845s] -- Installing: /home/justin/vbm_project/install/vbm_project_env/share/vbm_project_env/local_setup.zsh
[0.845s] -- Installing: /home/justin/vbm_project/install/vbm_project_env/share/vbm_project_env/local_setup.dsv
[0.845s] -- Installing: /home/justin/vbm_project/install/vbm_project_env/share/vbm_project_env/package.dsv
[0.845s] -- Installing: /home/justin/vbm_project/install/vbm_project_env/share/ament_index/resource_index/packages/vbm_project_env
[0.845s] -- Installing: /home/justin/vbm_project/install/vbm_project_env/share/vbm_project_env/cmake/vbm_project_envConfig.cmake
[0.845s] -- Installing: /home/justin/vbm_project/install/vbm_project_env/share/vbm_project_env/cmake/vbm_project_envConfig-version.cmake
[0.845s] -- Installing: /home/justin/vbm_project/install/vbm_project_env/share/vbm_project_env/package.xml
[0.847s] Invoked command in '/home/justin/vbm_project/build/vbm_project_env' returned '0': CMAKE_PREFIX_PATH=${CMAKE_PREFIX_PATH}:/home/justin/ros2_ws/install/opencv_test_py:/opt/ros/humble /usr/bin/cmake --install /home/justin/vbm_project/build/vbm_project_env
