[0.139s] Invoking command in '/home/justin/vbm_project/build/pcl_sampling': CMAKE_PREFIX_PATH=${CMAKE_PREFIX_PATH}:/opt/ros/humble /usr/bin/cmake --build /home/justin/vbm_project/build/pcl_sampling -- -j12 -l12
[0.181s] [35m[1mConsolidate compiler generated dependencies of target pcl_sampling[0m
[0.212s] [ 50%] [32mBuilding CXX object CMakeFiles/pcl_sampling.dir/src/pcl_sampling.cpp.o[0m
[10.548s] [100%] [32m[1mLinking CXX executable pcl_sampling[0m
[13.536s] [100%] Built target pcl_sampling
[13.546s] Invoked command in '/home/justin/vbm_project/build/pcl_sampling' returned '0': CMAKE_PREFIX_PATH=${CMAKE_PREFIX_PATH}:/opt/ros/humble /usr/bin/cmake --build /home/justin/vbm_project/build/pcl_sampling -- -j12 -l12
[13.569s] Invoking command in '/home/justin/vbm_project/build/pcl_sampling': CMAKE_PREFIX_PATH=${CMAKE_PREFIX_PATH}:/opt/ros/humble /usr/bin/cmake --install /home/justin/vbm_project/build/pcl_sampling
[13.576s] -- Install configuration: ""
[13.576s] -- Installing: /home/justin/vbm_project/install/pcl_sampling/lib/pcl_sampling/pcl_sampling
[13.577s] -- Set runtime path of "/home/justin/vbm_project/install/pcl_sampling/lib/pcl_sampling/pcl_sampling" to ""
[13.577s] -- Up-to-date: /home/justin/vbm_project/install/pcl_sampling/share/ament_index/resource_index/package_run_dependencies/pcl_sampling
[13.577s] -- Up-to-date: /home/justin/vbm_project/install/pcl_sampling/share/ament_index/resource_index/parent_prefix_path/pcl_sampling
[13.578s] -- Up-to-date: /home/justin/vbm_project/install/pcl_sampling/share/pcl_sampling/environment/ament_prefix_path.sh
[13.578s] -- Up-to-date: /home/justin/vbm_project/install/pcl_sampling/share/pcl_sampling/environment/ament_prefix_path.dsv
[13.578s] -- Up-to-date: /home/justin/vbm_project/install/pcl_sampling/share/pcl_sampling/environment/path.sh
[13.578s] -- Up-to-date: /home/justin/vbm_project/install/pcl_sampling/share/pcl_sampling/environment/path.dsv
[13.578s] -- Up-to-date: /home/justin/vbm_project/install/pcl_sampling/share/pcl_sampling/local_setup.bash
[13.578s] -- Up-to-date: /home/justin/vbm_project/install/pcl_sampling/share/pcl_sampling/local_setup.sh
[13.578s] -- Up-to-date: /home/justin/vbm_project/install/pcl_sampling/share/pcl_sampling/local_setup.zsh
[13.578s] -- Up-to-date: /home/justin/vbm_project/install/pcl_sampling/share/pcl_sampling/local_setup.dsv
[13.578s] -- Installing: /home/justin/vbm_project/install/pcl_sampling/share/pcl_sampling/package.dsv
[13.579s] -- Up-to-date: /home/justin/vbm_project/install/pcl_sampling/share/ament_index/resource_index/packages/pcl_sampling
[13.579s] -- Up-to-date: /home/justin/vbm_project/install/pcl_sampling/share/pcl_sampling/cmake/pcl_samplingConfig.cmake
[13.580s] -- Up-to-date: /home/justin/vbm_project/install/pcl_sampling/share/pcl_sampling/cmake/pcl_samplingConfig-version.cmake
[13.580s] -- Up-to-date: /home/justin/vbm_project/install/pcl_sampling/share/pcl_sampling/package.xml
[13.580s] Invoked command in '/home/justin/vbm_project/build/pcl_sampling' returned '0': CMAKE_PREFIX_PATH=${CMAKE_PREFIX_PATH}:/opt/ros/humble /usr/bin/cmake --install /home/justin/vbm_project/build/pcl_sampling
