[0.517s] DEBUG:colcon:Command line arguments: ['/usr/bin/colcon', 'build']
[0.517s] DEBUG:colcon:Parsed command line arguments: Namespace(log_base=None, log_level=None, verb_name='build', build_base='build', install_base='install', merge_install=False, symlink_install=False, test_result_base=None, continue_on_error=False, executor='parallel', parallel_workers=20, event_handlers=None, ignore_user_meta=False, metas=['./colcon.meta'], base_paths=['.'], packages_ignore=None, packages_ignore_regex=None, paths=None, packages_up_to=None, packages_up_to_regex=None, packages_above=None, packages_above_and_dependencies=None, packages_above_depth=None, packages_select_by_dep=None, packages_skip_by_dep=None, packages_skip_up_to=None, packages_select_build_failed=False, packages_skip_build_finished=False, packages_select_test_failures=False, packages_skip_test_passed=False, packages_select=None, packages_skip=None, packages_select_regex=None, packages_skip_regex=None, packages_start=None, packages_end=None, allow_overriding=[], cmake_args=None, cmake_target=None, cmake_target_skip_unavailable=False, cmake_clean_cache=False, cmake_clean_first=False, cmake_force_configure=False, ament_cmake_args=None, catkin_cmake_args=None, catkin_skip_building_tests=False, verb_parser=<colcon_defaults.argument_parser.defaults.DefaultArgumentsDecorator object at 0x7f0896caa4d0>, verb_extension=<colcon_core.verb.build.BuildVerb object at 0x7f0896cab130>, main=<bound method BuildVerb.main of <colcon_core.verb.build.BuildVerb object at 0x7f0896cab130>>)
[0.540s] Level 1:colcon.colcon_core.package_discovery:discover_packages(colcon_meta) check parameters
[0.540s] Level 1:colcon.colcon_core.package_discovery:discover_packages(recursive) check parameters
[0.540s] Level 1:colcon.colcon_core.package_discovery:discover_packages(ignore) check parameters
[0.541s] Level 1:colcon.colcon_core.package_discovery:discover_packages(path) check parameters
[0.541s] Level 1:colcon.colcon_core.package_discovery:discover_packages(colcon_meta) discover
[0.541s] Level 1:colcon.colcon_core.package_discovery:discover_packages(recursive) discover
[0.541s] INFO:colcon.colcon_core.package_discovery:Crawling recursively for packages in '/home/neha/VBM/vbm_project'
[0.541s] Level 1:colcon.colcon_core.package_identification:_identify(.) by extensions ['ignore', 'ignore_ament_install']
[0.541s] Level 1:colcon.colcon_core.package_identification:_identify(.) by extension 'ignore'
[0.541s] Level 1:colcon.colcon_core.package_identification:_identify(.) by extension 'ignore_ament_install'
[0.541s] Level 1:colcon.colcon_core.package_identification:_identify(.) by extensions ['colcon_pkg']
[0.541s] Level 1:colcon.colcon_core.package_identification:_identify(.) by extension 'colcon_pkg'
[0.541s] Level 1:colcon.colcon_core.package_identification:_identify(.) by extensions ['colcon_meta']
[0.541s] Level 1:colcon.colcon_core.package_identification:_identify(.) by extension 'colcon_meta'
[0.541s] Level 1:colcon.colcon_core.package_identification:_identify(.) by extensions ['ros']
[0.541s] Level 1:colcon.colcon_core.package_identification:_identify(.) by extension 'ros'
[0.547s] Level 1:colcon.colcon_core.package_identification:_identify(.) by extensions ['cmake', 'python']
[0.547s] Level 1:colcon.colcon_core.package_identification:_identify(.) by extension 'cmake'
[0.547s] Level 1:colcon.colcon_core.package_identification:_identify(.) by extension 'python'
[0.547s] Level 1:colcon.colcon_core.package_identification:_identify(.) by extensions ['python_setup_py']
[0.547s] Level 1:colcon.colcon_core.package_identification:_identify(.) by extension 'python_setup_py'
[0.547s] Level 1:colcon.colcon_core.package_identification:_identify(build) by extensions ['ignore', 'ignore_ament_install']
[0.547s] Level 1:colcon.colcon_core.package_identification:_identify(build) by extension 'ignore'
[0.547s] Level 1:colcon.colcon_core.package_identification:_identify(build) ignored
[0.547s] Level 1:colcon.colcon_core.package_identification:_identify(install) by extensions ['ignore', 'ignore_ament_install']
[0.547s] Level 1:colcon.colcon_core.package_identification:_identify(install) by extension 'ignore'
[0.547s] Level 1:colcon.colcon_core.package_identification:_identify(install) ignored
[0.547s] Level 1:colcon.colcon_core.package_identification:_identify(log) by extensions ['ignore', 'ignore_ament_install']
[0.547s] Level 1:colcon.colcon_core.package_identification:_identify(log) by extension 'ignore'
[0.547s] Level 1:colcon.colcon_core.package_identification:_identify(log) ignored
[0.547s] Level 1:colcon.colcon_core.package_identification:_identify(src) by extensions ['ignore', 'ignore_ament_install']
[0.547s] Level 1:colcon.colcon_core.package_identification:_identify(src) by extension 'ignore'
[0.547s] Level 1:colcon.colcon_core.package_identification:_identify(src) by extension 'ignore_ament_install'
[0.547s] Level 1:colcon.colcon_core.package_identification:_identify(src) by extensions ['colcon_pkg']
[0.547s] Level 1:colcon.colcon_core.package_identification:_identify(src) by extension 'colcon_pkg'
[0.547s] Level 1:colcon.colcon_core.package_identification:_identify(src) by extensions ['colcon_meta']
[0.547s] Level 1:colcon.colcon_core.package_identification:_identify(src) by extension 'colcon_meta'
[0.547s] Level 1:colcon.colcon_core.package_identification:_identify(src) by extensions ['ros']
[0.547s] Level 1:colcon.colcon_core.package_identification:_identify(src) by extension 'ros'
[0.547s] Level 1:colcon.colcon_core.package_identification:_identify(src) by extensions ['cmake', 'python']
[0.547s] Level 1:colcon.colcon_core.package_identification:_identify(src) by extension 'cmake'
[0.547s] Level 1:colcon.colcon_core.package_identification:_identify(src) by extension 'python'
[0.547s] Level 1:colcon.colcon_core.package_identification:_identify(src) by extensions ['python_setup_py']
[0.547s] Level 1:colcon.colcon_core.package_identification:_identify(src) by extension 'python_setup_py'
[0.548s] Level 1:colcon.colcon_core.package_identification:_identify(src/pcl_sampling) by extensions ['ignore', 'ignore_ament_install']
[0.548s] Level 1:colcon.colcon_core.package_identification:_identify(src/pcl_sampling) by extension 'ignore'
[0.548s] Level 1:colcon.colcon_core.package_identification:_identify(src/pcl_sampling) by extension 'ignore_ament_install'
[0.548s] Level 1:colcon.colcon_core.package_identification:_identify(src/pcl_sampling) by extensions ['colcon_pkg']
[0.548s] Level 1:colcon.colcon_core.package_identification:_identify(src/pcl_sampling) by extension 'colcon_pkg'
[0.548s] Level 1:colcon.colcon_core.package_identification:_identify(src/pcl_sampling) by extensions ['colcon_meta']
[0.548s] Level 1:colcon.colcon_core.package_identification:_identify(src/pcl_sampling) by extension 'colcon_meta'
[0.548s] Level 1:colcon.colcon_core.package_identification:_identify(src/pcl_sampling) by extensions ['ros']
[0.548s] Level 1:colcon.colcon_core.package_identification:_identify(src/pcl_sampling) by extension 'ros'
[0.549s] DEBUG:colcon.colcon_core.package_identification:Package 'src/pcl_sampling' with type 'ros.ament_cmake' and name 'pcl_sampling'
[0.549s] Level 1:colcon.colcon_core.package_identification:_identify(src/vbm_project_env) by extensions ['ignore', 'ignore_ament_install']
[0.549s] Level 1:colcon.colcon_core.package_identification:_identify(src/vbm_project_env) by extension 'ignore'
[0.549s] Level 1:colcon.colcon_core.package_identification:_identify(src/vbm_project_env) by extension 'ignore_ament_install'
[0.549s] Level 1:colcon.colcon_core.package_identification:_identify(src/vbm_project_env) by extensions ['colcon_pkg']
[0.549s] Level 1:colcon.colcon_core.package_identification:_identify(src/vbm_project_env) by extension 'colcon_pkg'
[0.549s] Level 1:colcon.colcon_core.package_identification:_identify(src/vbm_project_env) by extensions ['colcon_meta']
[0.549s] Level 1:colcon.colcon_core.package_identification:_identify(src/vbm_project_env) by extension 'colcon_meta'
[0.549s] Level 1:colcon.colcon_core.package_identification:_identify(src/vbm_project_env) by extensions ['ros']
[0.549s] Level 1:colcon.colcon_core.package_identification:_identify(src/vbm_project_env) by extension 'ros'
[0.549s] DEBUG:colcon.colcon_core.package_identification:Package 'src/vbm_project_env' with type 'ros.ament_cmake' and name 'vbm_project_env'
[0.549s] Level 1:colcon.colcon_core.package_discovery:discover_packages(recursive) using defaults
[0.549s] Level 1:colcon.colcon_core.package_discovery:discover_packages(ignore) discover
[0.549s] Level 1:colcon.colcon_core.package_discovery:discover_packages(ignore) using defaults
[0.549s] Level 1:colcon.colcon_core.package_discovery:discover_packages(path) discover
[0.549s] Level 1:colcon.colcon_core.package_discovery:discover_packages(path) using defaults
[0.603s] Level 1:colcon.colcon_core.package_discovery:discover_packages(prefix_path) check parameters
[0.603s] Level 1:colcon.colcon_core.package_discovery:discover_packages(prefix_path) discover
[0.619s] DEBUG:colcon.colcon_installed_package_information.package_discovery:Found 2 installed packages in /home/neha/VBM/vbm_project/install
[0.626s] DEBUG:colcon.colcon_installed_package_information.package_discovery:Found 3 installed packages in /home/neha/voidwalking/arduino_ws/microros_ws/install
[0.634s] DEBUG:colcon.colcon_installed_package_information.package_discovery:Found 15 installed packages in /home/neha/voidwalking/ros2_ws/install
[0.642s] DEBUG:colcon.colcon_installed_package_information.package_discovery:Found 17 installed packages in /home/neha/ros2_ws/install
[0.650s] DEBUG:colcon.colcon_installed_package_information.package_discovery:Found 424 installed packages in /opt/ros/humble
[0.651s] Level 1:colcon.colcon_core.package_discovery:discover_packages(prefix_path) using defaults
[0.704s] Level 5:colcon.colcon_core.verb:set package 'pcl_sampling' build argument 'cmake_args' from command line to 'None'
[0.704s] Level 5:colcon.colcon_core.verb:set package 'pcl_sampling' build argument 'cmake_target' from command line to 'None'
[0.704s] Level 5:colcon.colcon_core.verb:set package 'pcl_sampling' build argument 'cmake_target_skip_unavailable' from command line to 'False'
[0.704s] Level 5:colcon.colcon_core.verb:set package 'pcl_sampling' build argument 'cmake_clean_cache' from command line to 'False'
[0.704s] Level 5:colcon.colcon_core.verb:set package 'pcl_sampling' build argument 'cmake_clean_first' from command line to 'False'
[0.704s] Level 5:colcon.colcon_core.verb:set package 'pcl_sampling' build argument 'cmake_force_configure' from command line to 'False'
[0.704s] Level 5:colcon.colcon_core.verb:set package 'pcl_sampling' build argument 'ament_cmake_args' from command line to 'None'
[0.704s] Level 5:colcon.colcon_core.verb:set package 'pcl_sampling' build argument 'catkin_cmake_args' from command line to 'None'
[0.704s] Level 5:colcon.colcon_core.verb:set package 'pcl_sampling' build argument 'catkin_skip_building_tests' from command line to 'False'
[0.704s] DEBUG:colcon.colcon_core.verb:Building package 'pcl_sampling' with the following arguments: {'ament_cmake_args': None, 'build_base': '/home/neha/VBM/vbm_project/build/pcl_sampling', 'catkin_cmake_args': None, 'catkin_skip_building_tests': False, 'cmake_args': None, 'cmake_clean_cache': False, 'cmake_clean_first': False, 'cmake_force_configure': False, 'cmake_target': None, 'cmake_target_skip_unavailable': False, 'install_base': '/home/neha/VBM/vbm_project/install/pcl_sampling', 'merge_install': False, 'path': '/home/neha/VBM/vbm_project/src/pcl_sampling', 'symlink_install': False, 'test_result_base': None}
[0.711s] Level 5:colcon.colcon_core.verb:set package 'vbm_project_env' build argument 'cmake_args' from command line to 'None'
[0.711s] Level 5:colcon.colcon_core.verb:set package 'vbm_project_env' build argument 'cmake_target' from command line to 'None'
[0.711s] Level 5:colcon.colcon_core.verb:set package 'vbm_project_env' build argument 'cmake_target_skip_unavailable' from command line to 'False'
[0.711s] Level 5:colcon.colcon_core.verb:set package 'vbm_project_env' build argument 'cmake_clean_cache' from command line to 'False'
[0.711s] Level 5:colcon.colcon_core.verb:set package 'vbm_project_env' build argument 'cmake_clean_first' from command line to 'False'
[0.711s] Level 5:colcon.colcon_core.verb:set package 'vbm_project_env' build argument 'cmake_force_configure' from command line to 'False'
[0.711s] Level 5:colcon.colcon_core.verb:set package 'vbm_project_env' build argument 'ament_cmake_args' from command line to 'None'
[0.711s] Level 5:colcon.colcon_core.verb:set package 'vbm_project_env' build argument 'catkin_cmake_args' from command line to 'None'
[0.711s] Level 5:colcon.colcon_core.verb:set package 'vbm_project_env' build argument 'catkin_skip_building_tests' from command line to 'False'
[0.711s] DEBUG:colcon.colcon_core.verb:Building package 'vbm_project_env' with the following arguments: {'ament_cmake_args': None, 'build_base': '/home/neha/VBM/vbm_project/build/vbm_project_env', 'catkin_cmake_args': None, 'catkin_skip_building_tests': False, 'cmake_args': None, 'cmake_clean_cache': False, 'cmake_clean_first': False, 'cmake_force_configure': False, 'cmake_target': None, 'cmake_target_skip_unavailable': False, 'install_base': '/home/neha/VBM/vbm_project/install/vbm_project_env', 'merge_install': False, 'path': '/home/neha/VBM/vbm_project/src/vbm_project_env', 'symlink_install': False, 'test_result_base': None}
[0.719s] INFO:colcon.colcon_core.executor:Executing jobs using 'parallel' executor
[0.727s] DEBUG:colcon.colcon_parallel_executor.executor.parallel:run_until_complete
[0.727s] INFO:colcon.colcon_ros.task.ament_cmake.build:Building ROS package in '/home/neha/VBM/vbm_project/src/pcl_sampling' with build type 'ament_cmake'
[0.727s] INFO:colcon.colcon_cmake.task.cmake.build:Building CMake package in '/home/neha/VBM/vbm_project/src/pcl_sampling'
[0.736s] INFO:colcon.colcon_core.plugin_system:Skipping extension 'colcon_core.shell.bat': Not used on non-Windows systems
[0.736s] INFO:colcon.colcon_core.shell:Skip shell extension 'powershell' for command environment: Not usable outside of PowerShell
[0.736s] DEBUG:colcon.colcon_core.shell:Skip shell extension 'dsv' for command environment
[0.790s] INFO:colcon.colcon_ros.task.ament_cmake.build:Building ROS package in '/home/neha/VBM/vbm_project/src/vbm_project_env' with build type 'ament_cmake'
[0.790s] INFO:colcon.colcon_cmake.task.cmake.build:Building CMake package in '/home/neha/VBM/vbm_project/src/vbm_project_env'
[0.799s] INFO:colcon.colcon_core.shell:Skip shell extension 'powershell' for command environment: Not usable outside of PowerShell
[0.799s] DEBUG:colcon.colcon_core.shell:Skip shell extension 'dsv' for command environment
[0.859s] DEBUG:colcon.colcon_core.event_handler.log_command:Invoking command in '/home/neha/VBM/vbm_project/build/pcl_sampling': CMAKE_PREFIX_PATH=${CMAKE_PREFIX_PATH}:/home/neha/ros2_ws/install/point_cloud:/home/neha/ros2_ws/install/opencv_test_py:/home/neha/voidwalking/ros2_ws/install/waypoints:/opt/ros/humble /usr/bin/cmake --build /home/neha/VBM/vbm_project/build/pcl_sampling -- -j20 -l20
[0.862s] DEBUG:colcon.colcon_core.event_handler.log_command:Invoking command in '/home/neha/VBM/vbm_project/build/vbm_project_env': CMAKE_PREFIX_PATH=${CMAKE_PREFIX_PATH}:/home/neha/ros2_ws/install/point_cloud:/home/neha/ros2_ws/install/opencv_test_py:/home/neha/voidwalking/ros2_ws/install/waypoints:/opt/ros/humble /usr/bin/cmake --build /home/neha/VBM/vbm_project/build/vbm_project_env -- -j20 -l20
[0.884s] DEBUG:colcon.colcon_core.event_handler.log_command:Invoked command in '/home/neha/VBM/vbm_project/build/vbm_project_env' returned '0': CMAKE_PREFIX_PATH=${CMAKE_PREFIX_PATH}:/home/neha/ros2_ws/install/point_cloud:/home/neha/ros2_ws/install/opencv_test_py:/home/neha/voidwalking/ros2_ws/install/waypoints:/opt/ros/humble /usr/bin/cmake --build /home/neha/VBM/vbm_project/build/vbm_project_env -- -j20 -l20
[0.903s] DEBUG:colcon.colcon_core.event_handler.log_command:Invoking command in '/home/neha/VBM/vbm_project/build/vbm_project_env': CMAKE_PREFIX_PATH=${CMAKE_PREFIX_PATH}:/home/neha/ros2_ws/install/point_cloud:/home/neha/ros2_ws/install/opencv_test_py:/home/neha/voidwalking/ros2_ws/install/waypoints:/opt/ros/humble /usr/bin/cmake --install /home/neha/VBM/vbm_project/build/vbm_project_env
[0.908s] Level 1:colcon.colcon_core.environment:create_environment_scripts_only(vbm_project_env)
[0.908s] DEBUG:colcon.colcon_core.event_handler.log_command:Invoked command in '/home/neha/VBM/vbm_project/build/vbm_project_env' returned '0': CMAKE_PREFIX_PATH=${CMAKE_PREFIX_PATH}:/home/neha/ros2_ws/install/point_cloud:/home/neha/ros2_ws/install/opencv_test_py:/home/neha/voidwalking/ros2_ws/install/waypoints:/opt/ros/humble /usr/bin/cmake --install /home/neha/VBM/vbm_project/build/vbm_project_env
[0.917s] Level 1:colcon.colcon_core.environment:checking '/home/neha/VBM/vbm_project/install/vbm_project_env' for CMake module files
[0.918s] Level 1:colcon.colcon_core.environment:checking '/home/neha/VBM/vbm_project/install/vbm_project_env' for CMake config files
[0.918s] Level 1:colcon.colcon_core.shell:create_environment_hook('vbm_project_env', 'cmake_prefix_path')
[0.926s] INFO:colcon.colcon_core.shell:Creating environment hook '/home/neha/VBM/vbm_project/install/vbm_project_env/share/vbm_project_env/hook/cmake_prefix_path.ps1'
[0.926s] INFO:colcon.colcon_core.shell:Creating environment descriptor '/home/neha/VBM/vbm_project/install/vbm_project_env/share/vbm_project_env/hook/cmake_prefix_path.dsv'
[0.927s] INFO:colcon.colcon_core.shell:Creating environment hook '/home/neha/VBM/vbm_project/install/vbm_project_env/share/vbm_project_env/hook/cmake_prefix_path.sh'
[0.927s] Level 1:colcon.colcon_core.environment:checking '/home/neha/VBM/vbm_project/install/vbm_project_env/bin'
[0.927s] Level 1:colcon.colcon_core.environment:checking '/home/neha/VBM/vbm_project/install/vbm_project_env/lib/pkgconfig/vbm_project_env.pc'
[0.927s] Level 1:colcon.colcon_core.environment:checking '/home/neha/VBM/vbm_project/install/vbm_project_env/lib/python3.10/site-packages'
[0.927s] Level 1:colcon.colcon_core.environment:checking '/home/neha/VBM/vbm_project/install/vbm_project_env/bin'
[0.935s] INFO:colcon.colcon_core.shell:Creating package script '/home/neha/VBM/vbm_project/install/vbm_project_env/share/vbm_project_env/package.ps1'
[0.936s] INFO:colcon.colcon_core.shell:Creating package descriptor '/home/neha/VBM/vbm_project/install/vbm_project_env/share/vbm_project_env/package.dsv'
[0.936s] INFO:colcon.colcon_core.shell:Creating package script '/home/neha/VBM/vbm_project/install/vbm_project_env/share/vbm_project_env/package.sh'
[0.936s] INFO:colcon.colcon_core.shell:Creating package script '/home/neha/VBM/vbm_project/install/vbm_project_env/share/vbm_project_env/package.bash'
[0.937s] INFO:colcon.colcon_core.shell:Creating package script '/home/neha/VBM/vbm_project/install/vbm_project_env/share/vbm_project_env/package.zsh'
[0.937s] Level 1:colcon.colcon_core.environment:create_file_with_runtime_dependencies(/home/neha/VBM/vbm_project/install/vbm_project_env/share/colcon-core/packages/vbm_project_env)
[0.960s] Level 1:colcon.colcon_core.environment:create_environment_scripts_only(vbm_project_env)
[0.969s] Level 1:colcon.colcon_core.environment:checking '/home/neha/VBM/vbm_project/install/vbm_project_env' for CMake module files
[0.970s] Level 1:colcon.colcon_core.environment:checking '/home/neha/VBM/vbm_project/install/vbm_project_env' for CMake config files
[0.970s] Level 1:colcon.colcon_core.shell:create_environment_hook('vbm_project_env', 'cmake_prefix_path')
[0.979s] INFO:colcon.colcon_core.shell:Creating environment hook '/home/neha/VBM/vbm_project/install/vbm_project_env/share/vbm_project_env/hook/cmake_prefix_path.ps1'
[0.979s] INFO:colcon.colcon_core.shell:Creating environment descriptor '/home/neha/VBM/vbm_project/install/vbm_project_env/share/vbm_project_env/hook/cmake_prefix_path.dsv'
[0.979s] INFO:colcon.colcon_core.shell:Creating environment hook '/home/neha/VBM/vbm_project/install/vbm_project_env/share/vbm_project_env/hook/cmake_prefix_path.sh'
[0.979s] Level 1:colcon.colcon_core.environment:checking '/home/neha/VBM/vbm_project/install/vbm_project_env/bin'
[0.979s] Level 1:colcon.colcon_core.environment:checking '/home/neha/VBM/vbm_project/install/vbm_project_env/lib/pkgconfig/vbm_project_env.pc'
[0.979s] Level 1:colcon.colcon_core.environment:checking '/home/neha/VBM/vbm_project/install/vbm_project_env/lib/python3.10/site-packages'
[0.980s] Level 1:colcon.colcon_core.environment:checking '/home/neha/VBM/vbm_project/install/vbm_project_env/bin'
[0.988s] INFO:colcon.colcon_core.shell:Creating package script '/home/neha/VBM/vbm_project/install/vbm_project_env/share/vbm_project_env/package.ps1'
[0.988s] INFO:colcon.colcon_core.shell:Creating package descriptor '/home/neha/VBM/vbm_project/install/vbm_project_env/share/vbm_project_env/package.dsv'
[0.989s] INFO:colcon.colcon_core.shell:Creating package script '/home/neha/VBM/vbm_project/install/vbm_project_env/share/vbm_project_env/package.sh'
[0.989s] INFO:colcon.colcon_core.shell:Creating package script '/home/neha/VBM/vbm_project/install/vbm_project_env/share/vbm_project_env/package.bash'
[0.989s] INFO:colcon.colcon_core.shell:Creating package script '/home/neha/VBM/vbm_project/install/vbm_project_env/share/vbm_project_env/package.zsh'
[0.989s] Level 1:colcon.colcon_core.environment:create_file_with_runtime_dependencies(/home/neha/VBM/vbm_project/install/vbm_project_env/share/colcon-core/packages/vbm_project_env)
[4.276s] DEBUG:colcon.colcon_core.event_handler.log_command:Invoked command in '/home/neha/VBM/vbm_project/build/pcl_sampling' returned '0': CMAKE_PREFIX_PATH=${CMAKE_PREFIX_PATH}:/home/neha/ros2_ws/install/point_cloud:/home/neha/ros2_ws/install/opencv_test_py:/home/neha/voidwalking/ros2_ws/install/waypoints:/opt/ros/humble /usr/bin/cmake --build /home/neha/VBM/vbm_project/build/pcl_sampling -- -j20 -l20
[4.295s] DEBUG:colcon.colcon_core.event_handler.log_command:Invoking command in '/home/neha/VBM/vbm_project/build/pcl_sampling': CMAKE_PREFIX_PATH=${CMAKE_PREFIX_PATH}:/home/neha/ros2_ws/install/point_cloud:/home/neha/ros2_ws/install/opencv_test_py:/home/neha/voidwalking/ros2_ws/install/waypoints:/opt/ros/humble /usr/bin/cmake --install /home/neha/VBM/vbm_project/build/pcl_sampling
[4.302s] Level 1:colcon.colcon_core.environment:create_environment_scripts_only(pcl_sampling)
[4.302s] DEBUG:colcon.colcon_core.event_handler.log_command:Invoked command in '/home/neha/VBM/vbm_project/build/pcl_sampling' returned '0': CMAKE_PREFIX_PATH=${CMAKE_PREFIX_PATH}:/home/neha/ros2_ws/install/point_cloud:/home/neha/ros2_ws/install/opencv_test_py:/home/neha/voidwalking/ros2_ws/install/waypoints:/opt/ros/humble /usr/bin/cmake --install /home/neha/VBM/vbm_project/build/pcl_sampling
[4.310s] Level 1:colcon.colcon_core.environment:checking '/home/neha/VBM/vbm_project/install/pcl_sampling' for CMake module files
[4.311s] Level 1:colcon.colcon_core.environment:checking '/home/neha/VBM/vbm_project/install/pcl_sampling' for CMake config files
[4.311s] Level 1:colcon.colcon_core.shell:create_environment_hook('pcl_sampling', 'cmake_prefix_path')
[4.319s] INFO:colcon.colcon_core.shell:Creating environment hook '/home/neha/VBM/vbm_project/install/pcl_sampling/share/pcl_sampling/hook/cmake_prefix_path.ps1'
[4.319s] INFO:colcon.colcon_core.shell:Creating environment descriptor '/home/neha/VBM/vbm_project/install/pcl_sampling/share/pcl_sampling/hook/cmake_prefix_path.dsv'
[4.320s] INFO:colcon.colcon_core.shell:Creating environment hook '/home/neha/VBM/vbm_project/install/pcl_sampling/share/pcl_sampling/hook/cmake_prefix_path.sh'
[4.320s] Level 1:colcon.colcon_core.environment:checking '/home/neha/VBM/vbm_project/install/pcl_sampling/lib'
[4.320s] Level 1:colcon.colcon_core.environment:checking '/home/neha/VBM/vbm_project/install/pcl_sampling/bin'
[4.320s] Level 1:colcon.colcon_core.environment:checking '/home/neha/VBM/vbm_project/install/pcl_sampling/lib/pkgconfig/pcl_sampling.pc'
[4.320s] Level 1:colcon.colcon_core.environment:checking '/home/neha/VBM/vbm_project/install/pcl_sampling/lib/python3.10/site-packages'
[4.320s] Level 1:colcon.colcon_core.environment:checking '/home/neha/VBM/vbm_project/install/pcl_sampling/bin'
[4.329s] INFO:colcon.colcon_core.shell:Creating package script '/home/neha/VBM/vbm_project/install/pcl_sampling/share/pcl_sampling/package.ps1'
[4.329s] INFO:colcon.colcon_core.shell:Creating package descriptor '/home/neha/VBM/vbm_project/install/pcl_sampling/share/pcl_sampling/package.dsv'
[4.329s] INFO:colcon.colcon_core.shell:Creating package script '/home/neha/VBM/vbm_project/install/pcl_sampling/share/pcl_sampling/package.sh'
[4.330s] INFO:colcon.colcon_core.shell:Creating package script '/home/neha/VBM/vbm_project/install/pcl_sampling/share/pcl_sampling/package.bash'
[4.330s] INFO:colcon.colcon_core.shell:Creating package script '/home/neha/VBM/vbm_project/install/pcl_sampling/share/pcl_sampling/package.zsh'
[4.330s] Level 1:colcon.colcon_core.environment:create_file_with_runtime_dependencies(/home/neha/VBM/vbm_project/install/pcl_sampling/share/colcon-core/packages/pcl_sampling)
[4.358s] Level 1:colcon.colcon_core.environment:create_environment_scripts_only(pcl_sampling)
[4.366s] Level 1:colcon.colcon_core.environment:checking '/home/neha/VBM/vbm_project/install/pcl_sampling' for CMake module files
[4.366s] Level 1:colcon.colcon_core.environment:checking '/home/neha/VBM/vbm_project/install/pcl_sampling' for CMake config files
[4.366s] Level 1:colcon.colcon_core.shell:create_environment_hook('pcl_sampling', 'cmake_prefix_path')
[4.374s] INFO:colcon.colcon_core.shell:Creating environment hook '/home/neha/VBM/vbm_project/install/pcl_sampling/share/pcl_sampling/hook/cmake_prefix_path.ps1'
[4.374s] INFO:colcon.colcon_core.shell:Creating environment descriptor '/home/neha/VBM/vbm_project/install/pcl_sampling/share/pcl_sampling/hook/cmake_prefix_path.dsv'
[4.374s] INFO:colcon.colcon_core.shell:Creating environment hook '/home/neha/VBM/vbm_project/install/pcl_sampling/share/pcl_sampling/hook/cmake_prefix_path.sh'
[4.374s] Level 1:colcon.colcon_core.environment:checking '/home/neha/VBM/vbm_project/install/pcl_sampling/lib'
[4.374s] Level 1:colcon.colcon_core.environment:checking '/home/neha/VBM/vbm_project/install/pcl_sampling/bin'
[4.374s] Level 1:colcon.colcon_core.environment:checking '/home/neha/VBM/vbm_project/install/pcl_sampling/lib/pkgconfig/pcl_sampling.pc'
[4.375s] Level 1:colcon.colcon_core.environment:checking '/home/neha/VBM/vbm_project/install/pcl_sampling/lib/python3.10/site-packages'
[4.375s] Level 1:colcon.colcon_core.environment:checking '/home/neha/VBM/vbm_project/install/pcl_sampling/bin'
[4.382s] INFO:colcon.colcon_core.shell:Creating package script '/home/neha/VBM/vbm_project/install/pcl_sampling/share/pcl_sampling/package.ps1'
[4.382s] INFO:colcon.colcon_core.shell:Creating package descriptor '/home/neha/VBM/vbm_project/install/pcl_sampling/share/pcl_sampling/package.dsv'
[4.382s] INFO:colcon.colcon_core.shell:Creating package script '/home/neha/VBM/vbm_project/install/pcl_sampling/share/pcl_sampling/package.sh'
[4.382s] INFO:colcon.colcon_core.shell:Creating package script '/home/neha/VBM/vbm_project/install/pcl_sampling/share/pcl_sampling/package.bash'
[4.383s] INFO:colcon.colcon_core.shell:Creating package script '/home/neha/VBM/vbm_project/install/pcl_sampling/share/pcl_sampling/package.zsh'
[4.383s] Level 1:colcon.colcon_core.environment:create_file_with_runtime_dependencies(/home/neha/VBM/vbm_project/install/pcl_sampling/share/colcon-core/packages/pcl_sampling)
[4.383s] DEBUG:colcon.colcon_parallel_executor.executor.parallel:closing loop
[4.383s] DEBUG:colcon.colcon_parallel_executor.executor.parallel:loop closed
[4.383s] DEBUG:colcon.colcon_parallel_executor.executor.parallel:run_until_complete finished with '0'
[4.383s] DEBUG:colcon.colcon_core.event_reactor:joining thread
[4.393s] INFO:colcon.colcon_core.plugin_system:Skipping extension 'colcon_notification.desktop_notification.terminal_notifier': Not used on non-Darwin systems
[4.393s] INFO:colcon.colcon_core.plugin_system:Skipping extension 'colcon_notification.desktop_notification.win32': Not used on non-Windows systems
[4.393s] INFO:colcon.colcon_notification.desktop_notification:Sending desktop notification using 'notify2'
[4.405s] DEBUG:colcon.colcon_core.event_reactor:joined thread
[4.415s] INFO:colcon.colcon_core.shell:Creating prefix script '/home/neha/VBM/vbm_project/install/local_setup.ps1'
[4.415s] INFO:colcon.colcon_core.shell:Creating prefix util module '/home/neha/VBM/vbm_project/install/_local_setup_util_ps1.py'
[4.416s] INFO:colcon.colcon_core.shell:Creating prefix chain script '/home/neha/VBM/vbm_project/install/setup.ps1'
[4.426s] INFO:colcon.colcon_core.shell:Creating prefix script '/home/neha/VBM/vbm_project/install/local_setup.sh'
[4.426s] INFO:colcon.colcon_core.shell:Creating prefix util module '/home/neha/VBM/vbm_project/install/_local_setup_util_sh.py'
[4.426s] INFO:colcon.colcon_core.shell:Creating prefix chain script '/home/neha/VBM/vbm_project/install/setup.sh'
[4.437s] INFO:colcon.colcon_core.shell:Creating prefix script '/home/neha/VBM/vbm_project/install/local_setup.bash'
[4.437s] INFO:colcon.colcon_core.shell:Creating prefix chain script '/home/neha/VBM/vbm_project/install/setup.bash'
[4.447s] INFO:colcon.colcon_core.shell:Creating prefix script '/home/neha/VBM/vbm_project/install/local_setup.zsh'
[4.447s] INFO:colcon.colcon_core.shell:Creating prefix chain script '/home/neha/VBM/vbm_project/install/setup.zsh'
