-- Found ament_cmake: 1.3.5 (/opt/ros/humble/share/ament_cmake/cmake)
-- Override CMake install command with custom implementation using symlinks instead of copying resources
-- Eigen found (include: /usr/include/eigen3, version: 3.4.0)
-- FLANN found (include: /usr/include, lib: /usr/lib/x86_64-linux-gnu/libflann_cpp.so)
-- OpenNI found (version: 1.5.4.0, include: /usr/include/ni, lib: /usr/lib/libOpenNI.so;libusb::libusb)
-- OpenNI2 found (version: 2.2.0.33, include: /usr/include/openni2, lib: /usr/lib/x86_64-linux-gnu/libOpenNI2.so;libusb::libusb)
[0m** WARNING ** io features related to pcap will be disabled[0m
-- Eigen found (include: /usr/include/eigen3, version: 3.4.0)
-- OpenNI found (version: 1.5.4.0, include: /usr/include/ni, lib: /usr/lib/libOpenNI.so;libusb::libusb)
-- OpenNI2 found (version: 2.2.0.33, include: /usr/include/openni2, lib: /usr/lib/x86_64-linux-gnu/libOpenNI2.so;libusb::libusb)
-- Found Qhull version 8.0.2
-- OpenNI found (version: 1.5.4.0, include: /usr/include/ni, lib: /usr/lib/libOpenNI.so;libusb::libusb)
-- looking for PCL_COMMON
-- looking for PCL_KDTREE
-- looking for PCL_OCTREE
-- looking for PCL_SEARCH
-- looking for PCL_SAMPLE_CONSENSUS
-- looking for PCL_FILTERS
-- looking for PCL_2D
-- looking for PCL_GEOMETRY
-- looking for PCL_IO
-- looking for PCL_FEATURES
-- looking for PCL_ML
-- looking for PCL_SEGMENTATION
-- looking for PCL_VISUALIZATION
-- looking for PCL_SURFACE
-- looking for PCL_REGISTRATION
-- looking for PCL_KEYPOINTS
-- looking for PCL_TRACKING
-- looking for PCL_RECOGNITION
-- looking for PCL_STEREO
-- looking for PCL_APPS
-- looking for PCL_IN_HAND_SCANNER
-- looking for PCL_MODELER
-- looking for PCL_POINT_CLOUD_EDITOR
-- looking for PCL_OUTOFCORE
-- looking for PCL_PEOPLE
-- Found ament_lint_auto: 0.12.8 (/opt/ros/humble/share/ament_lint_auto/cmake)
-- Added test 'cppcheck' to perform static code analysis on C / C++ code
-- Configured cppcheck include dirs: 
-- Configured cppcheck exclude dirs and/or files: 
-- Added test 'lint_cmake' to check CMake code style
-- Added test 'uncrustify' to check C / C++ code style
-- Configured uncrustify additional arguments: 
-- Added test 'xmllint' to check XML markup files
-- Configuring done
-- Generating done
-- Build files have been written to: /home/justin/vbm_project/build/pcl_sampling
[35m[1mConsolidate compiler generated dependencies of target pcl_sampling[0m
[100%] Built target pcl_sampling
-- Install configuration: ""
-- Execute custom install script
-- Up-to-date symlink: /home/justin/vbm_project/install/pcl_sampling/lib/pcl_sampling/pcl_sampling
-- Up-to-date symlink: /home/justin/vbm_project/install/pcl_sampling/share/ament_index/resource_index/package_run_dependencies/pcl_sampling
-- Up-to-date symlink: /home/justin/vbm_project/install/pcl_sampling/share/ament_index/resource_index/parent_prefix_path/pcl_sampling
-- Up-to-date symlink: /home/justin/vbm_project/install/pcl_sampling/share/pcl_sampling/environment/ament_prefix_path.sh
-- Up-to-date symlink: /home/justin/vbm_project/install/pcl_sampling/share/pcl_sampling/environment/ament_prefix_path.dsv
-- Up-to-date symlink: /home/justin/vbm_project/install/pcl_sampling/share/pcl_sampling/environment/path.sh
-- Up-to-date symlink: /home/justin/vbm_project/install/pcl_sampling/share/pcl_sampling/environment/path.dsv
-- Up-to-date symlink: /home/justin/vbm_project/install/pcl_sampling/share/pcl_sampling/local_setup.bash
-- Up-to-date symlink: /home/justin/vbm_project/install/pcl_sampling/share/pcl_sampling/local_setup.sh
-- Up-to-date symlink: /home/justin/vbm_project/install/pcl_sampling/share/pcl_sampling/local_setup.zsh
-- Up-to-date symlink: /home/justin/vbm_project/install/pcl_sampling/share/pcl_sampling/local_setup.dsv
-- Symlinking: /home/justin/vbm_project/install/pcl_sampling/share/pcl_sampling/package.dsv
-- Up-to-date symlink: /home/justin/vbm_project/install/pcl_sampling/share/ament_index/resource_index/packages/pcl_sampling
-- Up-to-date symlink: /home/justin/vbm_project/install/pcl_sampling/share/pcl_sampling/cmake/pcl_samplingConfig.cmake
-- Up-to-date symlink: /home/justin/vbm_project/install/pcl_sampling/share/pcl_sampling/cmake/pcl_samplingConfig-version.cmake
-- Up-to-date symlink: /home/justin/vbm_project/install/pcl_sampling/share/pcl_sampling/package.xml
