[2.197s] DEBUG:colcon:Command line arguments: ['/usr/bin/colcon', 'build']
[2.197s] DEBUG:colcon:Parsed command line arguments: Namespace(log_base=None, log_level=None, verb_name='build', build_base='build', install_base='install', merge_install=False, symlink_install=False, test_result_base=None, continue_on_error=False, executor='parallel', parallel_workers=8, event_handlers=None, ignore_user_meta=False, metas=['./colcon.meta'], base_paths=['.'], packages_ignore=None, packages_ignore_regex=None, paths=None, packages_up_to=None, packages_up_to_regex=None, packages_above=None, packages_above_and_dependencies=None, packages_above_depth=None, packages_select_by_dep=None, packages_skip_by_dep=None, packages_skip_up_to=None, packages_select_build_failed=False, packages_skip_build_finished=False, packages_select_test_failures=False, packages_skip_test_passed=False, packages_select=None, packages_skip=None, packages_select_regex=None, packages_skip_regex=None, packages_start=None, packages_end=None, allow_overriding=[], cmake_args=None, cmake_target=None, cmake_target_skip_unavailable=False, cmake_clean_cache=False, cmake_clean_first=False, cmake_force_configure=False, ament_cmake_args=None, catkin_cmake_args=None, catkin_skip_building_tests=False, verb_parser=<colcon_defaults.argument_parser.defaults.DefaultArgumentsDecorator object at 0x7f3f7901a0e0>, verb_extension=<colcon_core.verb.build.BuildVerb object at 0x7f3f7901a7a0>, main=<bound method BuildVerb.main of <colcon_core.verb.build.BuildVerb object at 0x7f3f7901a7a0>>)
[2.290s] Level 1:colcon.colcon_core.package_discovery:discover_packages(colcon_meta) check parameters
[2.291s] Level 1:colcon.colcon_core.package_discovery:discover_packages(recursive) check parameters
[2.291s] Level 1:colcon.colcon_core.package_discovery:discover_packages(ignore) check parameters
[2.291s] Level 1:colcon.colcon_core.package_discovery:discover_packages(path) check parameters
[2.291s] Level 1:colcon.colcon_core.package_discovery:discover_packages(colcon_meta) discover
[2.291s] Level 1:colcon.colcon_core.package_discovery:discover_packages(recursive) discover
[2.291s] INFO:colcon.colcon_core.package_discovery:Crawling recursively for packages in '/home/can/ros2_ws/src/vbm_project/src'
[2.291s] Level 1:colcon.colcon_core.package_identification:_identify(.) by extensions ['ignore', 'ignore_ament_install']
[2.291s] Level 1:colcon.colcon_core.package_identification:_identify(.) by extension 'ignore'
[2.292s] Level 1:colcon.colcon_core.package_identification:_identify(.) by extension 'ignore_ament_install'
[2.292s] Level 1:colcon.colcon_core.package_identification:_identify(.) by extensions ['colcon_pkg']
[2.292s] Level 1:colcon.colcon_core.package_identification:_identify(.) by extension 'colcon_pkg'
[2.293s] Level 1:colcon.colcon_core.package_identification:_identify(.) by extensions ['colcon_meta']
[2.293s] Level 1:colcon.colcon_core.package_identification:_identify(.) by extension 'colcon_meta'
[2.293s] Level 1:colcon.colcon_core.package_identification:_identify(.) by extensions ['ros']
[2.294s] Level 1:colcon.colcon_core.package_identification:_identify(.) by extension 'ros'
[2.312s] Level 1:colcon.colcon_core.package_identification:_identify(.) by extensions ['cmake', 'python']
[2.312s] Level 1:colcon.colcon_core.package_identification:_identify(.) by extension 'cmake'
[2.312s] Level 1:colcon.colcon_core.package_identification:_identify(.) by extension 'python'
[2.312s] Level 1:colcon.colcon_core.package_identification:_identify(.) by extensions ['python_setup_py']
[2.312s] Level 1:colcon.colcon_core.package_identification:_identify(.) by extension 'python_setup_py'
[2.313s] Level 1:colcon.colcon_core.package_identification:_identify(build) by extensions ['ignore', 'ignore_ament_install']
[2.313s] Level 1:colcon.colcon_core.package_identification:_identify(build) by extension 'ignore'
[2.313s] Level 1:colcon.colcon_core.package_identification:_identify(build) ignored
[2.313s] Level 1:colcon.colcon_core.package_identification:_identify(install) by extensions ['ignore', 'ignore_ament_install']
[2.313s] Level 1:colcon.colcon_core.package_identification:_identify(install) by extension 'ignore'
[2.313s] Level 1:colcon.colcon_core.package_identification:_identify(install) ignored
[2.313s] Level 1:colcon.colcon_core.package_identification:_identify(log) by extensions ['ignore', 'ignore_ament_install']
[2.313s] Level 1:colcon.colcon_core.package_identification:_identify(log) by extension 'ignore'
[2.313s] Level 1:colcon.colcon_core.package_identification:_identify(log) ignored
[2.313s] Level 1:colcon.colcon_core.package_identification:_identify(pcl_sampling) by extensions ['ignore', 'ignore_ament_install']
[2.314s] Level 1:colcon.colcon_core.package_identification:_identify(pcl_sampling) by extension 'ignore'
[2.314s] Level 1:colcon.colcon_core.package_identification:_identify(pcl_sampling) by extension 'ignore_ament_install'
[2.314s] Level 1:colcon.colcon_core.package_identification:_identify(pcl_sampling) by extensions ['colcon_pkg']
[2.314s] Level 1:colcon.colcon_core.package_identification:_identify(pcl_sampling) by extension 'colcon_pkg'
[2.314s] Level 1:colcon.colcon_core.package_identification:_identify(pcl_sampling) by extensions ['colcon_meta']
[2.314s] Level 1:colcon.colcon_core.package_identification:_identify(pcl_sampling) by extension 'colcon_meta'
[2.314s] Level 1:colcon.colcon_core.package_identification:_identify(pcl_sampling) by extensions ['ros']
[2.314s] Level 1:colcon.colcon_core.package_identification:_identify(pcl_sampling) by extension 'ros'
[2.320s] DEBUG:colcon.colcon_core.package_identification:Package 'pcl_sampling' with type 'ros.ament_cmake' and name 'pcl_sampling'
[2.320s] Level 1:colcon.colcon_core.package_identification:_identify(point_cloud) by extensions ['ignore', 'ignore_ament_install']
[2.321s] Level 1:colcon.colcon_core.package_identification:_identify(point_cloud) by extension 'ignore'
[2.321s] Level 1:colcon.colcon_core.package_identification:_identify(point_cloud) by extension 'ignore_ament_install'
[2.321s] Level 1:colcon.colcon_core.package_identification:_identify(point_cloud) by extensions ['colcon_pkg']
[2.321s] Level 1:colcon.colcon_core.package_identification:_identify(point_cloud) by extension 'colcon_pkg'
[2.321s] Level 1:colcon.colcon_core.package_identification:_identify(point_cloud) by extensions ['colcon_meta']
[2.321s] Level 1:colcon.colcon_core.package_identification:_identify(point_cloud) by extension 'colcon_meta'
[2.321s] Level 1:colcon.colcon_core.package_identification:_identify(point_cloud) by extensions ['ros']
[2.321s] Level 1:colcon.colcon_core.package_identification:_identify(point_cloud) by extension 'ros'
[2.322s] Level 1:colcon.colcon_core.package_identification:_identify(point_cloud) by extensions ['cmake', 'python']
[2.322s] Level 1:colcon.colcon_core.package_identification:_identify(point_cloud) by extension 'cmake'
[2.322s] Level 1:colcon.colcon_core.package_identification:_identify(point_cloud) by extension 'python'
[2.322s] Level 1:colcon.colcon_core.package_identification:_identify(point_cloud) by extensions ['python_setup_py']
[2.322s] Level 1:colcon.colcon_core.package_identification:_identify(point_cloud) by extension 'python_setup_py'
[2.322s] Level 1:colcon.colcon_core.package_identification:_identify(vbm_project_env) by extensions ['ignore', 'ignore_ament_install']
[2.323s] Level 1:colcon.colcon_core.package_identification:_identify(vbm_project_env) by extension 'ignore'
[2.323s] Level 1:colcon.colcon_core.package_identification:_identify(vbm_project_env) by extension 'ignore_ament_install'
[2.323s] Level 1:colcon.colcon_core.package_identification:_identify(vbm_project_env) by extensions ['colcon_pkg']
[2.323s] Level 1:colcon.colcon_core.package_identification:_identify(vbm_project_env) by extension 'colcon_pkg'
[2.323s] Level 1:colcon.colcon_core.package_identification:_identify(vbm_project_env) by extensions ['colcon_meta']
[2.323s] Level 1:colcon.colcon_core.package_identification:_identify(vbm_project_env) by extension 'colcon_meta'
[2.323s] Level 1:colcon.colcon_core.package_identification:_identify(vbm_project_env) by extensions ['ros']
[2.323s] Level 1:colcon.colcon_core.package_identification:_identify(vbm_project_env) by extension 'ros'
[2.324s] DEBUG:colcon.colcon_core.package_identification:Package 'vbm_project_env' with type 'ros.ament_cmake' and name 'vbm_project_env'
[2.324s] Level 1:colcon.colcon_core.package_discovery:discover_packages(recursive) using defaults
[2.324s] Level 1:colcon.colcon_core.package_discovery:discover_packages(ignore) discover
[2.324s] Level 1:colcon.colcon_core.package_discovery:discover_packages(ignore) using defaults
[2.324s] Level 1:colcon.colcon_core.package_discovery:discover_packages(path) discover
[2.324s] Level 1:colcon.colcon_core.package_discovery:discover_packages(path) using defaults
[2.523s] Level 1:colcon.colcon_core.package_discovery:discover_packages(prefix_path) check parameters
[2.523s] Level 1:colcon.colcon_core.package_discovery:discover_packages(prefix_path) discover
[2.586s] DEBUG:colcon.colcon_installed_package_information.package_discovery:Found 29 installed packages in /home/can/ros2_ws/install
[2.620s] DEBUG:colcon.colcon_installed_package_information.package_discovery:Found 341 installed packages in /opt/ros/humble
[2.622s] Level 1:colcon.colcon_core.package_discovery:discover_packages(prefix_path) using defaults
[2.871s] Level 5:colcon.colcon_core.verb:set package 'pcl_sampling' build argument 'cmake_args' from command line to 'None'
[2.871s] Level 5:colcon.colcon_core.verb:set package 'pcl_sampling' build argument 'cmake_target' from command line to 'None'
[2.871s] Level 5:colcon.colcon_core.verb:set package 'pcl_sampling' build argument 'cmake_target_skip_unavailable' from command line to 'False'
[2.871s] Level 5:colcon.colcon_core.verb:set package 'pcl_sampling' build argument 'cmake_clean_cache' from command line to 'False'
[2.871s] Level 5:colcon.colcon_core.verb:set package 'pcl_sampling' build argument 'cmake_clean_first' from command line to 'False'
[2.871s] Level 5:colcon.colcon_core.verb:set package 'pcl_sampling' build argument 'cmake_force_configure' from command line to 'False'
[2.871s] Level 5:colcon.colcon_core.verb:set package 'pcl_sampling' build argument 'ament_cmake_args' from command line to 'None'
[2.871s] Level 5:colcon.colcon_core.verb:set package 'pcl_sampling' build argument 'catkin_cmake_args' from command line to 'None'
[2.871s] Level 5:colcon.colcon_core.verb:set package 'pcl_sampling' build argument 'catkin_skip_building_tests' from command line to 'False'
[2.871s] DEBUG:colcon.colcon_core.verb:Building package 'pcl_sampling' with the following arguments: {'ament_cmake_args': None, 'build_base': '/home/can/ros2_ws/src/vbm_project/src/build/pcl_sampling', 'catkin_cmake_args': None, 'catkin_skip_building_tests': False, 'cmake_args': None, 'cmake_clean_cache': False, 'cmake_clean_first': False, 'cmake_force_configure': False, 'cmake_target': None, 'cmake_target_skip_unavailable': False, 'install_base': '/home/can/ros2_ws/src/vbm_project/src/install/pcl_sampling', 'merge_install': False, 'path': '/home/can/ros2_ws/src/vbm_project/src/pcl_sampling', 'symlink_install': False, 'test_result_base': None}
[2.899s] Level 5:colcon.colcon_core.verb:set package 'vbm_project_env' build argument 'cmake_args' from command line to 'None'
[2.899s] Level 5:colcon.colcon_core.verb:set package 'vbm_project_env' build argument 'cmake_target' from command line to 'None'
[2.899s] Level 5:colcon.colcon_core.verb:set package 'vbm_project_env' build argument 'cmake_target_skip_unavailable' from command line to 'False'
[2.899s] Level 5:colcon.colcon_core.verb:set package 'vbm_project_env' build argument 'cmake_clean_cache' from command line to 'False'
[2.899s] Level 5:colcon.colcon_core.verb:set package 'vbm_project_env' build argument 'cmake_clean_first' from command line to 'False'
[2.899s] Level 5:colcon.colcon_core.verb:set package 'vbm_project_env' build argument 'cmake_force_configure' from command line to 'False'
[2.899s] Level 5:colcon.colcon_core.verb:set package 'vbm_project_env' build argument 'ament_cmake_args' from command line to 'None'
[2.899s] Level 5:colcon.colcon_core.verb:set package 'vbm_project_env' build argument 'catkin_cmake_args' from command line to 'None'
[2.899s] Level 5:colcon.colcon_core.verb:set package 'vbm_project_env' build argument 'catkin_skip_building_tests' from command line to 'False'
[2.899s] DEBUG:colcon.colcon_core.verb:Building package 'vbm_project_env' with the following arguments: {'ament_cmake_args': None, 'build_base': '/home/can/ros2_ws/src/vbm_project/src/build/vbm_project_env', 'catkin_cmake_args': None, 'catkin_skip_building_tests': False, 'cmake_args': None, 'cmake_clean_cache': False, 'cmake_clean_first': False, 'cmake_force_configure': False, 'cmake_target': None, 'cmake_target_skip_unavailable': False, 'install_base': '/home/can/ros2_ws/src/vbm_project/src/install/vbm_project_env', 'merge_install': False, 'path': '/home/can/ros2_ws/src/vbm_project/src/vbm_project_env', 'symlink_install': False, 'test_result_base': None}
[2.931s] INFO:colcon.colcon_core.executor:Executing jobs using 'parallel' executor
[2.965s] DEBUG:colcon.colcon_parallel_executor.executor.parallel:run_until_complete
[2.965s] INFO:colcon.colcon_ros.task.ament_cmake.build:Building ROS package in '/home/can/ros2_ws/src/vbm_project/src/pcl_sampling' with build type 'ament_cmake'
[2.965s] INFO:colcon.colcon_cmake.task.cmake.build:Building CMake package in '/home/can/ros2_ws/src/vbm_project/src/pcl_sampling'
[3.004s] INFO:colcon.colcon_core.plugin_system:Skipping extension 'colcon_core.shell.bat': Not used on non-Windows systems
[3.004s] INFO:colcon.colcon_core.shell:Skip shell extension 'powershell' for command environment: Not usable outside of PowerShell
[3.005s] DEBUG:colcon.colcon_core.shell:Skip shell extension 'dsv' for command environment
[3.117s] INFO:colcon.colcon_ros.task.ament_cmake.build:Building ROS package in '/home/can/ros2_ws/src/vbm_project/src/vbm_project_env' with build type 'ament_cmake'
[3.118s] INFO:colcon.colcon_cmake.task.cmake.build:Building CMake package in '/home/can/ros2_ws/src/vbm_project/src/vbm_project_env'
[3.151s] INFO:colcon.colcon_core.shell:Skip shell extension 'powershell' for command environment: Not usable outside of PowerShell
[3.151s] DEBUG:colcon.colcon_core.shell:Skip shell extension 'dsv' for command environment
[3.278s] DEBUG:colcon.colcon_core.event_handler.log_command:Invoking command in '/home/can/ros2_ws/src/vbm_project/src/build/pcl_sampling': CMAKE_PREFIX_PATH=${CMAKE_PREFIX_PATH}:/home/can/ros2_ws/install/opencv_test_py:/home/can/ros2_ws/install/launch_testing_examples:/home/can/ros2_ws/install/hw4:/home/can/ros2_ws/install/examples_rclpy_pointcloud_publisher:/home/can/ros2_ws/install/examples_rclpy_minimal_subscriber:/home/can/ros2_ws/install/examples_rclpy_minimal_service:/home/can/ros2_ws/install/examples_rclpy_minimal_publisher:/home/can/ros2_ws/install/examples_rclpy_minimal_client:/home/can/ros2_ws/install/examples_rclpy_minimal_action_server:/home/can/ros2_ws/install/examples_rclpy_minimal_action_client:/home/can/ros2_ws/install/examples_rclpy_guard_conditions:/home/can/ros2_ws/install/examples_rclpy_executors:/opt/ros/humble /usr/bin/cmake --build /home/can/ros2_ws/src/vbm_project/src/build/pcl_sampling -- -j8 -l8
[3.290s] DEBUG:colcon.colcon_core.event_handler.log_command:Invoking command in '/home/can/ros2_ws/src/vbm_project/src/build/vbm_project_env': CMAKE_PREFIX_PATH=${CMAKE_PREFIX_PATH}:/home/can/ros2_ws/install/opencv_test_py:/home/can/ros2_ws/install/launch_testing_examples:/home/can/ros2_ws/install/hw4:/home/can/ros2_ws/install/examples_rclpy_pointcloud_publisher:/home/can/ros2_ws/install/examples_rclpy_minimal_subscriber:/home/can/ros2_ws/install/examples_rclpy_minimal_service:/home/can/ros2_ws/install/examples_rclpy_minimal_publisher:/home/can/ros2_ws/install/examples_rclpy_minimal_client:/home/can/ros2_ws/install/examples_rclpy_minimal_action_server:/home/can/ros2_ws/install/examples_rclpy_minimal_action_client:/home/can/ros2_ws/install/examples_rclpy_guard_conditions:/home/can/ros2_ws/install/examples_rclpy_executors:/opt/ros/humble /usr/bin/cmake --build /home/can/ros2_ws/src/vbm_project/src/build/vbm_project_env -- -j8 -l8
[3.359s] DEBUG:colcon.colcon_core.event_handler.log_command:Invoked command in '/home/can/ros2_ws/src/vbm_project/src/build/vbm_project_env' returned '0': CMAKE_PREFIX_PATH=${CMAKE_PREFIX_PATH}:/home/can/ros2_ws/install/opencv_test_py:/home/can/ros2_ws/install/launch_testing_examples:/home/can/ros2_ws/install/hw4:/home/can/ros2_ws/install/examples_rclpy_pointcloud_publisher:/home/can/ros2_ws/install/examples_rclpy_minimal_subscriber:/home/can/ros2_ws/install/examples_rclpy_minimal_service:/home/can/ros2_ws/install/examples_rclpy_minimal_publisher:/home/can/ros2_ws/install/examples_rclpy_minimal_client:/home/can/ros2_ws/install/examples_rclpy_minimal_action_server:/home/can/ros2_ws/install/examples_rclpy_minimal_action_client:/home/can/ros2_ws/install/examples_rclpy_guard_conditions:/home/can/ros2_ws/install/examples_rclpy_executors:/opt/ros/humble /usr/bin/cmake --build /home/can/ros2_ws/src/vbm_project/src/build/vbm_project_env -- -j8 -l8
[3.425s] DEBUG:colcon.colcon_core.event_handler.log_command:Invoking command in '/home/can/ros2_ws/src/vbm_project/src/build/vbm_project_env': CMAKE_PREFIX_PATH=${CMAKE_PREFIX_PATH}:/home/can/ros2_ws/install/opencv_test_py:/home/can/ros2_ws/install/launch_testing_examples:/home/can/ros2_ws/install/hw4:/home/can/ros2_ws/install/examples_rclpy_pointcloud_publisher:/home/can/ros2_ws/install/examples_rclpy_minimal_subscriber:/home/can/ros2_ws/install/examples_rclpy_minimal_service:/home/can/ros2_ws/install/examples_rclpy_minimal_publisher:/home/can/ros2_ws/install/examples_rclpy_minimal_client:/home/can/ros2_ws/install/examples_rclpy_minimal_action_server:/home/can/ros2_ws/install/examples_rclpy_minimal_action_client:/home/can/ros2_ws/install/examples_rclpy_guard_conditions:/home/can/ros2_ws/install/examples_rclpy_executors:/opt/ros/humble /usr/bin/cmake --install /home/can/ros2_ws/src/vbm_project/src/build/vbm_project_env
[3.442s] Level 1:colcon.colcon_core.environment:create_environment_scripts_only(vbm_project_env)
[3.445s] DEBUG:colcon.colcon_core.event_handler.log_command:Invoked command in '/home/can/ros2_ws/src/vbm_project/src/build/vbm_project_env' returned '0': CMAKE_PREFIX_PATH=${CMAKE_PREFIX_PATH}:/home/can/ros2_ws/install/opencv_test_py:/home/can/ros2_ws/install/launch_testing_examples:/home/can/ros2_ws/install/hw4:/home/can/ros2_ws/install/examples_rclpy_pointcloud_publisher:/home/can/ros2_ws/install/examples_rclpy_minimal_subscriber:/home/can/ros2_ws/install/examples_rclpy_minimal_service:/home/can/ros2_ws/install/examples_rclpy_minimal_publisher:/home/can/ros2_ws/install/examples_rclpy_minimal_client:/home/can/ros2_ws/install/examples_rclpy_minimal_action_server:/home/can/ros2_ws/install/examples_rclpy_minimal_action_client:/home/can/ros2_ws/install/examples_rclpy_guard_conditions:/home/can/ros2_ws/install/examples_rclpy_executors:/opt/ros/humble /usr/bin/cmake --install /home/can/ros2_ws/src/vbm_project/src/build/vbm_project_env
[3.486s] Level 1:colcon.colcon_core.environment:checking '/home/can/ros2_ws/src/vbm_project/src/install/vbm_project_env' for CMake module files
[3.487s] Level 1:colcon.colcon_core.environment:checking '/home/can/ros2_ws/src/vbm_project/src/install/vbm_project_env' for CMake config files
[3.487s] Level 1:colcon.colcon_core.shell:create_environment_hook('vbm_project_env', 'cmake_prefix_path')
[3.524s] INFO:colcon.colcon_core.shell:Creating environment hook '/home/can/ros2_ws/src/vbm_project/src/install/vbm_project_env/share/vbm_project_env/hook/cmake_prefix_path.ps1'
[3.525s] INFO:colcon.colcon_core.shell:Creating environment descriptor '/home/can/ros2_ws/src/vbm_project/src/install/vbm_project_env/share/vbm_project_env/hook/cmake_prefix_path.dsv'
[3.525s] INFO:colcon.colcon_core.shell:Creating environment hook '/home/can/ros2_ws/src/vbm_project/src/install/vbm_project_env/share/vbm_project_env/hook/cmake_prefix_path.sh'
[3.528s] Level 1:colcon.colcon_core.environment:checking '/home/can/ros2_ws/src/vbm_project/src/install/vbm_project_env/bin'
[3.529s] Level 1:colcon.colcon_core.environment:checking '/home/can/ros2_ws/src/vbm_project/src/install/vbm_project_env/lib/pkgconfig/vbm_project_env.pc'
[3.531s] Level 1:colcon.colcon_core.environment:checking '/home/can/ros2_ws/src/vbm_project/src/install/vbm_project_env/lib/python3.10/site-packages'
[3.532s] Level 1:colcon.colcon_core.environment:checking '/home/can/ros2_ws/src/vbm_project/src/install/vbm_project_env/bin'
[3.566s] INFO:colcon.colcon_core.shell:Creating package script '/home/can/ros2_ws/src/vbm_project/src/install/vbm_project_env/share/vbm_project_env/package.ps1'
[3.567s] INFO:colcon.colcon_core.shell:Creating package descriptor '/home/can/ros2_ws/src/vbm_project/src/install/vbm_project_env/share/vbm_project_env/package.dsv'
[3.568s] INFO:colcon.colcon_core.shell:Creating package script '/home/can/ros2_ws/src/vbm_project/src/install/vbm_project_env/share/vbm_project_env/package.sh'
[3.569s] INFO:colcon.colcon_core.shell:Creating package script '/home/can/ros2_ws/src/vbm_project/src/install/vbm_project_env/share/vbm_project_env/package.bash'
[3.570s] INFO:colcon.colcon_core.shell:Creating package script '/home/can/ros2_ws/src/vbm_project/src/install/vbm_project_env/share/vbm_project_env/package.zsh'
[3.571s] Level 1:colcon.colcon_core.environment:create_file_with_runtime_dependencies(/home/can/ros2_ws/src/vbm_project/src/install/vbm_project_env/share/colcon-core/packages/vbm_project_env)
[3.661s] Level 1:colcon.colcon_core.environment:create_environment_scripts_only(vbm_project_env)
[3.700s] Level 1:colcon.colcon_core.environment:checking '/home/can/ros2_ws/src/vbm_project/src/install/vbm_project_env' for CMake module files
[3.701s] Level 1:colcon.colcon_core.environment:checking '/home/can/ros2_ws/src/vbm_project/src/install/vbm_project_env' for CMake config files
[3.701s] Level 1:colcon.colcon_core.shell:create_environment_hook('vbm_project_env', 'cmake_prefix_path')
[3.739s] INFO:colcon.colcon_core.shell:Creating environment hook '/home/can/ros2_ws/src/vbm_project/src/install/vbm_project_env/share/vbm_project_env/hook/cmake_prefix_path.ps1'
[3.740s] INFO:colcon.colcon_core.shell:Creating environment descriptor '/home/can/ros2_ws/src/vbm_project/src/install/vbm_project_env/share/vbm_project_env/hook/cmake_prefix_path.dsv'
[3.740s] INFO:colcon.colcon_core.shell:Creating environment hook '/home/can/ros2_ws/src/vbm_project/src/install/vbm_project_env/share/vbm_project_env/hook/cmake_prefix_path.sh'
[3.741s] Level 1:colcon.colcon_core.environment:checking '/home/can/ros2_ws/src/vbm_project/src/install/vbm_project_env/bin'
[3.741s] Level 1:colcon.colcon_core.environment:checking '/home/can/ros2_ws/src/vbm_project/src/install/vbm_project_env/lib/pkgconfig/vbm_project_env.pc'
[3.741s] Level 1:colcon.colcon_core.environment:checking '/home/can/ros2_ws/src/vbm_project/src/install/vbm_project_env/lib/python3.10/site-packages'
[3.742s] Level 1:colcon.colcon_core.environment:checking '/home/can/ros2_ws/src/vbm_project/src/install/vbm_project_env/bin'
[3.773s] INFO:colcon.colcon_core.shell:Creating package script '/home/can/ros2_ws/src/vbm_project/src/install/vbm_project_env/share/vbm_project_env/package.ps1'
[3.775s] INFO:colcon.colcon_core.shell:Creating package descriptor '/home/can/ros2_ws/src/vbm_project/src/install/vbm_project_env/share/vbm_project_env/package.dsv'
[3.776s] INFO:colcon.colcon_core.shell:Creating package script '/home/can/ros2_ws/src/vbm_project/src/install/vbm_project_env/share/vbm_project_env/package.sh'
[3.777s] INFO:colcon.colcon_core.shell:Creating package script '/home/can/ros2_ws/src/vbm_project/src/install/vbm_project_env/share/vbm_project_env/package.bash'
[3.777s] INFO:colcon.colcon_core.shell:Creating package script '/home/can/ros2_ws/src/vbm_project/src/install/vbm_project_env/share/vbm_project_env/package.zsh'
[3.778s] Level 1:colcon.colcon_core.environment:create_file_with_runtime_dependencies(/home/can/ros2_ws/src/vbm_project/src/install/vbm_project_env/share/colcon-core/packages/vbm_project_env)
[23.775s] DEBUG:colcon.colcon_core.event_handler.log_command:Invoked command in '/home/can/ros2_ws/src/vbm_project/src/build/pcl_sampling' returned '0': CMAKE_PREFIX_PATH=${CMAKE_PREFIX_PATH}:/home/can/ros2_ws/install/opencv_test_py:/home/can/ros2_ws/install/launch_testing_examples:/home/can/ros2_ws/install/hw4:/home/can/ros2_ws/install/examples_rclpy_pointcloud_publisher:/home/can/ros2_ws/install/examples_rclpy_minimal_subscriber:/home/can/ros2_ws/install/examples_rclpy_minimal_service:/home/can/ros2_ws/install/examples_rclpy_minimal_publisher:/home/can/ros2_ws/install/examples_rclpy_minimal_client:/home/can/ros2_ws/install/examples_rclpy_minimal_action_server:/home/can/ros2_ws/install/examples_rclpy_minimal_action_client:/home/can/ros2_ws/install/examples_rclpy_guard_conditions:/home/can/ros2_ws/install/examples_rclpy_executors:/opt/ros/humble /usr/bin/cmake --build /home/can/ros2_ws/src/vbm_project/src/build/pcl_sampling -- -j8 -l8
[23.826s] DEBUG:colcon.colcon_core.event_handler.log_command:Invoking command in '/home/can/ros2_ws/src/vbm_project/src/build/pcl_sampling': CMAKE_PREFIX_PATH=${CMAKE_PREFIX_PATH}:/home/can/ros2_ws/install/opencv_test_py:/home/can/ros2_ws/install/launch_testing_examples:/home/can/ros2_ws/install/hw4:/home/can/ros2_ws/install/examples_rclpy_pointcloud_publisher:/home/can/ros2_ws/install/examples_rclpy_minimal_subscriber:/home/can/ros2_ws/install/examples_rclpy_minimal_service:/home/can/ros2_ws/install/examples_rclpy_minimal_publisher:/home/can/ros2_ws/install/examples_rclpy_minimal_client:/home/can/ros2_ws/install/examples_rclpy_minimal_action_server:/home/can/ros2_ws/install/examples_rclpy_minimal_action_client:/home/can/ros2_ws/install/examples_rclpy_guard_conditions:/home/can/ros2_ws/install/examples_rclpy_executors:/opt/ros/humble /usr/bin/cmake --install /home/can/ros2_ws/src/vbm_project/src/build/pcl_sampling
[23.843s] Level 1:colcon.colcon_core.environment:create_environment_scripts_only(pcl_sampling)
[23.847s] DEBUG:colcon.colcon_core.event_handler.log_command:Invoked command in '/home/can/ros2_ws/src/vbm_project/src/build/pcl_sampling' returned '0': CMAKE_PREFIX_PATH=${CMAKE_PREFIX_PATH}:/home/can/ros2_ws/install/opencv_test_py:/home/can/ros2_ws/install/launch_testing_examples:/home/can/ros2_ws/install/hw4:/home/can/ros2_ws/install/examples_rclpy_pointcloud_publisher:/home/can/ros2_ws/install/examples_rclpy_minimal_subscriber:/home/can/ros2_ws/install/examples_rclpy_minimal_service:/home/can/ros2_ws/install/examples_rclpy_minimal_publisher:/home/can/ros2_ws/install/examples_rclpy_minimal_client:/home/can/ros2_ws/install/examples_rclpy_minimal_action_server:/home/can/ros2_ws/install/examples_rclpy_minimal_action_client:/home/can/ros2_ws/install/examples_rclpy_guard_conditions:/home/can/ros2_ws/install/examples_rclpy_executors:/opt/ros/humble /usr/bin/cmake --install /home/can/ros2_ws/src/vbm_project/src/build/pcl_sampling
[23.880s] Level 1:colcon.colcon_core.environment:checking '/home/can/ros2_ws/src/vbm_project/src/install/pcl_sampling' for CMake module files
[23.881s] Level 1:colcon.colcon_core.environment:checking '/home/can/ros2_ws/src/vbm_project/src/install/pcl_sampling' for CMake config files
[23.881s] Level 1:colcon.colcon_core.shell:create_environment_hook('pcl_sampling', 'cmake_prefix_path')
[23.910s] INFO:colcon.colcon_core.shell:Creating environment hook '/home/can/ros2_ws/src/vbm_project/src/install/pcl_sampling/share/pcl_sampling/hook/cmake_prefix_path.ps1'
[23.913s] INFO:colcon.colcon_core.shell:Creating environment descriptor '/home/can/ros2_ws/src/vbm_project/src/install/pcl_sampling/share/pcl_sampling/hook/cmake_prefix_path.dsv'
[23.915s] INFO:colcon.colcon_core.shell:Creating environment hook '/home/can/ros2_ws/src/vbm_project/src/install/pcl_sampling/share/pcl_sampling/hook/cmake_prefix_path.sh'
[23.916s] Level 1:colcon.colcon_core.environment:checking '/home/can/ros2_ws/src/vbm_project/src/install/pcl_sampling/lib'
[23.916s] Level 1:colcon.colcon_core.environment:checking '/home/can/ros2_ws/src/vbm_project/src/install/pcl_sampling/bin'
[23.916s] Level 1:colcon.colcon_core.environment:checking '/home/can/ros2_ws/src/vbm_project/src/install/pcl_sampling/lib/pkgconfig/pcl_sampling.pc'
[23.917s] Level 1:colcon.colcon_core.environment:checking '/home/can/ros2_ws/src/vbm_project/src/install/pcl_sampling/lib/python3.10/site-packages'
[23.917s] Level 1:colcon.colcon_core.environment:checking '/home/can/ros2_ws/src/vbm_project/src/install/pcl_sampling/bin'
[23.947s] INFO:colcon.colcon_core.shell:Creating package script '/home/can/ros2_ws/src/vbm_project/src/install/pcl_sampling/share/pcl_sampling/package.ps1'
[23.948s] INFO:colcon.colcon_core.shell:Creating package descriptor '/home/can/ros2_ws/src/vbm_project/src/install/pcl_sampling/share/pcl_sampling/package.dsv'
[23.948s] INFO:colcon.colcon_core.shell:Creating package script '/home/can/ros2_ws/src/vbm_project/src/install/pcl_sampling/share/pcl_sampling/package.sh'
[23.949s] INFO:colcon.colcon_core.shell:Creating package script '/home/can/ros2_ws/src/vbm_project/src/install/pcl_sampling/share/pcl_sampling/package.bash'
[23.949s] INFO:colcon.colcon_core.shell:Creating package script '/home/can/ros2_ws/src/vbm_project/src/install/pcl_sampling/share/pcl_sampling/package.zsh'
[23.950s] Level 1:colcon.colcon_core.environment:create_file_with_runtime_dependencies(/home/can/ros2_ws/src/vbm_project/src/install/pcl_sampling/share/colcon-core/packages/pcl_sampling)
[24.030s] Level 1:colcon.colcon_core.environment:create_environment_scripts_only(pcl_sampling)
[24.064s] Level 1:colcon.colcon_core.environment:checking '/home/can/ros2_ws/src/vbm_project/src/install/pcl_sampling' for CMake module files
[24.065s] Level 1:colcon.colcon_core.environment:checking '/home/can/ros2_ws/src/vbm_project/src/install/pcl_sampling' for CMake config files
[24.065s] Level 1:colcon.colcon_core.shell:create_environment_hook('pcl_sampling', 'cmake_prefix_path')
[24.095s] INFO:colcon.colcon_core.shell:Creating environment hook '/home/can/ros2_ws/src/vbm_project/src/install/pcl_sampling/share/pcl_sampling/hook/cmake_prefix_path.ps1'
[24.096s] INFO:colcon.colcon_core.shell:Creating environment descriptor '/home/can/ros2_ws/src/vbm_project/src/install/pcl_sampling/share/pcl_sampling/hook/cmake_prefix_path.dsv'
[24.099s] INFO:colcon.colcon_core.shell:Creating environment hook '/home/can/ros2_ws/src/vbm_project/src/install/pcl_sampling/share/pcl_sampling/hook/cmake_prefix_path.sh'
[24.101s] Level 1:colcon.colcon_core.environment:checking '/home/can/ros2_ws/src/vbm_project/src/install/pcl_sampling/lib'
[24.101s] Level 1:colcon.colcon_core.environment:checking '/home/can/ros2_ws/src/vbm_project/src/install/pcl_sampling/bin'
[24.101s] Level 1:colcon.colcon_core.environment:checking '/home/can/ros2_ws/src/vbm_project/src/install/pcl_sampling/lib/pkgconfig/pcl_sampling.pc'
[24.101s] Level 1:colcon.colcon_core.environment:checking '/home/can/ros2_ws/src/vbm_project/src/install/pcl_sampling/lib/python3.10/site-packages'
[24.101s] Level 1:colcon.colcon_core.environment:checking '/home/can/ros2_ws/src/vbm_project/src/install/pcl_sampling/bin'
[24.132s] INFO:colcon.colcon_core.shell:Creating package script '/home/can/ros2_ws/src/vbm_project/src/install/pcl_sampling/share/pcl_sampling/package.ps1'
[24.135s] INFO:colcon.colcon_core.shell:Creating package descriptor '/home/can/ros2_ws/src/vbm_project/src/install/pcl_sampling/share/pcl_sampling/package.dsv'
[24.136s] INFO:colcon.colcon_core.shell:Creating package script '/home/can/ros2_ws/src/vbm_project/src/install/pcl_sampling/share/pcl_sampling/package.sh'
[24.137s] INFO:colcon.colcon_core.shell:Creating package script '/home/can/ros2_ws/src/vbm_project/src/install/pcl_sampling/share/pcl_sampling/package.bash'
[24.137s] INFO:colcon.colcon_core.shell:Creating package script '/home/can/ros2_ws/src/vbm_project/src/install/pcl_sampling/share/pcl_sampling/package.zsh'
[24.138s] Level 1:colcon.colcon_core.environment:create_file_with_runtime_dependencies(/home/can/ros2_ws/src/vbm_project/src/install/pcl_sampling/share/colcon-core/packages/pcl_sampling)
[24.138s] DEBUG:colcon.colcon_parallel_executor.executor.parallel:closing loop
[24.139s] DEBUG:colcon.colcon_parallel_executor.executor.parallel:loop closed
[24.139s] DEBUG:colcon.colcon_parallel_executor.executor.parallel:run_until_complete finished with '0'
[24.139s] DEBUG:colcon.colcon_core.event_reactor:joining thread
[24.188s] INFO:colcon.colcon_core.plugin_system:Skipping extension 'colcon_notification.desktop_notification.terminal_notifier': Not used on non-Darwin systems
[24.188s] INFO:colcon.colcon_core.plugin_system:Skipping extension 'colcon_notification.desktop_notification.win32': Not used on non-Windows systems
[24.189s] INFO:colcon.colcon_notification.desktop_notification:Sending desktop notification using 'notify2'
[24.218s] DEBUG:colcon.colcon_core.event_reactor:joined thread
[24.247s] INFO:colcon.colcon_core.shell:Creating prefix script '/home/can/ros2_ws/src/vbm_project/src/install/local_setup.ps1'
[24.248s] INFO:colcon.colcon_core.shell:Creating prefix util module '/home/can/ros2_ws/src/vbm_project/src/install/_local_setup_util_ps1.py'
[24.251s] INFO:colcon.colcon_core.shell:Creating prefix chain script '/home/can/ros2_ws/src/vbm_project/src/install/setup.ps1'
[24.289s] INFO:colcon.colcon_core.shell:Creating prefix script '/home/can/ros2_ws/src/vbm_project/src/install/local_setup.sh'
[24.292s] INFO:colcon.colcon_core.shell:Creating prefix util module '/home/can/ros2_ws/src/vbm_project/src/install/_local_setup_util_sh.py'
[24.295s] INFO:colcon.colcon_core.shell:Creating prefix chain script '/home/can/ros2_ws/src/vbm_project/src/install/setup.sh'
[24.331s] INFO:colcon.colcon_core.shell:Creating prefix script '/home/can/ros2_ws/src/vbm_project/src/install/local_setup.bash'
[24.331s] INFO:colcon.colcon_core.shell:Creating prefix chain script '/home/can/ros2_ws/src/vbm_project/src/install/setup.bash'
[24.366s] INFO:colcon.colcon_core.shell:Creating prefix script '/home/can/ros2_ws/src/vbm_project/src/install/local_setup.zsh'
[24.367s] INFO:colcon.colcon_core.shell:Creating prefix chain script '/home/can/ros2_ws/src/vbm_project/src/install/setup.zsh'
