[0.161s] Invoking command in '/home/justin/vbm_project/build/pcl_sampling': CMAKE_PREFIX_PATH=${CMAKE_PREFIX_PATH}:/home/justin/ros2_ws/install/opencv_test_py:/opt/ros/humble /usr/bin/cmake /home/justin/vbm_project/src/pcl_sampling -DCMAKE_INSTALL_PREFIX=/home/justin/vbm_project/install/pcl_sampling
[0.247s] -- The C compiler identification is GNU 11.4.0
[0.303s] -- The CXX compiler identification is GNU 11.4.0
[0.315s] -- Detecting C compiler ABI info
[0.372s] -- Detecting C compiler ABI info - done
[0.379s] -- Check for working C compiler: /usr/bin/cc - skipped
[0.380s] -- Detecting C compile features
[0.381s] -- Detecting C compile features - done
[0.385s] -- Detecting CXX compiler ABI info
[0.453s] -- Detecting CXX compiler ABI info - done
[0.467s] -- Check for working CXX compiler: /usr/bin/c++ - skipped
[0.467s] -- Detecting CXX compile features
[0.468s] -- Detecting CXX compile features - done
[0.482s] -- Found ament_cmake: 1.3.5 (/opt/ros/humble/share/ament_cmake/cmake)
[0.650s] -- Found Python3: /usr/bin/python3.10 (found version "3.10.12") found components: Interpreter 
[0.776s] -- Checking for module 'eigen3'
[0.790s] --   Found eigen3, version 3.4.0
[0.813s] -- Found Eigen: /usr/include/eigen3 (Required is at least version "3.1") 
[0.813s] -- Eigen found (include: /usr/include/eigen3, version: 3.4.0)
[0.853s] -- Found Boost: /usr/lib/x86_64-linux-gnu/cmake/Boost-1.74.0/BoostConfig.cmake (found suitable version "1.74.0", minimum required is "1.65.0") found components: system filesystem date_time iostreams serialization 
[0.867s] -- Checking for module 'flann'
[0.878s] --   Found flann, version 1.9.1
[0.915s] -- Found FLANN: /usr/lib/x86_64-linux-gnu/libflann_cpp.so  
[0.915s] -- FLANN found (include: /usr/include, lib: /usr/lib/x86_64-linux-gnu/libflann_cpp.so)
[0.957s] -- Looking for pthread.h
[1.019s] -- Looking for pthread.h - found
[1.019s] -- Performing Test CMAKE_HAVE_LIBC_PTHREAD
[1.079s] -- Performing Test CMAKE_HAVE_LIBC_PTHREAD - Success
[1.081s] -- Found Threads: TRUE  
[1.083s] -- Found GLEW: /usr/lib/x86_64-linux-gnu/libGLEW.so  
[1.090s] -- Found OpenGL: /usr/lib/x86_64-linux-gnu/libOpenGL.so  found components: OpenGL GLX 
[1.229s] -- Found MPI_C: /usr/lib/x86_64-linux-gnu/libmpi.so (found version "3.1") 
[1.229s] -- Found MPI: TRUE (found version "3.1") found components: C 
[1.232s] -- Found JsonCpp: /usr/lib/x86_64-linux-gnu/libjsoncpp.so (found suitable version "1.9.5", minimum required is "0.7.0") 
[1.242s] -- Found ZLIB: /usr/lib/x86_64-linux-gnu/libz.so (found version "1.2.11") 
[1.258s] -- Found PNG: /usr/lib/x86_64-linux-gnu/libpng.so (found version "1.6.37") 
[1.297s] -- Found Eigen3: /usr/include/eigen3 (found version "3.4.0") 
[1.372s] -- Found X11: /usr/include   
[1.373s] -- Looking for XOpenDisplay in /usr/lib/x86_64-linux-gnu/libX11.so;/usr/lib/x86_64-linux-gnu/libXext.so
[1.433s] -- Looking for XOpenDisplay in /usr/lib/x86_64-linux-gnu/libX11.so;/usr/lib/x86_64-linux-gnu/libXext.so - found
[1.433s] -- Looking for gethostbyname
[1.489s] -- Looking for gethostbyname - found
[1.489s] -- Looking for connect
[1.550s] -- Looking for connect - found
[1.550s] -- Looking for remove
[1.614s] -- Looking for remove - found
[1.614s] -- Looking for shmat
[1.672s] -- Looking for shmat - found
[1.672s] -- Looking for IceConnectionNumber in ICE
[1.730s] -- Looking for IceConnectionNumber in ICE - found
[1.794s] -- Found EXPAT: /usr/lib/x86_64-linux-gnu/libexpat.so (found version "2.4.7") 
[1.796s] -- Found double-conversion: /usr/lib/x86_64-linux-gnu/libdouble-conversion.so  
[1.799s] -- Found LZ4: /usr/lib/x86_64-linux-gnu/liblz4.so (found version "1.9.3") 
[1.801s] -- Found LZMA: /usr/lib/x86_64-linux-gnu/liblzma.so (found version "5.2.5") 
[1.812s] -- Found JPEG: /usr/lib/x86_64-linux-gnu/libjpeg.so (found version "80") 
[1.817s] -- Found TIFF: /usr/lib/x86_64-linux-gnu/libtiff.so (found version "4.3.0")  
[1.821s] -- Found Freetype: /usr/lib/x86_64-linux-gnu/libfreetype.so (found version "2.11.1") 
[1.828s] -- Found utf8cpp: /usr/include/utf8cpp  
[1.901s] -- Checking for module 'libusb-1.0'
[1.911s] --   Found libusb-1.0, version 1.0.25
[1.936s] -- Found libusb: /usr/lib/x86_64-linux-gnu/libusb-1.0.so  
[1.938s] -- Found OpenNI: /usr/lib/libOpenNI.so;libusb::libusb (found version "1.5.4.0") 
[1.938s] -- OpenNI found (version: 1.5.4.0, include: /usr/include/ni, lib: /usr/lib/libOpenNI.so;libusb::libusb)
[1.980s] -- Found OpenNI2: /usr/lib/x86_64-linux-gnu/libOpenNI2.so;libusb::libusb (found version "2.2.0.33") 
[1.980s] -- OpenNI2 found (version: 2.2.0.33, include: /usr/include/openni2, lib: /usr/lib/x86_64-linux-gnu/libOpenNI2.so;libusb::libusb)
[1.980s] [0m** WARNING ** io features related to pcap will be disabled[0m
[2.115s] -- Eigen found (include: /usr/include/eigen3, version: 3.4.0)
[2.120s] -- OpenNI found (version: 1.5.4.0, include: /usr/include/ni, lib: /usr/lib/libOpenNI.so;libusb::libusb)
[2.125s] -- OpenNI2 found (version: 2.2.0.33, include: /usr/include/openni2, lib: /usr/lib/x86_64-linux-gnu/libOpenNI2.so;libusb::libusb)
[2.257s] -- Found Qhull version 8.0.2
[2.389s] -- OpenNI found (version: 1.5.4.0, include: /usr/include/ni, lib: /usr/lib/libOpenNI.so;libusb::libusb)
[2.514s] -- looking for PCL_COMMON
[2.514s] -- Found PCL_COMMON: /usr/lib/x86_64-linux-gnu/libpcl_common.so  
[2.515s] -- looking for PCL_KDTREE
[2.515s] -- Found PCL_KDTREE: /usr/lib/x86_64-linux-gnu/libpcl_kdtree.so  
[2.515s] -- looking for PCL_OCTREE
[2.516s] -- Found PCL_OCTREE: /usr/lib/x86_64-linux-gnu/libpcl_octree.so  
[2.516s] -- looking for PCL_SEARCH
[2.517s] -- Found PCL_SEARCH: /usr/lib/x86_64-linux-gnu/libpcl_search.so  
[2.517s] -- looking for PCL_SAMPLE_CONSENSUS
[2.518s] -- Found PCL_SAMPLE_CONSENSUS: /usr/lib/x86_64-linux-gnu/libpcl_sample_consensus.so  
[2.518s] -- looking for PCL_FILTERS
[2.519s] -- Found PCL_FILTERS: /usr/lib/x86_64-linux-gnu/libpcl_filters.so  
[2.519s] -- looking for PCL_2D
[2.519s] -- Found PCL_2D: /usr/include/pcl-1.12  
[2.519s] -- looking for PCL_GEOMETRY
[2.519s] -- Found PCL_GEOMETRY: /usr/include/pcl-1.12  
[2.520s] -- looking for PCL_IO
[2.520s] -- Found PCL_IO: /usr/lib/x86_64-linux-gnu/libpcl_io.so  
[2.520s] -- looking for PCL_FEATURES
[2.521s] -- Found PCL_FEATURES: /usr/lib/x86_64-linux-gnu/libpcl_features.so  
[2.521s] -- looking for PCL_ML
[2.522s] -- Found PCL_ML: /usr/lib/x86_64-linux-gnu/libpcl_ml.so  
[2.522s] -- looking for PCL_SEGMENTATION
[2.523s] -- Found PCL_SEGMENTATION: /usr/lib/x86_64-linux-gnu/libpcl_segmentation.so  
[2.523s] -- looking for PCL_VISUALIZATION
[2.524s] -- Found PCL_VISUALIZATION: /usr/lib/x86_64-linux-gnu/libpcl_visualization.so  
[2.524s] -- looking for PCL_SURFACE
[2.525s] -- Found PCL_SURFACE: /usr/lib/x86_64-linux-gnu/libpcl_surface.so  
[2.525s] -- looking for PCL_REGISTRATION
[2.526s] -- Found PCL_REGISTRATION: /usr/lib/x86_64-linux-gnu/libpcl_registration.so  
[2.526s] -- looking for PCL_KEYPOINTS
[2.527s] -- Found PCL_KEYPOINTS: /usr/lib/x86_64-linux-gnu/libpcl_keypoints.so  
[2.527s] -- looking for PCL_TRACKING
[2.528s] -- Found PCL_TRACKING: /usr/lib/x86_64-linux-gnu/libpcl_tracking.so  
[2.528s] -- looking for PCL_RECOGNITION
[2.529s] -- Found PCL_RECOGNITION: /usr/lib/x86_64-linux-gnu/libpcl_recognition.so  
[2.529s] -- looking for PCL_STEREO
[2.530s] -- Found PCL_STEREO: /usr/lib/x86_64-linux-gnu/libpcl_stereo.so  
[2.530s] -- looking for PCL_APPS
[2.531s] -- Found PCL_APPS: /usr/lib/x86_64-linux-gnu/libpcl_apps.so  
[2.531s] -- looking for PCL_IN_HAND_SCANNER
[2.531s] -- Found PCL_IN_HAND_SCANNER: /usr/include/pcl-1.12  
[2.532s] -- looking for PCL_MODELER
[2.532s] -- Found PCL_MODELER: /usr/include/pcl-1.12  
[2.532s] -- looking for PCL_POINT_CLOUD_EDITOR
[2.532s] -- Found PCL_POINT_CLOUD_EDITOR: /usr/include/pcl-1.12  
[2.532s] -- looking for PCL_OUTOFCORE
[2.533s] -- Found PCL_OUTOFCORE: /usr/lib/x86_64-linux-gnu/libpcl_outofcore.so  
[2.533s] -- looking for PCL_PEOPLE
[2.534s] -- Found PCL_PEOPLE: /usr/lib/x86_64-linux-gnu/libpcl_people.so  
[2.535s] -- Found PCL: pcl_common;pcl_kdtree;pcl_octree;pcl_search;pcl_sample_consensus;pcl_filters;pcl_io;pcl_features;pcl_ml;pcl_segmentation;pcl_visualization;pcl_surface;pcl_registration;pcl_keypoints;pcl_tracking;pcl_recognition;pcl_stereo;pcl_apps;pcl_outofcore;pcl_people;Boost::system;Boost::filesystem;Boost::date_time;Boost::iostreams;Boost::serialization;/usr/lib/libOpenNI.so;libusb::libusb;/usr/lib/x86_64-linux-gnu/libOpenNI2.so;libusb::libusb;VTK::ChartsCore;VTK::CommonColor;VTK::CommonComputationalGeometry;VTK::CommonCore;VTK::CommonDataModel;VTK::CommonExecutionModel;VTK::CommonMath;VTK::CommonMisc;VTK::CommonTransforms;VTK::FiltersCore;VTK::FiltersExtraction;VTK::FiltersGeneral;VTK::FiltersGeometry;VTK::FiltersModeling;VTK::FiltersSources;VTK::ImagingCore;VTK::ImagingSources;VTK::InteractionImage;VTK::InteractionStyle;VTK::InteractionWidgets;VTK::IOCore;VTK::IOGeometry;VTK::IOImage;VTK::IOLegacy;VTK::IOPLY;VTK::RenderingAnnotation;VTK::RenderingCore;VTK::RenderingContext2D;VTK::RenderingLOD;VTK::RenderingFreeType;VTK::ViewsCore;VTK::ViewsContext2D;VTK::RenderingOpenGL2;VTK::GUISupportQt;FLANN::FLANN;QHULL::QHULL  
[2.537s] -- Found ament_lint_auto: 0.12.8 (/opt/ros/humble/share/ament_lint_auto/cmake)
[2.606s] -- Added test 'cppcheck' to perform static code analysis on C / C++ code
[2.606s] -- Configured cppcheck include dirs: 
[2.606s] -- Configured cppcheck exclude dirs and/or files: 
[2.606s] -- Added test 'lint_cmake' to check CMake code style
[2.607s] -- Added test 'uncrustify' to check C / C++ code style
[2.607s] -- Configured uncrustify additional arguments: 
[2.608s] -- Added test 'xmllint' to check XML markup files
[2.609s] -- Configuring done
[2.664s] -- Generating done
[2.665s] -- Build files have been written to: /home/justin/vbm_project/build/pcl_sampling
[2.676s] Invoked command in '/home/justin/vbm_project/build/pcl_sampling' returned '0': CMAKE_PREFIX_PATH=${CMAKE_PREFIX_PATH}:/home/justin/ros2_ws/install/opencv_test_py:/opt/ros/humble /usr/bin/cmake /home/justin/vbm_project/src/pcl_sampling -DCMAKE_INSTALL_PREFIX=/home/justin/vbm_project/install/pcl_sampling
[2.678s] Invoking command in '/home/justin/vbm_project/build/pcl_sampling': CMAKE_PREFIX_PATH=${CMAKE_PREFIX_PATH}:/home/justin/ros2_ws/install/opencv_test_py:/opt/ros/humble /usr/bin/cmake --build /home/justin/vbm_project/build/pcl_sampling -- -j12 -l12
[2.720s] [ 50%] [32mBuilding CXX object CMakeFiles/pcl_sampling.dir/src/pcl_sampling.cpp.o[0m
[10.467s] [100%] [32m[1mLinking CXX executable pcl_sampling[0m
[12.793s] [100%] Built target pcl_sampling
[12.803s] Invoked command in '/home/justin/vbm_project/build/pcl_sampling' returned '0': CMAKE_PREFIX_PATH=${CMAKE_PREFIX_PATH}:/home/justin/ros2_ws/install/opencv_test_py:/opt/ros/humble /usr/bin/cmake --build /home/justin/vbm_project/build/pcl_sampling -- -j12 -l12
[12.826s] Invoking command in '/home/justin/vbm_project/build/pcl_sampling': CMAKE_PREFIX_PATH=${CMAKE_PREFIX_PATH}:/home/justin/ros2_ws/install/opencv_test_py:/opt/ros/humble /usr/bin/cmake --install /home/justin/vbm_project/build/pcl_sampling
[12.832s] -- Install configuration: ""
[12.832s] -- Installing: /home/justin/vbm_project/install/pcl_sampling/lib/pcl_sampling/pcl_sampling
[12.833s] -- Installing: /home/justin/vbm_project/install/pcl_sampling/share/ament_index/resource_index/package_run_dependencies/pcl_sampling
[12.834s] -- Installing: /home/justin/vbm_project/install/pcl_sampling/share/ament_index/resource_index/parent_prefix_path/pcl_sampling
[12.834s] -- Installing: /home/justin/vbm_project/install/pcl_sampling/share/pcl_sampling/environment/ament_prefix_path.sh
[12.834s] -- Installing: /home/justin/vbm_project/install/pcl_sampling/share/pcl_sampling/environment/ament_prefix_path.dsv
[12.834s] -- Installing: /home/justin/vbm_project/install/pcl_sampling/share/pcl_sampling/environment/path.sh
[12.834s] -- Installing: /home/justin/vbm_project/install/pcl_sampling/share/pcl_sampling/environment/path.dsv
[12.834s] -- Installing: /home/justin/vbm_project/install/pcl_sampling/share/pcl_sampling/local_setup.bash
[12.835s] -- Installing: /home/justin/vbm_project/install/pcl_sampling/share/pcl_sampling/local_setup.sh
[12.835s] -- Installing: /home/justin/vbm_project/install/pcl_sampling/share/pcl_sampling/local_setup.zsh
[12.835s] -- Installing: /home/justin/vbm_project/install/pcl_sampling/share/pcl_sampling/local_setup.dsv
[12.835s] -- Installing: /home/justin/vbm_project/install/pcl_sampling/share/pcl_sampling/package.dsv
[12.835s] -- Installing: /home/justin/vbm_project/install/pcl_sampling/share/ament_index/resource_index/packages/pcl_sampling
[12.835s] -- Installing: /home/justin/vbm_project/install/pcl_sampling/share/pcl_sampling/cmake/pcl_samplingConfig.cmake
[12.835s] -- Installing: /home/justin/vbm_project/install/pcl_sampling/share/pcl_sampling/cmake/pcl_samplingConfig-version.cmake
[12.835s] -- Installing: /home/justin/vbm_project/install/pcl_sampling/share/pcl_sampling/package.xml
[12.836s] Invoked command in '/home/justin/vbm_project/build/pcl_sampling' returned '0': CMAKE_PREFIX_PATH=${CMAKE_PREFIX_PATH}:/home/justin/ros2_ws/install/opencv_test_py:/opt/ros/humble /usr/bin/cmake --install /home/justin/vbm_project/build/pcl_sampling
