[1.126s] DEBUG:colcon:Command line arguments: ['/usr/bin/colcon', 'build', '--symlink-install']
[1.126s] DEBUG:colcon:Parsed command line arguments: Namespace(log_base=None, log_level=None, verb_name='build', build_base='build', install_base='install', merge_install=False, symlink_install=True, test_result_base=None, continue_on_error=False, executor='parallel', parallel_workers=12, event_handlers=None, ignore_user_meta=False, metas=['./colcon.meta'], base_paths=['.'], packages_ignore=None, packages_ignore_regex=None, paths=None, packages_up_to=None, packages_up_to_regex=None, packages_above=None, packages_above_and_dependencies=None, packages_above_depth=None, packages_select_by_dep=None, packages_skip_by_dep=None, packages_skip_up_to=None, packages_select_build_failed=False, packages_skip_build_finished=False, packages_select_test_failures=False, packages_skip_test_passed=False, packages_select=None, packages_skip=None, packages_select_regex=None, packages_skip_regex=None, packages_start=None, packages_end=None, allow_overriding=[], cmake_args=None, cmake_target=None, cmake_target_skip_unavailable=False, cmake_clean_cache=False, cmake_clean_first=False, cmake_force_configure=False, ament_cmake_args=None, catkin_cmake_args=None, catkin_skip_building_tests=False, verb_parser=<colcon_defaults.argument_parser.defaults.DefaultArgumentsDecorator object at 0x7f82cc921180>, verb_extension=<colcon_core.verb.build.BuildVerb object at 0x7f82cc930670>, main=<bound method BuildVerb.main of <colcon_core.verb.build.BuildVerb object at 0x7f82cc930670>>)
[1.176s] Level 1:colcon.colcon_core.package_discovery:discover_packages(colcon_meta) check parameters
[1.176s] Level 1:colcon.colcon_core.package_discovery:discover_packages(recursive) check parameters
[1.176s] Level 1:colcon.colcon_core.package_discovery:discover_packages(ignore) check parameters
[1.176s] Level 1:colcon.colcon_core.package_discovery:discover_packages(path) check parameters
[1.177s] Level 1:colcon.colcon_core.package_discovery:discover_packages(colcon_meta) discover
[1.177s] Level 1:colcon.colcon_core.package_discovery:discover_packages(recursive) discover
[1.177s] INFO:colcon.colcon_core.package_discovery:Crawling recursively for packages in '/home/justin/vbm_project'
[1.177s] Level 1:colcon.colcon_core.package_identification:_identify(.) by extensions ['ignore', 'ignore_ament_install']
[1.177s] Level 1:colcon.colcon_core.package_identification:_identify(.) by extension 'ignore'
[1.177s] Level 1:colcon.colcon_core.package_identification:_identify(.) by extension 'ignore_ament_install'
[1.177s] Level 1:colcon.colcon_core.package_identification:_identify(.) by extensions ['colcon_pkg']
[1.177s] Level 1:colcon.colcon_core.package_identification:_identify(.) by extension 'colcon_pkg'
[1.177s] Level 1:colcon.colcon_core.package_identification:_identify(.) by extensions ['colcon_meta']
[1.177s] Level 1:colcon.colcon_core.package_identification:_identify(.) by extension 'colcon_meta'
[1.177s] Level 1:colcon.colcon_core.package_identification:_identify(.) by extensions ['ros']
[1.177s] Level 1:colcon.colcon_core.package_identification:_identify(.) by extension 'ros'
[1.187s] Level 1:colcon.colcon_core.package_identification:_identify(.) by extensions ['cmake', 'python']
[1.187s] Level 1:colcon.colcon_core.package_identification:_identify(.) by extension 'cmake'
[1.187s] Level 1:colcon.colcon_core.package_identification:_identify(.) by extension 'python'
[1.188s] Level 1:colcon.colcon_core.package_identification:_identify(.) by extensions ['python_setup_py']
[1.188s] Level 1:colcon.colcon_core.package_identification:_identify(.) by extension 'python_setup_py'
[1.188s] Level 1:colcon.colcon_core.package_identification:_identify(build) by extensions ['ignore', 'ignore_ament_install']
[1.188s] Level 1:colcon.colcon_core.package_identification:_identify(build) by extension 'ignore'
[1.188s] Level 1:colcon.colcon_core.package_identification:_identify(build) ignored
[1.188s] Level 1:colcon.colcon_core.package_identification:_identify(install) by extensions ['ignore', 'ignore_ament_install']
[1.188s] Level 1:colcon.colcon_core.package_identification:_identify(install) by extension 'ignore'
[1.188s] Level 1:colcon.colcon_core.package_identification:_identify(install) ignored
[1.188s] Level 1:colcon.colcon_core.package_identification:_identify(log) by extensions ['ignore', 'ignore_ament_install']
[1.188s] Level 1:colcon.colcon_core.package_identification:_identify(log) by extension 'ignore'
[1.188s] Level 1:colcon.colcon_core.package_identification:_identify(log) ignored
[1.188s] Level 1:colcon.colcon_core.package_identification:_identify(src) by extensions ['ignore', 'ignore_ament_install']
[1.188s] Level 1:colcon.colcon_core.package_identification:_identify(src) by extension 'ignore'
[1.188s] Level 1:colcon.colcon_core.package_identification:_identify(src) by extension 'ignore_ament_install'
[1.188s] Level 1:colcon.colcon_core.package_identification:_identify(src) by extensions ['colcon_pkg']
[1.189s] Level 1:colcon.colcon_core.package_identification:_identify(src) by extension 'colcon_pkg'
[1.189s] Level 1:colcon.colcon_core.package_identification:_identify(src) by extensions ['colcon_meta']
[1.189s] Level 1:colcon.colcon_core.package_identification:_identify(src) by extension 'colcon_meta'
[1.189s] Level 1:colcon.colcon_core.package_identification:_identify(src) by extensions ['ros']
[1.189s] Level 1:colcon.colcon_core.package_identification:_identify(src) by extension 'ros'
[1.189s] Level 1:colcon.colcon_core.package_identification:_identify(src) by extensions ['cmake', 'python']
[1.189s] Level 1:colcon.colcon_core.package_identification:_identify(src) by extension 'cmake'
[1.189s] Level 1:colcon.colcon_core.package_identification:_identify(src) by extension 'python'
[1.189s] Level 1:colcon.colcon_core.package_identification:_identify(src) by extensions ['python_setup_py']
[1.189s] Level 1:colcon.colcon_core.package_identification:_identify(src) by extension 'python_setup_py'
[1.189s] Level 1:colcon.colcon_core.package_identification:_identify(src/grasp_analysis_planning) by extensions ['ignore', 'ignore_ament_install']
[1.189s] Level 1:colcon.colcon_core.package_identification:_identify(src/grasp_analysis_planning) by extension 'ignore'
[1.189s] Level 1:colcon.colcon_core.package_identification:_identify(src/grasp_analysis_planning) by extension 'ignore_ament_install'
[1.189s] Level 1:colcon.colcon_core.package_identification:_identify(src/grasp_analysis_planning) by extensions ['colcon_pkg']
[1.189s] Level 1:colcon.colcon_core.package_identification:_identify(src/grasp_analysis_planning) by extension 'colcon_pkg'
[1.189s] Level 1:colcon.colcon_core.package_identification:_identify(src/grasp_analysis_planning) by extensions ['colcon_meta']
[1.189s] Level 1:colcon.colcon_core.package_identification:_identify(src/grasp_analysis_planning) by extension 'colcon_meta'
[1.189s] Level 1:colcon.colcon_core.package_identification:_identify(src/grasp_analysis_planning) by extensions ['ros']
[1.189s] Level 1:colcon.colcon_core.package_identification:_identify(src/grasp_analysis_planning) by extension 'ros'
[1.191s] DEBUG:colcon.colcon_core.package_identification:Package 'src/grasp_analysis_planning' with type 'ros.ament_python' and name 'grasp_analysis_planning'
[1.192s] Level 1:colcon.colcon_core.package_identification:_identify(src/pcl_sampling) by extensions ['ignore', 'ignore_ament_install']
[1.192s] Level 1:colcon.colcon_core.package_identification:_identify(src/pcl_sampling) by extension 'ignore'
[1.192s] Level 1:colcon.colcon_core.package_identification:_identify(src/pcl_sampling) by extension 'ignore_ament_install'
[1.192s] Level 1:colcon.colcon_core.package_identification:_identify(src/pcl_sampling) by extensions ['colcon_pkg']
[1.192s] Level 1:colcon.colcon_core.package_identification:_identify(src/pcl_sampling) by extension 'colcon_pkg'
[1.192s] Level 1:colcon.colcon_core.package_identification:_identify(src/pcl_sampling) by extensions ['colcon_meta']
[1.192s] Level 1:colcon.colcon_core.package_identification:_identify(src/pcl_sampling) by extension 'colcon_meta'
[1.192s] Level 1:colcon.colcon_core.package_identification:_identify(src/pcl_sampling) by extensions ['ros']
[1.192s] Level 1:colcon.colcon_core.package_identification:_identify(src/pcl_sampling) by extension 'ros'
[1.192s] DEBUG:colcon.colcon_core.package_identification:Package 'src/pcl_sampling' with type 'ros.ament_cmake' and name 'pcl_sampling'
[1.192s] Level 1:colcon.colcon_core.package_identification:_identify(src/vbm_project_env) by extensions ['ignore', 'ignore_ament_install']
[1.193s] Level 1:colcon.colcon_core.package_identification:_identify(src/vbm_project_env) by extension 'ignore'
[1.193s] Level 1:colcon.colcon_core.package_identification:_identify(src/vbm_project_env) by extension 'ignore_ament_install'
[1.193s] Level 1:colcon.colcon_core.package_identification:_identify(src/vbm_project_env) by extensions ['colcon_pkg']
[1.193s] Level 1:colcon.colcon_core.package_identification:_identify(src/vbm_project_env) by extension 'colcon_pkg'
[1.193s] Level 1:colcon.colcon_core.package_identification:_identify(src/vbm_project_env) by extensions ['colcon_meta']
[1.193s] Level 1:colcon.colcon_core.package_identification:_identify(src/vbm_project_env) by extension 'colcon_meta'
[1.193s] Level 1:colcon.colcon_core.package_identification:_identify(src/vbm_project_env) by extensions ['ros']
[1.193s] Level 1:colcon.colcon_core.package_identification:_identify(src/vbm_project_env) by extension 'ros'
[1.193s] DEBUG:colcon.colcon_core.package_identification:Package 'src/vbm_project_env' with type 'ros.ament_cmake' and name 'vbm_project_env'
[1.193s] Level 1:colcon.colcon_core.package_discovery:discover_packages(recursive) using defaults
[1.193s] Level 1:colcon.colcon_core.package_discovery:discover_packages(ignore) discover
[1.193s] Level 1:colcon.colcon_core.package_discovery:discover_packages(ignore) using defaults
[1.193s] Level 1:colcon.colcon_core.package_discovery:discover_packages(path) discover
[1.193s] Level 1:colcon.colcon_core.package_discovery:discover_packages(path) using defaults
[1.302s] Level 1:colcon.colcon_core.package_discovery:discover_packages(prefix_path) check parameters
[1.302s] Level 1:colcon.colcon_core.package_discovery:discover_packages(prefix_path) discover
[1.337s] DEBUG:colcon.colcon_installed_package_information.package_discovery:Found 321 installed packages in /opt/ros/humble
[1.338s] Level 1:colcon.colcon_core.package_discovery:discover_packages(prefix_path) using defaults
[1.449s] Level 5:colcon.colcon_core.verb:set package 'grasp_analysis_planning' build argument 'cmake_args' from command line to 'None'
[1.449s] Level 5:colcon.colcon_core.verb:set package 'grasp_analysis_planning' build argument 'cmake_target' from command line to 'None'
[1.449s] Level 5:colcon.colcon_core.verb:set package 'grasp_analysis_planning' build argument 'cmake_target_skip_unavailable' from command line to 'False'
[1.449s] Level 5:colcon.colcon_core.verb:set package 'grasp_analysis_planning' build argument 'cmake_clean_cache' from command line to 'False'
[1.449s] Level 5:colcon.colcon_core.verb:set package 'grasp_analysis_planning' build argument 'cmake_clean_first' from command line to 'False'
[1.449s] Level 5:colcon.colcon_core.verb:set package 'grasp_analysis_planning' build argument 'cmake_force_configure' from command line to 'False'
[1.449s] Level 5:colcon.colcon_core.verb:set package 'grasp_analysis_planning' build argument 'ament_cmake_args' from command line to 'None'
[1.449s] Level 5:colcon.colcon_core.verb:set package 'grasp_analysis_planning' build argument 'catkin_cmake_args' from command line to 'None'
[1.449s] Level 5:colcon.colcon_core.verb:set package 'grasp_analysis_planning' build argument 'catkin_skip_building_tests' from command line to 'False'
[1.449s] DEBUG:colcon.colcon_core.verb:Building package 'grasp_analysis_planning' with the following arguments: {'ament_cmake_args': None, 'build_base': '/home/justin/vbm_project/build/grasp_analysis_planning', 'catkin_cmake_args': None, 'catkin_skip_building_tests': False, 'cmake_args': None, 'cmake_clean_cache': False, 'cmake_clean_first': False, 'cmake_force_configure': False, 'cmake_target': None, 'cmake_target_skip_unavailable': False, 'install_base': '/home/justin/vbm_project/install/grasp_analysis_planning', 'merge_install': False, 'path': '/home/justin/vbm_project/src/grasp_analysis_planning', 'symlink_install': True, 'test_result_base': None}
[1.467s] Level 5:colcon.colcon_core.verb:set package 'pcl_sampling' build argument 'cmake_args' from command line to 'None'
[1.467s] Level 5:colcon.colcon_core.verb:set package 'pcl_sampling' build argument 'cmake_target' from command line to 'None'
[1.467s] Level 5:colcon.colcon_core.verb:set package 'pcl_sampling' build argument 'cmake_target_skip_unavailable' from command line to 'False'
[1.467s] Level 5:colcon.colcon_core.verb:set package 'pcl_sampling' build argument 'cmake_clean_cache' from command line to 'False'
[1.467s] Level 5:colcon.colcon_core.verb:set package 'pcl_sampling' build argument 'cmake_clean_first' from command line to 'False'
[1.467s] Level 5:colcon.colcon_core.verb:set package 'pcl_sampling' build argument 'cmake_force_configure' from command line to 'False'
[1.467s] Level 5:colcon.colcon_core.verb:set package 'pcl_sampling' build argument 'ament_cmake_args' from command line to 'None'
[1.467s] Level 5:colcon.colcon_core.verb:set package 'pcl_sampling' build argument 'catkin_cmake_args' from command line to 'None'
[1.467s] Level 5:colcon.colcon_core.verb:set package 'pcl_sampling' build argument 'catkin_skip_building_tests' from command line to 'False'
[1.467s] DEBUG:colcon.colcon_core.verb:Building package 'pcl_sampling' with the following arguments: {'ament_cmake_args': None, 'build_base': '/home/justin/vbm_project/build/pcl_sampling', 'catkin_cmake_args': None, 'catkin_skip_building_tests': False, 'cmake_args': None, 'cmake_clean_cache': False, 'cmake_clean_first': False, 'cmake_force_configure': False, 'cmake_target': None, 'cmake_target_skip_unavailable': False, 'install_base': '/home/justin/vbm_project/install/pcl_sampling', 'merge_install': False, 'path': '/home/justin/vbm_project/src/pcl_sampling', 'symlink_install': True, 'test_result_base': None}
[1.484s] Level 5:colcon.colcon_core.verb:set package 'vbm_project_env' build argument 'cmake_args' from command line to 'None'
[1.484s] Level 5:colcon.colcon_core.verb:set package 'vbm_project_env' build argument 'cmake_target' from command line to 'None'
[1.484s] Level 5:colcon.colcon_core.verb:set package 'vbm_project_env' build argument 'cmake_target_skip_unavailable' from command line to 'False'
[1.484s] Level 5:colcon.colcon_core.verb:set package 'vbm_project_env' build argument 'cmake_clean_cache' from command line to 'False'
[1.484s] Level 5:colcon.colcon_core.verb:set package 'vbm_project_env' build argument 'cmake_clean_first' from command line to 'False'
[1.485s] Level 5:colcon.colcon_core.verb:set package 'vbm_project_env' build argument 'cmake_force_configure' from command line to 'False'
[1.485s] Level 5:colcon.colcon_core.verb:set package 'vbm_project_env' build argument 'ament_cmake_args' from command line to 'None'
[1.485s] Level 5:colcon.colcon_core.verb:set package 'vbm_project_env' build argument 'catkin_cmake_args' from command line to 'None'
[1.485s] Level 5:colcon.colcon_core.verb:set package 'vbm_project_env' build argument 'catkin_skip_building_tests' from command line to 'False'
[1.485s] DEBUG:colcon.colcon_core.verb:Building package 'vbm_project_env' with the following arguments: {'ament_cmake_args': None, 'build_base': '/home/justin/vbm_project/build/vbm_project_env', 'catkin_cmake_args': None, 'catkin_skip_building_tests': False, 'cmake_args': None, 'cmake_clean_cache': False, 'cmake_clean_first': False, 'cmake_force_configure': False, 'cmake_target': None, 'cmake_target_skip_unavailable': False, 'install_base': '/home/justin/vbm_project/install/vbm_project_env', 'merge_install': False, 'path': '/home/justin/vbm_project/src/vbm_project_env', 'symlink_install': True, 'test_result_base': None}
[1.502s] INFO:colcon.colcon_core.executor:Executing jobs using 'parallel' executor
[1.520s] DEBUG:colcon.colcon_parallel_executor.executor.parallel:run_until_complete
[1.520s] INFO:colcon.colcon_ros.task.ament_python.build:Building ROS package in '/home/justin/vbm_project/src/grasp_analysis_planning' with build type 'ament_python'
[1.521s] Level 1:colcon.colcon_core.shell:create_environment_hook('grasp_analysis_planning', 'ament_prefix_path')
[1.540s] INFO:colcon.colcon_core.plugin_system:Skipping extension 'colcon_core.shell.bat': Not used on non-Windows systems
[1.540s] INFO:colcon.colcon_core.shell:Creating environment hook '/home/justin/vbm_project/install/grasp_analysis_planning/share/grasp_analysis_planning/hook/ament_prefix_path.ps1'
[1.541s] INFO:colcon.colcon_core.shell:Creating environment descriptor '/home/justin/vbm_project/install/grasp_analysis_planning/share/grasp_analysis_planning/hook/ament_prefix_path.dsv'
[1.541s] INFO:colcon.colcon_core.shell:Creating environment hook '/home/justin/vbm_project/install/grasp_analysis_planning/share/grasp_analysis_planning/hook/ament_prefix_path.sh'
[1.560s] INFO:colcon.colcon_core.shell:Skip shell extension 'powershell' for command environment: Not usable outside of PowerShell
[1.560s] DEBUG:colcon.colcon_core.shell:Skip shell extension 'dsv' for command environment
[1.596s] INFO:colcon.colcon_ros.task.ament_cmake.build:Building ROS package in '/home/justin/vbm_project/src/pcl_sampling' with build type 'ament_cmake'
[1.596s] INFO:colcon.colcon_cmake.task.cmake.build:Building CMake package in '/home/justin/vbm_project/src/pcl_sampling'
[1.614s] INFO:colcon.colcon_core.shell:Skip shell extension 'powershell' for command environment: Not usable outside of PowerShell
[1.614s] DEBUG:colcon.colcon_core.shell:Skip shell extension 'dsv' for command environment
[1.652s] INFO:colcon.colcon_ros.task.ament_cmake.build:Building ROS package in '/home/justin/vbm_project/src/vbm_project_env' with build type 'ament_cmake'
[1.652s] INFO:colcon.colcon_cmake.task.cmake.build:Building CMake package in '/home/justin/vbm_project/src/vbm_project_env'
[1.671s] INFO:colcon.colcon_core.shell:Skip shell extension 'powershell' for command environment: Not usable outside of PowerShell
[1.671s] DEBUG:colcon.colcon_core.shell:Skip shell extension 'dsv' for command environment
[1.970s] INFO:colcon.colcon_core.task.python.build:Building Python package in '/home/justin/vbm_project/src/grasp_analysis_planning'
[1.988s] INFO:colcon.colcon_core.shell:Skip shell extension 'powershell' for command environment: Not usable outside of PowerShell
[1.988s] DEBUG:colcon.colcon_core.shell:Skip shell extension 'dsv' for command environment
[2.029s] DEBUG:colcon.colcon_core.event_handler.log_command:Invoking command in '/home/justin/vbm_project/build/pcl_sampling': CMAKE_PREFIX_PATH=/opt/ros/humble /usr/bin/cmake /home/justin/vbm_project/src/pcl_sampling -DAMENT_CMAKE_SYMLINK_INSTALL=1 -DCMAKE_INSTALL_PREFIX=/home/justin/vbm_project/install/pcl_sampling
[2.032s] DEBUG:colcon.colcon_core.event_handler.log_command:Invoking command in '/home/justin/vbm_project/build/vbm_project_env': CMAKE_PREFIX_PATH=/opt/ros/humble /usr/bin/cmake /home/justin/vbm_project/src/vbm_project_env -DAMENT_CMAKE_SYMLINK_INSTALL=1 -DCMAKE_INSTALL_PREFIX=/home/justin/vbm_project/install/vbm_project_env
[2.468s] DEBUG:colcon.colcon_core.event_handler.log_command:Invoking command in '/home/justin/vbm_project/build/grasp_analysis_planning': PYTHONPATH=/home/justin/vbm_project/build/grasp_analysis_planning/prefix_override:/home/justin/vbm_project/install/grasp_analysis_planning/lib/python3.10/site-packages:${PYTHONPATH} /usr/bin/python3 setup.py develop --editable --build-directory /home/justin/vbm_project/build/grasp_analysis_planning/build --no-deps install_data
[2.776s] DEBUG:colcon.colcon_core.event_handler.log_command:Invoked command in '/home/justin/vbm_project/build/vbm_project_env' returned '0': CMAKE_PREFIX_PATH=/opt/ros/humble /usr/bin/cmake /home/justin/vbm_project/src/vbm_project_env -DAMENT_CMAKE_SYMLINK_INSTALL=1 -DCMAKE_INSTALL_PREFIX=/home/justin/vbm_project/install/vbm_project_env
[2.777s] DEBUG:colcon.colcon_core.event_handler.log_command:Invoking command in '/home/justin/vbm_project/build/vbm_project_env': CMAKE_PREFIX_PATH=/opt/ros/humble /usr/bin/cmake --build /home/justin/vbm_project/build/vbm_project_env -- -j12 -l12
[2.808s] DEBUG:colcon.colcon_core.event_handler.log_command:Invoked command in '/home/justin/vbm_project/build/vbm_project_env' returned '0': CMAKE_PREFIX_PATH=/opt/ros/humble /usr/bin/cmake --build /home/justin/vbm_project/build/vbm_project_env -- -j12 -l12
[2.832s] DEBUG:colcon.colcon_core.event_handler.log_command:Invoking command in '/home/justin/vbm_project/build/vbm_project_env': CMAKE_PREFIX_PATH=/opt/ros/humble /usr/bin/cmake --install /home/justin/vbm_project/build/vbm_project_env
[2.982s] Level 1:colcon.colcon_core.environment:create_environment_scripts_only(vbm_project_env)
[2.982s] DEBUG:colcon.colcon_core.event_handler.log_command:Invoked command in '/home/justin/vbm_project/build/vbm_project_env' returned '0': CMAKE_PREFIX_PATH=/opt/ros/humble /usr/bin/cmake --install /home/justin/vbm_project/build/vbm_project_env
[3.004s] Level 1:colcon.colcon_core.environment:checking '/home/justin/vbm_project/install/vbm_project_env' for CMake module files
[3.004s] Level 1:colcon.colcon_core.environment:checking '/home/justin/vbm_project/install/vbm_project_env' for CMake config files
[3.005s] Level 1:colcon.colcon_core.shell:create_environment_hook('vbm_project_env', 'cmake_prefix_path')
[3.024s] INFO:colcon.colcon_core.shell:Creating environment hook '/home/justin/vbm_project/install/vbm_project_env/share/vbm_project_env/hook/cmake_prefix_path.ps1'
[3.024s] INFO:colcon.colcon_core.shell:Creating environment descriptor '/home/justin/vbm_project/install/vbm_project_env/share/vbm_project_env/hook/cmake_prefix_path.dsv'
[3.025s] INFO:colcon.colcon_core.shell:Creating environment hook '/home/justin/vbm_project/install/vbm_project_env/share/vbm_project_env/hook/cmake_prefix_path.sh'
[3.025s] Level 1:colcon.colcon_core.environment:checking '/home/justin/vbm_project/install/vbm_project_env/bin'
[3.025s] Level 1:colcon.colcon_core.environment:checking '/home/justin/vbm_project/install/vbm_project_env/lib/pkgconfig/vbm_project_env.pc'
[3.025s] Level 1:colcon.colcon_core.environment:checking '/home/justin/vbm_project/install/vbm_project_env/lib/python3.10/site-packages'
[3.026s] Level 1:colcon.colcon_core.environment:checking '/home/justin/vbm_project/install/vbm_project_env/bin'
[3.043s] INFO:colcon.colcon_core.shell:Creating package script '/home/justin/vbm_project/install/vbm_project_env/share/vbm_project_env/package.ps1'
[3.044s] INFO:colcon.colcon_core.shell:Creating package descriptor '/home/justin/vbm_project/install/vbm_project_env/share/vbm_project_env/package.dsv'
[3.045s] INFO:colcon.colcon_core.shell:Creating package script '/home/justin/vbm_project/install/vbm_project_env/share/vbm_project_env/package.sh'
[3.045s] INFO:colcon.colcon_core.shell:Creating package script '/home/justin/vbm_project/install/vbm_project_env/share/vbm_project_env/package.bash'
[3.046s] INFO:colcon.colcon_core.shell:Creating package script '/home/justin/vbm_project/install/vbm_project_env/share/vbm_project_env/package.zsh'
[3.047s] Level 1:colcon.colcon_core.environment:create_file_with_runtime_dependencies(/home/justin/vbm_project/install/vbm_project_env/share/colcon-core/packages/vbm_project_env)
[3.048s] Level 1:colcon.colcon_core.shell:create_environment_hook('grasp_analysis_planning', 'pythonpath_develop')
[3.048s] DEBUG:colcon.colcon_core.event_handler.log_command:Invoked command in '/home/justin/vbm_project/build/grasp_analysis_planning' returned '0': PYTHONPATH=/home/justin/vbm_project/build/grasp_analysis_planning/prefix_override:/home/justin/vbm_project/install/grasp_analysis_planning/lib/python3.10/site-packages:${PYTHONPATH} /usr/bin/python3 setup.py develop --editable --build-directory /home/justin/vbm_project/build/grasp_analysis_planning/build --no-deps install_data
[3.066s] INFO:colcon.colcon_core.shell:Creating environment hook '/home/justin/vbm_project/build/grasp_analysis_planning/share/grasp_analysis_planning/hook/pythonpath_develop.ps1'
[3.066s] INFO:colcon.colcon_core.shell:Creating environment descriptor '/home/justin/vbm_project/build/grasp_analysis_planning/share/grasp_analysis_planning/hook/pythonpath_develop.dsv'
[3.066s] INFO:colcon.colcon_core.shell:Creating environment hook '/home/justin/vbm_project/build/grasp_analysis_planning/share/grasp_analysis_planning/hook/pythonpath_develop.sh'
[3.084s] Level 1:colcon.colcon_core.environment:checking '/home/justin/vbm_project/install/grasp_analysis_planning' for CMake module files
[3.084s] Level 1:colcon.colcon_core.environment:checking '/home/justin/vbm_project/install/grasp_analysis_planning' for CMake config files
[3.084s] Level 1:colcon.colcon_core.environment:checking '/home/justin/vbm_project/install/grasp_analysis_planning/lib'
[3.084s] Level 1:colcon.colcon_core.environment:checking '/home/justin/vbm_project/install/grasp_analysis_planning/bin'
[3.084s] Level 1:colcon.colcon_core.environment:checking '/home/justin/vbm_project/install/grasp_analysis_planning/lib/pkgconfig/grasp_analysis_planning.pc'
[3.085s] Level 1:colcon.colcon_core.environment:checking '/home/justin/vbm_project/install/grasp_analysis_planning/lib/python3.10/site-packages'
[3.085s] Level 1:colcon.colcon_core.shell:create_environment_hook('grasp_analysis_planning', 'pythonpath')
[3.102s] INFO:colcon.colcon_core.shell:Creating environment hook '/home/justin/vbm_project/install/grasp_analysis_planning/share/grasp_analysis_planning/hook/pythonpath.ps1'
[3.102s] INFO:colcon.colcon_core.shell:Creating environment descriptor '/home/justin/vbm_project/install/grasp_analysis_planning/share/grasp_analysis_planning/hook/pythonpath.dsv'
[3.102s] INFO:colcon.colcon_core.shell:Creating environment hook '/home/justin/vbm_project/install/grasp_analysis_planning/share/grasp_analysis_planning/hook/pythonpath.sh'
[3.103s] Level 1:colcon.colcon_core.environment:checking '/home/justin/vbm_project/install/grasp_analysis_planning/bin'
[3.103s] Level 1:colcon.colcon_core.environment:create_environment_scripts_only(grasp_analysis_planning)
[3.119s] INFO:colcon.colcon_core.shell:Creating package script '/home/justin/vbm_project/install/grasp_analysis_planning/share/grasp_analysis_planning/package.ps1'
[3.120s] INFO:colcon.colcon_core.shell:Creating package descriptor '/home/justin/vbm_project/install/grasp_analysis_planning/share/grasp_analysis_planning/package.dsv'
[3.120s] INFO:colcon.colcon_core.shell:Creating package script '/home/justin/vbm_project/install/grasp_analysis_planning/share/grasp_analysis_planning/package.sh'
[3.120s] INFO:colcon.colcon_core.shell:Creating package script '/home/justin/vbm_project/install/grasp_analysis_planning/share/grasp_analysis_planning/package.bash'
[3.121s] INFO:colcon.colcon_core.shell:Creating package script '/home/justin/vbm_project/install/grasp_analysis_planning/share/grasp_analysis_planning/package.zsh'
[3.121s] Level 1:colcon.colcon_core.environment:create_file_with_runtime_dependencies(/home/justin/vbm_project/install/grasp_analysis_planning/share/colcon-core/packages/grasp_analysis_planning)
[3.138s] Level 1:colcon.colcon_core.environment:create_environment_scripts_only(vbm_project_env)
[3.156s] Level 1:colcon.colcon_core.environment:checking '/home/justin/vbm_project/install/vbm_project_env' for CMake module files
[3.156s] Level 1:colcon.colcon_core.environment:checking '/home/justin/vbm_project/install/vbm_project_env' for CMake config files
[3.156s] Level 1:colcon.colcon_core.shell:create_environment_hook('vbm_project_env', 'cmake_prefix_path')
[3.176s] INFO:colcon.colcon_core.shell:Creating environment hook '/home/justin/vbm_project/install/vbm_project_env/share/vbm_project_env/hook/cmake_prefix_path.ps1'
[3.176s] INFO:colcon.colcon_core.shell:Creating environment descriptor '/home/justin/vbm_project/install/vbm_project_env/share/vbm_project_env/hook/cmake_prefix_path.dsv'
[3.176s] INFO:colcon.colcon_core.shell:Creating environment hook '/home/justin/vbm_project/install/vbm_project_env/share/vbm_project_env/hook/cmake_prefix_path.sh'
[3.177s] Level 1:colcon.colcon_core.environment:checking '/home/justin/vbm_project/install/vbm_project_env/bin'
[3.177s] Level 1:colcon.colcon_core.environment:checking '/home/justin/vbm_project/install/vbm_project_env/lib/pkgconfig/vbm_project_env.pc'
[3.177s] Level 1:colcon.colcon_core.environment:checking '/home/justin/vbm_project/install/vbm_project_env/lib/python3.10/site-packages'
[3.177s] Level 1:colcon.colcon_core.environment:checking '/home/justin/vbm_project/install/vbm_project_env/bin'
[3.194s] INFO:colcon.colcon_core.shell:Creating package script '/home/justin/vbm_project/install/vbm_project_env/share/vbm_project_env/package.ps1'
[3.195s] INFO:colcon.colcon_core.shell:Creating package descriptor '/home/justin/vbm_project/install/vbm_project_env/share/vbm_project_env/package.dsv'
[3.195s] INFO:colcon.colcon_core.shell:Creating package script '/home/justin/vbm_project/install/vbm_project_env/share/vbm_project_env/package.sh'
[3.195s] INFO:colcon.colcon_core.shell:Creating package script '/home/justin/vbm_project/install/vbm_project_env/share/vbm_project_env/package.bash'
[3.196s] INFO:colcon.colcon_core.shell:Creating package script '/home/justin/vbm_project/install/vbm_project_env/share/vbm_project_env/package.zsh'
[3.196s] Level 1:colcon.colcon_core.environment:create_file_with_runtime_dependencies(/home/justin/vbm_project/install/vbm_project_env/share/colcon-core/packages/vbm_project_env)
[4.626s] DEBUG:colcon.colcon_core.event_handler.log_command:Invoked command in '/home/justin/vbm_project/build/pcl_sampling' returned '0': CMAKE_PREFIX_PATH=/opt/ros/humble /usr/bin/cmake /home/justin/vbm_project/src/pcl_sampling -DAMENT_CMAKE_SYMLINK_INSTALL=1 -DCMAKE_INSTALL_PREFIX=/home/justin/vbm_project/install/pcl_sampling
[4.627s] DEBUG:colcon.colcon_core.event_handler.log_command:Invoking command in '/home/justin/vbm_project/build/pcl_sampling': CMAKE_PREFIX_PATH=/opt/ros/humble /usr/bin/cmake --build /home/justin/vbm_project/build/pcl_sampling -- -j12 -l12
[14.660s] DEBUG:colcon.colcon_core.event_handler.log_command:Invoked command in '/home/justin/vbm_project/build/pcl_sampling' returned '0': CMAKE_PREFIX_PATH=/opt/ros/humble /usr/bin/cmake --build /home/justin/vbm_project/build/pcl_sampling -- -j12 -l12
[14.682s] DEBUG:colcon.colcon_core.event_handler.log_command:Invoking command in '/home/justin/vbm_project/build/pcl_sampling': CMAKE_PREFIX_PATH=/opt/ros/humble /usr/bin/cmake --install /home/justin/vbm_project/build/pcl_sampling
[14.807s] Level 1:colcon.colcon_core.environment:create_environment_scripts_only(pcl_sampling)
[14.808s] DEBUG:colcon.colcon_core.event_handler.log_command:Invoked command in '/home/justin/vbm_project/build/pcl_sampling' returned '0': CMAKE_PREFIX_PATH=/opt/ros/humble /usr/bin/cmake --install /home/justin/vbm_project/build/pcl_sampling
[14.825s] Level 1:colcon.colcon_core.environment:checking '/home/justin/vbm_project/install/pcl_sampling' for CMake module files
[14.826s] Level 1:colcon.colcon_core.environment:checking '/home/justin/vbm_project/install/pcl_sampling' for CMake config files
[14.826s] Level 1:colcon.colcon_core.shell:create_environment_hook('pcl_sampling', 'cmake_prefix_path')
[14.843s] INFO:colcon.colcon_core.shell:Creating environment hook '/home/justin/vbm_project/install/pcl_sampling/share/pcl_sampling/hook/cmake_prefix_path.ps1'
[14.843s] INFO:colcon.colcon_core.shell:Creating environment descriptor '/home/justin/vbm_project/install/pcl_sampling/share/pcl_sampling/hook/cmake_prefix_path.dsv'
[14.843s] INFO:colcon.colcon_core.shell:Creating environment hook '/home/justin/vbm_project/install/pcl_sampling/share/pcl_sampling/hook/cmake_prefix_path.sh'
[14.844s] Level 1:colcon.colcon_core.environment:checking '/home/justin/vbm_project/install/pcl_sampling/lib'
[14.844s] Level 1:colcon.colcon_core.environment:checking '/home/justin/vbm_project/install/pcl_sampling/bin'
[14.844s] Level 1:colcon.colcon_core.environment:checking '/home/justin/vbm_project/install/pcl_sampling/lib/pkgconfig/pcl_sampling.pc'
[14.844s] Level 1:colcon.colcon_core.environment:checking '/home/justin/vbm_project/install/pcl_sampling/lib/python3.10/site-packages'
[14.844s] Level 1:colcon.colcon_core.environment:checking '/home/justin/vbm_project/install/pcl_sampling/bin'
[14.861s] INFO:colcon.colcon_core.shell:Creating package script '/home/justin/vbm_project/install/pcl_sampling/share/pcl_sampling/package.ps1'
[14.862s] INFO:colcon.colcon_core.shell:Creating package descriptor '/home/justin/vbm_project/install/pcl_sampling/share/pcl_sampling/package.dsv'
[14.862s] INFO:colcon.colcon_core.shell:Creating package script '/home/justin/vbm_project/install/pcl_sampling/share/pcl_sampling/package.sh'
[14.862s] INFO:colcon.colcon_core.shell:Creating package script '/home/justin/vbm_project/install/pcl_sampling/share/pcl_sampling/package.bash'
[14.863s] INFO:colcon.colcon_core.shell:Creating package script '/home/justin/vbm_project/install/pcl_sampling/share/pcl_sampling/package.zsh'
[14.863s] Level 1:colcon.colcon_core.environment:create_file_with_runtime_dependencies(/home/justin/vbm_project/install/pcl_sampling/share/colcon-core/packages/pcl_sampling)
[14.900s] Level 1:colcon.colcon_core.environment:create_environment_scripts_only(pcl_sampling)
[14.916s] Level 1:colcon.colcon_core.environment:checking '/home/justin/vbm_project/install/pcl_sampling' for CMake module files
[14.916s] Level 1:colcon.colcon_core.environment:checking '/home/justin/vbm_project/install/pcl_sampling' for CMake config files
[14.917s] Level 1:colcon.colcon_core.shell:create_environment_hook('pcl_sampling', 'cmake_prefix_path')
[14.933s] INFO:colcon.colcon_core.shell:Creating environment hook '/home/justin/vbm_project/install/pcl_sampling/share/pcl_sampling/hook/cmake_prefix_path.ps1'
[14.933s] INFO:colcon.colcon_core.shell:Creating environment descriptor '/home/justin/vbm_project/install/pcl_sampling/share/pcl_sampling/hook/cmake_prefix_path.dsv'
[14.933s] INFO:colcon.colcon_core.shell:Creating environment hook '/home/justin/vbm_project/install/pcl_sampling/share/pcl_sampling/hook/cmake_prefix_path.sh'
[14.934s] Level 1:colcon.colcon_core.environment:checking '/home/justin/vbm_project/install/pcl_sampling/lib'
[14.934s] Level 1:colcon.colcon_core.environment:checking '/home/justin/vbm_project/install/pcl_sampling/bin'
[14.934s] Level 1:colcon.colcon_core.environment:checking '/home/justin/vbm_project/install/pcl_sampling/lib/pkgconfig/pcl_sampling.pc'
[14.934s] Level 1:colcon.colcon_core.environment:checking '/home/justin/vbm_project/install/pcl_sampling/lib/python3.10/site-packages'
[14.934s] Level 1:colcon.colcon_core.environment:checking '/home/justin/vbm_project/install/pcl_sampling/bin'
[14.951s] INFO:colcon.colcon_core.shell:Creating package script '/home/justin/vbm_project/install/pcl_sampling/share/pcl_sampling/package.ps1'
[14.951s] INFO:colcon.colcon_core.shell:Creating package descriptor '/home/justin/vbm_project/install/pcl_sampling/share/pcl_sampling/package.dsv'
[14.951s] INFO:colcon.colcon_core.shell:Creating package script '/home/justin/vbm_project/install/pcl_sampling/share/pcl_sampling/package.sh'
[14.952s] INFO:colcon.colcon_core.shell:Creating package script '/home/justin/vbm_project/install/pcl_sampling/share/pcl_sampling/package.bash'
[14.952s] INFO:colcon.colcon_core.shell:Creating package script '/home/justin/vbm_project/install/pcl_sampling/share/pcl_sampling/package.zsh'
[14.953s] Level 1:colcon.colcon_core.environment:create_file_with_runtime_dependencies(/home/justin/vbm_project/install/pcl_sampling/share/colcon-core/packages/pcl_sampling)
[14.953s] DEBUG:colcon.colcon_parallel_executor.executor.parallel:closing loop
[14.953s] DEBUG:colcon.colcon_parallel_executor.executor.parallel:loop closed
[14.953s] DEBUG:colcon.colcon_parallel_executor.executor.parallel:run_until_complete finished with '0'
[14.953s] DEBUG:colcon.colcon_core.event_reactor:joining thread
[14.974s] INFO:colcon.colcon_core.plugin_system:Skipping extension 'colcon_notification.desktop_notification.terminal_notifier': Not used on non-Darwin systems
[14.974s] INFO:colcon.colcon_core.plugin_system:Skipping extension 'colcon_notification.desktop_notification.win32': Not used on non-Windows systems
[14.974s] INFO:colcon.colcon_notification.desktop_notification:Sending desktop notification using 'notify2'
[14.985s] DEBUG:colcon.colcon_core.event_reactor:joined thread
[15.005s] INFO:colcon.colcon_core.shell:Creating prefix script '/home/justin/vbm_project/install/local_setup.ps1'
[15.006s] INFO:colcon.colcon_core.shell:Creating prefix util module '/home/justin/vbm_project/install/_local_setup_util_ps1.py'
[15.007s] INFO:colcon.colcon_core.shell:Creating prefix chain script '/home/justin/vbm_project/install/setup.ps1'
[15.026s] INFO:colcon.colcon_core.shell:Creating prefix script '/home/justin/vbm_project/install/local_setup.sh'
[15.026s] INFO:colcon.colcon_core.shell:Creating prefix util module '/home/justin/vbm_project/install/_local_setup_util_sh.py'
[15.026s] INFO:colcon.colcon_core.shell:Creating prefix chain script '/home/justin/vbm_project/install/setup.sh'
[15.044s] INFO:colcon.colcon_core.shell:Creating prefix script '/home/justin/vbm_project/install/local_setup.bash'
[15.045s] INFO:colcon.colcon_core.shell:Creating prefix chain script '/home/justin/vbm_project/install/setup.bash'
[15.062s] INFO:colcon.colcon_core.shell:Creating prefix script '/home/justin/vbm_project/install/local_setup.zsh'
[15.062s] INFO:colcon.colcon_core.shell:Creating prefix chain script '/home/justin/vbm_project/install/setup.zsh'
