[0.127s] Invoking command in '/home/neha/VBM/vbm_project/build/pcl_sampling': CMAKE_PREFIX_PATH=${CMAKE_PREFIX_PATH}:/home/neha/ros2_ws/install/point_cloud:/home/neha/ros2_ws/install/opencv_test_py:/home/neha/voidwalking/ros2_ws/install/waypoints:/opt/ros/humble /usr/bin/cmake --build /home/neha/VBM/vbm_project/build/pcl_sampling -- -j20 -l20
[0.156s] [35m[1mConsolidate compiler generated dependencies of target slicing[0m
[0.168s] [ 50%] Built target pcl_sampling
[0.172s] [ 75%] [32mBuilding CXX object CMakeFiles/slicing.dir/src/slicing.cpp.o[0m
[3.536s] [100%] [32m[1mLinking CXX executable slicing[0m
[3.889s] [100%] Built target slicing
[3.896s] Invoked command in '/home/neha/VBM/vbm_project/build/pcl_sampling' returned '0': CMAKE_PREFIX_PATH=${CMAKE_PREFIX_PATH}:/home/neha/ros2_ws/install/point_cloud:/home/neha/ros2_ws/install/opencv_test_py:/home/neha/voidwalking/ros2_ws/install/waypoints:/opt/ros/humble /usr/bin/cmake --build /home/neha/VBM/vbm_project/build/pcl_sampling -- -j20 -l20
[3.915s] Invoking command in '/home/neha/VBM/vbm_project/build/pcl_sampling': CMAKE_PREFIX_PATH=${CMAKE_PREFIX_PATH}:/home/neha/ros2_ws/install/point_cloud:/home/neha/ros2_ws/install/opencv_test_py:/home/neha/voidwalking/ros2_ws/install/waypoints:/opt/ros/humble /usr/bin/cmake --install /home/neha/VBM/vbm_project/build/pcl_sampling
[3.919s] -- Install configuration: ""
[3.920s] -- Up-to-date: /home/neha/VBM/vbm_project/install/pcl_sampling/lib/pcl_sampling/pcl_sampling
[3.920s] -- Installing: /home/neha/VBM/vbm_project/install/pcl_sampling/lib/pcl_sampling/slicing
[3.920s] -- Up-to-date: /home/neha/VBM/vbm_project/install/pcl_sampling/share/ament_index/resource_index/package_run_dependencies/pcl_sampling
[3.921s] -- Up-to-date: /home/neha/VBM/vbm_project/install/pcl_sampling/share/ament_index/resource_index/parent_prefix_path/pcl_sampling
[3.921s] -- Up-to-date: /home/neha/VBM/vbm_project/install/pcl_sampling/share/pcl_sampling/environment/ament_prefix_path.sh
[3.921s] -- Up-to-date: /home/neha/VBM/vbm_project/install/pcl_sampling/share/pcl_sampling/environment/ament_prefix_path.dsv
[3.921s] -- Up-to-date: /home/neha/VBM/vbm_project/install/pcl_sampling/share/pcl_sampling/environment/path.sh
[3.921s] -- Up-to-date: /home/neha/VBM/vbm_project/install/pcl_sampling/share/pcl_sampling/environment/path.dsv
[3.921s] -- Up-to-date: /home/neha/VBM/vbm_project/install/pcl_sampling/share/pcl_sampling/local_setup.bash
[3.921s] -- Up-to-date: /home/neha/VBM/vbm_project/install/pcl_sampling/share/pcl_sampling/local_setup.sh
[3.921s] -- Up-to-date: /home/neha/VBM/vbm_project/install/pcl_sampling/share/pcl_sampling/local_setup.zsh
[3.921s] -- Up-to-date: /home/neha/VBM/vbm_project/install/pcl_sampling/share/pcl_sampling/local_setup.dsv
[3.921s] -- Installing: /home/neha/VBM/vbm_project/install/pcl_sampling/share/pcl_sampling/package.dsv
[3.921s] -- Up-to-date: /home/neha/VBM/vbm_project/install/pcl_sampling/share/ament_index/resource_index/packages/pcl_sampling
[3.921s] -- Up-to-date: /home/neha/VBM/vbm_project/install/pcl_sampling/share/pcl_sampling/cmake/pcl_samplingConfig.cmake
[3.921s] -- Up-to-date: /home/neha/VBM/vbm_project/install/pcl_sampling/share/pcl_sampling/cmake/pcl_samplingConfig-version.cmake
[3.921s] -- Up-to-date: /home/neha/VBM/vbm_project/install/pcl_sampling/share/pcl_sampling/package.xml
[3.922s] Invoked command in '/home/neha/VBM/vbm_project/build/pcl_sampling' returned '0': CMAKE_PREFIX_PATH=${CMAKE_PREFIX_PATH}:/home/neha/ros2_ws/install/point_cloud:/home/neha/ros2_ws/install/opencv_test_py:/home/neha/voidwalking/ros2_ws/install/waypoints:/opt/ros/humble /usr/bin/cmake --install /home/neha/VBM/vbm_project/build/pcl_sampling
